[0.014s] Invoking command in '/home/kentaro/ros2_ws/build/unitree_hg': CMAKE_PREFIX_PATH=/opt/ros/humble /usr/bin/cmake /home/kentaro/ros2_ws/src/unitree_ros2/cyclonedds_ws/src/unitree/unitree_hg -DROS_EDITION=ROS2 -DHUMBLE_ROS=humble -DCMAKE_INSTALL_PREFIX=/home/kentaro/ros2_ws/install/unitree_hg
[0.069s] -- The C compiler identification is GNU 11.4.0
[0.131s] -- The CXX compiler identification is GNU 11.4.0
[0.139s] -- Detecting C compiler ABI info
[0.206s] -- Detecting C compiler ABI info - done
[0.221s] -- Check for working C compiler: /usr/bin/cc - skipped
[0.221s] -- Detecting C compile features
[0.222s] -- Detecting C compile features - done
[0.226s] -- Detecting CXX compiler ABI info
[0.306s] -- Detecting CXX compiler ABI info - done
[0.316s] -- Check for working CXX compiler: /usr/bin/c++ - skipped
[0.316s] -- Detecting CXX compile features
[0.316s] -- Detecting CXX compile features - done
[0.318s] -- Found ament_cmake: 1.3.12 (/opt/ros/humble/share/ament_cmake/cmake)
[0.473s] -- Found Python3: /usr/bin/python3 (found version "3.10.12") found components: Interpreter 
[0.572s] -- Found geometry_msgs: 4.9.0 (/opt/ros/humble/share/geometry_msgs/cmake)
[0.611s] -- Found rosidl_generator_c: 3.1.7 (/opt/ros/humble/share/rosidl_generator_c/cmake)
[0.616s] -- Found rosidl_adapter: 3.1.7 (/opt/ros/humble/share/rosidl_adapter/cmake)
[0.625s] -- Found rosidl_generator_cpp: 3.1.7 (/opt/ros/humble/share/rosidl_generator_cpp/cmake)
[0.640s] -- Using all available rosidl_typesupport_c: rosidl_typesupport_fastrtps_c;rosidl_typesupport_introspection_c
[0.657s] -- Using all available rosidl_typesupport_cpp: rosidl_typesupport_fastrtps_cpp;rosidl_typesupport_introspection_cpp
[0.704s] -- Found rosidl_default_generators: 1.2.0 (/opt/ros/humble/share/rosidl_default_generators/cmake)
[0.718s] -- Found rosidl_generator_dds_idl: 0.8.1 (/opt/ros/humble/share/rosidl_generator_dds_idl/cmake)
[1.095s] -- Found ament_cmake_ros: 0.10.0 (/opt/ros/humble/share/ament_cmake_ros/cmake)
[1.524s] -- Using all available rosidl_typesupport_c: rosidl_typesupport_fastrtps_c;rosidl_typesupport_introspection_c
[1.722s] -- Using all available rosidl_typesupport_cpp: rosidl_typesupport_fastrtps_cpp;rosidl_typesupport_introspection_cpp
[1.746s] -- Found PythonInterp: /usr/bin/python3 (found suitable version "3.10.12", minimum required is "3.6") 
[1.747s] -- Found python_cmake_module: 0.10.0 (/opt/ros/humble/share/python_cmake_module/cmake)
[1.773s] -- Found PythonLibs: /usr/lib/x86_64-linux-gnu/libpython3.10.so (found suitable version "3.10.12", minimum required is "3.5") 
[1.773s] -- Using PYTHON_EXECUTABLE: /usr/bin/python3
[1.773s] -- Using PYTHON_INCLUDE_DIRS: /usr/include/python3.10
[1.773s] -- Using PYTHON_LIBRARIES: /usr/lib/x86_64-linux-gnu/libpython3.10.so
[1.795s] -- Found PythonExtra: .so  
[1.909s] -- Found ament_lint_auto: 0.12.14 (/opt/ros/humble/share/ament_lint_auto/cmake)
[1.925s] -- Added test 'copyright' to check source files copyright and LICENSE
[1.927s] -- Added test 'lint_cmake' to check CMake code style
[1.928s] -- Added test 'xmllint' to check XML markup files
[1.931s] -- Configuring done
[1.982s] -- Generating done
[1.984s] [33mCMake Warning:
[1.984s]   Manually-specified variables were not used by the project:
[1.984s] 
[1.984s]     HUMBLE_ROS
[1.984s]     ROS_EDITION
[1.984s] 
[1.985s] [0m
[1.996s] -- Build files have been written to: /home/kentaro/ros2_ws/build/unitree_hg
[2.009s] Invoked command in '/home/kentaro/ros2_ws/build/unitree_hg' returned '0': CMAKE_PREFIX_PATH=/opt/ros/humble /usr/bin/cmake /home/kentaro/ros2_ws/src/unitree_ros2/cyclonedds_ws/src/unitree/unitree_hg -DROS_EDITION=ROS2 -DHUMBLE_ROS=humble -DCMAKE_INSTALL_PREFIX=/home/kentaro/ros2_ws/install/unitree_hg
[2.010s] Invoking command in '/home/kentaro/ros2_ws/build/unitree_hg': CMAKE_PREFIX_PATH=/opt/ros/humble /usr/bin/cmake --build /home/kentaro/ros2_ws/build/unitree_hg -- -j8 -l8
[2.053s] [  1%] [34m[1mGenerating C code for ROS interfaces[0m
[2.063s] [  2%] [34m[1mGenerating DDS interfaces[0m
[2.066s] [  2%] [34m[1mGenerating C++ code for ROS interfaces[0m
[2.072s] [  2%] Built target ament_cmake_python_copy_unitree_hg
[2.615s] running egg_info
[2.616s] creating unitree_hg.egg-info
[2.616s] writing unitree_hg.egg-info/PKG-INFO
[2.617s] writing dependency_links to unitree_hg.egg-info/dependency_links.txt
[2.617s] writing top-level names to unitree_hg.egg-info/top_level.txt
[2.617s] writing manifest file 'unitree_hg.egg-info/SOURCES.txt'
[2.632s] reading manifest file 'unitree_hg.egg-info/SOURCES.txt'
[2.632s] writing manifest file 'unitree_hg.egg-info/SOURCES.txt'
[2.701s] [  2%] Built target ament_cmake_python_build_unitree_hg_egg
[3.487s] [  2%] Built target unitree_hg__dds_connext_idl
[4.212s] [  2%] Built target unitree_hg__cpp
[4.232s] [  3%] [34m[1mGenerating C++ type support for eProsima Fast-RTPS[0m
[4.246s] [  4%] [34m[1mGenerating C++ introspection for ROS interfaces[0m
[4.247s] [  5%] [34m[1mGenerating C++ type support dispatch for ROS interfaces[0m
[4.612s] [  6%] [32mBuilding C object CMakeFiles/unitree_hg__rosidl_generator_c.dir/rosidl_generator_c/unitree_hg/msg/detail/bms_cmd__functions.c.o[0m
[4.620s] [  7%] [32mBuilding C object CMakeFiles/unitree_hg__rosidl_generator_c.dir/rosidl_generator_c/unitree_hg/msg/detail/hand_cmd__functions.c.o[0m
[4.621s] [  8%] [32mBuilding C object CMakeFiles/unitree_hg__rosidl_generator_c.dir/rosidl_generator_c/unitree_hg/msg/detail/bms_state__functions.c.o[0m
[4.627s] [  9%] [32mBuilding C object CMakeFiles/unitree_hg__rosidl_generator_c.dir/rosidl_generator_c/unitree_hg/msg/detail/hand_state__functions.c.o[0m
[4.627s] [ 10%] [32mBuilding C object CMakeFiles/unitree_hg__rosidl_generator_c.dir/rosidl_generator_c/unitree_hg/msg/detail/imu_state__functions.c.o[0m
[4.772s] [ 10%] [32mBuilding C object CMakeFiles/unitree_hg__rosidl_generator_c.dir/rosidl_generator_c/unitree_hg/msg/detail/low_cmd__functions.c.o[0m
[4.779s] [ 11%] [32mBuilding C object CMakeFiles/unitree_hg__rosidl_generator_c.dir/rosidl_generator_c/unitree_hg/msg/detail/low_state__functions.c.o[0m
[4.794s] [ 12%] [32mBuilding C object CMakeFiles/unitree_hg__rosidl_generator_c.dir/rosidl_generator_c/unitree_hg/msg/detail/main_board_state__functions.c.o[0m
[4.810s] [ 13%] [32mBuilding C object CMakeFiles/unitree_hg__rosidl_generator_c.dir/rosidl_generator_c/unitree_hg/msg/detail/motor_cmd__functions.c.o[0m
[4.818s] [ 14%] [32mBuilding C object CMakeFiles/unitree_hg__rosidl_generator_c.dir/rosidl_generator_c/unitree_hg/msg/detail/motor_state__functions.c.o[0m
[4.932s] [ 15%] [32mBuilding C object CMakeFiles/unitree_hg__rosidl_generator_c.dir/rosidl_generator_c/unitree_hg/msg/detail/press_sensor_state__functions.c.o[0m
[5.084s] [ 16%] [32m[1mLinking C shared library libunitree_hg__rosidl_generator_c.so[0m
[5.245s] [ 16%] Built target unitree_hg__rosidl_generator_c
[5.266s] [ 16%] [34m[1mGenerating C type support for eProsima Fast-RTPS[0m
[5.271s] [ 16%] [34m[1mGenerating C introspection for ROS interfaces[0m
[5.285s] [ 16%] [34m[1mGenerating C type support dispatch for ROS interfaces[0m
[6.005s] [ 17%] [32mBuilding CXX object CMakeFiles/unitree_hg__rosidl_typesupport_cpp.dir/rosidl_typesupport_cpp/unitree_hg/msg/bms_state__type_support.cpp.o[0m
[6.005s] [ 17%] [32mBuilding CXX object CMakeFiles/unitree_hg__rosidl_typesupport_cpp.dir/rosidl_typesupport_cpp/unitree_hg/msg/hand_cmd__type_support.cpp.o[0m
[6.006s] [ 18%] [32mBuilding CXX object CMakeFiles/unitree_hg__rosidl_typesupport_cpp.dir/rosidl_typesupport_cpp/unitree_hg/msg/bms_cmd__type_support.cpp.o[0m
[6.473s] [ 19%] [32mBuilding CXX object CMakeFiles/unitree_hg__rosidl_typesupport_cpp.dir/rosidl_typesupport_cpp/unitree_hg/msg/hand_state__type_support.cpp.o[0m
[6.984s] [ 20%] [32mBuilding CXX object CMakeFiles/unitree_hg__rosidl_typesupport_cpp.dir/rosidl_typesupport_cpp/unitree_hg/msg/imu_state__type_support.cpp.o[0m
[7.391s] [ 21%] [32mBuilding CXX object CMakeFiles/unitree_hg__rosidl_typesupport_cpp.dir/rosidl_typesupport_cpp/unitree_hg/msg/low_cmd__type_support.cpp.o[0m
[7.435s] [ 22%] [32mBuilding CXX object CMakeFiles/unitree_hg__rosidl_typesupport_fastrtps_cpp.dir/rosidl_typesupport_fastrtps_cpp/unitree_hg/msg/detail/dds_fastrtps/bms_cmd__type_support.cpp.o[0m
[7.595s] [ 23%] [32mBuilding CXX object CMakeFiles/unitree_hg__rosidl_typesupport_fastrtps_cpp.dir/rosidl_typesupport_fastrtps_cpp/unitree_hg/msg/detail/dds_fastrtps/bms_state__type_support.cpp.o[0m
[7.696s] [ 24%] [32mBuilding CXX object CMakeFiles/unitree_hg__rosidl_typesupport_cpp.dir/rosidl_typesupport_cpp/unitree_hg/msg/low_state__type_support.cpp.o[0m
[8.527s] [ 24%] [32mBuilding CXX object CMakeFiles/unitree_hg__rosidl_typesupport_fastrtps_cpp.dir/rosidl_typesupport_fastrtps_cpp/unitree_hg/msg/detail/dds_fastrtps/hand_cmd__type_support.cpp.o[0m
[8.880s] [ 25%] [32mBuilding CXX object CMakeFiles/unitree_hg__rosidl_typesupport_cpp.dir/rosidl_typesupport_cpp/unitree_hg/msg/main_board_state__type_support.cpp.o[0m
[9.106s] [ 26%] [32mBuilding CXX object CMakeFiles/unitree_hg__rosidl_typesupport_fastrtps_cpp.dir/rosidl_typesupport_fastrtps_cpp/unitree_hg/msg/detail/dds_fastrtps/hand_state__type_support.cpp.o[0m
[9.628s] [ 27%] [32mBuilding C object CMakeFiles/unitree_hg__rosidl_typesupport_introspection_c.dir/rosidl_typesupport_introspection_c/unitree_hg/msg/detail/bms_cmd__type_support.c.o[0m
[9.693s] [ 28%] [32mBuilding CXX object CMakeFiles/unitree_hg__rosidl_typesupport_introspection_cpp.dir/rosidl_typesupport_introspection_cpp/unitree_hg/msg/detail/bms_cmd__type_support.cpp.o[0m
[9.784s] [ 29%] [32mBuilding C object CMakeFiles/unitree_hg__rosidl_typesupport_introspection_c.dir/rosidl_typesupport_introspection_c/unitree_hg/msg/detail/bms_state__type_support.c.o[0m
[9.927s] [ 30%] [32mBuilding CXX object CMakeFiles/unitree_hg__rosidl_typesupport_cpp.dir/rosidl_typesupport_cpp/unitree_hg/msg/motor_cmd__type_support.cpp.o[0m
[9.940s] [ 31%] [32mBuilding C object CMakeFiles/unitree_hg__rosidl_typesupport_introspection_c.dir/rosidl_typesupport_introspection_c/unitree_hg/msg/detail/hand_cmd__type_support.c.o[0m
[10.188s] [ 32%] [32mBuilding C object CMakeFiles/unitree_hg__rosidl_typesupport_introspection_c.dir/rosidl_typesupport_introspection_c/unitree_hg/msg/detail/hand_state__type_support.c.o[0m
[10.292s] [ 33%] [32mBuilding CXX object CMakeFiles/unitree_hg__rosidl_typesupport_c.dir/rosidl_typesupport_c/unitree_hg/msg/bms_cmd__type_support.cpp.o[0m
[10.308s] [ 34%] [32mBuilding CXX object CMakeFiles/unitree_hg__rosidl_typesupport_fastrtps_cpp.dir/rosidl_typesupport_fastrtps_cpp/unitree_hg/msg/detail/dds_fastrtps/imu_state__type_support.cpp.o[0m
[10.322s] [ 35%] [32mBuilding CXX object CMakeFiles/unitree_hg__rosidl_typesupport_introspection_cpp.dir/rosidl_typesupport_introspection_cpp/unitree_hg/msg/detail/bms_state__type_support.cpp.o[0m
[10.352s] [ 36%] [32mBuilding CXX object CMakeFiles/unitree_hg__rosidl_typesupport_cpp.dir/rosidl_typesupport_cpp/unitree_hg/msg/motor_state__type_support.cpp.o[0m
[10.377s] [ 37%] [32mBuilding CXX object CMakeFiles/unitree_hg__rosidl_typesupport_c.dir/rosidl_typesupport_c/unitree_hg/msg/bms_state__type_support.cpp.o[0m
[10.459s] [ 38%] [32mBuilding C object CMakeFiles/unitree_hg__rosidl_typesupport_introspection_c.dir/rosidl_typesupport_introspection_c/unitree_hg/msg/detail/imu_state__type_support.c.o[0m
[10.530s] [ 39%] [32mBuilding CXX object CMakeFiles/unitree_hg__rosidl_typesupport_c.dir/rosidl_typesupport_c/unitree_hg/msg/hand_cmd__type_support.cpp.o[0m
[10.694s] [ 40%] [32mBuilding CXX object CMakeFiles/unitree_hg__rosidl_typesupport_c.dir/rosidl_typesupport_c/unitree_hg/msg/hand_state__type_support.cpp.o[0m
[10.721s] [ 41%] [32mBuilding C object CMakeFiles/unitree_hg__rosidl_typesupport_introspection_c.dir/rosidl_typesupport_introspection_c/unitree_hg/msg/detail/low_cmd__type_support.c.o[0m
[10.965s] [ 42%] [32mBuilding CXX object CMakeFiles/unitree_hg__rosidl_typesupport_c.dir/rosidl_typesupport_c/unitree_hg/msg/imu_state__type_support.cpp.o[0m
[11.102s] [ 43%] [32mBuilding CXX object CMakeFiles/unitree_hg__rosidl_typesupport_c.dir/rosidl_typesupport_c/unitree_hg/msg/low_cmd__type_support.cpp.o[0m
[11.104s] [ 44%] [32mBuilding CXX object CMakeFiles/unitree_hg__rosidl_typesupport_fastrtps_cpp.dir/rosidl_typesupport_fastrtps_cpp/unitree_hg/msg/detail/dds_fastrtps/low_cmd__type_support.cpp.o[0m
[11.112s] [ 45%] [32mBuilding C object CMakeFiles/unitree_hg__rosidl_typesupport_introspection_c.dir/rosidl_typesupport_introspection_c/unitree_hg/msg/detail/low_state__type_support.c.o[0m
[11.223s] [ 46%] [32mBuilding CXX object CMakeFiles/unitree_hg__rosidl_typesupport_c.dir/rosidl_typesupport_c/unitree_hg/msg/low_state__type_support.cpp.o[0m
[11.300s] [ 47%] [32mBuilding CXX object CMakeFiles/unitree_hg__rosidl_typesupport_c.dir/rosidl_typesupport_c/unitree_hg/msg/main_board_state__type_support.cpp.o[0m
[11.350s] [ 47%] [32mBuilding CXX object CMakeFiles/unitree_hg__rosidl_typesupport_c.dir/rosidl_typesupport_c/unitree_hg/msg/motor_cmd__type_support.cpp.o[0m
[11.352s] [ 48%] [32mBuilding C object CMakeFiles/unitree_hg__rosidl_typesupport_introspection_c.dir/rosidl_typesupport_introspection_c/unitree_hg/msg/detail/main_board_state__type_support.c.o[0m
[11.355s] [ 48%] [32mBuilding CXX object CMakeFiles/unitree_hg__rosidl_typesupport_introspection_cpp.dir/rosidl_typesupport_introspection_cpp/unitree_hg/msg/detail/hand_cmd__type_support.cpp.o[0m
[11.420s] [ 49%] [32mBuilding CXX object CMakeFiles/unitree_hg__rosidl_typesupport_c.dir/rosidl_typesupport_c/unitree_hg/msg/motor_state__type_support.cpp.o[0m
[11.469s] [ 50%] [32mBuilding CXX object CMakeFiles/unitree_hg__rosidl_typesupport_fastrtps_cpp.dir/rosidl_typesupport_fastrtps_cpp/unitree_hg/msg/detail/dds_fastrtps/low_state__type_support.cpp.o[0m
[11.520s] [ 51%] [32mBuilding CXX object CMakeFiles/unitree_hg__rosidl_typesupport_c.dir/rosidl_typesupport_c/unitree_hg/msg/press_sensor_state__type_support.cpp.o[0m
[11.556s] [ 51%] [32mBuilding C object CMakeFiles/unitree_hg__rosidl_typesupport_introspection_c.dir/rosidl_typesupport_introspection_c/unitree_hg/msg/detail/motor_cmd__type_support.c.o[0m
[11.645s] [ 52%] [32m[1mLinking CXX shared library libunitree_hg__rosidl_typesupport_c.so[0m
[11.757s] [ 53%] [32mBuilding C object CMakeFiles/unitree_hg__rosidl_typesupport_introspection_c.dir/rosidl_typesupport_introspection_c/unitree_hg/msg/detail/motor_state__type_support.c.o[0m
[11.825s] [ 54%] [32mBuilding CXX object CMakeFiles/unitree_hg__rosidl_typesupport_cpp.dir/rosidl_typesupport_cpp/unitree_hg/msg/press_sensor_state__type_support.cpp.o[0m
[11.900s] [ 55%] [32mBuilding C object CMakeFiles/unitree_hg__rosidl_typesupport_introspection_c.dir/rosidl_typesupport_introspection_c/unitree_hg/msg/detail/press_sensor_state__type_support.c.o[0m
[11.999s] [ 55%] Built target unitree_hg__rosidl_typesupport_c
[12.024s] [ 56%] [32m[1mLinking C shared library libunitree_hg__rosidl_typesupport_introspection_c.so[0m
[12.032s] [ 57%] [32mBuilding CXX object CMakeFiles/unitree_hg__rosidl_typesupport_fastrtps_cpp.dir/rosidl_typesupport_fastrtps_cpp/unitree_hg/msg/detail/dds_fastrtps/main_board_state__type_support.cpp.o[0m
[12.204s] [ 57%] Built target unitree_hg__rosidl_typesupport_introspection_c
[12.313s] [ 58%] [32mBuilding CXX object CMakeFiles/unitree_hg__rosidl_typesupport_introspection_cpp.dir/rosidl_typesupport_introspection_cpp/unitree_hg/msg/detail/hand_state__type_support.cpp.o[0m
[12.546s] [ 59%] [32mBuilding CXX object CMakeFiles/unitree_hg__rosidl_typesupport_fastrtps_cpp.dir/rosidl_typesupport_fastrtps_cpp/unitree_hg/msg/detail/dds_fastrtps/motor_cmd__type_support.cpp.o[0m
[12.983s] [ 60%] [32mBuilding CXX object CMakeFiles/unitree_hg__rosidl_typesupport_fastrtps_c.dir/rosidl_typesupport_fastrtps_c/unitree_hg/msg/detail/bms_cmd__type_support_c.cpp.o[0m
[13.827s] [ 61%] [32mBuilding CXX object CMakeFiles/unitree_hg__rosidl_typesupport_introspection_cpp.dir/rosidl_typesupport_introspection_cpp/unitree_hg/msg/detail/imu_state__type_support.cpp.o[0m
[14.325s] [ 62%] [32m[1mLinking CXX shared library libunitree_hg__rosidl_typesupport_cpp.so[0m
[14.535s] [ 62%] Built target unitree_hg__rosidl_typesupport_cpp
[14.602s] [ 63%] [32mBuilding CXX object CMakeFiles/unitree_hg__rosidl_typesupport_fastrtps_c.dir/rosidl_typesupport_fastrtps_c/unitree_hg/msg/detail/bms_state__type_support_c.cpp.o[0m
[15.216s] [ 64%] [32mBuilding CXX object CMakeFiles/unitree_hg__rosidl_typesupport_fastrtps_cpp.dir/rosidl_typesupport_fastrtps_cpp/unitree_hg/msg/detail/dds_fastrtps/motor_state__type_support.cpp.o[0m
[15.567s] [ 65%] [32mBuilding CXX object CMakeFiles/unitree_hg__rosidl_typesupport_fastrtps_c.dir/rosidl_typesupport_fastrtps_c/unitree_hg/msg/detail/hand_cmd__type_support_c.cpp.o[0m
[15.726s] [ 66%] [32mBuilding CXX object CMakeFiles/unitree_hg__rosidl_typesupport_introspection_cpp.dir/rosidl_typesupport_introspection_cpp/unitree_hg/msg/detail/low_cmd__type_support.cpp.o[0m
[15.772s] [ 67%] [32mBuilding CXX object CMakeFiles/unitree_hg__rosidl_typesupport_fastrtps_cpp.dir/rosidl_typesupport_fastrtps_cpp/unitree_hg/msg/detail/dds_fastrtps/press_sensor_state__type_support.cpp.o[0m
[15.947s] [ 68%] [32mBuilding CXX object CMakeFiles/unitree_hg__rosidl_typesupport_introspection_cpp.dir/rosidl_typesupport_introspection_cpp/unitree_hg/msg/detail/low_state__type_support.cpp.o[0m
[16.716s] [ 69%] [32mBuilding CXX object CMakeFiles/unitree_hg__rosidl_typesupport_fastrtps_c.dir/rosidl_typesupport_fastrtps_c/unitree_hg/msg/detail/hand_state__type_support_c.cpp.o[0m
[16.824s] [ 70%] [32mBuilding CXX object CMakeFiles/unitree_hg__rosidl_typesupport_fastrtps_c.dir/rosidl_typesupport_fastrtps_c/unitree_hg/msg/detail/imu_state__type_support_c.cpp.o[0m
[17.603s] [ 71%] [32mBuilding CXX object CMakeFiles/unitree_hg__rosidl_typesupport_introspection_cpp.dir/rosidl_typesupport_introspection_cpp/unitree_hg/msg/detail/main_board_state__type_support.cpp.o[0m
[18.018s] [ 72%] [32mBuilding CXX object CMakeFiles/unitree_hg__rosidl_typesupport_fastrtps_c.dir/rosidl_typesupport_fastrtps_c/unitree_hg/msg/detail/low_cmd__type_support_c.cpp.o[0m
[18.127s] [ 73%] [32mBuilding CXX object CMakeFiles/unitree_hg__rosidl_typesupport_fastrtps_c.dir/rosidl_typesupport_fastrtps_c/unitree_hg/msg/detail/low_state__type_support_c.cpp.o[0m
[18.429s] [ 74%] [32m[1mLinking CXX shared library libunitree_hg__rosidl_typesupport_fastrtps_cpp.so[0m
[18.553s] [ 75%] [32mBuilding CXX object CMakeFiles/unitree_hg__rosidl_typesupport_fastrtps_c.dir/rosidl_typesupport_fastrtps_c/unitree_hg/msg/detail/main_board_state__type_support_c.cpp.o[0m
[18.559s] [ 76%] [32mBuilding CXX object CMakeFiles/unitree_hg__rosidl_typesupport_introspection_cpp.dir/rosidl_typesupport_introspection_cpp/unitree_hg/msg/detail/motor_cmd__type_support.cpp.o[0m
[18.958s] [ 76%] Built target unitree_hg__rosidl_typesupport_fastrtps_cpp
[19.162s] [ 77%] [32mBuilding CXX object CMakeFiles/unitree_hg__rosidl_typesupport_introspection_cpp.dir/rosidl_typesupport_introspection_cpp/unitree_hg/msg/detail/motor_state__type_support.cpp.o[0m
[19.173s] [ 78%] [32mBuilding CXX object CMakeFiles/unitree_hg__rosidl_typesupport_introspection_cpp.dir/rosidl_typesupport_introspection_cpp/unitree_hg/msg/detail/press_sensor_state__type_support.cpp.o[0m
[20.027s] [ 79%] [32mBuilding CXX object CMakeFiles/unitree_hg__rosidl_typesupport_fastrtps_c.dir/rosidl_typesupport_fastrtps_c/unitree_hg/msg/detail/motor_state__type_support_c.cpp.o[0m
[20.638s] [ 80%] [32mBuilding CXX object CMakeFiles/unitree_hg__rosidl_typesupport_fastrtps_c.dir/rosidl_typesupport_fastrtps_c/unitree_hg/msg/detail/press_sensor_state__type_support_c.cpp.o[0m
[21.021s] [ 80%] [32mBuilding CXX object CMakeFiles/unitree_hg__rosidl_typesupport_fastrtps_c.dir/rosidl_typesupport_fastrtps_c/unitree_hg/msg/detail/motor_cmd__type_support_c.cpp.o[0m
[22.953s] [ 81%] [32m[1mLinking CXX shared library libunitree_hg__rosidl_typesupport_introspection_cpp.so[0m
[23.223s] [ 81%] Built target unitree_hg__rosidl_typesupport_introspection_cpp
[23.611s] [ 82%] [32m[1mLinking CXX shared library libunitree_hg__rosidl_typesupport_fastrtps_c.so[0m
[23.856s] [ 82%] Built target unitree_hg__rosidl_typesupport_fastrtps_c
[23.895s] [ 82%] Built target unitree_hg
[23.938s] [ 83%] [34m[1mGenerating Python code for ROS interfaces[0m
[31.649s] [ 83%] Built target unitree_hg__py
[31.739s] [ 84%] [32mBuilding C object CMakeFiles/unitree_hg__rosidl_generator_py.dir/rosidl_generator_py/unitree_hg/msg/_bms_cmd_s.c.o[0m
[32.218s] [ 85%] [32mBuilding C object CMakeFiles/unitree_hg__rosidl_generator_py.dir/rosidl_generator_py/unitree_hg/msg/_main_board_state_s.c.o[0m
[32.569s] [ 86%] [32mBuilding C object CMakeFiles/unitree_hg__rosidl_generator_py.dir/rosidl_generator_py/unitree_hg/msg/_motor_cmd_s.c.o[0m
[32.838s] [ 87%] [32mBuilding C object CMakeFiles/unitree_hg__rosidl_generator_py.dir/rosidl_generator_py/unitree_hg/msg/_motor_state_s.c.o[0m
[33.128s] [ 88%] [32mBuilding C object CMakeFiles/unitree_hg__rosidl_generator_py.dir/rosidl_generator_py/unitree_hg/msg/_press_sensor_state_s.c.o[0m
[33.406s] [ 89%] [32mBuilding C object CMakeFiles/unitree_hg__rosidl_generator_py.dir/rosidl_generator_py/unitree_hg/msg/_low_state_s.c.o[0m
[33.743s] [ 90%] [32mBuilding C object CMakeFiles/unitree_hg__rosidl_generator_py.dir/rosidl_generator_py/unitree_hg/msg/_low_cmd_s.c.o[0m
[34.033s] [ 91%] [32mBuilding C object CMakeFiles/unitree_hg__rosidl_generator_py.dir/rosidl_generator_py/unitree_hg/msg/_imu_state_s.c.o[0m
[34.321s] [ 92%] [32mBuilding C object CMakeFiles/unitree_hg__rosidl_generator_py.dir/rosidl_generator_py/unitree_hg/msg/_hand_state_s.c.o[0m
[34.639s] [ 92%] [32mBuilding C object CMakeFiles/unitree_hg__rosidl_generator_py.dir/rosidl_generator_py/unitree_hg/msg/_hand_cmd_s.c.o[0m
[34.906s] [ 93%] [32mBuilding C object CMakeFiles/unitree_hg__rosidl_generator_py.dir/rosidl_generator_py/unitree_hg/msg/_bms_state_s.c.o[0m
[35.223s] [ 94%] [32m[1mLinking C shared library rosidl_generator_py/unitree_hg/libunitree_hg__rosidl_generator_py.so[0m
[35.320s] [ 94%] Built target unitree_hg__rosidl_generator_py
[35.360s] [ 95%] [32mBuilding C object CMakeFiles/unitree_hg__rosidl_typesupport_fastrtps_c__pyext.dir/rosidl_generator_py/unitree_hg/_unitree_hg_s.ep.rosidl_typesupport_fastrtps_c.c.o[0m
[35.683s] [ 96%] [32m[1mLinking C shared library rosidl_generator_py/unitree_hg/unitree_hg_s__rosidl_typesupport_fastrtps_c.cpython-310-x86_64-linux-gnu.so[0m
[35.774s] [ 96%] Built target unitree_hg__rosidl_typesupport_fastrtps_c__pyext
[35.818s] [ 97%] [32mBuilding C object CMakeFiles/unitree_hg__rosidl_typesupport_c__pyext.dir/rosidl_generator_py/unitree_hg/_unitree_hg_s.ep.rosidl_typesupport_c.c.o[0m
[36.152s] [ 98%] [32m[1mLinking C shared library rosidl_generator_py/unitree_hg/unitree_hg_s__rosidl_typesupport_c.cpython-310-x86_64-linux-gnu.so[0m
[36.240s] [ 98%] Built target unitree_hg__rosidl_typesupport_c__pyext
[36.283s] [ 99%] [32mBuilding C object CMakeFiles/unitree_hg__rosidl_typesupport_introspection_c__pyext.dir/rosidl_generator_py/unitree_hg/_unitree_hg_s.ep.rosidl_typesupport_introspection_c.c.o[0m
[36.608s] [100%] [32m[1mLinking C shared library rosidl_generator_py/unitree_hg/unitree_hg_s__rosidl_typesupport_introspection_c.cpython-310-x86_64-linux-gnu.so[0m
[36.695s] [100%] Built target unitree_hg__rosidl_typesupport_introspection_c__pyext
[36.722s] Invoked command in '/home/kentaro/ros2_ws/build/unitree_hg' returned '0': CMAKE_PREFIX_PATH=/opt/ros/humble /usr/bin/cmake --build /home/kentaro/ros2_ws/build/unitree_hg -- -j8 -l8
[36.724s] Invoking command in '/home/kentaro/ros2_ws/build/unitree_hg': CMAKE_PREFIX_PATH=/opt/ros/humble /usr/bin/cmake --install /home/kentaro/ros2_ws/build/unitree_hg
[36.746s] -- Install configuration: ""
[36.746s] -- Installing: /home/kentaro/ros2_ws/install/unitree_hg/share/ament_index/resource_index/rosidl_interfaces/unitree_hg
[36.750s] -- Installing: /home/kentaro/ros2_ws/install/unitree_hg/include/unitree_hg/unitree_hg
[36.751s] -- Installing: /home/kentaro/ros2_ws/install/unitree_hg/include/unitree_hg/unitree_hg/msg
[36.751s] -- Installing: /home/kentaro/ros2_ws/install/unitree_hg/include/unitree_hg/unitree_hg/msg/hand_state.h
[36.751s] -- Installing: /home/kentaro/ros2_ws/install/unitree_hg/include/unitree_hg/unitree_hg/msg/bms_cmd.h
[36.751s] -- Installing: /home/kentaro/ros2_ws/install/unitree_hg/include/unitree_hg/unitree_hg/msg/motor_state.h
[36.751s] -- Installing: /home/kentaro/ros2_ws/install/unitree_hg/include/unitree_hg/unitree_hg/msg/press_sensor_state.h
[36.752s] -- Installing: /home/kentaro/ros2_ws/install/unitree_hg/include/unitree_hg/unitree_hg/msg/main_board_state.h
[36.752s] -- Installing: /home/kentaro/ros2_ws/install/unitree_hg/include/unitree_hg/unitree_hg/msg/motor_cmd.h
[36.752s] -- Installing: /home/kentaro/ros2_ws/install/unitree_hg/include/unitree_hg/unitree_hg/msg/bms_state.h
[36.752s] -- Installing: /home/kentaro/ros2_ws/install/unitree_hg/include/unitree_hg/unitree_hg/msg/low_cmd.h
[36.752s] -- Installing: /home/kentaro/ros2_ws/install/unitree_hg/include/unitree_hg/unitree_hg/msg/imu_state.h
[36.753s] -- Installing: /home/kentaro/ros2_ws/install/unitree_hg/include/unitree_hg/unitree_hg/msg/low_state.h
[36.753s] -- Installing: /home/kentaro/ros2_ws/install/unitree_hg/include/unitree_hg/unitree_hg/msg/hand_cmd.h
[36.753s] -- Installing: /home/kentaro/ros2_ws/install/unitree_hg/include/unitree_hg/unitree_hg/msg/detail
[36.753s] -- Installing: /home/kentaro/ros2_ws/install/unitree_hg/include/unitree_hg/unitree_hg/msg/detail/hand_state__functions.c
[36.754s] -- Installing: /home/kentaro/ros2_ws/install/unitree_hg/include/unitree_hg/unitree_hg/msg/detail/motor_state__struct.h
[36.754s] -- Installing: /home/kentaro/ros2_ws/install/unitree_hg/include/unitree_hg/unitree_hg/msg/detail/low_cmd__type_support.h
[36.754s] -- Installing: /home/kentaro/ros2_ws/install/unitree_hg/include/unitree_hg/unitree_hg/msg/detail/motor_state__type_support.h
[36.757s] -- Installing: /home/kentaro/ros2_ws/install/unitree_hg/include/unitree_hg/unitree_hg/msg/detail/bms_cmd__type_support.h
[36.758s] -- Installing: /home/kentaro/ros2_ws/install/unitree_hg/include/unitree_hg/unitree_hg/msg/detail/motor_state__functions.h
[36.758s] -- Installing: /home/kentaro/ros2_ws/install/unitree_hg/include/unitree_hg/unitree_hg/msg/detail/imu_state__struct.h
[36.758s] -- Installing: /home/kentaro/ros2_ws/install/unitree_hg/include/unitree_hg/unitree_hg/msg/detail/bms_cmd__functions.h
[36.758s] -- Installing: /home/kentaro/ros2_ws/install/unitree_hg/include/unitree_hg/unitree_hg/msg/detail/hand_state__functions.h
[36.759s] -- Installing: /home/kentaro/ros2_ws/install/unitree_hg/include/unitree_hg/unitree_hg/msg/detail/main_board_state__struct.h
[36.759s] -- Installing: /home/kentaro/ros2_ws/install/unitree_hg/include/unitree_hg/unitree_hg/msg/detail/motor_cmd__type_support.h
[36.759s] -- Installing: /home/kentaro/ros2_ws/install/unitree_hg/include/unitree_hg/unitree_hg/msg/detail/low_state__struct.h
[36.759s] -- Installing: /home/kentaro/ros2_ws/install/unitree_hg/include/unitree_hg/unitree_hg/msg/detail/low_cmd__struct.h
[36.760s] -- Installing: /home/kentaro/ros2_ws/install/unitree_hg/include/unitree_hg/unitree_hg/msg/detail/bms_state__functions.c
[36.760s] -- Installing: /home/kentaro/ros2_ws/install/unitree_hg/include/unitree_hg/unitree_hg/msg/detail/hand_state__struct.h
[36.760s] -- Installing: /home/kentaro/ros2_ws/install/unitree_hg/include/unitree_hg/unitree_hg/msg/detail/press_sensor_state__struct.h
[36.763s] -- Installing: /home/kentaro/ros2_ws/install/unitree_hg/include/unitree_hg/unitree_hg/msg/detail/imu_state__type_support.h
[36.764s] -- Installing: /home/kentaro/ros2_ws/install/unitree_hg/include/unitree_hg/unitree_hg/msg/detail/low_state__functions.c
[36.764s] -- Installing: /home/kentaro/ros2_ws/install/unitree_hg/include/unitree_hg/unitree_hg/msg/detail/hand_state__type_support.h
[36.764s] -- Installing: /home/kentaro/ros2_ws/install/unitree_hg/include/unitree_hg/unitree_hg/msg/detail/bms_cmd__struct.h
[36.764s] -- Installing: /home/kentaro/ros2_ws/install/unitree_hg/include/unitree_hg/unitree_hg/msg/detail/low_cmd__functions.c
[36.764s] -- Installing: /home/kentaro/ros2_ws/install/unitree_hg/include/unitree_hg/unitree_hg/msg/detail/low_state__functions.h
[36.765s] -- Installing: /home/kentaro/ros2_ws/install/unitree_hg/include/unitree_hg/unitree_hg/msg/detail/hand_cmd__type_support.h
[36.765s] -- Installing: /home/kentaro/ros2_ws/install/unitree_hg/include/unitree_hg/unitree_hg/msg/detail/motor_cmd__functions.h
[36.765s] -- Installing: /home/kentaro/ros2_ws/install/unitree_hg/include/unitree_hg/unitree_hg/msg/detail/press_sensor_state__type_support.h
[36.765s] -- Installing: /home/kentaro/ros2_ws/install/unitree_hg/include/unitree_hg/unitree_hg/msg/detail/hand_cmd__functions.h
[36.766s] -- Installing: /home/kentaro/ros2_ws/install/unitree_hg/include/unitree_hg/unitree_hg/msg/detail/low_cmd__functions.h
[36.766s] -- Installing: /home/kentaro/ros2_ws/install/unitree_hg/include/unitree_hg/unitree_hg/msg/detail/main_board_state__functions.h
[36.766s] -- Installing: /home/kentaro/ros2_ws/install/unitree_hg/include/unitree_hg/unitree_hg/msg/detail/imu_state__functions.c
[36.769s] -- Installing: /home/kentaro/ros2_ws/install/unitree_hg/include/unitree_hg/unitree_hg/msg/detail/motor_cmd__functions.c
[36.770s] -- Installing: /home/kentaro/ros2_ws/install/unitree_hg/include/unitree_hg/unitree_hg/msg/detail/press_sensor_state__functions.h
[36.770s] -- Installing: /home/kentaro/ros2_ws/install/unitree_hg/include/unitree_hg/unitree_hg/msg/detail/bms_state__functions.h
[36.770s] -- Installing: /home/kentaro/ros2_ws/install/unitree_hg/include/unitree_hg/unitree_hg/msg/detail/press_sensor_state__functions.c
[36.770s] -- Installing: /home/kentaro/ros2_ws/install/unitree_hg/include/unitree_hg/unitree_hg/msg/detail/motor_state__functions.c
[36.770s] -- Installing: /home/kentaro/ros2_ws/install/unitree_hg/include/unitree_hg/unitree_hg/msg/detail/hand_cmd__functions.c
[36.771s] -- Installing: /home/kentaro/ros2_ws/install/unitree_hg/include/unitree_hg/unitree_hg/msg/detail/main_board_state__type_support.h
[36.771s] -- Installing: /home/kentaro/ros2_ws/install/unitree_hg/include/unitree_hg/unitree_hg/msg/detail/motor_cmd__struct.h
[36.771s] -- Installing: /home/kentaro/ros2_ws/install/unitree_hg/include/unitree_hg/unitree_hg/msg/detail/main_board_state__functions.c
[36.771s] -- Installing: /home/kentaro/ros2_ws/install/unitree_hg/include/unitree_hg/unitree_hg/msg/detail/imu_state__functions.h
[36.772s] -- Installing: /home/kentaro/ros2_ws/install/unitree_hg/include/unitree_hg/unitree_hg/msg/detail/bms_state__type_support.h
[36.772s] -- Installing: /home/kentaro/ros2_ws/install/unitree_hg/include/unitree_hg/unitree_hg/msg/detail/bms_state__struct.h
[36.772s] -- Installing: /home/kentaro/ros2_ws/install/unitree_hg/include/unitree_hg/unitree_hg/msg/detail/bms_cmd__functions.c
[36.775s] -- Installing: /home/kentaro/ros2_ws/install/unitree_hg/include/unitree_hg/unitree_hg/msg/detail/low_state__type_support.h
[36.776s] -- Installing: /home/kentaro/ros2_ws/install/unitree_hg/include/unitree_hg/unitree_hg/msg/detail/hand_cmd__struct.h
[36.776s] -- Installing: /home/kentaro/ros2_ws/install/unitree_hg/include/unitree_hg/unitree_hg/msg/rosidl_generator_c__visibility_control.h
[36.776s] -- Installing: /home/kentaro/ros2_ws/install/unitree_hg/share/unitree_hg/environment/library_path.sh
[36.776s] -- Installing: /home/kentaro/ros2_ws/install/unitree_hg/share/unitree_hg/environment/library_path.dsv
[36.776s] -- Installing: /home/kentaro/ros2_ws/install/unitree_hg/lib/libunitree_hg__rosidl_generator_c.so
[36.777s] -- Set runtime path of "/home/kentaro/ros2_ws/install/unitree_hg/lib/libunitree_hg__rosidl_generator_c.so" to ""
[36.777s] -- Up-to-date: /home/kentaro/ros2_ws/install/unitree_hg/include/unitree_hg/unitree_hg
[36.777s] -- Up-to-date: /home/kentaro/ros2_ws/install/unitree_hg/include/unitree_hg/unitree_hg/msg
[36.777s] -- Installing: /home/kentaro/ros2_ws/install/unitree_hg/include/unitree_hg/unitree_hg/msg/rosidl_typesupport_fastrtps_c__visibility_control.h
[36.777s] -- Up-to-date: /home/kentaro/ros2_ws/install/unitree_hg/include/unitree_hg/unitree_hg/msg/detail
[36.778s] -- Installing: /home/kentaro/ros2_ws/install/unitree_hg/include/unitree_hg/unitree_hg/msg/detail/hand_state__rosidl_typesupport_fastrtps_c.h
[36.778s] -- Installing: /home/kentaro/ros2_ws/install/unitree_hg/include/unitree_hg/unitree_hg/msg/detail/low_state__rosidl_typesupport_fastrtps_c.h
[36.778s] -- Installing: /home/kentaro/ros2_ws/install/unitree_hg/include/unitree_hg/unitree_hg/msg/detail/bms_cmd__rosidl_typesupport_fastrtps_c.h
[36.781s] -- Installing: /home/kentaro/ros2_ws/install/unitree_hg/include/unitree_hg/unitree_hg/msg/detail/hand_cmd__rosidl_typesupport_fastrtps_c.h
[36.782s] -- Installing: /home/kentaro/ros2_ws/install/unitree_hg/include/unitree_hg/unitree_hg/msg/detail/imu_state__rosidl_typesupport_fastrtps_c.h
[36.782s] -- Installing: /home/kentaro/ros2_ws/install/unitree_hg/include/unitree_hg/unitree_hg/msg/detail/motor_cmd__rosidl_typesupport_fastrtps_c.h
[36.782s] -- Installing: /home/kentaro/ros2_ws/install/unitree_hg/include/unitree_hg/unitree_hg/msg/detail/motor_state__rosidl_typesupport_fastrtps_c.h
[36.782s] -- Installing: /home/kentaro/ros2_ws/install/unitree_hg/include/unitree_hg/unitree_hg/msg/detail/main_board_state__rosidl_typesupport_fastrtps_c.h
[36.782s] -- Installing: /home/kentaro/ros2_ws/install/unitree_hg/include/unitree_hg/unitree_hg/msg/detail/press_sensor_state__rosidl_typesupport_fastrtps_c.h
[36.783s] -- Installing: /home/kentaro/ros2_ws/install/unitree_hg/include/unitree_hg/unitree_hg/msg/detail/low_cmd__rosidl_typesupport_fastrtps_c.h
[36.783s] -- Installing: /home/kentaro/ros2_ws/install/unitree_hg/include/unitree_hg/unitree_hg/msg/detail/bms_state__rosidl_typesupport_fastrtps_c.h
[36.783s] -- Installing: /home/kentaro/ros2_ws/install/unitree_hg/lib/libunitree_hg__rosidl_typesupport_fastrtps_c.so
[36.783s] -- Set runtime path of "/home/kentaro/ros2_ws/install/unitree_hg/lib/libunitree_hg__rosidl_typesupport_fastrtps_c.so" to ""
[36.783s] -- Up-to-date: /home/kentaro/ros2_ws/install/unitree_hg/include/unitree_hg/unitree_hg
[36.784s] -- Up-to-date: /home/kentaro/ros2_ws/install/unitree_hg/include/unitree_hg/unitree_hg/msg
[36.784s] -- Installing: /home/kentaro/ros2_ws/install/unitree_hg/include/unitree_hg/unitree_hg/msg/bms_state.hpp
[36.784s] -- Installing: /home/kentaro/ros2_ws/install/unitree_hg/include/unitree_hg/unitree_hg/msg/main_board_state.hpp
[36.784s] -- Installing: /home/kentaro/ros2_ws/install/unitree_hg/include/unitree_hg/unitree_hg/msg/hand_state.hpp
[36.788s] -- Installing: /home/kentaro/ros2_ws/install/unitree_hg/include/unitree_hg/unitree_hg/msg/motor_state.hpp
[36.789s] -- Installing: /home/kentaro/ros2_ws/install/unitree_hg/include/unitree_hg/unitree_hg/msg/press_sensor_state.hpp
[36.789s] -- Installing: /home/kentaro/ros2_ws/install/unitree_hg/include/unitree_hg/unitree_hg/msg/imu_state.hpp
[36.789s] -- Installing: /home/kentaro/ros2_ws/install/unitree_hg/include/unitree_hg/unitree_hg/msg/hand_cmd.hpp
[36.789s] -- Installing: /home/kentaro/ros2_ws/install/unitree_hg/include/unitree_hg/unitree_hg/msg/low_state.hpp
[36.789s] -- Installing: /home/kentaro/ros2_ws/install/unitree_hg/include/unitree_hg/unitree_hg/msg/low_cmd.hpp
[36.790s] -- Installing: /home/kentaro/ros2_ws/install/unitree_hg/include/unitree_hg/unitree_hg/msg/bms_cmd.hpp
[36.790s] -- Installing: /home/kentaro/ros2_ws/install/unitree_hg/include/unitree_hg/unitree_hg/msg/rosidl_generator_cpp__visibility_control.hpp
[36.790s] -- Installing: /home/kentaro/ros2_ws/install/unitree_hg/include/unitree_hg/unitree_hg/msg/motor_cmd.hpp
[36.790s] -- Up-to-date: /home/kentaro/ros2_ws/install/unitree_hg/include/unitree_hg/unitree_hg/msg/detail
[36.790s] -- Installing: /home/kentaro/ros2_ws/install/unitree_hg/include/unitree_hg/unitree_hg/msg/detail/main_board_state__builder.hpp
[36.791s] -- Installing: /home/kentaro/ros2_ws/install/unitree_hg/include/unitree_hg/unitree_hg/msg/detail/low_state__type_support.hpp
[36.791s] -- Installing: /home/kentaro/ros2_ws/install/unitree_hg/include/unitree_hg/unitree_hg/msg/detail/motor_cmd__type_support.hpp
[36.791s] -- Installing: /home/kentaro/ros2_ws/install/unitree_hg/include/unitree_hg/unitree_hg/msg/detail/low_state__builder.hpp
[36.791s] -- Installing: /home/kentaro/ros2_ws/install/unitree_hg/include/unitree_hg/unitree_hg/msg/detail/motor_cmd__builder.hpp
[36.792s] -- Installing: /home/kentaro/ros2_ws/install/unitree_hg/include/unitree_hg/unitree_hg/msg/detail/motor_cmd__struct.hpp
[36.792s] -- Installing: /home/kentaro/ros2_ws/install/unitree_hg/include/unitree_hg/unitree_hg/msg/detail/imu_state__struct.hpp
[36.792s] -- Installing: /home/kentaro/ros2_ws/install/unitree_hg/include/unitree_hg/unitree_hg/msg/detail/main_board_state__traits.hpp
[36.795s] -- Installing: /home/kentaro/ros2_ws/install/unitree_hg/include/unitree_hg/unitree_hg/msg/detail/press_sensor_state__struct.hpp
[36.796s] -- Installing: /home/kentaro/ros2_ws/install/unitree_hg/include/unitree_hg/unitree_hg/msg/detail/bms_cmd__builder.hpp
[36.796s] -- Installing: /home/kentaro/ros2_ws/install/unitree_hg/include/unitree_hg/unitree_hg/msg/detail/low_cmd__builder.hpp
[36.796s] -- Installing: /home/kentaro/ros2_ws/install/unitree_hg/include/unitree_hg/unitree_hg/msg/detail/motor_state__struct.hpp
[36.796s] -- Installing: /home/kentaro/ros2_ws/install/unitree_hg/include/unitree_hg/unitree_hg/msg/detail/hand_cmd__struct.hpp
[36.797s] -- Installing: /home/kentaro/ros2_ws/install/unitree_hg/include/unitree_hg/unitree_hg/msg/detail/bms_cmd__struct.hpp
[36.797s] -- Installing: /home/kentaro/ros2_ws/install/unitree_hg/include/unitree_hg/unitree_hg/msg/detail/press_sensor_state__builder.hpp
[36.797s] -- Installing: /home/kentaro/ros2_ws/install/unitree_hg/include/unitree_hg/unitree_hg/msg/detail/hand_state__traits.hpp
[36.797s] -- Installing: /home/kentaro/ros2_ws/install/unitree_hg/include/unitree_hg/unitree_hg/msg/detail/press_sensor_state__traits.hpp
[36.797s] -- Installing: /home/kentaro/ros2_ws/install/unitree_hg/include/unitree_hg/unitree_hg/msg/detail/low_cmd__type_support.hpp
[36.798s] -- Installing: /home/kentaro/ros2_ws/install/unitree_hg/include/unitree_hg/unitree_hg/msg/detail/main_board_state__type_support.hpp
[36.798s] -- Installing: /home/kentaro/ros2_ws/install/unitree_hg/include/unitree_hg/unitree_hg/msg/detail/main_board_state__struct.hpp
[36.799s] -- Installing: /home/kentaro/ros2_ws/install/unitree_hg/include/unitree_hg/unitree_hg/msg/detail/low_state__traits.hpp
[36.799s] -- Installing: /home/kentaro/ros2_ws/install/unitree_hg/include/unitree_hg/unitree_hg/msg/detail/bms_state__traits.hpp
[36.800s] -- Installing: /home/kentaro/ros2_ws/install/unitree_hg/include/unitree_hg/unitree_hg/msg/detail/hand_cmd__type_support.hpp
[36.800s] -- Installing: /home/kentaro/ros2_ws/install/unitree_hg/include/unitree_hg/unitree_hg/msg/detail/bms_state__builder.hpp
[36.800s] -- Installing: /home/kentaro/ros2_ws/install/unitree_hg/include/unitree_hg/unitree_hg/msg/detail/low_state__struct.hpp
[36.800s] -- Installing: /home/kentaro/ros2_ws/install/unitree_hg/include/unitree_hg/unitree_hg/msg/detail/low_cmd__traits.hpp
[36.800s] -- Installing: /home/kentaro/ros2_ws/install/unitree_hg/include/unitree_hg/unitree_hg/msg/detail/hand_cmd__traits.hpp
[36.800s] -- Installing: /home/kentaro/ros2_ws/install/unitree_hg/include/unitree_hg/unitree_hg/msg/detail/motor_state__traits.hpp
[36.801s] -- Installing: /home/kentaro/ros2_ws/install/unitree_hg/include/unitree_hg/unitree_hg/msg/detail/motor_state__builder.hpp
[36.801s] -- Installing: /home/kentaro/ros2_ws/install/unitree_hg/include/unitree_hg/unitree_hg/msg/detail/hand_state__type_support.hpp
[36.801s] -- Installing: /home/kentaro/ros2_ws/install/unitree_hg/include/unitree_hg/unitree_hg/msg/detail/hand_cmd__builder.hpp
[36.801s] -- Installing: /home/kentaro/ros2_ws/install/unitree_hg/include/unitree_hg/unitree_hg/msg/detail/motor_state__type_support.hpp
[36.801s] -- Installing: /home/kentaro/ros2_ws/install/unitree_hg/include/unitree_hg/unitree_hg/msg/detail/imu_state__traits.hpp
[36.801s] -- Installing: /home/kentaro/ros2_ws/install/unitree_hg/include/unitree_hg/unitree_hg/msg/detail/press_sensor_state__type_support.hpp
[36.802s] -- Installing: /home/kentaro/ros2_ws/install/unitree_hg/include/unitree_hg/unitree_hg/msg/detail/bms_cmd__traits.hpp
[36.802s] -- Installing: /home/kentaro/ros2_ws/install/unitree_hg/include/unitree_hg/unitree_hg/msg/detail/bms_state__struct.hpp
[36.802s] -- Installing: /home/kentaro/ros2_ws/install/unitree_hg/include/unitree_hg/unitree_hg/msg/detail/motor_cmd__traits.hpp
[36.802s] -- Installing: /home/kentaro/ros2_ws/install/unitree_hg/include/unitree_hg/unitree_hg/msg/detail/low_cmd__struct.hpp
[36.802s] -- Installing: /home/kentaro/ros2_ws/install/unitree_hg/include/unitree_hg/unitree_hg/msg/detail/imu_state__builder.hpp
[36.802s] -- Installing: /home/kentaro/ros2_ws/install/unitree_hg/include/unitree_hg/unitree_hg/msg/detail/imu_state__type_support.hpp
[36.803s] -- Installing: /home/kentaro/ros2_ws/install/unitree_hg/include/unitree_hg/unitree_hg/msg/detail/bms_cmd__type_support.hpp
[36.803s] -- Installing: /home/kentaro/ros2_ws/install/unitree_hg/include/unitree_hg/unitree_hg/msg/detail/hand_state__builder.hpp
[36.803s] -- Installing: /home/kentaro/ros2_ws/install/unitree_hg/include/unitree_hg/unitree_hg/msg/detail/bms_state__type_support.hpp
[36.803s] -- Installing: /home/kentaro/ros2_ws/install/unitree_hg/include/unitree_hg/unitree_hg/msg/detail/hand_state__struct.hpp
[36.808s] -- Up-to-date: /home/kentaro/ros2_ws/install/unitree_hg/include/unitree_hg/unitree_hg
[36.808s] -- Up-to-date: /home/kentaro/ros2_ws/install/unitree_hg/include/unitree_hg/unitree_hg/msg
[36.809s] -- Installing: /home/kentaro/ros2_ws/install/unitree_hg/include/unitree_hg/unitree_hg/msg/rosidl_typesupport_fastrtps_cpp__visibility_control.h
[36.809s] -- Up-to-date: /home/kentaro/ros2_ws/install/unitree_hg/include/unitree_hg/unitree_hg/msg/detail
[36.809s] -- Installing: /home/kentaro/ros2_ws/install/unitree_hg/include/unitree_hg/unitree_hg/msg/detail/main_board_state__rosidl_typesupport_fastrtps_cpp.hpp
[36.812s] -- Installing: /home/kentaro/ros2_ws/install/unitree_hg/include/unitree_hg/unitree_hg/msg/detail/low_cmd__rosidl_typesupport_fastrtps_cpp.hpp
[36.812s] -- Installing: /home/kentaro/ros2_ws/install/unitree_hg/include/unitree_hg/unitree_hg/msg/detail/dds_fastrtps
[36.812s] -- Installing: /home/kentaro/ros2_ws/install/unitree_hg/include/unitree_hg/unitree_hg/msg/detail/bms_cmd__rosidl_typesupport_fastrtps_cpp.hpp
[36.812s] -- Installing: /home/kentaro/ros2_ws/install/unitree_hg/include/unitree_hg/unitree_hg/msg/detail/press_sensor_state__rosidl_typesupport_fastrtps_cpp.hpp
[36.812s] -- Installing: /home/kentaro/ros2_ws/install/unitree_hg/include/unitree_hg/unitree_hg/msg/detail/hand_cmd__rosidl_typesupport_fastrtps_cpp.hpp
[36.813s] -- Installing: /home/kentaro/ros2_ws/install/unitree_hg/include/unitree_hg/unitree_hg/msg/detail/hand_state__rosidl_typesupport_fastrtps_cpp.hpp
[36.813s] -- Installing: /home/kentaro/ros2_ws/install/unitree_hg/include/unitree_hg/unitree_hg/msg/detail/motor_state__rosidl_typesupport_fastrtps_cpp.hpp
[36.813s] -- Installing: /home/kentaro/ros2_ws/install/unitree_hg/include/unitree_hg/unitree_hg/msg/detail/imu_state__rosidl_typesupport_fastrtps_cpp.hpp
[36.813s] -- Installing: /home/kentaro/ros2_ws/install/unitree_hg/include/unitree_hg/unitree_hg/msg/detail/motor_cmd__rosidl_typesupport_fastrtps_cpp.hpp
[36.813s] -- Installing: /home/kentaro/ros2_ws/install/unitree_hg/include/unitree_hg/unitree_hg/msg/detail/low_state__rosidl_typesupport_fastrtps_cpp.hpp
[36.813s] -- Installing: /home/kentaro/ros2_ws/install/unitree_hg/include/unitree_hg/unitree_hg/msg/detail/bms_state__rosidl_typesupport_fastrtps_cpp.hpp
[36.813s] -- Installing: /home/kentaro/ros2_ws/install/unitree_hg/lib/libunitree_hg__rosidl_typesupport_fastrtps_cpp.so
[36.814s] -- Set runtime path of "/home/kentaro/ros2_ws/install/unitree_hg/lib/libunitree_hg__rosidl_typesupport_fastrtps_cpp.so" to ""
[36.814s] -- Up-to-date: /home/kentaro/ros2_ws/install/unitree_hg/include/unitree_hg/unitree_hg
[36.814s] -- Up-to-date: /home/kentaro/ros2_ws/install/unitree_hg/include/unitree_hg/unitree_hg/msg
[36.814s] -- Installing: /home/kentaro/ros2_ws/install/unitree_hg/include/unitree_hg/unitree_hg/msg/rosidl_typesupport_introspection_c__visibility_control.h
[36.814s] -- Up-to-date: /home/kentaro/ros2_ws/install/unitree_hg/include/unitree_hg/unitree_hg/msg/detail
[36.814s] -- Installing: /home/kentaro/ros2_ws/install/unitree_hg/include/unitree_hg/unitree_hg/msg/detail/hand_state__rosidl_typesupport_introspection_c.h
[36.815s] -- Installing: /home/kentaro/ros2_ws/install/unitree_hg/include/unitree_hg/unitree_hg/msg/detail/bms_cmd__rosidl_typesupport_introspection_c.h
[36.815s] -- Installing: /home/kentaro/ros2_ws/install/unitree_hg/include/unitree_hg/unitree_hg/msg/detail/main_board_state__type_support.c
[36.815s] -- Installing: /home/kentaro/ros2_ws/install/unitree_hg/include/unitree_hg/unitree_hg/msg/detail/motor_state__rosidl_typesupport_introspection_c.h
[36.815s] -- Installing: /home/kentaro/ros2_ws/install/unitree_hg/include/unitree_hg/unitree_hg/msg/detail/bms_state__rosidl_typesupport_introspection_c.h
[36.815s] -- Installing: /home/kentaro/ros2_ws/install/unitree_hg/include/unitree_hg/unitree_hg/msg/detail/motor_state__type_support.c
[36.815s] -- Installing: /home/kentaro/ros2_ws/install/unitree_hg/include/unitree_hg/unitree_hg/msg/detail/bms_cmd__type_support.c
[36.816s] -- Installing: /home/kentaro/ros2_ws/install/unitree_hg/include/unitree_hg/unitree_hg/msg/detail/bms_state__type_support.c
[36.816s] -- Installing: /home/kentaro/ros2_ws/install/unitree_hg/include/unitree_hg/unitree_hg/msg/detail/main_board_state__rosidl_typesupport_introspection_c.h
[36.816s] -- Installing: /home/kentaro/ros2_ws/install/unitree_hg/include/unitree_hg/unitree_hg/msg/detail/imu_state__rosidl_typesupport_introspection_c.h
[36.816s] -- Installing: /home/kentaro/ros2_ws/install/unitree_hg/include/unitree_hg/unitree_hg/msg/detail/imu_state__type_support.c
[36.816s] -- Installing: /home/kentaro/ros2_ws/install/unitree_hg/include/unitree_hg/unitree_hg/msg/detail/low_state__rosidl_typesupport_introspection_c.h
[36.816s] -- Installing: /home/kentaro/ros2_ws/install/unitree_hg/include/unitree_hg/unitree_hg/msg/detail/hand_cmd__rosidl_typesupport_introspection_c.h
[36.816s] -- Installing: /home/kentaro/ros2_ws/install/unitree_hg/include/unitree_hg/unitree_hg/msg/detail/hand_cmd__type_support.c
[36.817s] -- Installing: /home/kentaro/ros2_ws/install/unitree_hg/include/unitree_hg/unitree_hg/msg/detail/motor_cmd__type_support.c
[36.817s] -- Installing: /home/kentaro/ros2_ws/install/unitree_hg/include/unitree_hg/unitree_hg/msg/detail/low_state__type_support.c
[36.817s] -- Installing: /home/kentaro/ros2_ws/install/unitree_hg/include/unitree_hg/unitree_hg/msg/detail/press_sensor_state__type_support.c
[36.817s] -- Installing: /home/kentaro/ros2_ws/install/unitree_hg/include/unitree_hg/unitree_hg/msg/detail/low_cmd__type_support.c
[36.817s] -- Installing: /home/kentaro/ros2_ws/install/unitree_hg/include/unitree_hg/unitree_hg/msg/detail/low_cmd__rosidl_typesupport_introspection_c.h
[36.817s] -- Installing: /home/kentaro/ros2_ws/install/unitree_hg/include/unitree_hg/unitree_hg/msg/detail/press_sensor_state__rosidl_typesupport_introspection_c.h
[36.817s] -- Installing: /home/kentaro/ros2_ws/install/unitree_hg/include/unitree_hg/unitree_hg/msg/detail/hand_state__type_support.c
[36.818s] -- Installing: /home/kentaro/ros2_ws/install/unitree_hg/include/unitree_hg/unitree_hg/msg/detail/motor_cmd__rosidl_typesupport_introspection_c.h
[36.818s] -- Installing: /home/kentaro/ros2_ws/install/unitree_hg/lib/libunitree_hg__rosidl_typesupport_introspection_c.so
[36.818s] -- Set runtime path of "/home/kentaro/ros2_ws/install/unitree_hg/lib/libunitree_hg__rosidl_typesupport_introspection_c.so" to ""
[36.818s] -- Installing: /home/kentaro/ros2_ws/install/unitree_hg/lib/libunitree_hg__rosidl_typesupport_c.so
[36.818s] -- Set runtime path of "/home/kentaro/ros2_ws/install/unitree_hg/lib/libunitree_hg__rosidl_typesupport_c.so" to ""
[36.818s] -- Up-to-date: /home/kentaro/ros2_ws/install/unitree_hg/include/unitree_hg/unitree_hg
[36.818s] -- Up-to-date: /home/kentaro/ros2_ws/install/unitree_hg/include/unitree_hg/unitree_hg/msg
[36.819s] -- Up-to-date: /home/kentaro/ros2_ws/install/unitree_hg/include/unitree_hg/unitree_hg/msg/detail
[36.819s] -- Installing: /home/kentaro/ros2_ws/install/unitree_hg/include/unitree_hg/unitree_hg/msg/detail/hand_state__rosidl_typesupport_introspection_cpp.hpp
[36.819s] -- Installing: /home/kentaro/ros2_ws/install/unitree_hg/include/unitree_hg/unitree_hg/msg/detail/imu_state__rosidl_typesupport_introspection_cpp.hpp
[36.819s] -- Installing: /home/kentaro/ros2_ws/install/unitree_hg/include/unitree_hg/unitree_hg/msg/detail/press_sensor_state__rosidl_typesupport_introspection_cpp.hpp
[36.819s] -- Installing: /home/kentaro/ros2_ws/install/unitree_hg/include/unitree_hg/unitree_hg/msg/detail/hand_cmd__rosidl_typesupport_introspection_cpp.hpp
[36.819s] -- Installing: /home/kentaro/ros2_ws/install/unitree_hg/include/unitree_hg/unitree_hg/msg/detail/press_sensor_state__type_support.cpp
[36.819s] -- Installing: /home/kentaro/ros2_ws/install/unitree_hg/include/unitree_hg/unitree_hg/msg/detail/bms_state__rosidl_typesupport_introspection_cpp.hpp
[36.820s] -- Installing: /home/kentaro/ros2_ws/install/unitree_hg/include/unitree_hg/unitree_hg/msg/detail/bms_cmd__rosidl_typesupport_introspection_cpp.hpp
[36.820s] -- Installing: /home/kentaro/ros2_ws/install/unitree_hg/include/unitree_hg/unitree_hg/msg/detail/bms_state__type_support.cpp
[36.820s] -- Installing: /home/kentaro/ros2_ws/install/unitree_hg/include/unitree_hg/unitree_hg/msg/detail/hand_state__type_support.cpp
[36.820s] -- Installing: /home/kentaro/ros2_ws/install/unitree_hg/include/unitree_hg/unitree_hg/msg/detail/motor_state__rosidl_typesupport_introspection_cpp.hpp
[36.820s] -- Installing: /home/kentaro/ros2_ws/install/unitree_hg/include/unitree_hg/unitree_hg/msg/detail/low_state__rosidl_typesupport_introspection_cpp.hpp
[36.820s] -- Installing: /home/kentaro/ros2_ws/install/unitree_hg/include/unitree_hg/unitree_hg/msg/detail/motor_cmd__rosidl_typesupport_introspection_cpp.hpp
[36.821s] -- Installing: /home/kentaro/ros2_ws/install/unitree_hg/include/unitree_hg/unitree_hg/msg/detail/main_board_state__rosidl_typesupport_introspection_cpp.hpp
[36.821s] -- Installing: /home/kentaro/ros2_ws/install/unitree_hg/include/unitree_hg/unitree_hg/msg/detail/hand_cmd__type_support.cpp
[36.821s] -- Installing: /home/kentaro/ros2_ws/install/unitree_hg/include/unitree_hg/unitree_hg/msg/detail/low_cmd__rosidl_typesupport_introspection_cpp.hpp
[36.821s] -- Installing: /home/kentaro/ros2_ws/install/unitree_hg/include/unitree_hg/unitree_hg/msg/detail/main_board_state__type_support.cpp
[36.821s] -- Installing: /home/kentaro/ros2_ws/install/unitree_hg/include/unitree_hg/unitree_hg/msg/detail/low_cmd__type_support.cpp
[36.821s] -- Installing: /home/kentaro/ros2_ws/install/unitree_hg/include/unitree_hg/unitree_hg/msg/detail/low_state__type_support.cpp
[36.821s] -- Installing: /home/kentaro/ros2_ws/install/unitree_hg/include/unitree_hg/unitree_hg/msg/detail/motor_cmd__type_support.cpp
[36.822s] -- Installing: /home/kentaro/ros2_ws/install/unitree_hg/include/unitree_hg/unitree_hg/msg/detail/motor_state__type_support.cpp
[36.822s] -- Installing: /home/kentaro/ros2_ws/install/unitree_hg/include/unitree_hg/unitree_hg/msg/detail/imu_state__type_support.cpp
[36.822s] -- Installing: /home/kentaro/ros2_ws/install/unitree_hg/include/unitree_hg/unitree_hg/msg/detail/bms_cmd__type_support.cpp
[36.822s] -- Installing: /home/kentaro/ros2_ws/install/unitree_hg/lib/libunitree_hg__rosidl_typesupport_introspection_cpp.so
[36.822s] -- Set runtime path of "/home/kentaro/ros2_ws/install/unitree_hg/lib/libunitree_hg__rosidl_typesupport_introspection_cpp.so" to ""
[36.822s] -- Installing: /home/kentaro/ros2_ws/install/unitree_hg/lib/libunitree_hg__rosidl_typesupport_cpp.so
[36.823s] -- Set runtime path of "/home/kentaro/ros2_ws/install/unitree_hg/lib/libunitree_hg__rosidl_typesupport_cpp.so" to ""
[36.823s] -- Installing: /home/kentaro/ros2_ws/install/unitree_hg/share/unitree_hg/environment/pythonpath.sh
[36.823s] -- Installing: /home/kentaro/ros2_ws/install/unitree_hg/share/unitree_hg/environment/pythonpath.dsv
[36.823s] -- Installing: /home/kentaro/ros2_ws/install/unitree_hg/local/lib/python3.10/dist-packages/unitree_hg-0.0.0-py3.10.egg-info
[36.823s] -- Installing: /home/kentaro/ros2_ws/install/unitree_hg/local/lib/python3.10/dist-packages/unitree_hg-0.0.0-py3.10.egg-info/PKG-INFO
[36.823s] -- Installing: /home/kentaro/ros2_ws/install/unitree_hg/local/lib/python3.10/dist-packages/unitree_hg-0.0.0-py3.10.egg-info/SOURCES.txt
[36.824s] -- Installing: /home/kentaro/ros2_ws/install/unitree_hg/local/lib/python3.10/dist-packages/unitree_hg-0.0.0-py3.10.egg-info/dependency_links.txt
[36.824s] -- Installing: /home/kentaro/ros2_ws/install/unitree_hg/local/lib/python3.10/dist-packages/unitree_hg-0.0.0-py3.10.egg-info/top_level.txt
[36.824s] -- Installing: /home/kentaro/ros2_ws/install/unitree_hg/local/lib/python3.10/dist-packages/unitree_hg
[36.824s] -- Installing: /home/kentaro/ros2_ws/install/unitree_hg/local/lib/python3.10/dist-packages/unitree_hg/unitree_hg_s__rosidl_typesupport_fastrtps_c.cpython-310-x86_64-linux-gnu.so
[36.824s] -- Installing: /home/kentaro/ros2_ws/install/unitree_hg/local/lib/python3.10/dist-packages/unitree_hg/msg
[36.824s] -- Installing: /home/kentaro/ros2_ws/install/unitree_hg/local/lib/python3.10/dist-packages/unitree_hg/msg/_motor_state_s.c
[36.824s] -- Installing: /home/kentaro/ros2_ws/install/unitree_hg/local/lib/python3.10/dist-packages/unitree_hg/msg/_bms_cmd_s.c
[36.825s] -- Installing: /home/kentaro/ros2_ws/install/unitree_hg/local/lib/python3.10/dist-packages/unitree_hg/msg/_motor_cmd.py
[36.825s] -- Installing: /home/kentaro/ros2_ws/install/unitree_hg/local/lib/python3.10/dist-packages/unitree_hg/msg/_imu_state.py
[36.825s] -- Installing: /home/kentaro/ros2_ws/install/unitree_hg/local/lib/python3.10/dist-packages/unitree_hg/msg/_motor_cmd_s.c
[36.825s] -- Installing: /home/kentaro/ros2_ws/install/unitree_hg/local/lib/python3.10/dist-packages/unitree_hg/msg/_low_state.py
[36.825s] -- Installing: /home/kentaro/ros2_ws/install/unitree_hg/local/lib/python3.10/dist-packages/unitree_hg/msg/_main_board_state.py
[36.825s] -- Installing: /home/kentaro/ros2_ws/install/unitree_hg/local/lib/python3.10/dist-packages/unitree_hg/msg/_imu_state_s.c
[36.826s] -- Installing: /home/kentaro/ros2_ws/install/unitree_hg/local/lib/python3.10/dist-packages/unitree_hg/msg/_bms_state_s.c
[36.826s] -- Installing: /home/kentaro/ros2_ws/install/unitree_hg/local/lib/python3.10/dist-packages/unitree_hg/msg/__init__.py
[36.826s] -- Installing: /home/kentaro/ros2_ws/install/unitree_hg/local/lib/python3.10/dist-packages/unitree_hg/msg/_bms_cmd.py
[36.826s] -- Installing: /home/kentaro/ros2_ws/install/unitree_hg/local/lib/python3.10/dist-packages/unitree_hg/msg/_press_sensor_state_s.c
[36.826s] -- Installing: /home/kentaro/ros2_ws/install/unitree_hg/local/lib/python3.10/dist-packages/unitree_hg/msg/_main_board_state_s.c
[36.826s] -- Installing: /home/kentaro/ros2_ws/install/unitree_hg/local/lib/python3.10/dist-packages/unitree_hg/msg/_motor_state.py
[36.826s] -- Installing: /home/kentaro/ros2_ws/install/unitree_hg/local/lib/python3.10/dist-packages/unitree_hg/msg/_low_state_s.c
[36.827s] -- Installing: /home/kentaro/ros2_ws/install/unitree_hg/local/lib/python3.10/dist-packages/unitree_hg/msg/_hand_cmd.py
[36.827s] -- Installing: /home/kentaro/ros2_ws/install/unitree_hg/local/lib/python3.10/dist-packages/unitree_hg/msg/_low_cmd.py
[36.827s] -- Installing: /home/kentaro/ros2_ws/install/unitree_hg/local/lib/python3.10/dist-packages/unitree_hg/msg/_low_cmd_s.c
[36.827s] -- Installing: /home/kentaro/ros2_ws/install/unitree_hg/local/lib/python3.10/dist-packages/unitree_hg/msg/_hand_state_s.c
[36.827s] -- Installing: /home/kentaro/ros2_ws/install/unitree_hg/local/lib/python3.10/dist-packages/unitree_hg/msg/_hand_cmd_s.c
[36.827s] -- Installing: /home/kentaro/ros2_ws/install/unitree_hg/local/lib/python3.10/dist-packages/unitree_hg/msg/_bms_state.py
[36.827s] -- Installing: /home/kentaro/ros2_ws/install/unitree_hg/local/lib/python3.10/dist-packages/unitree_hg/msg/_hand_state.py
[36.828s] -- Installing: /home/kentaro/ros2_ws/install/unitree_hg/local/lib/python3.10/dist-packages/unitree_hg/msg/_press_sensor_state.py
[36.828s] -- Installing: /home/kentaro/ros2_ws/install/unitree_hg/local/lib/python3.10/dist-packages/unitree_hg/__init__.py
[36.828s] -- Installing: /home/kentaro/ros2_ws/install/unitree_hg/local/lib/python3.10/dist-packages/unitree_hg/libunitree_hg__rosidl_generator_py.so
[36.828s] -- Installing: /home/kentaro/ros2_ws/install/unitree_hg/local/lib/python3.10/dist-packages/unitree_hg/unitree_hg_s__rosidl_typesupport_c.cpython-310-x86_64-linux-gnu.so
[36.828s] -- Installing: /home/kentaro/ros2_ws/install/unitree_hg/local/lib/python3.10/dist-packages/unitree_hg/unitree_hg_s__rosidl_typesupport_introspection_c.cpython-310-x86_64-linux-gnu.so
[36.828s] -- Installing: /home/kentaro/ros2_ws/install/unitree_hg/local/lib/python3.10/dist-packages/unitree_hg/_unitree_hg_s.ep.rosidl_typesupport_introspection_c.c
[36.829s] -- Installing: /home/kentaro/ros2_ws/install/unitree_hg/local/lib/python3.10/dist-packages/unitree_hg/_unitree_hg_s.ep.rosidl_typesupport_fastrtps_c.c
[36.829s] -- Installing: /home/kentaro/ros2_ws/install/unitree_hg/local/lib/python3.10/dist-packages/unitree_hg/_unitree_hg_s.ep.rosidl_typesupport_c.c
[36.952s] Listing '/home/kentaro/ros2_ws/install/unitree_hg/local/lib/python3.10/dist-packages/unitree_hg'...
[36.952s] Compiling '/home/kentaro/ros2_ws/install/unitree_hg/local/lib/python3.10/dist-packages/unitree_hg/__init__.py'...
[36.952s] Listing '/home/kentaro/ros2_ws/install/unitree_hg/local/lib/python3.10/dist-packages/unitree_hg/msg'...
[36.953s] Compiling '/home/kentaro/ros2_ws/install/unitree_hg/local/lib/python3.10/dist-packages/unitree_hg/msg/__init__.py'...
[36.953s] Compiling '/home/kentaro/ros2_ws/install/unitree_hg/local/lib/python3.10/dist-packages/unitree_hg/msg/_bms_cmd.py'...
[36.953s] Compiling '/home/kentaro/ros2_ws/install/unitree_hg/local/lib/python3.10/dist-packages/unitree_hg/msg/_bms_state.py'...
[36.953s] Compiling '/home/kentaro/ros2_ws/install/unitree_hg/local/lib/python3.10/dist-packages/unitree_hg/msg/_hand_cmd.py'...
[36.953s] Compiling '/home/kentaro/ros2_ws/install/unitree_hg/local/lib/python3.10/dist-packages/unitree_hg/msg/_hand_state.py'...
[36.953s] Compiling '/home/kentaro/ros2_ws/install/unitree_hg/local/lib/python3.10/dist-packages/unitree_hg/msg/_imu_state.py'...
[36.953s] Compiling '/home/kentaro/ros2_ws/install/unitree_hg/local/lib/python3.10/dist-packages/unitree_hg/msg/_low_cmd.py'...
[36.954s] Compiling '/home/kentaro/ros2_ws/install/unitree_hg/local/lib/python3.10/dist-packages/unitree_hg/msg/_low_state.py'...
[36.954s] Compiling '/home/kentaro/ros2_ws/install/unitree_hg/local/lib/python3.10/dist-packages/unitree_hg/msg/_main_board_state.py'...
[36.954s] Compiling '/home/kentaro/ros2_ws/install/unitree_hg/local/lib/python3.10/dist-packages/unitree_hg/msg/_motor_cmd.py'...
[36.954s] Compiling '/home/kentaro/ros2_ws/install/unitree_hg/local/lib/python3.10/dist-packages/unitree_hg/msg/_motor_state.py'...
[36.954s] Compiling '/home/kentaro/ros2_ws/install/unitree_hg/local/lib/python3.10/dist-packages/unitree_hg/msg/_press_sensor_state.py'...
[36.969s] -- Installing: /home/kentaro/ros2_ws/install/unitree_hg/local/lib/python3.10/dist-packages/unitree_hg/unitree_hg_s__rosidl_typesupport_fastrtps_c.cpython-310-x86_64-linux-gnu.so
[36.970s] -- Set runtime path of "/home/kentaro/ros2_ws/install/unitree_hg/local/lib/python3.10/dist-packages/unitree_hg/unitree_hg_s__rosidl_typesupport_fastrtps_c.cpython-310-x86_64-linux-gnu.so" to ""
[36.970s] -- Installing: /home/kentaro/ros2_ws/install/unitree_hg/local/lib/python3.10/dist-packages/unitree_hg/unitree_hg_s__rosidl_typesupport_introspection_c.cpython-310-x86_64-linux-gnu.so
[36.970s] -- Set runtime path of "/home/kentaro/ros2_ws/install/unitree_hg/local/lib/python3.10/dist-packages/unitree_hg/unitree_hg_s__rosidl_typesupport_introspection_c.cpython-310-x86_64-linux-gnu.so" to ""
[36.970s] -- Installing: /home/kentaro/ros2_ws/install/unitree_hg/local/lib/python3.10/dist-packages/unitree_hg/unitree_hg_s__rosidl_typesupport_c.cpython-310-x86_64-linux-gnu.so
[36.971s] -- Set runtime path of "/home/kentaro/ros2_ws/install/unitree_hg/local/lib/python3.10/dist-packages/unitree_hg/unitree_hg_s__rosidl_typesupport_c.cpython-310-x86_64-linux-gnu.so" to ""
[36.972s] -- Installing: /home/kentaro/ros2_ws/install/unitree_hg/lib/libunitree_hg__rosidl_generator_py.so
[36.974s] -- Set runtime path of "/home/kentaro/ros2_ws/install/unitree_hg/lib/libunitree_hg__rosidl_generator_py.so" to ""
[36.974s] -- Installing: /home/kentaro/ros2_ws/install/unitree_hg/share/unitree_hg/msg/BmsCmd.idl
[36.975s] -- Installing: /home/kentaro/ros2_ws/install/unitree_hg/share/unitree_hg/msg/BmsState.idl
[36.975s] -- Installing: /home/kentaro/ros2_ws/install/unitree_hg/share/unitree_hg/msg/HandCmd.idl
[36.976s] -- Installing: /home/kentaro/ros2_ws/install/unitree_hg/share/unitree_hg/msg/HandState.idl
[36.976s] -- Installing: /home/kentaro/ros2_ws/install/unitree_hg/share/unitree_hg/msg/IMUState.idl
[36.977s] -- Installing: /home/kentaro/ros2_ws/install/unitree_hg/share/unitree_hg/msg/LowCmd.idl
[36.978s] -- Installing: /home/kentaro/ros2_ws/install/unitree_hg/share/unitree_hg/msg/LowState.idl
[36.978s] -- Installing: /home/kentaro/ros2_ws/install/unitree_hg/share/unitree_hg/msg/MainBoardState.idl
[36.979s] -- Installing: /home/kentaro/ros2_ws/install/unitree_hg/share/unitree_hg/msg/MotorCmd.idl
[36.979s] -- Installing: /home/kentaro/ros2_ws/install/unitree_hg/share/unitree_hg/msg/MotorState.idl
[36.980s] -- Installing: /home/kentaro/ros2_ws/install/unitree_hg/share/unitree_hg/msg/PressSensorState.idl
[36.981s] -- Installing: /home/kentaro/ros2_ws/install/unitree_hg/share/unitree_hg/msg/BmsCmd.msg
[36.981s] -- Installing: /home/kentaro/ros2_ws/install/unitree_hg/share/unitree_hg/msg/BmsState.msg
[36.982s] -- Installing: /home/kentaro/ros2_ws/install/unitree_hg/share/unitree_hg/msg/HandCmd.msg
[36.983s] -- Installing: /home/kentaro/ros2_ws/install/unitree_hg/share/unitree_hg/msg/HandState.msg
[36.984s] -- Installing: /home/kentaro/ros2_ws/install/unitree_hg/share/unitree_hg/msg/IMUState.msg
[36.984s] -- Installing: /home/kentaro/ros2_ws/install/unitree_hg/share/unitree_hg/msg/LowCmd.msg
[36.985s] -- Installing: /home/kentaro/ros2_ws/install/unitree_hg/share/unitree_hg/msg/LowState.msg
[36.986s] -- Installing: /home/kentaro/ros2_ws/install/unitree_hg/share/unitree_hg/msg/MainBoardState.msg
[36.986s] -- Installing: /home/kentaro/ros2_ws/install/unitree_hg/share/unitree_hg/msg/MotorCmd.msg
[36.987s] -- Installing: /home/kentaro/ros2_ws/install/unitree_hg/share/unitree_hg/msg/MotorState.msg
[36.988s] -- Installing: /home/kentaro/ros2_ws/install/unitree_hg/share/unitree_hg/msg/PressSensorState.msg
[36.988s] -- Installing: /home/kentaro/ros2_ws/install/unitree_hg/share/unitree_hg/msg/dds_connext
[36.988s] -- Installing: /home/kentaro/ros2_ws/install/unitree_hg/share/unitree_hg/msg/dds_connext/BmsCmd_.idl
[36.989s] -- Installing: /home/kentaro/ros2_ws/install/unitree_hg/share/unitree_hg/msg/dds_connext/PressSensorState_.idl
[36.990s] -- Installing: /home/kentaro/ros2_ws/install/unitree_hg/share/unitree_hg/msg/dds_connext/MotorCmd_.idl
[36.990s] -- Installing: /home/kentaro/ros2_ws/install/unitree_hg/share/unitree_hg/msg/dds_connext/MotorState_.idl
[36.991s] -- Installing: /home/kentaro/ros2_ws/install/unitree_hg/share/unitree_hg/msg/dds_connext/LowCmd_.idl
[36.991s] -- Installing: /home/kentaro/ros2_ws/install/unitree_hg/share/unitree_hg/msg/dds_connext/LowState_.idl
[36.992s] -- Installing: /home/kentaro/ros2_ws/install/unitree_hg/share/unitree_hg/msg/dds_connext/HandCmd_.idl
[36.992s] -- Installing: /home/kentaro/ros2_ws/install/unitree_hg/share/unitree_hg/msg/dds_connext/IMUState_.idl
[36.993s] -- Installing: /home/kentaro/ros2_ws/install/unitree_hg/share/unitree_hg/msg/dds_connext/HandState_.idl
[36.993s] -- Installing: /home/kentaro/ros2_ws/install/unitree_hg/share/unitree_hg/msg/dds_connext/MainBoardState_.idl
[36.994s] -- Installing: /home/kentaro/ros2_ws/install/unitree_hg/share/unitree_hg/msg/dds_connext/BmsState_.idl
[36.995s] -- Installing: /home/kentaro/ros2_ws/install/unitree_hg/share/ament_index/resource_index/package_run_dependencies/unitree_hg
[36.995s] -- Installing: /home/kentaro/ros2_ws/install/unitree_hg/share/ament_index/resource_index/parent_prefix_path/unitree_hg
[36.996s] -- Installing: /home/kentaro/ros2_ws/install/unitree_hg/share/unitree_hg/environment/ament_prefix_path.sh
[36.997s] -- Installing: /home/kentaro/ros2_ws/install/unitree_hg/share/unitree_hg/environment/ament_prefix_path.dsv
[36.998s] -- Installing: /home/kentaro/ros2_ws/install/unitree_hg/share/unitree_hg/environment/path.sh
[36.998s] -- Installing: /home/kentaro/ros2_ws/install/unitree_hg/share/unitree_hg/environment/path.dsv
[36.999s] -- Installing: /home/kentaro/ros2_ws/install/unitree_hg/share/unitree_hg/local_setup.bash
[37.000s] -- Installing: /home/kentaro/ros2_ws/install/unitree_hg/share/unitree_hg/local_setup.sh
[37.000s] -- Installing: /home/kentaro/ros2_ws/install/unitree_hg/share/unitree_hg/local_setup.zsh
[37.001s] -- Installing: /home/kentaro/ros2_ws/install/unitree_hg/share/unitree_hg/local_setup.dsv
[37.002s] -- Installing: /home/kentaro/ros2_ws/install/unitree_hg/share/unitree_hg/package.dsv
[37.003s] -- Installing: /home/kentaro/ros2_ws/install/unitree_hg/share/ament_index/resource_index/packages/unitree_hg
[37.003s] -- Installing: /home/kentaro/ros2_ws/install/unitree_hg/share/unitree_hg/cmake/export_unitree_hg__rosidl_generator_cExport.cmake
[37.004s] -- Installing: /home/kentaro/ros2_ws/install/unitree_hg/share/unitree_hg/cmake/export_unitree_hg__rosidl_generator_cExport-noconfig.cmake
[37.005s] -- Installing: /home/kentaro/ros2_ws/install/unitree_hg/share/unitree_hg/cmake/export_unitree_hg__rosidl_typesupport_fastrtps_cExport.cmake
[37.005s] -- Installing: /home/kentaro/ros2_ws/install/unitree_hg/share/unitree_hg/cmake/export_unitree_hg__rosidl_typesupport_fastrtps_cExport-noconfig.cmake
[37.006s] -- Installing: /home/kentaro/ros2_ws/install/unitree_hg/share/unitree_hg/cmake/export_unitree_hg__rosidl_generator_cppExport.cmake
[37.007s] -- Installing: /home/kentaro/ros2_ws/install/unitree_hg/share/unitree_hg/cmake/export_unitree_hg__rosidl_typesupport_fastrtps_cppExport.cmake
[37.007s] -- Installing: /home/kentaro/ros2_ws/install/unitree_hg/share/unitree_hg/cmake/export_unitree_hg__rosidl_typesupport_fastrtps_cppExport-noconfig.cmake
[37.009s] -- Installing: /home/kentaro/ros2_ws/install/unitree_hg/share/unitree_hg/cmake/unitree_hg__rosidl_typesupport_introspection_cExport.cmake
[37.010s] -- Installing: /home/kentaro/ros2_ws/install/unitree_hg/share/unitree_hg/cmake/unitree_hg__rosidl_typesupport_introspection_cExport-noconfig.cmake
[37.011s] -- Installing: /home/kentaro/ros2_ws/install/unitree_hg/share/unitree_hg/cmake/unitree_hg__rosidl_typesupport_cExport.cmake
[37.011s] -- Installing: /home/kentaro/ros2_ws/install/unitree_hg/share/unitree_hg/cmake/unitree_hg__rosidl_typesupport_cExport-noconfig.cmake
[37.011s] -- Installing: /home/kentaro/ros2_ws/install/unitree_hg/share/unitree_hg/cmake/unitree_hg__rosidl_typesupport_introspection_cppExport.cmake
[37.012s] -- Installing: /home/kentaro/ros2_ws/install/unitree_hg/share/unitree_hg/cmake/unitree_hg__rosidl_typesupport_introspection_cppExport-noconfig.cmake
[37.013s] -- Installing: /home/kentaro/ros2_ws/install/unitree_hg/share/unitree_hg/cmake/unitree_hg__rosidl_typesupport_cppExport.cmake
[37.014s] -- Installing: /home/kentaro/ros2_ws/install/unitree_hg/share/unitree_hg/cmake/unitree_hg__rosidl_typesupport_cppExport-noconfig.cmake
[37.014s] -- Installing: /home/kentaro/ros2_ws/install/unitree_hg/share/unitree_hg/cmake/export_unitree_hg__rosidl_generator_pyExport.cmake
[37.015s] -- Installing: /home/kentaro/ros2_ws/install/unitree_hg/share/unitree_hg/cmake/export_unitree_hg__rosidl_generator_pyExport-noconfig.cmake
[37.016s] -- Installing: /home/kentaro/ros2_ws/install/unitree_hg/share/unitree_hg/cmake/rosidl_cmake-extras.cmake
[37.016s] -- Installing: /home/kentaro/ros2_ws/install/unitree_hg/share/unitree_hg/cmake/ament_cmake_export_dependencies-extras.cmake
[37.017s] -- Installing: /home/kentaro/ros2_ws/install/unitree_hg/share/unitree_hg/cmake/ament_cmake_export_include_directories-extras.cmake
[37.018s] -- Installing: /home/kentaro/ros2_ws/install/unitree_hg/share/unitree_hg/cmake/ament_cmake_export_libraries-extras.cmake
[37.019s] -- Installing: /home/kentaro/ros2_ws/install/unitree_hg/share/unitree_hg/cmake/ament_cmake_export_targets-extras.cmake
[37.019s] -- Installing: /home/kentaro/ros2_ws/install/unitree_hg/share/unitree_hg/cmake/rosidl_cmake_export_typesupport_targets-extras.cmake
[37.020s] -- Installing: /home/kentaro/ros2_ws/install/unitree_hg/share/unitree_hg/cmake/rosidl_cmake_export_typesupport_libraries-extras.cmake
[37.021s] -- Installing: /home/kentaro/ros2_ws/install/unitree_hg/share/unitree_hg/cmake/unitree_hgConfig.cmake
[37.021s] -- Installing: /home/kentaro/ros2_ws/install/unitree_hg/share/unitree_hg/cmake/unitree_hgConfig-version.cmake
[37.028s] -- Installing: /home/kentaro/ros2_ws/install/unitree_hg/share/unitree_hg/package.xml
[37.029s] Invoked command in '/home/kentaro/ros2_ws/build/unitree_hg' returned '0': CMAKE_PREFIX_PATH=/opt/ros/humble /usr/bin/cmake --install /home/kentaro/ros2_ws/build/unitree_hg
