[0.014s] Invoking command in '/home/kentaro/ros2_ws/build/unitree_api': CMAKE_PREFIX_PATH=/opt/ros/humble /usr/bin/cmake /home/kentaro/ros2_ws/src/unitree_ros2/cyclonedds_ws/src/unitree/unitree_api -DROS_EDITION=ROS2 -DHUMBLE_ROS=humble -DCMAKE_INSTALL_PREFIX=/home/kentaro/ros2_ws/install/unitree_api
[0.075s] -- The C compiler identification is GNU 11.4.0
[0.139s] -- The CXX compiler identification is GNU 11.4.0
[0.148s] -- Detecting C compiler ABI info
[0.216s] -- Detecting C compiler ABI info - done
[0.231s] -- Check for working C compiler: /usr/bin/cc - skipped
[0.231s] -- Detecting C compile features
[0.232s] -- Detecting C compile features - done
[0.237s] -- Detecting CXX compiler ABI info
[0.312s] -- Detecting CXX compiler ABI info - done
[0.320s] -- Check for working CXX compiler: /usr/bin/c++ - skipped
[0.320s] -- Detecting CXX compile features
[0.321s] -- Detecting CXX compile features - done
[0.323s] -- Found ament_cmake: 1.3.12 (/opt/ros/humble/share/ament_cmake/cmake)
[0.479s] -- Found Python3: /usr/bin/python3 (found version "3.10.12") found components: Interpreter 
[0.577s] -- Found geometry_msgs: 4.9.0 (/opt/ros/humble/share/geometry_msgs/cmake)
[0.616s] -- Found rosidl_generator_c: 3.1.7 (/opt/ros/humble/share/rosidl_generator_c/cmake)
[0.622s] -- Found rosidl_adapter: 3.1.7 (/opt/ros/humble/share/rosidl_adapter/cmake)
[0.631s] -- Found rosidl_generator_cpp: 3.1.7 (/opt/ros/humble/share/rosidl_generator_cpp/cmake)
[0.646s] -- Using all available rosidl_typesupport_c: rosidl_typesupport_fastrtps_c;rosidl_typesupport_introspection_c
[0.663s] -- Using all available rosidl_typesupport_cpp: rosidl_typesupport_fastrtps_cpp;rosidl_typesupport_introspection_cpp
[0.709s] -- Found rosidl_default_generators: 1.2.0 (/opt/ros/humble/share/rosidl_default_generators/cmake)
[0.717s] -- Found rosidl_generator_dds_idl: 0.8.1 (/opt/ros/humble/share/rosidl_generator_dds_idl/cmake)
[1.088s] -- Found ament_cmake_ros: 0.10.0 (/opt/ros/humble/share/ament_cmake_ros/cmake)
[1.524s] -- Using all available rosidl_typesupport_c: rosidl_typesupport_fastrtps_c;rosidl_typesupport_introspection_c
[1.696s] -- Using all available rosidl_typesupport_cpp: rosidl_typesupport_fastrtps_cpp;rosidl_typesupport_introspection_cpp
[1.721s] -- Found PythonInterp: /usr/bin/python3 (found suitable version "3.10.12", minimum required is "3.6") 
[1.722s] -- Found python_cmake_module: 0.10.0 (/opt/ros/humble/share/python_cmake_module/cmake)
[1.750s] -- Found PythonLibs: /usr/lib/x86_64-linux-gnu/libpython3.10.so (found suitable version "3.10.12", minimum required is "3.5") 
[1.750s] -- Using PYTHON_EXECUTABLE: /usr/bin/python3
[1.750s] -- Using PYTHON_INCLUDE_DIRS: /usr/include/python3.10
[1.750s] -- Using PYTHON_LIBRARIES: /usr/lib/x86_64-linux-gnu/libpython3.10.so
[1.772s] -- Found PythonExtra: .so  
[1.897s] -- Found ament_lint_auto: 0.12.14 (/opt/ros/humble/share/ament_lint_auto/cmake)
[1.927s] -- Added test 'copyright' to check source files copyright and LICENSE
[1.930s] -- Added test 'lint_cmake' to check CMake code style
[1.932s] -- Added test 'xmllint' to check XML markup files
[1.936s] -- Configuring done
[1.998s] -- Generating done
[2.002s] [33mCMake Warning:
[2.002s]   Manually-specified variables were not used by the project:
[2.002s] 
[2.002s]     HUMBLE_ROS
[2.002s]     ROS_EDITION
[2.002s] 
[2.002s] [0m
[2.021s] -- Build files have been written to: /home/kentaro/ros2_ws/build/unitree_api
[2.037s] Invoked command in '/home/kentaro/ros2_ws/build/unitree_api' returned '0': CMAKE_PREFIX_PATH=/opt/ros/humble /usr/bin/cmake /home/kentaro/ros2_ws/src/unitree_ros2/cyclonedds_ws/src/unitree/unitree_api -DROS_EDITION=ROS2 -DHUMBLE_ROS=humble -DCMAKE_INSTALL_PREFIX=/home/kentaro/ros2_ws/install/unitree_api
[2.039s] Invoking command in '/home/kentaro/ros2_ws/build/unitree_api': CMAKE_PREFIX_PATH=/opt/ros/humble /usr/bin/cmake --build /home/kentaro/ros2_ws/build/unitree_api -- -j8 -l8
[2.094s] [  1%] [34m[1mGenerating C code for ROS interfaces[0m
[2.103s] [  2%] [34m[1mGenerating DDS interfaces[0m
[2.107s] [  3%] [34m[1mGenerating C++ code for ROS interfaces[0m
[2.134s] [  3%] Built target ament_cmake_python_copy_unitree_api
[2.735s] running egg_info
[2.736s] creating unitree_api.egg-info
[2.737s] writing unitree_api.egg-info/PKG-INFO
[2.739s] writing dependency_links to unitree_api.egg-info/dependency_links.txt
[2.739s] writing top-level names to unitree_api.egg-info/top_level.txt
[2.745s] writing manifest file 'unitree_api.egg-info/SOURCES.txt'
[2.750s] reading manifest file 'unitree_api.egg-info/SOURCES.txt'
[2.752s] writing manifest file 'unitree_api.egg-info/SOURCES.txt'
[2.823s] [  3%] Built target ament_cmake_python_build_unitree_api_egg
[3.109s] [  3%] Built target unitree_api__dds_connext_idl
[3.721s] [  3%] Built target unitree_api__cpp
[3.741s] [  4%] [34m[1mGenerating C++ type support dispatch for ROS interfaces[0m
[3.742s] [  5%] [34m[1mGenerating C++ introspection for ROS interfaces[0m
[3.750s] [  6%] [34m[1mGenerating C++ type support for eProsima Fast-RTPS[0m
[4.107s] [  7%] [32mBuilding C object CMakeFiles/unitree_api__rosidl_generator_c.dir/rosidl_generator_c/unitree_api/msg/detail/request__functions.c.o[0m
[4.117s] [  9%] [32mBuilding C object CMakeFiles/unitree_api__rosidl_generator_c.dir/rosidl_generator_c/unitree_api/msg/detail/request_header__functions.c.o[0m
[4.122s] [ 10%] [32mBuilding C object CMakeFiles/unitree_api__rosidl_generator_c.dir/rosidl_generator_c/unitree_api/msg/detail/request_policy__functions.c.o[0m
[4.130s] [ 12%] [32mBuilding C object CMakeFiles/unitree_api__rosidl_generator_c.dir/rosidl_generator_c/unitree_api/msg/detail/request_lease__functions.c.o[0m
[4.130s] [ 11%] [32mBuilding C object CMakeFiles/unitree_api__rosidl_generator_c.dir/rosidl_generator_c/unitree_api/msg/detail/request_identity__functions.c.o[0m
[4.253s] [ 13%] [32mBuilding C object CMakeFiles/unitree_api__rosidl_generator_c.dir/rosidl_generator_c/unitree_api/msg/detail/response__functions.c.o[0m
[4.336s] [ 14%] [32mBuilding C object CMakeFiles/unitree_api__rosidl_generator_c.dir/rosidl_generator_c/unitree_api/msg/detail/response_header__functions.c.o[0m
[4.379s] [ 15%] [32mBuilding C object CMakeFiles/unitree_api__rosidl_generator_c.dir/rosidl_generator_c/unitree_api/msg/detail/response_status__functions.c.o[0m
[4.588s] [ 17%] [32m[1mLinking C shared library libunitree_api__rosidl_generator_c.so[0m
[4.694s] [ 17%] Built target unitree_api__rosidl_generator_c
[4.728s] [ 18%] [34m[1mGenerating C introspection for ROS interfaces[0m
[4.732s] [ 19%] [34m[1mGenerating C type support dispatch for ROS interfaces[0m
[4.748s] [ 20%] [34m[1mGenerating C type support for eProsima Fast-RTPS[0m
[5.329s] [ 21%] [32mBuilding CXX object CMakeFiles/unitree_api__rosidl_typesupport_introspection_cpp.dir/rosidl_typesupport_introspection_cpp/unitree_api/msg/detail/request_header__type_support.cpp.o[0m
[5.330s] [ 22%] [32mBuilding CXX object CMakeFiles/unitree_api__rosidl_typesupport_introspection_cpp.dir/rosidl_typesupport_introspection_cpp/unitree_api/msg/detail/request__type_support.cpp.o[0m
[5.340s] [ 23%] [32mBuilding CXX object CMakeFiles/unitree_api__rosidl_typesupport_introspection_cpp.dir/rosidl_typesupport_introspection_cpp/unitree_api/msg/detail/request_identity__type_support.cpp.o[0m
[5.472s] [ 25%] [32mBuilding CXX object CMakeFiles/unitree_api__rosidl_typesupport_cpp.dir/rosidl_typesupport_cpp/unitree_api/msg/request__type_support.cpp.o[0m
[6.137s] [ 26%] [32mBuilding CXX object CMakeFiles/unitree_api__rosidl_typesupport_fastrtps_cpp.dir/rosidl_typesupport_fastrtps_cpp/unitree_api/msg/detail/dds_fastrtps/request__type_support.cpp.o[0m
[6.493s] [ 27%] [32mBuilding CXX object CMakeFiles/unitree_api__rosidl_typesupport_cpp.dir/rosidl_typesupport_cpp/unitree_api/msg/request_header__type_support.cpp.o[0m
[6.616s] [ 28%] [32mBuilding CXX object CMakeFiles/unitree_api__rosidl_typesupport_c.dir/rosidl_typesupport_c/unitree_api/msg/request__type_support.cpp.o[0m
[6.739s] [ 29%] [32mBuilding CXX object CMakeFiles/unitree_api__rosidl_typesupport_c.dir/rosidl_typesupport_c/unitree_api/msg/request_header__type_support.cpp.o[0m
[6.833s] [ 30%] [32mBuilding CXX object CMakeFiles/unitree_api__rosidl_typesupport_c.dir/rosidl_typesupport_c/unitree_api/msg/request_identity__type_support.cpp.o[0m
[6.888s] [ 31%] [32mBuilding CXX object CMakeFiles/unitree_api__rosidl_typesupport_c.dir/rosidl_typesupport_c/unitree_api/msg/request_lease__type_support.cpp.o[0m
[6.972s] [ 32%] [32mBuilding CXX object CMakeFiles/unitree_api__rosidl_typesupport_c.dir/rosidl_typesupport_c/unitree_api/msg/request_policy__type_support.cpp.o[0m
[7.011s] [ 34%] [32mBuilding C object CMakeFiles/unitree_api__rosidl_typesupport_introspection_c.dir/rosidl_typesupport_introspection_c/unitree_api/msg/detail/request__type_support.c.o[0m
[7.054s] [ 35%] [32mBuilding CXX object CMakeFiles/unitree_api__rosidl_typesupport_c.dir/rosidl_typesupport_c/unitree_api/msg/response__type_support.cpp.o[0m
[7.103s] [ 36%] [32mBuilding CXX object CMakeFiles/unitree_api__rosidl_typesupport_c.dir/rosidl_typesupport_c/unitree_api/msg/response_header__type_support.cpp.o[0m
[7.124s] [ 37%] [32mBuilding CXX object CMakeFiles/unitree_api__rosidl_typesupport_fastrtps_c.dir/rosidl_typesupport_fastrtps_c/unitree_api/msg/detail/request__type_support_c.cpp.o[0m
[7.145s] [ 38%] [32mBuilding C object CMakeFiles/unitree_api__rosidl_typesupport_introspection_c.dir/rosidl_typesupport_introspection_c/unitree_api/msg/detail/request_header__type_support.c.o[0m
[7.167s] [ 39%] [32mBuilding CXX object CMakeFiles/unitree_api__rosidl_typesupport_c.dir/rosidl_typesupport_c/unitree_api/msg/response_status__type_support.cpp.o[0m
[7.245s] [ 40%] [32m[1mLinking CXX shared library libunitree_api__rosidl_typesupport_c.so[0m
[7.275s] [ 42%] [32mBuilding C object CMakeFiles/unitree_api__rosidl_typesupport_introspection_c.dir/rosidl_typesupport_introspection_c/unitree_api/msg/detail/request_identity__type_support.c.o[0m
[7.364s] [ 43%] [32mBuilding CXX object CMakeFiles/unitree_api__rosidl_typesupport_introspection_cpp.dir/rosidl_typesupport_introspection_cpp/unitree_api/msg/detail/request_lease__type_support.cpp.o[0m
[7.402s] [ 43%] Built target unitree_api__rosidl_typesupport_c
[7.415s] [ 44%] [32mBuilding C object CMakeFiles/unitree_api__rosidl_typesupport_introspection_c.dir/rosidl_typesupport_introspection_c/unitree_api/msg/detail/request_lease__type_support.c.o[0m
[7.455s] [ 45%] [32mBuilding C object CMakeFiles/unitree_api__rosidl_typesupport_introspection_c.dir/rosidl_typesupport_introspection_c/unitree_api/msg/detail/request_policy__type_support.c.o[0m
[7.607s] [ 46%] [32mBuilding CXX object CMakeFiles/unitree_api__rosidl_typesupport_fastrtps_c.dir/rosidl_typesupport_fastrtps_c/unitree_api/msg/detail/request_header__type_support_c.cpp.o[0m
[7.615s] [ 47%] [32mBuilding C object CMakeFiles/unitree_api__rosidl_typesupport_introspection_c.dir/rosidl_typesupport_introspection_c/unitree_api/msg/detail/response__type_support.c.o[0m
[7.787s] [ 48%] [32mBuilding C object CMakeFiles/unitree_api__rosidl_typesupport_introspection_c.dir/rosidl_typesupport_introspection_c/unitree_api/msg/detail/response_header__type_support.c.o[0m
[7.808s] [ 50%] [32mBuilding C object CMakeFiles/unitree_api__rosidl_typesupport_introspection_c.dir/rosidl_typesupport_introspection_c/unitree_api/msg/detail/response_status__type_support.c.o[0m
[7.900s] [ 51%] [32mBuilding CXX object CMakeFiles/unitree_api__rosidl_typesupport_fastrtps_cpp.dir/rosidl_typesupport_fastrtps_cpp/unitree_api/msg/detail/dds_fastrtps/request_header__type_support.cpp.o[0m
[7.928s] [ 52%] [32m[1mLinking C shared library libunitree_api__rosidl_typesupport_introspection_c.so[0m
[8.068s] [ 52%] Built target unitree_api__rosidl_typesupport_introspection_c
[8.106s] [ 53%] [32mBuilding CXX object CMakeFiles/unitree_api__rosidl_typesupport_fastrtps_c.dir/rosidl_typesupport_fastrtps_c/unitree_api/msg/detail/request_identity__type_support_c.cpp.o[0m
[8.150s] [ 54%] [32mBuilding CXX object CMakeFiles/unitree_api__rosidl_typesupport_fastrtps_c.dir/rosidl_typesupport_fastrtps_c/unitree_api/msg/detail/request_lease__type_support_c.cpp.o[0m
[8.163s] [ 56%] [32mBuilding CXX object CMakeFiles/unitree_api__rosidl_typesupport_cpp.dir/rosidl_typesupport_cpp/unitree_api/msg/request_identity__type_support.cpp.o[0m
[8.169s] [ 56%] [32mBuilding CXX object CMakeFiles/unitree_api__rosidl_typesupport_introspection_cpp.dir/rosidl_typesupport_introspection_cpp/unitree_api/msg/detail/request_policy__type_support.cpp.o[0m
[8.686s] [ 57%] [32mBuilding CXX object CMakeFiles/unitree_api__rosidl_typesupport_fastrtps_c.dir/rosidl_typesupport_fastrtps_c/unitree_api/msg/detail/request_policy__type_support_c.cpp.o[0m
[8.907s] [ 59%] [32mBuilding CXX object CMakeFiles/unitree_api__rosidl_typesupport_cpp.dir/rosidl_typesupport_cpp/unitree_api/msg/request_lease__type_support.cpp.o[0m
[8.969s] [ 60%] [32mBuilding CXX object CMakeFiles/unitree_api__rosidl_typesupport_cpp.dir/rosidl_typesupport_cpp/unitree_api/msg/request_policy__type_support.cpp.o[0m
[9.604s] [ 61%] [32mBuilding CXX object CMakeFiles/unitree_api__rosidl_typesupport_introspection_cpp.dir/rosidl_typesupport_introspection_cpp/unitree_api/msg/detail/response__type_support.cpp.o[0m
[9.852s] [ 62%] [32mBuilding CXX object CMakeFiles/unitree_api__rosidl_typesupport_fastrtps_cpp.dir/rosidl_typesupport_fastrtps_cpp/unitree_api/msg/detail/dds_fastrtps/request_identity__type_support.cpp.o[0m
[9.862s] [ 63%] [32mBuilding CXX object CMakeFiles/unitree_api__rosidl_typesupport_introspection_cpp.dir/rosidl_typesupport_introspection_cpp/unitree_api/msg/detail/response_header__type_support.cpp.o[0m
[10.155s] [ 64%] [32mBuilding CXX object CMakeFiles/unitree_api__rosidl_typesupport_introspection_cpp.dir/rosidl_typesupport_introspection_cpp/unitree_api/msg/detail/response_status__type_support.cpp.o[0m
[10.272s] [ 65%] [32mBuilding CXX object CMakeFiles/unitree_api__rosidl_typesupport_cpp.dir/rosidl_typesupport_cpp/unitree_api/msg/response__type_support.cpp.o[0m
[10.366s] [ 67%] [32mBuilding CXX object CMakeFiles/unitree_api__rosidl_typesupport_cpp.dir/rosidl_typesupport_cpp/unitree_api/msg/response_header__type_support.cpp.o[0m
[10.453s] [ 68%] [32mBuilding CXX object CMakeFiles/unitree_api__rosidl_typesupport_fastrtps_c.dir/rosidl_typesupport_fastrtps_c/unitree_api/msg/detail/response__type_support_c.cpp.o[0m
[10.503s] [ 69%] [32mBuilding CXX object CMakeFiles/unitree_api__rosidl_typesupport_fastrtps_cpp.dir/rosidl_typesupport_fastrtps_cpp/unitree_api/msg/detail/dds_fastrtps/request_lease__type_support.cpp.o[0m
[11.109s] [ 70%] [32mBuilding CXX object CMakeFiles/unitree_api__rosidl_typesupport_fastrtps_cpp.dir/rosidl_typesupport_fastrtps_cpp/unitree_api/msg/detail/dds_fastrtps/request_policy__type_support.cpp.o[0m
[11.389s] [ 71%] [32mBuilding CXX object CMakeFiles/unitree_api__rosidl_typesupport_fastrtps_c.dir/rosidl_typesupport_fastrtps_c/unitree_api/msg/detail/response_header__type_support_c.cpp.o[0m
[11.865s] [ 72%] [32mBuilding CXX object CMakeFiles/unitree_api__rosidl_typesupport_cpp.dir/rosidl_typesupport_cpp/unitree_api/msg/response_status__type_support.cpp.o[0m
[12.028s] [ 73%] [32mBuilding CXX object CMakeFiles/unitree_api__rosidl_typesupport_fastrtps_c.dir/rosidl_typesupport_fastrtps_c/unitree_api/msg/detail/response_status__type_support_c.cpp.o[0m
[12.183s] [ 75%] [32mBuilding CXX object CMakeFiles/unitree_api__rosidl_typesupport_fastrtps_cpp.dir/rosidl_typesupport_fastrtps_cpp/unitree_api/msg/detail/dds_fastrtps/response__type_support.cpp.o[0m
[12.346s] [ 76%] [32mBuilding CXX object CMakeFiles/unitree_api__rosidl_typesupport_fastrtps_cpp.dir/rosidl_typesupport_fastrtps_cpp/unitree_api/msg/detail/dds_fastrtps/response_header__type_support.cpp.o[0m
[13.235s] [ 77%] [32mBuilding CXX object CMakeFiles/unitree_api__rosidl_typesupport_fastrtps_cpp.dir/rosidl_typesupport_fastrtps_cpp/unitree_api/msg/detail/dds_fastrtps/response_status__type_support.cpp.o[0m
[15.319s] [ 78%] [32m[1mLinking CXX shared library libunitree_api__rosidl_typesupport_cpp.so[0m
[15.319s] [ 79%] [32m[1mLinking CXX shared library libunitree_api__rosidl_typesupport_fastrtps_c.so[0m
[15.584s] [ 79%] Built target unitree_api__rosidl_typesupport_cpp
[15.601s] [ 79%] Built target unitree_api__rosidl_typesupport_fastrtps_c
[15.854s] [ 80%] [32m[1mLinking CXX shared library libunitree_api__rosidl_typesupport_introspection_cpp.so[0m
[16.390s] [ 80%] Built target unitree_api__rosidl_typesupport_introspection_cpp
[16.680s] [ 81%] [32m[1mLinking CXX shared library libunitree_api__rosidl_typesupport_fastrtps_cpp.so[0m
[16.979s] [ 81%] Built target unitree_api__rosidl_typesupport_fastrtps_cpp
[17.088s] [ 81%] Built target unitree_api
[17.183s] [ 82%] [34m[1mGenerating Python code for ROS interfaces[0m
[25.583s] [ 82%] Built target unitree_api__py
[25.660s] [ 84%] [32mBuilding C object CMakeFiles/unitree_api__rosidl_generator_py.dir/rosidl_generator_py/unitree_api/msg/_request_s.c.o[0m
[26.314s] [ 85%] [32mBuilding C object CMakeFiles/unitree_api__rosidl_generator_py.dir/rosidl_generator_py/unitree_api/msg/_response_status_s.c.o[0m
[26.893s] [ 86%] [32mBuilding C object CMakeFiles/unitree_api__rosidl_generator_py.dir/rosidl_generator_py/unitree_api/msg/_response_header_s.c.o[0m
[27.242s] [ 87%] [32mBuilding C object CMakeFiles/unitree_api__rosidl_generator_py.dir/rosidl_generator_py/unitree_api/msg/_response_s.c.o[0m
[27.591s] [ 88%] [32mBuilding C object CMakeFiles/unitree_api__rosidl_generator_py.dir/rosidl_generator_py/unitree_api/msg/_request_policy_s.c.o[0m
[27.941s] [ 89%] [32mBuilding C object CMakeFiles/unitree_api__rosidl_generator_py.dir/rosidl_generator_py/unitree_api/msg/_request_lease_s.c.o[0m
[28.215s] [ 90%] [32mBuilding C object CMakeFiles/unitree_api__rosidl_generator_py.dir/rosidl_generator_py/unitree_api/msg/_request_identity_s.c.o[0m
[28.576s] [ 92%] [32mBuilding C object CMakeFiles/unitree_api__rosidl_generator_py.dir/rosidl_generator_py/unitree_api/msg/_request_header_s.c.o[0m
[28.936s] [ 93%] [32m[1mLinking C shared library rosidl_generator_py/unitree_api/libunitree_api__rosidl_generator_py.so[0m
[29.133s] [ 93%] Built target unitree_api__rosidl_generator_py
[29.208s] [ 94%] [32mBuilding C object CMakeFiles/unitree_api__rosidl_typesupport_fastrtps_c__pyext.dir/rosidl_generator_py/unitree_api/_unitree_api_s.ep.rosidl_typesupport_fastrtps_c.c.o[0m
[29.752s] [ 95%] [32m[1mLinking C shared library rosidl_generator_py/unitree_api/unitree_api_s__rosidl_typesupport_fastrtps_c.cpython-310-x86_64-linux-gnu.so[0m
[29.950s] [ 95%] Built target unitree_api__rosidl_typesupport_fastrtps_c__pyext
[30.036s] [ 96%] [32mBuilding C object CMakeFiles/unitree_api__rosidl_typesupport_c__pyext.dir/rosidl_generator_py/unitree_api/_unitree_api_s.ep.rosidl_typesupport_c.c.o[0m
[30.513s] [ 97%] [32m[1mLinking C shared library rosidl_generator_py/unitree_api/unitree_api_s__rosidl_typesupport_c.cpython-310-x86_64-linux-gnu.so[0m
[30.690s] [ 97%] Built target unitree_api__rosidl_typesupport_c__pyext
[30.770s] [ 98%] [32mBuilding C object CMakeFiles/unitree_api__rosidl_typesupport_introspection_c__pyext.dir/rosidl_generator_py/unitree_api/_unitree_api_s.ep.rosidl_typesupport_introspection_c.c.o[0m
[31.206s] [100%] [32m[1mLinking C shared library rosidl_generator_py/unitree_api/unitree_api_s__rosidl_typesupport_introspection_c.cpython-310-x86_64-linux-gnu.so[0m
[31.386s] [100%] Built target unitree_api__rosidl_typesupport_introspection_c__pyext
[31.435s] Invoked command in '/home/kentaro/ros2_ws/build/unitree_api' returned '0': CMAKE_PREFIX_PATH=/opt/ros/humble /usr/bin/cmake --build /home/kentaro/ros2_ws/build/unitree_api -- -j8 -l8
[31.449s] Invoking command in '/home/kentaro/ros2_ws/build/unitree_api': CMAKE_PREFIX_PATH=/opt/ros/humble /usr/bin/cmake --install /home/kentaro/ros2_ws/build/unitree_api
[31.467s] -- Install configuration: ""
[31.467s] -- Installing: /home/kentaro/ros2_ws/install/unitree_api/share/ament_index/resource_index/rosidl_interfaces/unitree_api
[31.468s] -- Installing: /home/kentaro/ros2_ws/install/unitree_api/include/unitree_api/unitree_api
[31.468s] -- Installing: /home/kentaro/ros2_ws/install/unitree_api/include/unitree_api/unitree_api/msg
[31.468s] -- Installing: /home/kentaro/ros2_ws/install/unitree_api/include/unitree_api/unitree_api/msg/request_policy.h
[31.468s] -- Installing: /home/kentaro/ros2_ws/install/unitree_api/include/unitree_api/unitree_api/msg/response_header.h
[31.469s] -- Installing: /home/kentaro/ros2_ws/install/unitree_api/include/unitree_api/unitree_api/msg/request_lease.h
[31.469s] -- Installing: /home/kentaro/ros2_ws/install/unitree_api/include/unitree_api/unitree_api/msg/response.h
[31.469s] -- Installing: /home/kentaro/ros2_ws/install/unitree_api/include/unitree_api/unitree_api/msg/request_identity.h
[31.470s] -- Installing: /home/kentaro/ros2_ws/install/unitree_api/include/unitree_api/unitree_api/msg/response_status.h
[31.474s] -- Installing: /home/kentaro/ros2_ws/install/unitree_api/include/unitree_api/unitree_api/msg/request_header.h
[31.474s] -- Installing: /home/kentaro/ros2_ws/install/unitree_api/include/unitree_api/unitree_api/msg/request.h
[31.475s] -- Installing: /home/kentaro/ros2_ws/install/unitree_api/include/unitree_api/unitree_api/msg/detail
[31.475s] -- Installing: /home/kentaro/ros2_ws/install/unitree_api/include/unitree_api/unitree_api/msg/detail/request_lease__struct.h
[31.475s] -- Installing: /home/kentaro/ros2_ws/install/unitree_api/include/unitree_api/unitree_api/msg/detail/request_identity__functions.h
[31.475s] -- Installing: /home/kentaro/ros2_ws/install/unitree_api/include/unitree_api/unitree_api/msg/detail/response__type_support.h
[31.476s] -- Installing: /home/kentaro/ros2_ws/install/unitree_api/include/unitree_api/unitree_api/msg/detail/response_status__functions.h
[31.476s] -- Installing: /home/kentaro/ros2_ws/install/unitree_api/include/unitree_api/unitree_api/msg/detail/response_header__functions.c
[31.476s] -- Installing: /home/kentaro/ros2_ws/install/unitree_api/include/unitree_api/unitree_api/msg/detail/request_identity__struct.h
[31.476s] -- Installing: /home/kentaro/ros2_ws/install/unitree_api/include/unitree_api/unitree_api/msg/detail/response__functions.h
[31.476s] -- Installing: /home/kentaro/ros2_ws/install/unitree_api/include/unitree_api/unitree_api/msg/detail/request_policy__functions.h
[31.476s] -- Installing: /home/kentaro/ros2_ws/install/unitree_api/include/unitree_api/unitree_api/msg/detail/response_status__type_support.h
[31.477s] -- Installing: /home/kentaro/ros2_ws/install/unitree_api/include/unitree_api/unitree_api/msg/detail/request_lease__type_support.h
[31.477s] -- Installing: /home/kentaro/ros2_ws/install/unitree_api/include/unitree_api/unitree_api/msg/detail/request_header__functions.c
[31.477s] -- Installing: /home/kentaro/ros2_ws/install/unitree_api/include/unitree_api/unitree_api/msg/detail/request_policy__struct.h
[31.477s] -- Installing: /home/kentaro/ros2_ws/install/unitree_api/include/unitree_api/unitree_api/msg/detail/request_identity__type_support.h
[31.477s] -- Installing: /home/kentaro/ros2_ws/install/unitree_api/include/unitree_api/unitree_api/msg/detail/request_lease__functions.h
[31.478s] -- Installing: /home/kentaro/ros2_ws/install/unitree_api/include/unitree_api/unitree_api/msg/detail/response_status__struct.h
[31.478s] -- Installing: /home/kentaro/ros2_ws/install/unitree_api/include/unitree_api/unitree_api/msg/detail/response_header__type_support.h
[31.478s] -- Installing: /home/kentaro/ros2_ws/install/unitree_api/include/unitree_api/unitree_api/msg/detail/request__struct.h
[31.478s] -- Installing: /home/kentaro/ros2_ws/install/unitree_api/include/unitree_api/unitree_api/msg/detail/response_status__functions.c
[31.478s] -- Installing: /home/kentaro/ros2_ws/install/unitree_api/include/unitree_api/unitree_api/msg/detail/request__functions.h
[31.478s] -- Installing: /home/kentaro/ros2_ws/install/unitree_api/include/unitree_api/unitree_api/msg/detail/request_header__struct.h
[31.479s] -- Installing: /home/kentaro/ros2_ws/install/unitree_api/include/unitree_api/unitree_api/msg/detail/response__struct.h
[31.483s] -- Installing: /home/kentaro/ros2_ws/install/unitree_api/include/unitree_api/unitree_api/msg/detail/request_header__functions.h
[31.483s] -- Installing: /home/kentaro/ros2_ws/install/unitree_api/include/unitree_api/unitree_api/msg/detail/request_identity__functions.c
[31.484s] -- Installing: /home/kentaro/ros2_ws/install/unitree_api/include/unitree_api/unitree_api/msg/detail/request_header__type_support.h
[31.484s] -- Installing: /home/kentaro/ros2_ws/install/unitree_api/include/unitree_api/unitree_api/msg/detail/request_policy__functions.c
[31.485s] -- Installing: /home/kentaro/ros2_ws/install/unitree_api/include/unitree_api/unitree_api/msg/detail/response_header__struct.h
[31.485s] -- Installing: /home/kentaro/ros2_ws/install/unitree_api/include/unitree_api/unitree_api/msg/detail/request_policy__type_support.h
[31.485s] -- Installing: /home/kentaro/ros2_ws/install/unitree_api/include/unitree_api/unitree_api/msg/detail/request_lease__functions.c
[31.485s] -- Installing: /home/kentaro/ros2_ws/install/unitree_api/include/unitree_api/unitree_api/msg/detail/response_header__functions.h
[31.486s] -- Installing: /home/kentaro/ros2_ws/install/unitree_api/include/unitree_api/unitree_api/msg/detail/request__type_support.h
[31.486s] -- Installing: /home/kentaro/ros2_ws/install/unitree_api/include/unitree_api/unitree_api/msg/detail/request__functions.c
[31.486s] -- Installing: /home/kentaro/ros2_ws/install/unitree_api/include/unitree_api/unitree_api/msg/detail/response__functions.c
[31.487s] -- Installing: /home/kentaro/ros2_ws/install/unitree_api/include/unitree_api/unitree_api/msg/rosidl_generator_c__visibility_control.h
[31.491s] -- Installing: /home/kentaro/ros2_ws/install/unitree_api/share/unitree_api/environment/library_path.sh
[31.491s] -- Installing: /home/kentaro/ros2_ws/install/unitree_api/share/unitree_api/environment/library_path.dsv
[31.491s] -- Installing: /home/kentaro/ros2_ws/install/unitree_api/lib/libunitree_api__rosidl_generator_c.so
[31.491s] -- Set runtime path of "/home/kentaro/ros2_ws/install/unitree_api/lib/libunitree_api__rosidl_generator_c.so" to ""
[31.492s] -- Up-to-date: /home/kentaro/ros2_ws/install/unitree_api/include/unitree_api/unitree_api
[31.492s] -- Up-to-date: /home/kentaro/ros2_ws/install/unitree_api/include/unitree_api/unitree_api/msg
[31.492s] -- Installing: /home/kentaro/ros2_ws/install/unitree_api/include/unitree_api/unitree_api/msg/rosidl_typesupport_fastrtps_c__visibility_control.h
[31.492s] -- Up-to-date: /home/kentaro/ros2_ws/install/unitree_api/include/unitree_api/unitree_api/msg/detail
[31.492s] -- Installing: /home/kentaro/ros2_ws/install/unitree_api/include/unitree_api/unitree_api/msg/detail/request_policy__rosidl_typesupport_fastrtps_c.h
[31.492s] -- Installing: /home/kentaro/ros2_ws/install/unitree_api/include/unitree_api/unitree_api/msg/detail/request__rosidl_typesupport_fastrtps_c.h
[31.493s] -- Installing: /home/kentaro/ros2_ws/install/unitree_api/include/unitree_api/unitree_api/msg/detail/response__rosidl_typesupport_fastrtps_c.h
[31.493s] -- Installing: /home/kentaro/ros2_ws/install/unitree_api/include/unitree_api/unitree_api/msg/detail/request_header__rosidl_typesupport_fastrtps_c.h
[31.493s] -- Installing: /home/kentaro/ros2_ws/install/unitree_api/include/unitree_api/unitree_api/msg/detail/response_header__rosidl_typesupport_fastrtps_c.h
[31.493s] -- Installing: /home/kentaro/ros2_ws/install/unitree_api/include/unitree_api/unitree_api/msg/detail/response_status__rosidl_typesupport_fastrtps_c.h
[31.493s] -- Installing: /home/kentaro/ros2_ws/install/unitree_api/include/unitree_api/unitree_api/msg/detail/request_lease__rosidl_typesupport_fastrtps_c.h
[31.493s] -- Installing: /home/kentaro/ros2_ws/install/unitree_api/include/unitree_api/unitree_api/msg/detail/request_identity__rosidl_typesupport_fastrtps_c.h
[31.494s] -- Installing: /home/kentaro/ros2_ws/install/unitree_api/lib/libunitree_api__rosidl_typesupport_fastrtps_c.so
[31.494s] -- Set runtime path of "/home/kentaro/ros2_ws/install/unitree_api/lib/libunitree_api__rosidl_typesupport_fastrtps_c.so" to ""
[31.494s] -- Up-to-date: /home/kentaro/ros2_ws/install/unitree_api/include/unitree_api/unitree_api
[31.494s] -- Up-to-date: /home/kentaro/ros2_ws/install/unitree_api/include/unitree_api/unitree_api/msg
[31.494s] -- Installing: /home/kentaro/ros2_ws/install/unitree_api/include/unitree_api/unitree_api/msg/request_policy.hpp
[31.494s] -- Installing: /home/kentaro/ros2_ws/install/unitree_api/include/unitree_api/unitree_api/msg/response_header.hpp
[31.495s] -- Installing: /home/kentaro/ros2_ws/install/unitree_api/include/unitree_api/unitree_api/msg/request_lease.hpp
[31.495s] -- Installing: /home/kentaro/ros2_ws/install/unitree_api/include/unitree_api/unitree_api/msg/response_status.hpp
[31.495s] -- Installing: /home/kentaro/ros2_ws/install/unitree_api/include/unitree_api/unitree_api/msg/request_identity.hpp
[31.495s] -- Installing: /home/kentaro/ros2_ws/install/unitree_api/include/unitree_api/unitree_api/msg/request.hpp
[31.495s] -- Installing: /home/kentaro/ros2_ws/install/unitree_api/include/unitree_api/unitree_api/msg/request_header.hpp
[31.495s] -- Installing: /home/kentaro/ros2_ws/install/unitree_api/include/unitree_api/unitree_api/msg/rosidl_generator_cpp__visibility_control.hpp
[31.496s] -- Installing: /home/kentaro/ros2_ws/install/unitree_api/include/unitree_api/unitree_api/msg/response.hpp
[31.499s] -- Up-to-date: /home/kentaro/ros2_ws/install/unitree_api/include/unitree_api/unitree_api/msg/detail
[31.500s] -- Installing: /home/kentaro/ros2_ws/install/unitree_api/include/unitree_api/unitree_api/msg/detail/request_identity__builder.hpp
[31.500s] -- Installing: /home/kentaro/ros2_ws/install/unitree_api/include/unitree_api/unitree_api/msg/detail/response_header__builder.hpp
[31.500s] -- Installing: /home/kentaro/ros2_ws/install/unitree_api/include/unitree_api/unitree_api/msg/detail/response__type_support.hpp
[31.500s] -- Installing: /home/kentaro/ros2_ws/install/unitree_api/include/unitree_api/unitree_api/msg/detail/response_status__type_support.hpp
[31.501s] -- Installing: /home/kentaro/ros2_ws/install/unitree_api/include/unitree_api/unitree_api/msg/detail/request_header__type_support.hpp
[31.501s] -- Installing: /home/kentaro/ros2_ws/install/unitree_api/include/unitree_api/unitree_api/msg/detail/request_header__builder.hpp
[31.501s] -- Installing: /home/kentaro/ros2_ws/install/unitree_api/include/unitree_api/unitree_api/msg/detail/request_identity__struct.hpp
[31.501s] -- Installing: /home/kentaro/ros2_ws/install/unitree_api/include/unitree_api/unitree_api/msg/detail/request_identity__traits.hpp
[31.501s] -- Installing: /home/kentaro/ros2_ws/install/unitree_api/include/unitree_api/unitree_api/msg/detail/request_policy__type_support.hpp
[31.503s] -- Installing: /home/kentaro/ros2_ws/install/unitree_api/include/unitree_api/unitree_api/msg/detail/request_lease__traits.hpp
[31.503s] -- Installing: /home/kentaro/ros2_ws/install/unitree_api/include/unitree_api/unitree_api/msg/detail/response__traits.hpp
[31.504s] -- Installing: /home/kentaro/ros2_ws/install/unitree_api/include/unitree_api/unitree_api/msg/detail/request_header__traits.hpp
[31.507s] -- Installing: /home/kentaro/ros2_ws/install/unitree_api/include/unitree_api/unitree_api/msg/detail/request__type_support.hpp
[31.507s] -- Installing: /home/kentaro/ros2_ws/install/unitree_api/include/unitree_api/unitree_api/msg/detail/request__struct.hpp
[31.507s] -- Installing: /home/kentaro/ros2_ws/install/unitree_api/include/unitree_api/unitree_api/msg/detail/response__struct.hpp
[31.508s] -- Installing: /home/kentaro/ros2_ws/install/unitree_api/include/unitree_api/unitree_api/msg/detail/response__builder.hpp
[31.508s] -- Installing: /home/kentaro/ros2_ws/install/unitree_api/include/unitree_api/unitree_api/msg/detail/request_identity__type_support.hpp
[31.508s] -- Installing: /home/kentaro/ros2_ws/install/unitree_api/include/unitree_api/unitree_api/msg/detail/request_lease__type_support.hpp
[31.508s] -- Installing: /home/kentaro/ros2_ws/install/unitree_api/include/unitree_api/unitree_api/msg/detail/response_header__traits.hpp
[31.508s] -- Installing: /home/kentaro/ros2_ws/install/unitree_api/include/unitree_api/unitree_api/msg/detail/request_lease__struct.hpp
[31.509s] -- Installing: /home/kentaro/ros2_ws/install/unitree_api/include/unitree_api/unitree_api/msg/detail/response_header__struct.hpp
[31.509s] -- Installing: /home/kentaro/ros2_ws/install/unitree_api/include/unitree_api/unitree_api/msg/detail/request_header__struct.hpp
[31.509s] -- Installing: /home/kentaro/ros2_ws/install/unitree_api/include/unitree_api/unitree_api/msg/detail/request_policy__struct.hpp
[31.509s] -- Installing: /home/kentaro/ros2_ws/install/unitree_api/include/unitree_api/unitree_api/msg/detail/response_header__type_support.hpp
[31.509s] -- Installing: /home/kentaro/ros2_ws/install/unitree_api/include/unitree_api/unitree_api/msg/detail/request__traits.hpp
[31.513s] -- Installing: /home/kentaro/ros2_ws/install/unitree_api/include/unitree_api/unitree_api/msg/detail/request_policy__traits.hpp
[31.513s] -- Installing: /home/kentaro/ros2_ws/install/unitree_api/include/unitree_api/unitree_api/msg/detail/request__builder.hpp
[31.514s] -- Installing: /home/kentaro/ros2_ws/install/unitree_api/include/unitree_api/unitree_api/msg/detail/response_status__struct.hpp
[31.514s] -- Installing: /home/kentaro/ros2_ws/install/unitree_api/include/unitree_api/unitree_api/msg/detail/response_status__traits.hpp
[31.514s] -- Installing: /home/kentaro/ros2_ws/install/unitree_api/include/unitree_api/unitree_api/msg/detail/request_lease__builder.hpp
[31.514s] -- Installing: /home/kentaro/ros2_ws/install/unitree_api/include/unitree_api/unitree_api/msg/detail/request_policy__builder.hpp
[31.514s] -- Installing: /home/kentaro/ros2_ws/install/unitree_api/include/unitree_api/unitree_api/msg/detail/response_status__builder.hpp
[31.515s] -- Up-to-date: /home/kentaro/ros2_ws/install/unitree_api/include/unitree_api/unitree_api
[31.515s] -- Up-to-date: /home/kentaro/ros2_ws/install/unitree_api/include/unitree_api/unitree_api/msg
[31.515s] -- Installing: /home/kentaro/ros2_ws/install/unitree_api/include/unitree_api/unitree_api/msg/rosidl_typesupport_fastrtps_cpp__visibility_control.h
[31.515s] -- Up-to-date: /home/kentaro/ros2_ws/install/unitree_api/include/unitree_api/unitree_api/msg/detail
[31.516s] -- Installing: /home/kentaro/ros2_ws/install/unitree_api/include/unitree_api/unitree_api/msg/detail/request__rosidl_typesupport_fastrtps_cpp.hpp
[31.516s] -- Installing: /home/kentaro/ros2_ws/install/unitree_api/include/unitree_api/unitree_api/msg/detail/dds_fastrtps
[31.516s] -- Installing: /home/kentaro/ros2_ws/install/unitree_api/include/unitree_api/unitree_api/msg/detail/request_lease__rosidl_typesupport_fastrtps_cpp.hpp
[31.516s] -- Installing: /home/kentaro/ros2_ws/install/unitree_api/include/unitree_api/unitree_api/msg/detail/response_header__rosidl_typesupport_fastrtps_cpp.hpp
[31.516s] -- Installing: /home/kentaro/ros2_ws/install/unitree_api/include/unitree_api/unitree_api/msg/detail/response__rosidl_typesupport_fastrtps_cpp.hpp
[31.517s] -- Installing: /home/kentaro/ros2_ws/install/unitree_api/include/unitree_api/unitree_api/msg/detail/request_identity__rosidl_typesupport_fastrtps_cpp.hpp
[31.518s] -- Installing: /home/kentaro/ros2_ws/install/unitree_api/include/unitree_api/unitree_api/msg/detail/response_status__rosidl_typesupport_fastrtps_cpp.hpp
[31.518s] -- Installing: /home/kentaro/ros2_ws/install/unitree_api/include/unitree_api/unitree_api/msg/detail/request_header__rosidl_typesupport_fastrtps_cpp.hpp
[31.518s] -- Installing: /home/kentaro/ros2_ws/install/unitree_api/include/unitree_api/unitree_api/msg/detail/request_policy__rosidl_typesupport_fastrtps_cpp.hpp
[31.518s] -- Installing: /home/kentaro/ros2_ws/install/unitree_api/lib/libunitree_api__rosidl_typesupport_fastrtps_cpp.so
[31.519s] -- Set runtime path of "/home/kentaro/ros2_ws/install/unitree_api/lib/libunitree_api__rosidl_typesupport_fastrtps_cpp.so" to ""
[31.519s] -- Up-to-date: /home/kentaro/ros2_ws/install/unitree_api/include/unitree_api/unitree_api
[31.519s] -- Up-to-date: /home/kentaro/ros2_ws/install/unitree_api/include/unitree_api/unitree_api/msg
[31.519s] -- Installing: /home/kentaro/ros2_ws/install/unitree_api/include/unitree_api/unitree_api/msg/rosidl_typesupport_introspection_c__visibility_control.h
[31.519s] -- Up-to-date: /home/kentaro/ros2_ws/install/unitree_api/include/unitree_api/unitree_api/msg/detail
[31.520s] -- Installing: /home/kentaro/ros2_ws/install/unitree_api/include/unitree_api/unitree_api/msg/detail/request_header__type_support.c
[31.520s] -- Installing: /home/kentaro/ros2_ws/install/unitree_api/include/unitree_api/unitree_api/msg/detail/request_lease__type_support.c
[31.520s] -- Installing: /home/kentaro/ros2_ws/install/unitree_api/include/unitree_api/unitree_api/msg/detail/response_status__type_support.c
[31.520s] -- Installing: /home/kentaro/ros2_ws/install/unitree_api/include/unitree_api/unitree_api/msg/detail/request__rosidl_typesupport_introspection_c.h
[31.520s] -- Installing: /home/kentaro/ros2_ws/install/unitree_api/include/unitree_api/unitree_api/msg/detail/request_header__rosidl_typesupport_introspection_c.h
[31.520s] -- Installing: /home/kentaro/ros2_ws/install/unitree_api/include/unitree_api/unitree_api/msg/detail/request_policy__type_support.c
[31.521s] -- Installing: /home/kentaro/ros2_ws/install/unitree_api/include/unitree_api/unitree_api/msg/detail/response_status__rosidl_typesupport_introspection_c.h
[31.521s] -- Installing: /home/kentaro/ros2_ws/install/unitree_api/include/unitree_api/unitree_api/msg/detail/request_identity__rosidl_typesupport_introspection_c.h
[31.521s] -- Installing: /home/kentaro/ros2_ws/install/unitree_api/include/unitree_api/unitree_api/msg/detail/response_header__rosidl_typesupport_introspection_c.h
[31.521s] -- Installing: /home/kentaro/ros2_ws/install/unitree_api/include/unitree_api/unitree_api/msg/detail/request_identity__type_support.c
[31.521s] -- Installing: /home/kentaro/ros2_ws/install/unitree_api/include/unitree_api/unitree_api/msg/detail/response__type_support.c
[31.521s] -- Installing: /home/kentaro/ros2_ws/install/unitree_api/include/unitree_api/unitree_api/msg/detail/request_lease__rosidl_typesupport_introspection_c.h
[31.522s] -- Installing: /home/kentaro/ros2_ws/install/unitree_api/include/unitree_api/unitree_api/msg/detail/request__type_support.c
[31.526s] -- Installing: /home/kentaro/ros2_ws/install/unitree_api/include/unitree_api/unitree_api/msg/detail/response__rosidl_typesupport_introspection_c.h
[31.526s] -- Installing: /home/kentaro/ros2_ws/install/unitree_api/include/unitree_api/unitree_api/msg/detail/request_policy__rosidl_typesupport_introspection_c.h
[31.526s] -- Installing: /home/kentaro/ros2_ws/install/unitree_api/include/unitree_api/unitree_api/msg/detail/response_header__type_support.c
[31.527s] -- Installing: /home/kentaro/ros2_ws/install/unitree_api/lib/libunitree_api__rosidl_typesupport_introspection_c.so
[31.527s] -- Set runtime path of "/home/kentaro/ros2_ws/install/unitree_api/lib/libunitree_api__rosidl_typesupport_introspection_c.so" to ""
[31.527s] -- Installing: /home/kentaro/ros2_ws/install/unitree_api/lib/libunitree_api__rosidl_typesupport_c.so
[31.527s] -- Set runtime path of "/home/kentaro/ros2_ws/install/unitree_api/lib/libunitree_api__rosidl_typesupport_c.so" to ""
[31.527s] -- Up-to-date: /home/kentaro/ros2_ws/install/unitree_api/include/unitree_api/unitree_api
[31.528s] -- Up-to-date: /home/kentaro/ros2_ws/install/unitree_api/include/unitree_api/unitree_api/msg
[31.528s] -- Up-to-date: /home/kentaro/ros2_ws/install/unitree_api/include/unitree_api/unitree_api/msg/detail
[31.528s] -- Installing: /home/kentaro/ros2_ws/install/unitree_api/include/unitree_api/unitree_api/msg/detail/response_header__rosidl_typesupport_introspection_cpp.hpp
[31.528s] -- Installing: /home/kentaro/ros2_ws/install/unitree_api/include/unitree_api/unitree_api/msg/detail/response_status__type_support.cpp
[31.528s] -- Installing: /home/kentaro/ros2_ws/install/unitree_api/include/unitree_api/unitree_api/msg/detail/request_lease__rosidl_typesupport_introspection_cpp.hpp
[31.528s] -- Installing: /home/kentaro/ros2_ws/install/unitree_api/include/unitree_api/unitree_api/msg/detail/response__rosidl_typesupport_introspection_cpp.hpp
[31.529s] -- Installing: /home/kentaro/ros2_ws/install/unitree_api/include/unitree_api/unitree_api/msg/detail/request__rosidl_typesupport_introspection_cpp.hpp
[31.529s] -- Installing: /home/kentaro/ros2_ws/install/unitree_api/include/unitree_api/unitree_api/msg/detail/response_status__rosidl_typesupport_introspection_cpp.hpp
[31.529s] -- Installing: /home/kentaro/ros2_ws/install/unitree_api/include/unitree_api/unitree_api/msg/detail/response__type_support.cpp
[31.529s] -- Installing: /home/kentaro/ros2_ws/install/unitree_api/include/unitree_api/unitree_api/msg/detail/request__type_support.cpp
[31.529s] -- Installing: /home/kentaro/ros2_ws/install/unitree_api/include/unitree_api/unitree_api/msg/detail/request_lease__type_support.cpp
[31.529s] -- Installing: /home/kentaro/ros2_ws/install/unitree_api/include/unitree_api/unitree_api/msg/detail/request_header__type_support.cpp
[31.530s] -- Installing: /home/kentaro/ros2_ws/install/unitree_api/include/unitree_api/unitree_api/msg/detail/request_identity__type_support.cpp
[31.534s] -- Installing: /home/kentaro/ros2_ws/install/unitree_api/include/unitree_api/unitree_api/msg/detail/request_policy__rosidl_typesupport_introspection_cpp.hpp
[31.534s] -- Installing: /home/kentaro/ros2_ws/install/unitree_api/include/unitree_api/unitree_api/msg/detail/request_policy__type_support.cpp
[31.534s] -- Installing: /home/kentaro/ros2_ws/install/unitree_api/include/unitree_api/unitree_api/msg/detail/response_header__type_support.cpp
[31.535s] -- Installing: /home/kentaro/ros2_ws/install/unitree_api/include/unitree_api/unitree_api/msg/detail/request_header__rosidl_typesupport_introspection_cpp.hpp
[31.535s] -- Installing: /home/kentaro/ros2_ws/install/unitree_api/include/unitree_api/unitree_api/msg/detail/request_identity__rosidl_typesupport_introspection_cpp.hpp
[31.535s] -- Installing: /home/kentaro/ros2_ws/install/unitree_api/lib/libunitree_api__rosidl_typesupport_introspection_cpp.so
[31.535s] -- Set runtime path of "/home/kentaro/ros2_ws/install/unitree_api/lib/libunitree_api__rosidl_typesupport_introspection_cpp.so" to ""
[31.535s] -- Installing: /home/kentaro/ros2_ws/install/unitree_api/lib/libunitree_api__rosidl_typesupport_cpp.so
[31.535s] -- Set runtime path of "/home/kentaro/ros2_ws/install/unitree_api/lib/libunitree_api__rosidl_typesupport_cpp.so" to ""
[31.536s] -- Installing: /home/kentaro/ros2_ws/install/unitree_api/share/unitree_api/environment/pythonpath.sh
[31.536s] -- Installing: /home/kentaro/ros2_ws/install/unitree_api/share/unitree_api/environment/pythonpath.dsv
[31.536s] -- Installing: /home/kentaro/ros2_ws/install/unitree_api/local/lib/python3.10/dist-packages/unitree_api-0.0.0-py3.10.egg-info
[31.536s] -- Installing: /home/kentaro/ros2_ws/install/unitree_api/local/lib/python3.10/dist-packages/unitree_api-0.0.0-py3.10.egg-info/PKG-INFO
[31.536s] -- Installing: /home/kentaro/ros2_ws/install/unitree_api/local/lib/python3.10/dist-packages/unitree_api-0.0.0-py3.10.egg-info/SOURCES.txt
[31.536s] -- Installing: /home/kentaro/ros2_ws/install/unitree_api/local/lib/python3.10/dist-packages/unitree_api-0.0.0-py3.10.egg-info/dependency_links.txt
[31.537s] -- Installing: /home/kentaro/ros2_ws/install/unitree_api/local/lib/python3.10/dist-packages/unitree_api-0.0.0-py3.10.egg-info/top_level.txt
[31.537s] -- Installing: /home/kentaro/ros2_ws/install/unitree_api/local/lib/python3.10/dist-packages/unitree_api
[31.537s] -- Installing: /home/kentaro/ros2_ws/install/unitree_api/local/lib/python3.10/dist-packages/unitree_api/msg
[31.537s] -- Installing: /home/kentaro/ros2_ws/install/unitree_api/local/lib/python3.10/dist-packages/unitree_api/msg/_request_header.py
[31.537s] -- Installing: /home/kentaro/ros2_ws/install/unitree_api/local/lib/python3.10/dist-packages/unitree_api/msg/_request_lease_s.c
[31.537s] -- Installing: /home/kentaro/ros2_ws/install/unitree_api/local/lib/python3.10/dist-packages/unitree_api/msg/_request_header_s.c
[31.542s] -- Installing: /home/kentaro/ros2_ws/install/unitree_api/local/lib/python3.10/dist-packages/unitree_api/msg/_response_status.py
[31.542s] -- Installing: /home/kentaro/ros2_ws/install/unitree_api/local/lib/python3.10/dist-packages/unitree_api/msg/_response_status_s.c
[31.542s] -- Installing: /home/kentaro/ros2_ws/install/unitree_api/local/lib/python3.10/dist-packages/unitree_api/msg/__init__.py
[31.543s] -- Installing: /home/kentaro/ros2_ws/install/unitree_api/local/lib/python3.10/dist-packages/unitree_api/msg/_response_header_s.c
[31.543s] -- Installing: /home/kentaro/ros2_ws/install/unitree_api/local/lib/python3.10/dist-packages/unitree_api/msg/_request_s.c
[31.543s] -- Installing: /home/kentaro/ros2_ws/install/unitree_api/local/lib/python3.10/dist-packages/unitree_api/msg/_response_s.c
[31.543s] -- Installing: /home/kentaro/ros2_ws/install/unitree_api/local/lib/python3.10/dist-packages/unitree_api/msg/_response_header.py
[31.543s] -- Installing: /home/kentaro/ros2_ws/install/unitree_api/local/lib/python3.10/dist-packages/unitree_api/msg/_request_policy.py
[31.543s] -- Installing: /home/kentaro/ros2_ws/install/unitree_api/local/lib/python3.10/dist-packages/unitree_api/msg/_request_identity.py
[31.544s] -- Installing: /home/kentaro/ros2_ws/install/unitree_api/local/lib/python3.10/dist-packages/unitree_api/msg/_request_lease.py
[31.544s] -- Installing: /home/kentaro/ros2_ws/install/unitree_api/local/lib/python3.10/dist-packages/unitree_api/msg/_response.py
[31.544s] -- Installing: /home/kentaro/ros2_ws/install/unitree_api/local/lib/python3.10/dist-packages/unitree_api/msg/_request_identity_s.c
[31.544s] -- Installing: /home/kentaro/ros2_ws/install/unitree_api/local/lib/python3.10/dist-packages/unitree_api/msg/_request.py
[31.544s] -- Installing: /home/kentaro/ros2_ws/install/unitree_api/local/lib/python3.10/dist-packages/unitree_api/msg/_request_policy_s.c
[31.544s] -- Installing: /home/kentaro/ros2_ws/install/unitree_api/local/lib/python3.10/dist-packages/unitree_api/_unitree_api_s.ep.rosidl_typesupport_introspection_c.c
[31.545s] -- Installing: /home/kentaro/ros2_ws/install/unitree_api/local/lib/python3.10/dist-packages/unitree_api/unitree_api_s__rosidl_typesupport_introspection_c.cpython-310-x86_64-linux-gnu.so
[31.545s] -- Installing: /home/kentaro/ros2_ws/install/unitree_api/local/lib/python3.10/dist-packages/unitree_api/__init__.py
[31.545s] -- Installing: /home/kentaro/ros2_ws/install/unitree_api/local/lib/python3.10/dist-packages/unitree_api/_unitree_api_s.ep.rosidl_typesupport_c.c
[31.545s] -- Installing: /home/kentaro/ros2_ws/install/unitree_api/local/lib/python3.10/dist-packages/unitree_api/libunitree_api__rosidl_generator_py.so
[31.545s] -- Installing: /home/kentaro/ros2_ws/install/unitree_api/local/lib/python3.10/dist-packages/unitree_api/_unitree_api_s.ep.rosidl_typesupport_fastrtps_c.c
[31.545s] -- Installing: /home/kentaro/ros2_ws/install/unitree_api/local/lib/python3.10/dist-packages/unitree_api/unitree_api_s__rosidl_typesupport_c.cpython-310-x86_64-linux-gnu.so
[31.546s] -- Installing: /home/kentaro/ros2_ws/install/unitree_api/local/lib/python3.10/dist-packages/unitree_api/unitree_api_s__rosidl_typesupport_fastrtps_c.cpython-310-x86_64-linux-gnu.so
[31.636s] Listing '/home/kentaro/ros2_ws/install/unitree_api/local/lib/python3.10/dist-packages/unitree_api'...
[31.636s] Compiling '/home/kentaro/ros2_ws/install/unitree_api/local/lib/python3.10/dist-packages/unitree_api/__init__.py'...
[31.637s] Listing '/home/kentaro/ros2_ws/install/unitree_api/local/lib/python3.10/dist-packages/unitree_api/msg'...
[31.637s] Compiling '/home/kentaro/ros2_ws/install/unitree_api/local/lib/python3.10/dist-packages/unitree_api/msg/__init__.py'...
[31.637s] Compiling '/home/kentaro/ros2_ws/install/unitree_api/local/lib/python3.10/dist-packages/unitree_api/msg/_request.py'...
[31.637s] Compiling '/home/kentaro/ros2_ws/install/unitree_api/local/lib/python3.10/dist-packages/unitree_api/msg/_request_header.py'...
[31.637s] Compiling '/home/kentaro/ros2_ws/install/unitree_api/local/lib/python3.10/dist-packages/unitree_api/msg/_request_identity.py'...
[31.637s] Compiling '/home/kentaro/ros2_ws/install/unitree_api/local/lib/python3.10/dist-packages/unitree_api/msg/_request_lease.py'...
[31.638s] Compiling '/home/kentaro/ros2_ws/install/unitree_api/local/lib/python3.10/dist-packages/unitree_api/msg/_request_policy.py'...
[31.638s] Compiling '/home/kentaro/ros2_ws/install/unitree_api/local/lib/python3.10/dist-packages/unitree_api/msg/_response.py'...
[31.638s] Compiling '/home/kentaro/ros2_ws/install/unitree_api/local/lib/python3.10/dist-packages/unitree_api/msg/_response_header.py'...
[31.638s] Compiling '/home/kentaro/ros2_ws/install/unitree_api/local/lib/python3.10/dist-packages/unitree_api/msg/_response_status.py'...
[31.649s] -- Installing: /home/kentaro/ros2_ws/install/unitree_api/local/lib/python3.10/dist-packages/unitree_api/unitree_api_s__rosidl_typesupport_fastrtps_c.cpython-310-x86_64-linux-gnu.so
[31.655s] -- Set runtime path of "/home/kentaro/ros2_ws/install/unitree_api/local/lib/python3.10/dist-packages/unitree_api/unitree_api_s__rosidl_typesupport_fastrtps_c.cpython-310-x86_64-linux-gnu.so" to ""
[31.656s] -- Installing: /home/kentaro/ros2_ws/install/unitree_api/local/lib/python3.10/dist-packages/unitree_api/unitree_api_s__rosidl_typesupport_introspection_c.cpython-310-x86_64-linux-gnu.so
[31.656s] -- Set runtime path of "/home/kentaro/ros2_ws/install/unitree_api/local/lib/python3.10/dist-packages/unitree_api/unitree_api_s__rosidl_typesupport_introspection_c.cpython-310-x86_64-linux-gnu.so" to ""
[31.656s] -- Installing: /home/kentaro/ros2_ws/install/unitree_api/local/lib/python3.10/dist-packages/unitree_api/unitree_api_s__rosidl_typesupport_c.cpython-310-x86_64-linux-gnu.so
[31.659s] -- Set runtime path of "/home/kentaro/ros2_ws/install/unitree_api/local/lib/python3.10/dist-packages/unitree_api/unitree_api_s__rosidl_typesupport_c.cpython-310-x86_64-linux-gnu.so" to ""
[31.659s] -- Installing: /home/kentaro/ros2_ws/install/unitree_api/lib/libunitree_api__rosidl_generator_py.so
[31.666s] -- Set runtime path of "/home/kentaro/ros2_ws/install/unitree_api/lib/libunitree_api__rosidl_generator_py.so" to ""
[31.666s] -- Installing: /home/kentaro/ros2_ws/install/unitree_api/share/unitree_api/msg/Request.idl
[31.667s] -- Installing: /home/kentaro/ros2_ws/install/unitree_api/share/unitree_api/msg/RequestHeader.idl
[31.667s] -- Installing: /home/kentaro/ros2_ws/install/unitree_api/share/unitree_api/msg/RequestIdentity.idl
[31.667s] -- Installing: /home/kentaro/ros2_ws/install/unitree_api/share/unitree_api/msg/RequestLease.idl
[31.667s] -- Installing: /home/kentaro/ros2_ws/install/unitree_api/share/unitree_api/msg/RequestPolicy.idl
[31.667s] -- Installing: /home/kentaro/ros2_ws/install/unitree_api/share/unitree_api/msg/Response.idl
[31.668s] -- Installing: /home/kentaro/ros2_ws/install/unitree_api/share/unitree_api/msg/ResponseHeader.idl
[31.668s] -- Installing: /home/kentaro/ros2_ws/install/unitree_api/share/unitree_api/msg/ResponseStatus.idl
[31.669s] -- Installing: /home/kentaro/ros2_ws/install/unitree_api/share/unitree_api/msg/Request.msg
[31.670s] -- Installing: /home/kentaro/ros2_ws/install/unitree_api/share/unitree_api/msg/RequestHeader.msg
[31.672s] -- Installing: /home/kentaro/ros2_ws/install/unitree_api/share/unitree_api/msg/RequestIdentity.msg
[31.673s] -- Installing: /home/kentaro/ros2_ws/install/unitree_api/share/unitree_api/msg/RequestLease.msg
[31.675s] -- Installing: /home/kentaro/ros2_ws/install/unitree_api/share/unitree_api/msg/RequestPolicy.msg
[31.676s] -- Installing: /home/kentaro/ros2_ws/install/unitree_api/share/unitree_api/msg/Response.msg
[31.677s] -- Installing: /home/kentaro/ros2_ws/install/unitree_api/share/unitree_api/msg/ResponseHeader.msg
[31.677s] -- Installing: /home/kentaro/ros2_ws/install/unitree_api/share/unitree_api/msg/ResponseStatus.msg
[31.678s] -- Installing: /home/kentaro/ros2_ws/install/unitree_api/share/unitree_api/msg/dds_connext
[31.681s] -- Installing: /home/kentaro/ros2_ws/install/unitree_api/share/unitree_api/msg/dds_connext/Request_.idl
[31.682s] -- Installing: /home/kentaro/ros2_ws/install/unitree_api/share/unitree_api/msg/dds_connext/Response_.idl
[31.682s] -- Installing: /home/kentaro/ros2_ws/install/unitree_api/share/unitree_api/msg/dds_connext/RequestPolicy_.idl
[31.682s] -- Installing: /home/kentaro/ros2_ws/install/unitree_api/share/unitree_api/msg/dds_connext/RequestHeader_.idl
[31.682s] -- Installing: /home/kentaro/ros2_ws/install/unitree_api/share/unitree_api/msg/dds_connext/RequestLease_.idl
[31.682s] -- Installing: /home/kentaro/ros2_ws/install/unitree_api/share/unitree_api/msg/dds_connext/RequestIdentity_.idl
[31.683s] -- Installing: /home/kentaro/ros2_ws/install/unitree_api/share/unitree_api/msg/dds_connext/ResponseHeader_.idl
[31.683s] -- Installing: /home/kentaro/ros2_ws/install/unitree_api/share/unitree_api/msg/dds_connext/ResponseStatus_.idl
[31.683s] -- Installing: /home/kentaro/ros2_ws/install/unitree_api/share/ament_index/resource_index/package_run_dependencies/unitree_api
[31.683s] -- Installing: /home/kentaro/ros2_ws/install/unitree_api/share/ament_index/resource_index/parent_prefix_path/unitree_api
[31.685s] -- Installing: /home/kentaro/ros2_ws/install/unitree_api/share/unitree_api/environment/ament_prefix_path.sh
[31.685s] -- Installing: /home/kentaro/ros2_ws/install/unitree_api/share/unitree_api/environment/ament_prefix_path.dsv
[31.686s] -- Installing: /home/kentaro/ros2_ws/install/unitree_api/share/unitree_api/environment/path.sh
[31.686s] -- Installing: /home/kentaro/ros2_ws/install/unitree_api/share/unitree_api/environment/path.dsv
[31.687s] -- Installing: /home/kentaro/ros2_ws/install/unitree_api/share/unitree_api/local_setup.bash
[31.687s] -- Installing: /home/kentaro/ros2_ws/install/unitree_api/share/unitree_api/local_setup.sh
[31.688s] -- Installing: /home/kentaro/ros2_ws/install/unitree_api/share/unitree_api/local_setup.zsh
[31.689s] -- Installing: /home/kentaro/ros2_ws/install/unitree_api/share/unitree_api/local_setup.dsv
[31.689s] -- Installing: /home/kentaro/ros2_ws/install/unitree_api/share/unitree_api/package.dsv
[31.690s] -- Installing: /home/kentaro/ros2_ws/install/unitree_api/share/ament_index/resource_index/packages/unitree_api
[31.691s] -- Installing: /home/kentaro/ros2_ws/install/unitree_api/share/unitree_api/cmake/export_unitree_api__rosidl_generator_cExport.cmake
[31.692s] -- Installing: /home/kentaro/ros2_ws/install/unitree_api/share/unitree_api/cmake/export_unitree_api__rosidl_generator_cExport-noconfig.cmake
[31.693s] -- Installing: /home/kentaro/ros2_ws/install/unitree_api/share/unitree_api/cmake/export_unitree_api__rosidl_typesupport_fastrtps_cExport.cmake
[31.693s] -- Installing: /home/kentaro/ros2_ws/install/unitree_api/share/unitree_api/cmake/export_unitree_api__rosidl_typesupport_fastrtps_cExport-noconfig.cmake
[31.694s] -- Installing: /home/kentaro/ros2_ws/install/unitree_api/share/unitree_api/cmake/export_unitree_api__rosidl_generator_cppExport.cmake
[31.699s] -- Installing: /home/kentaro/ros2_ws/install/unitree_api/share/unitree_api/cmake/export_unitree_api__rosidl_typesupport_fastrtps_cppExport.cmake
[31.699s] -- Installing: /home/kentaro/ros2_ws/install/unitree_api/share/unitree_api/cmake/export_unitree_api__rosidl_typesupport_fastrtps_cppExport-noconfig.cmake
[31.699s] -- Installing: /home/kentaro/ros2_ws/install/unitree_api/share/unitree_api/cmake/unitree_api__rosidl_typesupport_introspection_cExport.cmake
[31.699s] -- Installing: /home/kentaro/ros2_ws/install/unitree_api/share/unitree_api/cmake/unitree_api__rosidl_typesupport_introspection_cExport-noconfig.cmake
[31.699s] -- Installing: /home/kentaro/ros2_ws/install/unitree_api/share/unitree_api/cmake/unitree_api__rosidl_typesupport_cExport.cmake
[31.699s] -- Installing: /home/kentaro/ros2_ws/install/unitree_api/share/unitree_api/cmake/unitree_api__rosidl_typesupport_cExport-noconfig.cmake
[31.699s] -- Installing: /home/kentaro/ros2_ws/install/unitree_api/share/unitree_api/cmake/unitree_api__rosidl_typesupport_introspection_cppExport.cmake
[31.700s] -- Installing: /home/kentaro/ros2_ws/install/unitree_api/share/unitree_api/cmake/unitree_api__rosidl_typesupport_introspection_cppExport-noconfig.cmake
[31.700s] -- Installing: /home/kentaro/ros2_ws/install/unitree_api/share/unitree_api/cmake/unitree_api__rosidl_typesupport_cppExport.cmake
[31.700s] -- Installing: /home/kentaro/ros2_ws/install/unitree_api/share/unitree_api/cmake/unitree_api__rosidl_typesupport_cppExport-noconfig.cmake
[31.700s] -- Installing: /home/kentaro/ros2_ws/install/unitree_api/share/unitree_api/cmake/export_unitree_api__rosidl_generator_pyExport.cmake
[31.702s] -- Installing: /home/kentaro/ros2_ws/install/unitree_api/share/unitree_api/cmake/export_unitree_api__rosidl_generator_pyExport-noconfig.cmake
[31.702s] -- Installing: /home/kentaro/ros2_ws/install/unitree_api/share/unitree_api/cmake/rosidl_cmake-extras.cmake
[31.702s] -- Installing: /home/kentaro/ros2_ws/install/unitree_api/share/unitree_api/cmake/ament_cmake_export_dependencies-extras.cmake
[31.703s] -- Installing: /home/kentaro/ros2_ws/install/unitree_api/share/unitree_api/cmake/ament_cmake_export_include_directories-extras.cmake
[31.703s] -- Installing: /home/kentaro/ros2_ws/install/unitree_api/share/unitree_api/cmake/ament_cmake_export_libraries-extras.cmake
[31.704s] -- Installing: /home/kentaro/ros2_ws/install/unitree_api/share/unitree_api/cmake/ament_cmake_export_targets-extras.cmake
[31.704s] -- Installing: /home/kentaro/ros2_ws/install/unitree_api/share/unitree_api/cmake/rosidl_cmake_export_typesupport_targets-extras.cmake
[31.705s] -- Installing: /home/kentaro/ros2_ws/install/unitree_api/share/unitree_api/cmake/rosidl_cmake_export_typesupport_libraries-extras.cmake
[31.706s] -- Installing: /home/kentaro/ros2_ws/install/unitree_api/share/unitree_api/cmake/unitree_apiConfig.cmake
[31.707s] -- Installing: /home/kentaro/ros2_ws/install/unitree_api/share/unitree_api/cmake/unitree_apiConfig-version.cmake
[31.707s] -- Installing: /home/kentaro/ros2_ws/install/unitree_api/share/unitree_api/package.xml
[31.713s] Invoked command in '/home/kentaro/ros2_ws/build/unitree_api' returned '0': CMAKE_PREFIX_PATH=/opt/ros/humble /usr/bin/cmake --install /home/kentaro/ros2_ws/build/unitree_api
