[33mCMake Warning:
  Manually-specified variables were not used by the project:

    HUMBLE_ROS
    ROS_EDITION

[0m
In file included from [01m[K/home/kentaro/ros2_ws/src/unitree_ros2/example/src/include/common/base_client.hpp:11[m[K,
                 from [01m[K/home/kentaro/ros2_ws/src/unitree_ros2/example/src/include/g1/g1_loco_client.hpp:10[m[K,
                 from [01m[K/home/kentaro/ros2_ws/src/unitree_ros2/example/src/src/g1/high_level/loco_client_example.cpp:3[m[K:
[01m[K/home/kentaro/ros2_ws/src/unitree_ros2/example/src/include/common/ut_errror.hpp:13:59:[m[K [01;35m[Kwarning: [m[Kbackslash-newline at end of file
   13 | #define UT_PRINT_ERR(code, error)                         \
      |                                                            
In file included from [01m[K/home/kentaro/ros2_ws/src/unitree_ros2/example/src/src/g1/high_level/g1_arm_action_example.cpp:11[m[K:
[01m[K/home/kentaro/ros2_ws/src/unitree_ros2/example/src/include/common/ut_errror.hpp:13:59:[m[K [01;35m[Kwarning: [m[Kbackslash-newline at end of file
   13 | #define UT_PRINT_ERR(code, error)                         \
      |                                                            
In file included from [01m[K/home/kentaro/ros2_ws/src/unitree_ros2/example/src/include/common/base_client.hpp:11[m[K,
                 from [01m[K/home/kentaro/ros2_ws/src/unitree_ros2/example/src/include/g1/g1_motion_switch_client.hpp:11[m[K,
                 from [01m[K/home/kentaro/ros2_ws/src/unitree_ros2/example/src/src/g1/lowlevel/g1_dual_arm_example.cpp:18[m[K:
[01m[K/home/kentaro/ros2_ws/src/unitree_ros2/example/src/include/common/ut_errror.hpp:13:59:[m[K [01;35m[Kwarning: [m[Kbackslash-newline at end of file
   13 | #define UT_PRINT_ERR(code, error)                         \
      |                                                            
In file included from [01m[K/home/kentaro/ros2_ws/src/unitree_ros2/example/src/include/common/base_client.hpp:11[m[K,
                 from [01m[K/home/kentaro/ros2_ws/src/unitree_ros2/example/src/include/g1/g1_audio_client.hpp:6[m[K,
                 from [01m[K/home/kentaro/ros2_ws/src/unitree_ros2/example/src/src/g1/audio_client/g1_audio_client_example.cpp:11[m[K:
[01m[K/home/kentaro/ros2_ws/src/unitree_ros2/example/src/include/common/ut_errror.hpp:13:59:[m[K [01;35m[Kwarning: [m[Kbackslash-newline at end of file
   13 | #define UT_PRINT_ERR(code, error)                         \
      |                                                            
In file included from [01m[K/home/kentaro/ros2_ws/src/unitree_ros2/example/src/include/common/b2_base_client.hpp:16[m[K,
                 from [01m[K/home/kentaro/ros2_ws/src/unitree_ros2/example/src/include/b2/b2_motion_switch_client.hpp:11[m[K,
                 from [01m[K/home/kentaro/ros2_ws/src/unitree_ros2/example/src/src/b2/b2_stand_example.cpp:11[m[K:
[01m[K/home/kentaro/ros2_ws/src/unitree_ros2/example/src/include/common/ut_errror.hpp:13:59:[m[K [01;35m[Kwarning: [m[Kbackslash-newline at end of file
   13 | #define UT_PRINT_ERR(code, error)                         \
      |                                                            
In file included from [01m[K/home/kentaro/ros2_ws/src/unitree_ros2/example/src/include/common/b2_base_client.hpp:16[m[K,
                 from [01m[K/home/kentaro/ros2_ws/src/unitree_ros2/example/src/include/b2/b2_motion_switch_client.hpp:11[m[K,
                 from [01m[K/home/kentaro/ros2_ws/src/unitree_ros2/example/src/src/b2w/b2w_stand_example.cpp:11[m[K:
[01m[K/home/kentaro/ros2_ws/src/unitree_ros2/example/src/include/common/ut_errror.hpp:13:59:[m[K [01;35m[Kwarning: [m[Kbackslash-newline at end of file
   13 | #define UT_PRINT_ERR(code, error)                         \
      |                                                            
