[0.022s] Invoking command in '/home/kentaro/ros2_ws/build/unitree_api': CMAKE_PREFIX_PATH=/opt/ros/humble /usr/bin/cmake /home/kentaro/ros2_ws/src/unitree_ros2/cyclonedds_ws/src/unitree/unitree_api -DCMAKE_INSTALL_PREFIX=/home/kentaro/ros2_ws/install/unitree_api
[0.114s] -- The C compiler identification is GNU 11.4.0
[0.197s] -- The CXX compiler identification is GNU 11.4.0
[0.206s] -- Detecting C compiler ABI info
[0.272s] -- Detecting C compiler ABI info - done
[0.286s] -- Check for working C compiler: /usr/bin/cc - skipped
[0.287s] -- Detecting C compile features
[0.287s] -- Detecting C compile features - done
[0.292s] -- Detecting CXX compiler ABI info
[0.368s] -- Detecting CXX compiler ABI info - done
[0.376s] -- Check for working CXX compiler: /usr/bin/c++ - skipped
[0.376s] -- Detecting CXX compile features
[0.376s] -- Detecting CXX compile features - done
[0.378s] -- Found ament_cmake: 1.3.12 (/opt/ros/humble/share/ament_cmake/cmake)
[0.525s] -- Found Python3: /usr/bin/python3 (found version "3.10.12") found components: Interpreter 
[0.617s] -- Found geometry_msgs: 4.9.0 (/opt/ros/humble/share/geometry_msgs/cmake)
[0.659s] -- Found rosidl_generator_c: 3.1.7 (/opt/ros/humble/share/rosidl_generator_c/cmake)
[0.663s] -- Found rosidl_adapter: 3.1.7 (/opt/ros/humble/share/rosidl_adapter/cmake)
[0.670s] -- Found rosidl_generator_cpp: 3.1.7 (/opt/ros/humble/share/rosidl_generator_cpp/cmake)
[0.682s] -- Using all available rosidl_typesupport_c: rosidl_typesupport_fastrtps_c;rosidl_typesupport_introspection_c
[0.699s] -- Using all available rosidl_typesupport_cpp: rosidl_typesupport_fastrtps_cpp;rosidl_typesupport_introspection_cpp
[0.753s] -- Found rosidl_default_generators: 1.2.0 (/opt/ros/humble/share/rosidl_default_generators/cmake)
[0.771s] [31mCMake Error at CMakeLists.txt:26 (find_package):
[0.771s]   By not providing "Findrosidl_generator_dds_idl.cmake" in CMAKE_MODULE_PATH
[0.771s]   this project has asked CMake to find a package configuration file provided
[0.771s]   by "rosidl_generator_dds_idl", but CMake did not find one.
[0.771s] 
[0.771s]   Could not find a package configuration file provided by
[0.771s]   "rosidl_generator_dds_idl" with any of the following names:
[0.771s] 
[0.771s]     rosidl_generator_dds_idlConfig.cmake
[0.772s]     rosidl_generator_dds_idl-config.cmake
[0.772s] 
[0.772s]   Add the installation prefix of "rosidl_generator_dds_idl" to
[0.772s]   CMAKE_PREFIX_PATH or set "rosidl_generator_dds_idl_DIR" to a directory
[0.772s]   containing one of the above files.  If "rosidl_generator_dds_idl" provides
[0.772s]   a separate development package or SDK, be sure it has been installed.
[0.772s] 
[0.772s] [0m
[0.772s] -- Configuring incomplete, errors occurred!
[0.772s] See also "/home/kentaro/ros2_ws/build/unitree_api/CMakeFiles/CMakeOutput.log".
[0.774s] Invoked command in '/home/kentaro/ros2_ws/build/unitree_api' returned '1': CMAKE_PREFIX_PATH=/opt/ros/humble /usr/bin/cmake /home/kentaro/ros2_ws/src/unitree_ros2/cyclonedds_ws/src/unitree/unitree_api -DCMAKE_INSTALL_PREFIX=/home/kentaro/ros2_ws/install/unitree_api
