[0.013s] Invoking command in '/home/kentaro/ros2_ws/build/unitree_api': CMAKE_PREFIX_PATH=/opt/ros/humble /usr/bin/cmake /home/kentaro/ros2_ws/src/unitree_ros2/cyclonedds_ws/src/unitree/unitree_api -DROS_EDITION=ROS2 -DHUMBLE_ROS=humble -DCMAKE_INSTALL_PREFIX=/home/kentaro/ros2_ws/install/unitree_api
[0.097s] -- The C compiler identification is GNU 11.4.0
[0.159s] -- The CXX compiler identification is GNU 11.4.0
[0.169s] -- Detecting C compiler ABI info
[0.241s] -- Detecting C compiler ABI info - done
[0.249s] -- Check for working C compiler: /usr/bin/cc - skipped
[0.250s] -- Detecting C compile features
[0.250s] -- Detecting C compile features - done
[0.254s] -- Detecting CXX compiler ABI info
[0.334s] -- Detecting CXX compiler ABI info - done
[0.342s] -- Check for working CXX compiler: /usr/bin/c++ - skipped
[0.343s] -- Detecting CXX compile features
[0.343s] -- Detecting CXX compile features - done
[0.348s] -- Found ament_cmake: 1.3.12 (/opt/ros/humble/share/ament_cmake/cmake)
[0.508s] -- Found Python3: /usr/bin/python3 (found version "3.10.12") found components: Interpreter 
[0.611s] -- Found geometry_msgs: 4.9.0 (/opt/ros/humble/share/geometry_msgs/cmake)
[0.659s] -- Found rosidl_generator_c: 3.1.7 (/opt/ros/humble/share/rosidl_generator_c/cmake)
[0.666s] -- Found rosidl_adapter: 3.1.7 (/opt/ros/humble/share/rosidl_adapter/cmake)
[0.677s] -- Found rosidl_generator_cpp: 3.1.7 (/opt/ros/humble/share/rosidl_generator_cpp/cmake)
[0.692s] -- Using all available rosidl_typesupport_c: rosidl_typesupport_fastrtps_c;rosidl_typesupport_introspection_c
[0.711s] -- Using all available rosidl_typesupport_cpp: rosidl_typesupport_fastrtps_cpp;rosidl_typesupport_introspection_cpp
[0.767s] -- Found rosidl_default_generators: 1.2.0 (/opt/ros/humble/share/rosidl_default_generators/cmake)
[0.781s] -- Found rosidl_generator_dds_idl: 0.8.1 (/opt/ros/humble/share/rosidl_generator_dds_idl/cmake)
[1.191s] -- Found ament_cmake_ros: 0.10.0 (/opt/ros/humble/share/ament_cmake_ros/cmake)
[1.627s] -- Using all available rosidl_typesupport_c: rosidl_typesupport_fastrtps_c;rosidl_typesupport_introspection_c
[1.797s] -- Using all available rosidl_typesupport_cpp: rosidl_typesupport_fastrtps_cpp;rosidl_typesupport_introspection_cpp
[1.820s] -- Found PythonInterp: /usr/bin/python3 (found suitable version "3.10.12", minimum required is "3.6") 
[1.821s] -- Found python_cmake_module: 0.10.0 (/opt/ros/humble/share/python_cmake_module/cmake)
[1.848s] -- Found PythonLibs: /usr/lib/x86_64-linux-gnu/libpython3.10.so (found suitable version "3.10.12", minimum required is "3.5") 
[1.849s] -- Using PYTHON_EXECUTABLE: /usr/bin/python3
[1.849s] -- Using PYTHON_INCLUDE_DIRS: /usr/include/python3.10
[1.849s] -- Using PYTHON_LIBRARIES: /usr/lib/x86_64-linux-gnu/libpython3.10.so
[1.875s] -- Found PythonExtra: .so  
[1.975s] -- Found ament_lint_auto: 0.12.14 (/opt/ros/humble/share/ament_lint_auto/cmake)
[1.992s] -- Added test 'copyright' to check source files copyright and LICENSE
[1.993s] -- Added test 'lint_cmake' to check CMake code style
[1.995s] -- Added test 'xmllint' to check XML markup files
[1.997s] -- Configuring done
[2.053s] -- Generating done
[2.055s] [33mCMake Warning:
[2.055s]   Manually-specified variables were not used by the project:
[2.055s] 
[2.055s]     HUMBLE_ROS
[2.056s]     ROS_EDITION
[2.056s] 
[2.056s] [0m
[2.068s] -- Build files have been written to: /home/kentaro/ros2_ws/build/unitree_api
[2.081s] Invoked command in '/home/kentaro/ros2_ws/build/unitree_api' returned '0': CMAKE_PREFIX_PATH=/opt/ros/humble /usr/bin/cmake /home/kentaro/ros2_ws/src/unitree_ros2/cyclonedds_ws/src/unitree/unitree_api -DROS_EDITION=ROS2 -DHUMBLE_ROS=humble -DCMAKE_INSTALL_PREFIX=/home/kentaro/ros2_ws/install/unitree_api
[2.082s] Invoking command in '/home/kentaro/ros2_ws/build/unitree_api': CMAKE_PREFIX_PATH=/opt/ros/humble /usr/bin/cmake --build /home/kentaro/ros2_ws/build/unitree_api -- -j8 -l8
[2.129s] [  1%] [34m[1mGenerating C code for ROS interfaces[0m
[2.146s] [  2%] [34m[1mGenerating DDS interfaces[0m
[2.155s] [  3%] [34m[1mGenerating C++ code for ROS interfaces[0m
[2.163s] [  3%] Built target ament_cmake_python_copy_unitree_api
[2.681s] running egg_info
[2.681s] creating unitree_api.egg-info
[2.681s] writing unitree_api.egg-info/PKG-INFO
[2.681s] writing dependency_links to unitree_api.egg-info/dependency_links.txt
[2.689s] writing top-level names to unitree_api.egg-info/top_level.txt
[2.689s] writing manifest file 'unitree_api.egg-info/SOURCES.txt'
[2.692s] reading manifest file 'unitree_api.egg-info/SOURCES.txt'
[2.695s] writing manifest file 'unitree_api.egg-info/SOURCES.txt'
[2.780s] [  3%] Built target ament_cmake_python_build_unitree_api_egg
[3.026s] [  3%] Built target unitree_api__dds_connext_idl
[3.582s] [  3%] Built target unitree_api__cpp
[3.599s] [  4%] [34m[1mGenerating C++ type support for eProsima Fast-RTPS[0m
[3.607s] [  5%] [34m[1mGenerating C++ type support dispatch for ROS interfaces[0m
[3.613s] [  6%] [34m[1mGenerating C++ introspection for ROS interfaces[0m
[3.894s] [  7%] [32mBuilding C object CMakeFiles/unitree_api__rosidl_generator_c.dir/rosidl_generator_c/unitree_api/msg/detail/request_header__functions.c.o[0m
[3.894s] [  9%] [32mBuilding C object CMakeFiles/unitree_api__rosidl_generator_c.dir/rosidl_generator_c/unitree_api/msg/detail/request__functions.c.o[0m
[3.898s] [ 10%] [32mBuilding C object CMakeFiles/unitree_api__rosidl_generator_c.dir/rosidl_generator_c/unitree_api/msg/detail/request_lease__functions.c.o[0m
[3.900s] [ 11%] [32mBuilding C object CMakeFiles/unitree_api__rosidl_generator_c.dir/rosidl_generator_c/unitree_api/msg/detail/request_identity__functions.c.o[0m
[3.904s] [ 12%] [32mBuilding C object CMakeFiles/unitree_api__rosidl_generator_c.dir/rosidl_generator_c/unitree_api/msg/detail/request_policy__functions.c.o[0m
[4.049s] [ 13%] [32mBuilding C object CMakeFiles/unitree_api__rosidl_generator_c.dir/rosidl_generator_c/unitree_api/msg/detail/response__functions.c.o[0m
[4.062s] [ 14%] [32mBuilding C object CMakeFiles/unitree_api__rosidl_generator_c.dir/rosidl_generator_c/unitree_api/msg/detail/response_header__functions.c.o[0m
[4.076s] [ 15%] [32mBuilding C object CMakeFiles/unitree_api__rosidl_generator_c.dir/rosidl_generator_c/unitree_api/msg/detail/response_status__functions.c.o[0m
[4.197s] [ 17%] [32m[1mLinking C shared library libunitree_api__rosidl_generator_c.so[0m
[4.292s] [ 17%] Built target unitree_api__rosidl_generator_c
[4.317s] [ 18%] [34m[1mGenerating C type support for eProsima Fast-RTPS[0m
[4.320s] [ 19%] [34m[1mGenerating C introspection for ROS interfaces[0m
[4.321s] [ 20%] [34m[1mGenerating C type support dispatch for ROS interfaces[0m
[4.833s] [ 22%] [32mBuilding CXX object CMakeFiles/unitree_api__rosidl_typesupport_introspection_cpp.dir/rosidl_typesupport_introspection_cpp/unitree_api/msg/detail/request_header__type_support.cpp.o[0m
[4.834s] [ 22%] [32mBuilding CXX object CMakeFiles/unitree_api__rosidl_typesupport_introspection_cpp.dir/rosidl_typesupport_introspection_cpp/unitree_api/msg/detail/request__type_support.cpp.o[0m
[4.839s] [ 23%] [32mBuilding CXX object CMakeFiles/unitree_api__rosidl_typesupport_introspection_cpp.dir/rosidl_typesupport_introspection_cpp/unitree_api/msg/detail/request_identity__type_support.cpp.o[0m
[4.874s] [ 25%] [32mBuilding CXX object CMakeFiles/unitree_api__rosidl_typesupport_cpp.dir/rosidl_typesupport_cpp/unitree_api/msg/request__type_support.cpp.o[0m
[5.788s] [ 26%] [32mBuilding CXX object CMakeFiles/unitree_api__rosidl_typesupport_fastrtps_cpp.dir/rosidl_typesupport_fastrtps_cpp/unitree_api/msg/detail/dds_fastrtps/request__type_support.cpp.o[0m
[6.116s] [ 27%] [32mBuilding C object CMakeFiles/unitree_api__rosidl_typesupport_introspection_c.dir/rosidl_typesupport_introspection_c/unitree_api/msg/detail/request__type_support.c.o[0m
[6.186s] [ 28%] [32mBuilding C object CMakeFiles/unitree_api__rosidl_typesupport_introspection_c.dir/rosidl_typesupport_introspection_c/unitree_api/msg/detail/request_header__type_support.c.o[0m
[6.214s] [ 29%] [32mBuilding CXX object CMakeFiles/unitree_api__rosidl_typesupport_c.dir/rosidl_typesupport_c/unitree_api/msg/request__type_support.cpp.o[0m
[6.294s] [ 30%] [32mBuilding CXX object CMakeFiles/unitree_api__rosidl_typesupport_introspection_cpp.dir/rosidl_typesupport_introspection_cpp/unitree_api/msg/detail/request_lease__type_support.cpp.o[0m
[6.311s] [ 31%] [32mBuilding C object CMakeFiles/unitree_api__rosidl_typesupport_introspection_c.dir/rosidl_typesupport_introspection_c/unitree_api/msg/detail/request_identity__type_support.c.o[0m
[6.382s] [ 32%] [32mBuilding CXX object CMakeFiles/unitree_api__rosidl_typesupport_c.dir/rosidl_typesupport_c/unitree_api/msg/request_header__type_support.cpp.o[0m
[6.413s] [ 34%] [32mBuilding CXX object CMakeFiles/unitree_api__rosidl_typesupport_cpp.dir/rosidl_typesupport_cpp/unitree_api/msg/request_header__type_support.cpp.o[0m
[6.478s] [ 35%] [32mBuilding C object CMakeFiles/unitree_api__rosidl_typesupport_introspection_c.dir/rosidl_typesupport_introspection_c/unitree_api/msg/detail/request_lease__type_support.c.o[0m
[6.492s] [ 36%] [32mBuilding CXX object CMakeFiles/unitree_api__rosidl_typesupport_c.dir/rosidl_typesupport_c/unitree_api/msg/request_identity__type_support.cpp.o[0m
[6.599s] [ 37%] [32mBuilding CXX object CMakeFiles/unitree_api__rosidl_typesupport_c.dir/rosidl_typesupport_c/unitree_api/msg/request_lease__type_support.cpp.o[0m
[6.623s] [ 38%] [32mBuilding C object CMakeFiles/unitree_api__rosidl_typesupport_introspection_c.dir/rosidl_typesupport_introspection_c/unitree_api/msg/detail/request_policy__type_support.c.o[0m
[6.676s] [ 39%] [32mBuilding CXX object CMakeFiles/unitree_api__rosidl_typesupport_c.dir/rosidl_typesupport_c/unitree_api/msg/request_policy__type_support.cpp.o[0m
[6.724s] [ 40%] [32mBuilding C object CMakeFiles/unitree_api__rosidl_typesupport_introspection_c.dir/rosidl_typesupport_introspection_c/unitree_api/msg/detail/response__type_support.c.o[0m
[6.763s] [ 42%] [32mBuilding C object CMakeFiles/unitree_api__rosidl_typesupport_introspection_c.dir/rosidl_typesupport_introspection_c/unitree_api/msg/detail/response_header__type_support.c.o[0m
[6.825s] [ 43%] [32mBuilding CXX object CMakeFiles/unitree_api__rosidl_typesupport_c.dir/rosidl_typesupport_c/unitree_api/msg/response__type_support.cpp.o[0m
[6.849s] [ 44%] [32mBuilding CXX object CMakeFiles/unitree_api__rosidl_typesupport_c.dir/rosidl_typesupport_c/unitree_api/msg/response_header__type_support.cpp.o[0m
[6.851s] [ 45%] [32mBuilding C object CMakeFiles/unitree_api__rosidl_typesupport_introspection_c.dir/rosidl_typesupport_introspection_c/unitree_api/msg/detail/response_status__type_support.c.o[0m
[6.913s] [ 46%] [32mBuilding CXX object CMakeFiles/unitree_api__rosidl_typesupport_fastrtps_cpp.dir/rosidl_typesupport_fastrtps_cpp/unitree_api/msg/detail/dds_fastrtps/request_header__type_support.cpp.o[0m
[6.927s] [ 47%] [32mBuilding CXX object CMakeFiles/unitree_api__rosidl_typesupport_c.dir/rosidl_typesupport_c/unitree_api/msg/response_status__type_support.cpp.o[0m
[6.959s] [ 48%] [32m[1mLinking C shared library libunitree_api__rosidl_typesupport_introspection_c.so[0m
[7.003s] [ 50%] [32m[1mLinking CXX shared library libunitree_api__rosidl_typesupport_c.so[0m
[7.055s] [ 50%] Built target unitree_api__rosidl_typesupport_introspection_c
[7.100s] [ 51%] [32mBuilding CXX object CMakeFiles/unitree_api__rosidl_typesupport_introspection_cpp.dir/rosidl_typesupport_introspection_cpp/unitree_api/msg/detail/request_policy__type_support.cpp.o[0m
[7.162s] [ 52%] [32mBuilding CXX object CMakeFiles/unitree_api__rosidl_typesupport_introspection_cpp.dir/rosidl_typesupport_introspection_cpp/unitree_api/msg/detail/response__type_support.cpp.o[0m
[7.208s] [ 52%] Built target unitree_api__rosidl_typesupport_c
[7.262s] [ 53%] [32mBuilding CXX object CMakeFiles/unitree_api__rosidl_typesupport_introspection_cpp.dir/rosidl_typesupport_introspection_cpp/unitree_api/msg/detail/response_header__type_support.cpp.o[0m
[7.419s] [ 54%] [32mBuilding CXX object CMakeFiles/unitree_api__rosidl_typesupport_fastrtps_c.dir/rosidl_typesupport_fastrtps_c/unitree_api/msg/detail/request__type_support_c.cpp.o[0m
[7.716s] [ 55%] [32mBuilding CXX object CMakeFiles/unitree_api__rosidl_typesupport_fastrtps_c.dir/rosidl_typesupport_fastrtps_c/unitree_api/msg/detail/request_header__type_support_c.cpp.o[0m
[8.453s] [ 56%] [32mBuilding CXX object CMakeFiles/unitree_api__rosidl_typesupport_fastrtps_c.dir/rosidl_typesupport_fastrtps_c/unitree_api/msg/detail/request_identity__type_support_c.cpp.o[0m
[9.698s] [ 57%] [32mBuilding CXX object CMakeFiles/unitree_api__rosidl_typesupport_cpp.dir/rosidl_typesupport_cpp/unitree_api/msg/request_identity__type_support.cpp.o[0m
[9.950s] [ 59%] [32mBuilding CXX object CMakeFiles/unitree_api__rosidl_typesupport_cpp.dir/rosidl_typesupport_cpp/unitree_api/msg/request_lease__type_support.cpp.o[0m
[10.637s] [ 60%] [32mBuilding CXX object CMakeFiles/unitree_api__rosidl_typesupport_introspection_cpp.dir/rosidl_typesupport_introspection_cpp/unitree_api/msg/detail/response_status__type_support.cpp.o[0m
[10.776s] [ 61%] [32mBuilding CXX object CMakeFiles/unitree_api__rosidl_typesupport_fastrtps_c.dir/rosidl_typesupport_fastrtps_c/unitree_api/msg/detail/request_lease__type_support_c.cpp.o[0m
[11.447s] [ 62%] [32mBuilding CXX object CMakeFiles/unitree_api__rosidl_typesupport_fastrtps_cpp.dir/rosidl_typesupport_fastrtps_cpp/unitree_api/msg/detail/dds_fastrtps/request_identity__type_support.cpp.o[0m
[11.576s] [ 63%] [32mBuilding CXX object CMakeFiles/unitree_api__rosidl_typesupport_cpp.dir/rosidl_typesupport_cpp/unitree_api/msg/request_policy__type_support.cpp.o[0m
[11.803s] [ 64%] [32mBuilding CXX object CMakeFiles/unitree_api__rosidl_typesupport_fastrtps_cpp.dir/rosidl_typesupport_fastrtps_cpp/unitree_api/msg/detail/dds_fastrtps/request_policy__type_support.cpp.o[0m
[11.804s] [ 65%] [32mBuilding CXX object CMakeFiles/unitree_api__rosidl_typesupport_fastrtps_cpp.dir/rosidl_typesupport_fastrtps_cpp/unitree_api/msg/detail/dds_fastrtps/request_lease__type_support.cpp.o[0m
[12.033s] [ 67%] [32mBuilding CXX object CMakeFiles/unitree_api__rosidl_typesupport_fastrtps_c.dir/rosidl_typesupport_fastrtps_c/unitree_api/msg/detail/request_policy__type_support_c.cpp.o[0m
[12.439s] [ 68%] [32m[1mLinking CXX shared library libunitree_api__rosidl_typesupport_introspection_cpp.so[0m
[13.163s] [ 69%] [32mBuilding CXX object CMakeFiles/unitree_api__rosidl_typesupport_cpp.dir/rosidl_typesupport_cpp/unitree_api/msg/response__type_support.cpp.o[0m
[13.286s] [ 69%] Built target unitree_api__rosidl_typesupport_introspection_cpp
[13.349s] [ 71%] [32mBuilding CXX object CMakeFiles/unitree_api__rosidl_typesupport_fastrtps_c.dir/rosidl_typesupport_fastrtps_c/unitree_api/msg/detail/response__type_support_c.cpp.o[0m
[13.349s] [ 71%] [32mBuilding CXX object CMakeFiles/unitree_api__rosidl_typesupport_fastrtps_cpp.dir/rosidl_typesupport_fastrtps_cpp/unitree_api/msg/detail/dds_fastrtps/response__type_support.cpp.o[0m
[14.409s] [ 72%] [32mBuilding CXX object CMakeFiles/unitree_api__rosidl_typesupport_fastrtps_c.dir/rosidl_typesupport_fastrtps_c/unitree_api/msg/detail/response_header__type_support_c.cpp.o[0m
[14.936s] [ 73%] [32mBuilding CXX object CMakeFiles/unitree_api__rosidl_typesupport_cpp.dir/rosidl_typesupport_cpp/unitree_api/msg/response_header__type_support.cpp.o[0m
[15.669s] [ 75%] [32mBuilding CXX object CMakeFiles/unitree_api__rosidl_typesupport_fastrtps_c.dir/rosidl_typesupport_fastrtps_c/unitree_api/msg/detail/response_status__type_support_c.cpp.o[0m
[15.909s] [ 76%] [32mBuilding CXX object CMakeFiles/unitree_api__rosidl_typesupport_cpp.dir/rosidl_typesupport_cpp/unitree_api/msg/response_status__type_support.cpp.o[0m
[15.993s] [ 77%] [32mBuilding CXX object CMakeFiles/unitree_api__rosidl_typesupport_fastrtps_cpp.dir/rosidl_typesupport_fastrtps_cpp/unitree_api/msg/detail/dds_fastrtps/response_header__type_support.cpp.o[0m
[16.207s] [ 78%] [32mBuilding CXX object CMakeFiles/unitree_api__rosidl_typesupport_fastrtps_cpp.dir/rosidl_typesupport_fastrtps_cpp/unitree_api/msg/detail/dds_fastrtps/response_status__type_support.cpp.o[0m
[17.705s] [ 79%] [32m[1mLinking CXX shared library libunitree_api__rosidl_typesupport_cpp.so[0m
[18.024s] [ 79%] Built target unitree_api__rosidl_typesupport_cpp
[20.483s] [ 80%] [32m[1mLinking CXX shared library libunitree_api__rosidl_typesupport_fastrtps_c.so[0m
[20.888s] [ 80%] Built target unitree_api__rosidl_typesupport_fastrtps_c
[21.803s] [ 81%] [32m[1mLinking CXX shared library libunitree_api__rosidl_typesupport_fastrtps_cpp.so[0m
[22.211s] [ 81%] Built target unitree_api__rosidl_typesupport_fastrtps_cpp
[22.318s] [ 81%] Built target unitree_api
[22.446s] [ 82%] [34m[1mGenerating Python code for ROS interfaces[0m
[31.090s] [ 82%] Built target unitree_api__py
[31.208s] [ 84%] [32mBuilding C object CMakeFiles/unitree_api__rosidl_generator_py.dir/rosidl_generator_py/unitree_api/msg/_request_s.c.o[0m
[31.904s] [ 85%] [32mBuilding C object CMakeFiles/unitree_api__rosidl_generator_py.dir/rosidl_generator_py/unitree_api/msg/_response_status_s.c.o[0m
[32.439s] [ 86%] [32mBuilding C object CMakeFiles/unitree_api__rosidl_generator_py.dir/rosidl_generator_py/unitree_api/msg/_response_header_s.c.o[0m
[32.853s] [ 87%] [32mBuilding C object CMakeFiles/unitree_api__rosidl_generator_py.dir/rosidl_generator_py/unitree_api/msg/_response_s.c.o[0m
[33.324s] [ 88%] [32mBuilding C object CMakeFiles/unitree_api__rosidl_generator_py.dir/rosidl_generator_py/unitree_api/msg/_request_policy_s.c.o[0m
[33.703s] [ 89%] [32mBuilding C object CMakeFiles/unitree_api__rosidl_generator_py.dir/rosidl_generator_py/unitree_api/msg/_request_lease_s.c.o[0m
[34.010s] [ 90%] [32mBuilding C object CMakeFiles/unitree_api__rosidl_generator_py.dir/rosidl_generator_py/unitree_api/msg/_request_identity_s.c.o[0m
[34.324s] [ 92%] [32mBuilding C object CMakeFiles/unitree_api__rosidl_generator_py.dir/rosidl_generator_py/unitree_api/msg/_request_header_s.c.o[0m
[34.702s] [ 93%] [32m[1mLinking C shared library rosidl_generator_py/unitree_api/libunitree_api__rosidl_generator_py.so[0m
[34.858s] [ 93%] Built target unitree_api__rosidl_generator_py
[34.939s] [ 94%] [32mBuilding C object CMakeFiles/unitree_api__rosidl_typesupport_fastrtps_c__pyext.dir/rosidl_generator_py/unitree_api/_unitree_api_s.ep.rosidl_typesupport_fastrtps_c.c.o[0m
[35.340s] [ 95%] [32m[1mLinking C shared library rosidl_generator_py/unitree_api/unitree_api_s__rosidl_typesupport_fastrtps_c.cpython-310-x86_64-linux-gnu.so[0m
[35.451s] [ 95%] Built target unitree_api__rosidl_typesupport_fastrtps_c__pyext
[35.507s] [ 96%] [32mBuilding C object CMakeFiles/unitree_api__rosidl_typesupport_c__pyext.dir/rosidl_generator_py/unitree_api/_unitree_api_s.ep.rosidl_typesupport_c.c.o[0m
[35.901s] [ 97%] [32m[1mLinking C shared library rosidl_generator_py/unitree_api/unitree_api_s__rosidl_typesupport_c.cpython-310-x86_64-linux-gnu.so[0m
[36.006s] [ 97%] Built target unitree_api__rosidl_typesupport_c__pyext
[36.056s] [ 98%] [32mBuilding C object CMakeFiles/unitree_api__rosidl_typesupport_introspection_c__pyext.dir/rosidl_generator_py/unitree_api/_unitree_api_s.ep.rosidl_typesupport_introspection_c.c.o[0m
[36.413s] [100%] [32m[1mLinking C shared library rosidl_generator_py/unitree_api/unitree_api_s__rosidl_typesupport_introspection_c.cpython-310-x86_64-linux-gnu.so[0m
[36.542s] [100%] Built target unitree_api__rosidl_typesupport_introspection_c__pyext
[36.577s] Invoked command in '/home/kentaro/ros2_ws/build/unitree_api' returned '0': CMAKE_PREFIX_PATH=/opt/ros/humble /usr/bin/cmake --build /home/kentaro/ros2_ws/build/unitree_api -- -j8 -l8
[36.605s] Invoking command in '/home/kentaro/ros2_ws/build/unitree_api': CMAKE_PREFIX_PATH=/opt/ros/humble /usr/bin/cmake --install /home/kentaro/ros2_ws/build/unitree_api
[36.629s] -- Install configuration: ""
[36.629s] -- Installing: /home/kentaro/ros2_ws/install/unitree_api/share/ament_index/resource_index/rosidl_interfaces/unitree_api
[36.630s] -- Installing: /home/kentaro/ros2_ws/install/unitree_api/include/unitree_api/unitree_api
[36.630s] -- Installing: /home/kentaro/ros2_ws/install/unitree_api/include/unitree_api/unitree_api/msg
[36.630s] -- Installing: /home/kentaro/ros2_ws/install/unitree_api/include/unitree_api/unitree_api/msg/request_policy.h
[36.631s] -- Installing: /home/kentaro/ros2_ws/install/unitree_api/include/unitree_api/unitree_api/msg/response_header.h
[36.631s] -- Installing: /home/kentaro/ros2_ws/install/unitree_api/include/unitree_api/unitree_api/msg/request_lease.h
[36.631s] -- Installing: /home/kentaro/ros2_ws/install/unitree_api/include/unitree_api/unitree_api/msg/response.h
[36.632s] -- Installing: /home/kentaro/ros2_ws/install/unitree_api/include/unitree_api/unitree_api/msg/request_identity.h
[36.632s] -- Installing: /home/kentaro/ros2_ws/install/unitree_api/include/unitree_api/unitree_api/msg/response_status.h
[36.632s] -- Installing: /home/kentaro/ros2_ws/install/unitree_api/include/unitree_api/unitree_api/msg/request_header.h
[36.632s] -- Installing: /home/kentaro/ros2_ws/install/unitree_api/include/unitree_api/unitree_api/msg/request.h
[36.633s] -- Installing: /home/kentaro/ros2_ws/install/unitree_api/include/unitree_api/unitree_api/msg/detail
[36.633s] -- Installing: /home/kentaro/ros2_ws/install/unitree_api/include/unitree_api/unitree_api/msg/detail/request_lease__struct.h
[36.633s] -- Installing: /home/kentaro/ros2_ws/install/unitree_api/include/unitree_api/unitree_api/msg/detail/request_identity__functions.h
[36.634s] -- Installing: /home/kentaro/ros2_ws/install/unitree_api/include/unitree_api/unitree_api/msg/detail/response__type_support.h
[36.634s] -- Installing: /home/kentaro/ros2_ws/install/unitree_api/include/unitree_api/unitree_api/msg/detail/response_status__functions.h
[36.634s] -- Installing: /home/kentaro/ros2_ws/install/unitree_api/include/unitree_api/unitree_api/msg/detail/response_header__functions.c
[36.635s] -- Installing: /home/kentaro/ros2_ws/install/unitree_api/include/unitree_api/unitree_api/msg/detail/request_identity__struct.h
[36.636s] -- Installing: /home/kentaro/ros2_ws/install/unitree_api/include/unitree_api/unitree_api/msg/detail/response__functions.h
[36.636s] -- Installing: /home/kentaro/ros2_ws/install/unitree_api/include/unitree_api/unitree_api/msg/detail/request_policy__functions.h
[36.636s] -- Installing: /home/kentaro/ros2_ws/install/unitree_api/include/unitree_api/unitree_api/msg/detail/response_status__type_support.h
[36.636s] -- Installing: /home/kentaro/ros2_ws/install/unitree_api/include/unitree_api/unitree_api/msg/detail/request_lease__type_support.h
[36.637s] -- Installing: /home/kentaro/ros2_ws/install/unitree_api/include/unitree_api/unitree_api/msg/detail/request_header__functions.c
[36.637s] -- Installing: /home/kentaro/ros2_ws/install/unitree_api/include/unitree_api/unitree_api/msg/detail/request_policy__struct.h
[36.637s] -- Installing: /home/kentaro/ros2_ws/install/unitree_api/include/unitree_api/unitree_api/msg/detail/request_identity__type_support.h
[36.638s] -- Installing: /home/kentaro/ros2_ws/install/unitree_api/include/unitree_api/unitree_api/msg/detail/request_lease__functions.h
[36.638s] -- Installing: /home/kentaro/ros2_ws/install/unitree_api/include/unitree_api/unitree_api/msg/detail/response_status__struct.h
[36.638s] -- Installing: /home/kentaro/ros2_ws/install/unitree_api/include/unitree_api/unitree_api/msg/detail/response_header__type_support.h
[36.639s] -- Installing: /home/kentaro/ros2_ws/install/unitree_api/include/unitree_api/unitree_api/msg/detail/request__struct.h
[36.639s] -- Installing: /home/kentaro/ros2_ws/install/unitree_api/include/unitree_api/unitree_api/msg/detail/response_status__functions.c
[36.639s] -- Installing: /home/kentaro/ros2_ws/install/unitree_api/include/unitree_api/unitree_api/msg/detail/request__functions.h
[36.640s] -- Installing: /home/kentaro/ros2_ws/install/unitree_api/include/unitree_api/unitree_api/msg/detail/request_header__struct.h
[36.640s] -- Installing: /home/kentaro/ros2_ws/install/unitree_api/include/unitree_api/unitree_api/msg/detail/response__struct.h
[36.640s] -- Installing: /home/kentaro/ros2_ws/install/unitree_api/include/unitree_api/unitree_api/msg/detail/request_header__functions.h
[36.640s] -- Installing: /home/kentaro/ros2_ws/install/unitree_api/include/unitree_api/unitree_api/msg/detail/request_identity__functions.c
[36.641s] -- Installing: /home/kentaro/ros2_ws/install/unitree_api/include/unitree_api/unitree_api/msg/detail/request_header__type_support.h
[36.641s] -- Installing: /home/kentaro/ros2_ws/install/unitree_api/include/unitree_api/unitree_api/msg/detail/request_policy__functions.c
[36.641s] -- Installing: /home/kentaro/ros2_ws/install/unitree_api/include/unitree_api/unitree_api/msg/detail/response_header__struct.h
[36.642s] -- Installing: /home/kentaro/ros2_ws/install/unitree_api/include/unitree_api/unitree_api/msg/detail/request_policy__type_support.h
[36.642s] -- Installing: /home/kentaro/ros2_ws/install/unitree_api/include/unitree_api/unitree_api/msg/detail/request_lease__functions.c
[36.642s] -- Installing: /home/kentaro/ros2_ws/install/unitree_api/include/unitree_api/unitree_api/msg/detail/response_header__functions.h
[36.642s] -- Installing: /home/kentaro/ros2_ws/install/unitree_api/include/unitree_api/unitree_api/msg/detail/request__type_support.h
[36.643s] -- Installing: /home/kentaro/ros2_ws/install/unitree_api/include/unitree_api/unitree_api/msg/detail/request__functions.c
[36.643s] -- Installing: /home/kentaro/ros2_ws/install/unitree_api/include/unitree_api/unitree_api/msg/detail/response__functions.c
[36.643s] -- Installing: /home/kentaro/ros2_ws/install/unitree_api/include/unitree_api/unitree_api/msg/rosidl_generator_c__visibility_control.h
[36.643s] -- Installing: /home/kentaro/ros2_ws/install/unitree_api/share/unitree_api/environment/library_path.sh
[36.644s] -- Installing: /home/kentaro/ros2_ws/install/unitree_api/share/unitree_api/environment/library_path.dsv
[36.644s] -- Installing: /home/kentaro/ros2_ws/install/unitree_api/lib/libunitree_api__rosidl_generator_c.so
[36.645s] -- Set runtime path of "/home/kentaro/ros2_ws/install/unitree_api/lib/libunitree_api__rosidl_generator_c.so" to ""
[36.645s] -- Up-to-date: /home/kentaro/ros2_ws/install/unitree_api/include/unitree_api/unitree_api
[36.645s] -- Up-to-date: /home/kentaro/ros2_ws/install/unitree_api/include/unitree_api/unitree_api/msg
[36.646s] -- Installing: /home/kentaro/ros2_ws/install/unitree_api/include/unitree_api/unitree_api/msg/rosidl_typesupport_fastrtps_c__visibility_control.h
[36.646s] -- Up-to-date: /home/kentaro/ros2_ws/install/unitree_api/include/unitree_api/unitree_api/msg/detail
[36.646s] -- Installing: /home/kentaro/ros2_ws/install/unitree_api/include/unitree_api/unitree_api/msg/detail/request_policy__rosidl_typesupport_fastrtps_c.h
[36.646s] -- Installing: /home/kentaro/ros2_ws/install/unitree_api/include/unitree_api/unitree_api/msg/detail/request__rosidl_typesupport_fastrtps_c.h
[36.647s] -- Installing: /home/kentaro/ros2_ws/install/unitree_api/include/unitree_api/unitree_api/msg/detail/response__rosidl_typesupport_fastrtps_c.h
[36.647s] -- Installing: /home/kentaro/ros2_ws/install/unitree_api/include/unitree_api/unitree_api/msg/detail/request_header__rosidl_typesupport_fastrtps_c.h
[36.647s] -- Installing: /home/kentaro/ros2_ws/install/unitree_api/include/unitree_api/unitree_api/msg/detail/response_header__rosidl_typesupport_fastrtps_c.h
[36.648s] -- Installing: /home/kentaro/ros2_ws/install/unitree_api/include/unitree_api/unitree_api/msg/detail/response_status__rosidl_typesupport_fastrtps_c.h
[36.648s] -- Installing: /home/kentaro/ros2_ws/install/unitree_api/include/unitree_api/unitree_api/msg/detail/request_lease__rosidl_typesupport_fastrtps_c.h
[36.648s] -- Installing: /home/kentaro/ros2_ws/install/unitree_api/include/unitree_api/unitree_api/msg/detail/request_identity__rosidl_typesupport_fastrtps_c.h
[36.648s] -- Installing: /home/kentaro/ros2_ws/install/unitree_api/lib/libunitree_api__rosidl_typesupport_fastrtps_c.so
[36.649s] -- Set runtime path of "/home/kentaro/ros2_ws/install/unitree_api/lib/libunitree_api__rosidl_typesupport_fastrtps_c.so" to ""
[36.649s] -- Up-to-date: /home/kentaro/ros2_ws/install/unitree_api/include/unitree_api/unitree_api
[36.650s] -- Up-to-date: /home/kentaro/ros2_ws/install/unitree_api/include/unitree_api/unitree_api/msg
[36.650s] -- Installing: /home/kentaro/ros2_ws/install/unitree_api/include/unitree_api/unitree_api/msg/request_policy.hpp
[36.651s] -- Installing: /home/kentaro/ros2_ws/install/unitree_api/include/unitree_api/unitree_api/msg/response_header.hpp
[36.651s] -- Installing: /home/kentaro/ros2_ws/install/unitree_api/include/unitree_api/unitree_api/msg/request_lease.hpp
[36.652s] -- Installing: /home/kentaro/ros2_ws/install/unitree_api/include/unitree_api/unitree_api/msg/response_status.hpp
[36.652s] -- Installing: /home/kentaro/ros2_ws/install/unitree_api/include/unitree_api/unitree_api/msg/request_identity.hpp
[36.652s] -- Installing: /home/kentaro/ros2_ws/install/unitree_api/include/unitree_api/unitree_api/msg/request.hpp
[36.653s] -- Installing: /home/kentaro/ros2_ws/install/unitree_api/include/unitree_api/unitree_api/msg/request_header.hpp
[36.653s] -- Installing: /home/kentaro/ros2_ws/install/unitree_api/include/unitree_api/unitree_api/msg/rosidl_generator_cpp__visibility_control.hpp
[36.653s] -- Installing: /home/kentaro/ros2_ws/install/unitree_api/include/unitree_api/unitree_api/msg/response.hpp
[36.654s] -- Up-to-date: /home/kentaro/ros2_ws/install/unitree_api/include/unitree_api/unitree_api/msg/detail
[36.654s] -- Installing: /home/kentaro/ros2_ws/install/unitree_api/include/unitree_api/unitree_api/msg/detail/request_identity__builder.hpp
[36.655s] -- Installing: /home/kentaro/ros2_ws/install/unitree_api/include/unitree_api/unitree_api/msg/detail/response_header__builder.hpp
[36.655s] -- Installing: /home/kentaro/ros2_ws/install/unitree_api/include/unitree_api/unitree_api/msg/detail/response__type_support.hpp
[36.655s] -- Installing: /home/kentaro/ros2_ws/install/unitree_api/include/unitree_api/unitree_api/msg/detail/response_status__type_support.hpp
[36.656s] -- Installing: /home/kentaro/ros2_ws/install/unitree_api/include/unitree_api/unitree_api/msg/detail/request_header__type_support.hpp
[36.656s] -- Installing: /home/kentaro/ros2_ws/install/unitree_api/include/unitree_api/unitree_api/msg/detail/request_header__builder.hpp
[36.656s] -- Installing: /home/kentaro/ros2_ws/install/unitree_api/include/unitree_api/unitree_api/msg/detail/request_identity__struct.hpp
[36.657s] -- Installing: /home/kentaro/ros2_ws/install/unitree_api/include/unitree_api/unitree_api/msg/detail/request_identity__traits.hpp
[36.657s] -- Installing: /home/kentaro/ros2_ws/install/unitree_api/include/unitree_api/unitree_api/msg/detail/request_policy__type_support.hpp
[36.658s] -- Installing: /home/kentaro/ros2_ws/install/unitree_api/include/unitree_api/unitree_api/msg/detail/request_lease__traits.hpp
[36.658s] -- Installing: /home/kentaro/ros2_ws/install/unitree_api/include/unitree_api/unitree_api/msg/detail/response__traits.hpp
[36.658s] -- Installing: /home/kentaro/ros2_ws/install/unitree_api/include/unitree_api/unitree_api/msg/detail/request_header__traits.hpp
[36.659s] -- Installing: /home/kentaro/ros2_ws/install/unitree_api/include/unitree_api/unitree_api/msg/detail/request__type_support.hpp
[36.659s] -- Installing: /home/kentaro/ros2_ws/install/unitree_api/include/unitree_api/unitree_api/msg/detail/request__struct.hpp
[36.659s] -- Installing: /home/kentaro/ros2_ws/install/unitree_api/include/unitree_api/unitree_api/msg/detail/response__struct.hpp
[36.660s] -- Installing: /home/kentaro/ros2_ws/install/unitree_api/include/unitree_api/unitree_api/msg/detail/response__builder.hpp
[36.660s] -- Installing: /home/kentaro/ros2_ws/install/unitree_api/include/unitree_api/unitree_api/msg/detail/request_identity__type_support.hpp
[36.661s] -- Installing: /home/kentaro/ros2_ws/install/unitree_api/include/unitree_api/unitree_api/msg/detail/request_lease__type_support.hpp
[36.661s] -- Installing: /home/kentaro/ros2_ws/install/unitree_api/include/unitree_api/unitree_api/msg/detail/response_header__traits.hpp
[36.661s] -- Installing: /home/kentaro/ros2_ws/install/unitree_api/include/unitree_api/unitree_api/msg/detail/request_lease__struct.hpp
[36.661s] -- Installing: /home/kentaro/ros2_ws/install/unitree_api/include/unitree_api/unitree_api/msg/detail/response_header__struct.hpp
[36.662s] -- Installing: /home/kentaro/ros2_ws/install/unitree_api/include/unitree_api/unitree_api/msg/detail/request_header__struct.hpp
[36.662s] -- Installing: /home/kentaro/ros2_ws/install/unitree_api/include/unitree_api/unitree_api/msg/detail/request_policy__struct.hpp
[36.663s] -- Installing: /home/kentaro/ros2_ws/install/unitree_api/include/unitree_api/unitree_api/msg/detail/response_header__type_support.hpp
[36.663s] -- Installing: /home/kentaro/ros2_ws/install/unitree_api/include/unitree_api/unitree_api/msg/detail/request__traits.hpp
[36.663s] -- Installing: /home/kentaro/ros2_ws/install/unitree_api/include/unitree_api/unitree_api/msg/detail/request_policy__traits.hpp
[36.664s] -- Installing: /home/kentaro/ros2_ws/install/unitree_api/include/unitree_api/unitree_api/msg/detail/request__builder.hpp
[36.664s] -- Installing: /home/kentaro/ros2_ws/install/unitree_api/include/unitree_api/unitree_api/msg/detail/response_status__struct.hpp
[36.664s] -- Installing: /home/kentaro/ros2_ws/install/unitree_api/include/unitree_api/unitree_api/msg/detail/response_status__traits.hpp
[36.665s] -- Installing: /home/kentaro/ros2_ws/install/unitree_api/include/unitree_api/unitree_api/msg/detail/request_lease__builder.hpp
[36.665s] -- Installing: /home/kentaro/ros2_ws/install/unitree_api/include/unitree_api/unitree_api/msg/detail/request_policy__builder.hpp
[36.666s] -- Installing: /home/kentaro/ros2_ws/install/unitree_api/include/unitree_api/unitree_api/msg/detail/response_status__builder.hpp
[36.666s] -- Up-to-date: /home/kentaro/ros2_ws/install/unitree_api/include/unitree_api/unitree_api
[36.666s] -- Up-to-date: /home/kentaro/ros2_ws/install/unitree_api/include/unitree_api/unitree_api/msg
[36.666s] -- Installing: /home/kentaro/ros2_ws/install/unitree_api/include/unitree_api/unitree_api/msg/rosidl_typesupport_fastrtps_cpp__visibility_control.h
[36.667s] -- Up-to-date: /home/kentaro/ros2_ws/install/unitree_api/include/unitree_api/unitree_api/msg/detail
[36.667s] -- Installing: /home/kentaro/ros2_ws/install/unitree_api/include/unitree_api/unitree_api/msg/detail/request__rosidl_typesupport_fastrtps_cpp.hpp
[36.668s] -- Installing: /home/kentaro/ros2_ws/install/unitree_api/include/unitree_api/unitree_api/msg/detail/dds_fastrtps
[36.668s] -- Installing: /home/kentaro/ros2_ws/install/unitree_api/include/unitree_api/unitree_api/msg/detail/request_lease__rosidl_typesupport_fastrtps_cpp.hpp
[36.668s] -- Installing: /home/kentaro/ros2_ws/install/unitree_api/include/unitree_api/unitree_api/msg/detail/response_header__rosidl_typesupport_fastrtps_cpp.hpp
[36.669s] -- Installing: /home/kentaro/ros2_ws/install/unitree_api/include/unitree_api/unitree_api/msg/detail/response__rosidl_typesupport_fastrtps_cpp.hpp
[36.669s] -- Installing: /home/kentaro/ros2_ws/install/unitree_api/include/unitree_api/unitree_api/msg/detail/request_identity__rosidl_typesupport_fastrtps_cpp.hpp
[36.669s] -- Installing: /home/kentaro/ros2_ws/install/unitree_api/include/unitree_api/unitree_api/msg/detail/response_status__rosidl_typesupport_fastrtps_cpp.hpp
[36.670s] -- Installing: /home/kentaro/ros2_ws/install/unitree_api/include/unitree_api/unitree_api/msg/detail/request_header__rosidl_typesupport_fastrtps_cpp.hpp
[36.670s] -- Installing: /home/kentaro/ros2_ws/install/unitree_api/include/unitree_api/unitree_api/msg/detail/request_policy__rosidl_typesupport_fastrtps_cpp.hpp
[36.670s] -- Installing: /home/kentaro/ros2_ws/install/unitree_api/lib/libunitree_api__rosidl_typesupport_fastrtps_cpp.so
[36.671s] -- Set runtime path of "/home/kentaro/ros2_ws/install/unitree_api/lib/libunitree_api__rosidl_typesupport_fastrtps_cpp.so" to ""
[36.671s] -- Up-to-date: /home/kentaro/ros2_ws/install/unitree_api/include/unitree_api/unitree_api
[36.671s] -- Up-to-date: /home/kentaro/ros2_ws/install/unitree_api/include/unitree_api/unitree_api/msg
[36.672s] -- Installing: /home/kentaro/ros2_ws/install/unitree_api/include/unitree_api/unitree_api/msg/rosidl_typesupport_introspection_c__visibility_control.h
[36.672s] -- Up-to-date: /home/kentaro/ros2_ws/install/unitree_api/include/unitree_api/unitree_api/msg/detail
[36.673s] -- Installing: /home/kentaro/ros2_ws/install/unitree_api/include/unitree_api/unitree_api/msg/detail/request_header__type_support.c
[36.673s] -- Installing: /home/kentaro/ros2_ws/install/unitree_api/include/unitree_api/unitree_api/msg/detail/request_lease__type_support.c
[36.673s] -- Installing: /home/kentaro/ros2_ws/install/unitree_api/include/unitree_api/unitree_api/msg/detail/response_status__type_support.c
[36.674s] -- Installing: /home/kentaro/ros2_ws/install/unitree_api/include/unitree_api/unitree_api/msg/detail/request__rosidl_typesupport_introspection_c.h
[36.674s] -- Installing: /home/kentaro/ros2_ws/install/unitree_api/include/unitree_api/unitree_api/msg/detail/request_header__rosidl_typesupport_introspection_c.h
[36.674s] -- Installing: /home/kentaro/ros2_ws/install/unitree_api/include/unitree_api/unitree_api/msg/detail/request_policy__type_support.c
[36.674s] -- Installing: /home/kentaro/ros2_ws/install/unitree_api/include/unitree_api/unitree_api/msg/detail/response_status__rosidl_typesupport_introspection_c.h
[36.675s] -- Installing: /home/kentaro/ros2_ws/install/unitree_api/include/unitree_api/unitree_api/msg/detail/request_identity__rosidl_typesupport_introspection_c.h
[36.676s] -- Installing: /home/kentaro/ros2_ws/install/unitree_api/include/unitree_api/unitree_api/msg/detail/response_header__rosidl_typesupport_introspection_c.h
[36.676s] -- Installing: /home/kentaro/ros2_ws/install/unitree_api/include/unitree_api/unitree_api/msg/detail/request_identity__type_support.c
[36.676s] -- Installing: /home/kentaro/ros2_ws/install/unitree_api/include/unitree_api/unitree_api/msg/detail/response__type_support.c
[36.677s] -- Installing: /home/kentaro/ros2_ws/install/unitree_api/include/unitree_api/unitree_api/msg/detail/request_lease__rosidl_typesupport_introspection_c.h
[36.677s] -- Installing: /home/kentaro/ros2_ws/install/unitree_api/include/unitree_api/unitree_api/msg/detail/request__type_support.c
[36.677s] -- Installing: /home/kentaro/ros2_ws/install/unitree_api/include/unitree_api/unitree_api/msg/detail/response__rosidl_typesupport_introspection_c.h
[36.678s] -- Installing: /home/kentaro/ros2_ws/install/unitree_api/include/unitree_api/unitree_api/msg/detail/request_policy__rosidl_typesupport_introspection_c.h
[36.678s] -- Installing: /home/kentaro/ros2_ws/install/unitree_api/include/unitree_api/unitree_api/msg/detail/response_header__type_support.c
[36.679s] -- Installing: /home/kentaro/ros2_ws/install/unitree_api/lib/libunitree_api__rosidl_typesupport_introspection_c.so
[36.680s] -- Set runtime path of "/home/kentaro/ros2_ws/install/unitree_api/lib/libunitree_api__rosidl_typesupport_introspection_c.so" to ""
[36.680s] -- Installing: /home/kentaro/ros2_ws/install/unitree_api/lib/libunitree_api__rosidl_typesupport_c.so
[36.680s] -- Set runtime path of "/home/kentaro/ros2_ws/install/unitree_api/lib/libunitree_api__rosidl_typesupport_c.so" to ""
[36.681s] -- Up-to-date: /home/kentaro/ros2_ws/install/unitree_api/include/unitree_api/unitree_api
[36.681s] -- Up-to-date: /home/kentaro/ros2_ws/install/unitree_api/include/unitree_api/unitree_api/msg
[36.681s] -- Up-to-date: /home/kentaro/ros2_ws/install/unitree_api/include/unitree_api/unitree_api/msg/detail
[36.681s] -- Installing: /home/kentaro/ros2_ws/install/unitree_api/include/unitree_api/unitree_api/msg/detail/response_header__rosidl_typesupport_introspection_cpp.hpp
[36.682s] -- Installing: /home/kentaro/ros2_ws/install/unitree_api/include/unitree_api/unitree_api/msg/detail/response_status__type_support.cpp
[36.682s] -- Installing: /home/kentaro/ros2_ws/install/unitree_api/include/unitree_api/unitree_api/msg/detail/request_lease__rosidl_typesupport_introspection_cpp.hpp
[36.682s] -- Installing: /home/kentaro/ros2_ws/install/unitree_api/include/unitree_api/unitree_api/msg/detail/response__rosidl_typesupport_introspection_cpp.hpp
[36.683s] -- Installing: /home/kentaro/ros2_ws/install/unitree_api/include/unitree_api/unitree_api/msg/detail/request__rosidl_typesupport_introspection_cpp.hpp
[36.683s] -- Installing: /home/kentaro/ros2_ws/install/unitree_api/include/unitree_api/unitree_api/msg/detail/response_status__rosidl_typesupport_introspection_cpp.hpp
[36.684s] -- Installing: /home/kentaro/ros2_ws/install/unitree_api/include/unitree_api/unitree_api/msg/detail/response__type_support.cpp
[36.684s] -- Installing: /home/kentaro/ros2_ws/install/unitree_api/include/unitree_api/unitree_api/msg/detail/request__type_support.cpp
[36.685s] -- Installing: /home/kentaro/ros2_ws/install/unitree_api/include/unitree_api/unitree_api/msg/detail/request_lease__type_support.cpp
[36.685s] -- Installing: /home/kentaro/ros2_ws/install/unitree_api/include/unitree_api/unitree_api/msg/detail/request_header__type_support.cpp
[36.685s] -- Installing: /home/kentaro/ros2_ws/install/unitree_api/include/unitree_api/unitree_api/msg/detail/request_identity__type_support.cpp
[36.686s] -- Installing: /home/kentaro/ros2_ws/install/unitree_api/include/unitree_api/unitree_api/msg/detail/request_policy__rosidl_typesupport_introspection_cpp.hpp
[36.686s] -- Installing: /home/kentaro/ros2_ws/install/unitree_api/include/unitree_api/unitree_api/msg/detail/request_policy__type_support.cpp
[36.686s] -- Installing: /home/kentaro/ros2_ws/install/unitree_api/include/unitree_api/unitree_api/msg/detail/response_header__type_support.cpp
[36.687s] -- Installing: /home/kentaro/ros2_ws/install/unitree_api/include/unitree_api/unitree_api/msg/detail/request_header__rosidl_typesupport_introspection_cpp.hpp
[36.687s] -- Installing: /home/kentaro/ros2_ws/install/unitree_api/include/unitree_api/unitree_api/msg/detail/request_identity__rosidl_typesupport_introspection_cpp.hpp
[36.688s] -- Installing: /home/kentaro/ros2_ws/install/unitree_api/lib/libunitree_api__rosidl_typesupport_introspection_cpp.so
[36.688s] -- Set runtime path of "/home/kentaro/ros2_ws/install/unitree_api/lib/libunitree_api__rosidl_typesupport_introspection_cpp.so" to ""
[36.688s] -- Installing: /home/kentaro/ros2_ws/install/unitree_api/lib/libunitree_api__rosidl_typesupport_cpp.so
[36.689s] -- Set runtime path of "/home/kentaro/ros2_ws/install/unitree_api/lib/libunitree_api__rosidl_typesupport_cpp.so" to ""
[36.690s] -- Installing: /home/kentaro/ros2_ws/install/unitree_api/share/unitree_api/environment/pythonpath.sh
[36.690s] -- Installing: /home/kentaro/ros2_ws/install/unitree_api/share/unitree_api/environment/pythonpath.dsv
[36.691s] -- Installing: /home/kentaro/ros2_ws/install/unitree_api/local/lib/python3.10/dist-packages/unitree_api-0.0.0-py3.10.egg-info
[36.691s] -- Installing: /home/kentaro/ros2_ws/install/unitree_api/local/lib/python3.10/dist-packages/unitree_api-0.0.0-py3.10.egg-info/PKG-INFO
[36.691s] -- Installing: /home/kentaro/ros2_ws/install/unitree_api/local/lib/python3.10/dist-packages/unitree_api-0.0.0-py3.10.egg-info/SOURCES.txt
[36.692s] -- Installing: /home/kentaro/ros2_ws/install/unitree_api/local/lib/python3.10/dist-packages/unitree_api-0.0.0-py3.10.egg-info/dependency_links.txt
[36.692s] -- Installing: /home/kentaro/ros2_ws/install/unitree_api/local/lib/python3.10/dist-packages/unitree_api-0.0.0-py3.10.egg-info/top_level.txt
[36.692s] -- Installing: /home/kentaro/ros2_ws/install/unitree_api/local/lib/python3.10/dist-packages/unitree_api
[36.693s] -- Installing: /home/kentaro/ros2_ws/install/unitree_api/local/lib/python3.10/dist-packages/unitree_api/msg
[36.693s] -- Installing: /home/kentaro/ros2_ws/install/unitree_api/local/lib/python3.10/dist-packages/unitree_api/msg/_request_header.py
[36.693s] -- Installing: /home/kentaro/ros2_ws/install/unitree_api/local/lib/python3.10/dist-packages/unitree_api/msg/_request_lease_s.c
[36.694s] -- Installing: /home/kentaro/ros2_ws/install/unitree_api/local/lib/python3.10/dist-packages/unitree_api/msg/_request_header_s.c
[36.694s] -- Installing: /home/kentaro/ros2_ws/install/unitree_api/local/lib/python3.10/dist-packages/unitree_api/msg/_response_status.py
[36.694s] -- Installing: /home/kentaro/ros2_ws/install/unitree_api/local/lib/python3.10/dist-packages/unitree_api/msg/_response_status_s.c
[36.694s] -- Installing: /home/kentaro/ros2_ws/install/unitree_api/local/lib/python3.10/dist-packages/unitree_api/msg/__init__.py
[36.695s] -- Installing: /home/kentaro/ros2_ws/install/unitree_api/local/lib/python3.10/dist-packages/unitree_api/msg/_response_header_s.c
[36.695s] -- Installing: /home/kentaro/ros2_ws/install/unitree_api/local/lib/python3.10/dist-packages/unitree_api/msg/_request_s.c
[36.695s] -- Installing: /home/kentaro/ros2_ws/install/unitree_api/local/lib/python3.10/dist-packages/unitree_api/msg/_response_s.c
[36.695s] -- Installing: /home/kentaro/ros2_ws/install/unitree_api/local/lib/python3.10/dist-packages/unitree_api/msg/_response_header.py
[36.696s] -- Installing: /home/kentaro/ros2_ws/install/unitree_api/local/lib/python3.10/dist-packages/unitree_api/msg/_request_policy.py
[36.696s] -- Installing: /home/kentaro/ros2_ws/install/unitree_api/local/lib/python3.10/dist-packages/unitree_api/msg/_request_identity.py
[36.696s] -- Installing: /home/kentaro/ros2_ws/install/unitree_api/local/lib/python3.10/dist-packages/unitree_api/msg/_request_lease.py
[36.696s] -- Installing: /home/kentaro/ros2_ws/install/unitree_api/local/lib/python3.10/dist-packages/unitree_api/msg/_response.py
[36.696s] -- Installing: /home/kentaro/ros2_ws/install/unitree_api/local/lib/python3.10/dist-packages/unitree_api/msg/_request_identity_s.c
[36.697s] -- Installing: /home/kentaro/ros2_ws/install/unitree_api/local/lib/python3.10/dist-packages/unitree_api/msg/_request.py
[36.697s] -- Installing: /home/kentaro/ros2_ws/install/unitree_api/local/lib/python3.10/dist-packages/unitree_api/msg/_request_policy_s.c
[36.697s] -- Installing: /home/kentaro/ros2_ws/install/unitree_api/local/lib/python3.10/dist-packages/unitree_api/_unitree_api_s.ep.rosidl_typesupport_introspection_c.c
[36.697s] -- Installing: /home/kentaro/ros2_ws/install/unitree_api/local/lib/python3.10/dist-packages/unitree_api/unitree_api_s__rosidl_typesupport_introspection_c.cpython-310-x86_64-linux-gnu.so
[36.698s] -- Installing: /home/kentaro/ros2_ws/install/unitree_api/local/lib/python3.10/dist-packages/unitree_api/__init__.py
[36.698s] -- Installing: /home/kentaro/ros2_ws/install/unitree_api/local/lib/python3.10/dist-packages/unitree_api/_unitree_api_s.ep.rosidl_typesupport_c.c
[36.698s] -- Installing: /home/kentaro/ros2_ws/install/unitree_api/local/lib/python3.10/dist-packages/unitree_api/libunitree_api__rosidl_generator_py.so
[36.698s] -- Installing: /home/kentaro/ros2_ws/install/unitree_api/local/lib/python3.10/dist-packages/unitree_api/_unitree_api_s.ep.rosidl_typesupport_fastrtps_c.c
[36.699s] -- Installing: /home/kentaro/ros2_ws/install/unitree_api/local/lib/python3.10/dist-packages/unitree_api/unitree_api_s__rosidl_typesupport_c.cpython-310-x86_64-linux-gnu.so
[36.699s] -- Installing: /home/kentaro/ros2_ws/install/unitree_api/local/lib/python3.10/dist-packages/unitree_api/unitree_api_s__rosidl_typesupport_fastrtps_c.cpython-310-x86_64-linux-gnu.so
[36.825s] Listing '/home/kentaro/ros2_ws/install/unitree_api/local/lib/python3.10/dist-packages/unitree_api'...
[36.826s] Compiling '/home/kentaro/ros2_ws/install/unitree_api/local/lib/python3.10/dist-packages/unitree_api/__init__.py'...
[36.826s] Listing '/home/kentaro/ros2_ws/install/unitree_api/local/lib/python3.10/dist-packages/unitree_api/msg'...
[36.827s] Compiling '/home/kentaro/ros2_ws/install/unitree_api/local/lib/python3.10/dist-packages/unitree_api/msg/__init__.py'...
[36.827s] Compiling '/home/kentaro/ros2_ws/install/unitree_api/local/lib/python3.10/dist-packages/unitree_api/msg/_request.py'...
[36.827s] Compiling '/home/kentaro/ros2_ws/install/unitree_api/local/lib/python3.10/dist-packages/unitree_api/msg/_request_header.py'...
[36.827s] Compiling '/home/kentaro/ros2_ws/install/unitree_api/local/lib/python3.10/dist-packages/unitree_api/msg/_request_identity.py'...
[36.828s] Compiling '/home/kentaro/ros2_ws/install/unitree_api/local/lib/python3.10/dist-packages/unitree_api/msg/_request_lease.py'...
[36.828s] Compiling '/home/kentaro/ros2_ws/install/unitree_api/local/lib/python3.10/dist-packages/unitree_api/msg/_request_policy.py'...
[36.828s] Compiling '/home/kentaro/ros2_ws/install/unitree_api/local/lib/python3.10/dist-packages/unitree_api/msg/_response.py'...
[36.828s] Compiling '/home/kentaro/ros2_ws/install/unitree_api/local/lib/python3.10/dist-packages/unitree_api/msg/_response_header.py'...
[36.829s] Compiling '/home/kentaro/ros2_ws/install/unitree_api/local/lib/python3.10/dist-packages/unitree_api/msg/_response_status.py'...
[36.841s] -- Installing: /home/kentaro/ros2_ws/install/unitree_api/local/lib/python3.10/dist-packages/unitree_api/unitree_api_s__rosidl_typesupport_fastrtps_c.cpython-310-x86_64-linux-gnu.so
[36.844s] -- Set runtime path of "/home/kentaro/ros2_ws/install/unitree_api/local/lib/python3.10/dist-packages/unitree_api/unitree_api_s__rosidl_typesupport_fastrtps_c.cpython-310-x86_64-linux-gnu.so" to ""
[36.845s] -- Installing: /home/kentaro/ros2_ws/install/unitree_api/local/lib/python3.10/dist-packages/unitree_api/unitree_api_s__rosidl_typesupport_introspection_c.cpython-310-x86_64-linux-gnu.so
[36.845s] -- Set runtime path of "/home/kentaro/ros2_ws/install/unitree_api/local/lib/python3.10/dist-packages/unitree_api/unitree_api_s__rosidl_typesupport_introspection_c.cpython-310-x86_64-linux-gnu.so" to ""
[36.846s] -- Installing: /home/kentaro/ros2_ws/install/unitree_api/local/lib/python3.10/dist-packages/unitree_api/unitree_api_s__rosidl_typesupport_c.cpython-310-x86_64-linux-gnu.so
[36.848s] -- Set runtime path of "/home/kentaro/ros2_ws/install/unitree_api/local/lib/python3.10/dist-packages/unitree_api/unitree_api_s__rosidl_typesupport_c.cpython-310-x86_64-linux-gnu.so" to ""
[36.850s] -- Installing: /home/kentaro/ros2_ws/install/unitree_api/lib/libunitree_api__rosidl_generator_py.so
[36.850s] -- Set runtime path of "/home/kentaro/ros2_ws/install/unitree_api/lib/libunitree_api__rosidl_generator_py.so" to ""
[36.850s] -- Installing: /home/kentaro/ros2_ws/install/unitree_api/share/unitree_api/msg/Request.idl
[36.851s] -- Installing: /home/kentaro/ros2_ws/install/unitree_api/share/unitree_api/msg/RequestHeader.idl
[36.852s] -- Installing: /home/kentaro/ros2_ws/install/unitree_api/share/unitree_api/msg/RequestIdentity.idl
[36.852s] -- Installing: /home/kentaro/ros2_ws/install/unitree_api/share/unitree_api/msg/RequestLease.idl
[36.853s] -- Installing: /home/kentaro/ros2_ws/install/unitree_api/share/unitree_api/msg/RequestPolicy.idl
[36.854s] -- Installing: /home/kentaro/ros2_ws/install/unitree_api/share/unitree_api/msg/Response.idl
[36.854s] -- Installing: /home/kentaro/ros2_ws/install/unitree_api/share/unitree_api/msg/ResponseHeader.idl
[36.854s] -- Installing: /home/kentaro/ros2_ws/install/unitree_api/share/unitree_api/msg/ResponseStatus.idl
[36.855s] -- Installing: /home/kentaro/ros2_ws/install/unitree_api/share/unitree_api/msg/Request.msg
[36.855s] -- Installing: /home/kentaro/ros2_ws/install/unitree_api/share/unitree_api/msg/RequestHeader.msg
[36.856s] -- Installing: /home/kentaro/ros2_ws/install/unitree_api/share/unitree_api/msg/RequestIdentity.msg
[36.856s] -- Installing: /home/kentaro/ros2_ws/install/unitree_api/share/unitree_api/msg/RequestLease.msg
[36.856s] -- Installing: /home/kentaro/ros2_ws/install/unitree_api/share/unitree_api/msg/RequestPolicy.msg
[36.857s] -- Installing: /home/kentaro/ros2_ws/install/unitree_api/share/unitree_api/msg/Response.msg
[36.857s] -- Installing: /home/kentaro/ros2_ws/install/unitree_api/share/unitree_api/msg/ResponseHeader.msg
[36.857s] -- Installing: /home/kentaro/ros2_ws/install/unitree_api/share/unitree_api/msg/ResponseStatus.msg
[36.858s] -- Installing: /home/kentaro/ros2_ws/install/unitree_api/share/unitree_api/msg/dds_connext
[36.858s] -- Installing: /home/kentaro/ros2_ws/install/unitree_api/share/unitree_api/msg/dds_connext/Request_.idl
[36.858s] -- Installing: /home/kentaro/ros2_ws/install/unitree_api/share/unitree_api/msg/dds_connext/Response_.idl
[36.858s] -- Installing: /home/kentaro/ros2_ws/install/unitree_api/share/unitree_api/msg/dds_connext/RequestPolicy_.idl
[36.859s] -- Installing: /home/kentaro/ros2_ws/install/unitree_api/share/unitree_api/msg/dds_connext/RequestHeader_.idl
[36.859s] -- Installing: /home/kentaro/ros2_ws/install/unitree_api/share/unitree_api/msg/dds_connext/RequestLease_.idl
[36.859s] -- Installing: /home/kentaro/ros2_ws/install/unitree_api/share/unitree_api/msg/dds_connext/RequestIdentity_.idl
[36.860s] -- Installing: /home/kentaro/ros2_ws/install/unitree_api/share/unitree_api/msg/dds_connext/ResponseHeader_.idl
[36.860s] -- Installing: /home/kentaro/ros2_ws/install/unitree_api/share/unitree_api/msg/dds_connext/ResponseStatus_.idl
[36.860s] -- Installing: /home/kentaro/ros2_ws/install/unitree_api/share/ament_index/resource_index/package_run_dependencies/unitree_api
[36.861s] -- Installing: /home/kentaro/ros2_ws/install/unitree_api/share/ament_index/resource_index/parent_prefix_path/unitree_api
[36.861s] -- Installing: /home/kentaro/ros2_ws/install/unitree_api/share/unitree_api/environment/ament_prefix_path.sh
[36.861s] -- Installing: /home/kentaro/ros2_ws/install/unitree_api/share/unitree_api/environment/ament_prefix_path.dsv
[36.862s] -- Installing: /home/kentaro/ros2_ws/install/unitree_api/share/unitree_api/environment/path.sh
[36.862s] -- Installing: /home/kentaro/ros2_ws/install/unitree_api/share/unitree_api/environment/path.dsv
[36.863s] -- Installing: /home/kentaro/ros2_ws/install/unitree_api/share/unitree_api/local_setup.bash
[36.863s] -- Installing: /home/kentaro/ros2_ws/install/unitree_api/share/unitree_api/local_setup.sh
[36.864s] -- Installing: /home/kentaro/ros2_ws/install/unitree_api/share/unitree_api/local_setup.zsh
[36.864s] -- Installing: /home/kentaro/ros2_ws/install/unitree_api/share/unitree_api/local_setup.dsv
[36.864s] -- Installing: /home/kentaro/ros2_ws/install/unitree_api/share/unitree_api/package.dsv
[36.867s] -- Installing: /home/kentaro/ros2_ws/install/unitree_api/share/ament_index/resource_index/packages/unitree_api
[36.868s] -- Installing: /home/kentaro/ros2_ws/install/unitree_api/share/unitree_api/cmake/export_unitree_api__rosidl_generator_cExport.cmake
[36.868s] -- Installing: /home/kentaro/ros2_ws/install/unitree_api/share/unitree_api/cmake/export_unitree_api__rosidl_generator_cExport-noconfig.cmake
[36.868s] -- Installing: /home/kentaro/ros2_ws/install/unitree_api/share/unitree_api/cmake/export_unitree_api__rosidl_typesupport_fastrtps_cExport.cmake
[36.868s] -- Installing: /home/kentaro/ros2_ws/install/unitree_api/share/unitree_api/cmake/export_unitree_api__rosidl_typesupport_fastrtps_cExport-noconfig.cmake
[36.869s] -- Installing: /home/kentaro/ros2_ws/install/unitree_api/share/unitree_api/cmake/export_unitree_api__rosidl_generator_cppExport.cmake
[36.869s] -- Installing: /home/kentaro/ros2_ws/install/unitree_api/share/unitree_api/cmake/export_unitree_api__rosidl_typesupport_fastrtps_cppExport.cmake
[36.869s] -- Installing: /home/kentaro/ros2_ws/install/unitree_api/share/unitree_api/cmake/export_unitree_api__rosidl_typesupport_fastrtps_cppExport-noconfig.cmake
[36.870s] -- Installing: /home/kentaro/ros2_ws/install/unitree_api/share/unitree_api/cmake/unitree_api__rosidl_typesupport_introspection_cExport.cmake
[36.871s] -- Installing: /home/kentaro/ros2_ws/install/unitree_api/share/unitree_api/cmake/unitree_api__rosidl_typesupport_introspection_cExport-noconfig.cmake
[36.871s] -- Installing: /home/kentaro/ros2_ws/install/unitree_api/share/unitree_api/cmake/unitree_api__rosidl_typesupport_cExport.cmake
[36.872s] -- Installing: /home/kentaro/ros2_ws/install/unitree_api/share/unitree_api/cmake/unitree_api__rosidl_typesupport_cExport-noconfig.cmake
[36.872s] -- Installing: /home/kentaro/ros2_ws/install/unitree_api/share/unitree_api/cmake/unitree_api__rosidl_typesupport_introspection_cppExport.cmake
[36.872s] -- Installing: /home/kentaro/ros2_ws/install/unitree_api/share/unitree_api/cmake/unitree_api__rosidl_typesupport_introspection_cppExport-noconfig.cmake
[36.873s] -- Installing: /home/kentaro/ros2_ws/install/unitree_api/share/unitree_api/cmake/unitree_api__rosidl_typesupport_cppExport.cmake
[36.873s] -- Installing: /home/kentaro/ros2_ws/install/unitree_api/share/unitree_api/cmake/unitree_api__rosidl_typesupport_cppExport-noconfig.cmake
[36.874s] -- Installing: /home/kentaro/ros2_ws/install/unitree_api/share/unitree_api/cmake/export_unitree_api__rosidl_generator_pyExport.cmake
[36.874s] -- Installing: /home/kentaro/ros2_ws/install/unitree_api/share/unitree_api/cmake/export_unitree_api__rosidl_generator_pyExport-noconfig.cmake
[36.874s] -- Installing: /home/kentaro/ros2_ws/install/unitree_api/share/unitree_api/cmake/rosidl_cmake-extras.cmake
[36.875s] -- Installing: /home/kentaro/ros2_ws/install/unitree_api/share/unitree_api/cmake/ament_cmake_export_dependencies-extras.cmake
[36.875s] -- Installing: /home/kentaro/ros2_ws/install/unitree_api/share/unitree_api/cmake/ament_cmake_export_include_directories-extras.cmake
[36.876s] -- Installing: /home/kentaro/ros2_ws/install/unitree_api/share/unitree_api/cmake/ament_cmake_export_libraries-extras.cmake
[36.876s] -- Installing: /home/kentaro/ros2_ws/install/unitree_api/share/unitree_api/cmake/ament_cmake_export_targets-extras.cmake
[36.876s] -- Installing: /home/kentaro/ros2_ws/install/unitree_api/share/unitree_api/cmake/rosidl_cmake_export_typesupport_targets-extras.cmake
[36.877s] -- Installing: /home/kentaro/ros2_ws/install/unitree_api/share/unitree_api/cmake/rosidl_cmake_export_typesupport_libraries-extras.cmake
[36.877s] -- Installing: /home/kentaro/ros2_ws/install/unitree_api/share/unitree_api/cmake/unitree_apiConfig.cmake
[36.877s] -- Installing: /home/kentaro/ros2_ws/install/unitree_api/share/unitree_api/cmake/unitree_apiConfig-version.cmake
[36.880s] -- Installing: /home/kentaro/ros2_ws/install/unitree_api/share/unitree_api/package.xml
[36.887s] Invoked command in '/home/kentaro/ros2_ws/build/unitree_api' returned '0': CMAKE_PREFIX_PATH=/opt/ros/humble /usr/bin/cmake --install /home/kentaro/ros2_ws/build/unitree_api
