[0.023s] Invoking command in '/home/kentaro/ros2_ws/build/fast_lio': AMENT_PREFIX_PATH=/home/kentaro/ros2_ws/install/livox_ros_driver2:${AMENT_PREFIX_PATH} CMAKE_PREFIX_PATH=/home/kentaro/ros2_ws/install/livox_ros_driver2:/opt/ros/humble LD_LIBRARY_PATH=/home/kentaro/ros2_ws/install/livox_ros_driver2/lib:${LD_LIBRARY_PATH} PYTHONPATH=/home/kentaro/ros2_ws/install/livox_ros_driver2/local/lib/python3.10/dist-packages:${PYTHONPATH} /usr/bin/cmake /home/kentaro/ros2_ws/src/FAST_LIO -DROS_EDITION=ROS2 -DHUMBLE_ROS=humble -DCMAKE_INSTALL_PREFIX=/home/kentaro/ros2_ws/install/fast_lio
[0.176s] -- The C compiler identification is GNU 11.4.0
[0.344s] -- The CXX compiler identification is GNU 11.4.0
[0.364s] -- Detecting C compiler ABI info
[0.552s] -- Detecting C compiler ABI info - done
[0.596s] -- Check for working C compiler: /usr/bin/cc - skipped
[0.598s] -- Detecting C compile features
[0.603s] -- Detecting C compile features - done
[0.611s] -- Detecting CXX compiler ABI info
[0.836s] -- Detecting CXX compiler ABI info - done
[0.870s] -- Check for working CXX compiler: /usr/bin/c++ - skipped
[0.871s] -- Detecting CXX compile features
[0.873s] -- Detecting CXX compile features - done
[0.876s] [0mCurrent CPU archtecture: x86_64[0m
[0.888s] [0mProcesser number:  8[0m
[0.888s] [0mcore for MP: 3[0m
[2.333s] -- Found PythonLibs: /usr/lib/x86_64-linux-gnu/libpython3.10.so (found version "3.10.12") 
[2.347s] -- Found ament_cmake: 1.3.12 (/opt/ros/humble/share/ament_cmake/cmake)
[3.058s] -- Found Python3: /usr/bin/python3 (found version "3.10.12") found components: Interpreter 
[3.507s] -- Found rclcpp: 16.0.15 (/opt/ros/humble/share/rclcpp/cmake)
[3.650s] -- Found rosidl_generator_c: 3.1.7 (/opt/ros/humble/share/rosidl_generator_c/cmake)
[3.669s] -- Found rosidl_adapter: 3.1.7 (/opt/ros/humble/share/rosidl_adapter/cmake)
[3.698s] -- Found rosidl_generator_cpp: 3.1.7 (/opt/ros/humble/share/rosidl_generator_cpp/cmake)
[3.743s] -- Using all available rosidl_typesupport_c: rosidl_typesupport_fastrtps_c;rosidl_typesupport_introspection_c
[3.803s] -- Using all available rosidl_typesupport_cpp: rosidl_typesupport_fastrtps_cpp;rosidl_typesupport_introspection_cpp
[4.060s] -- Found rmw_implementation_cmake: 6.1.2 (/opt/ros/humble/share/rmw_implementation_cmake/cmake)
[4.076s] -- Found rmw_fastrtps_cpp: 6.2.9 (/opt/ros/humble/share/rmw_fastrtps_cpp/cmake)
[4.459s] -- Found OpenSSL: /usr/lib/x86_64-linux-gnu/libcrypto.so (found version "3.0.2")  
[4.623s] -- Found FastRTPS: /opt/ros/humble/include  
[4.849s] -- Using RMW implementation 'rmw_fastrtps_cpp' as default
[4.914s] -- Looking for pthread.h
[5.300s] -- Looking for pthread.h - found
[5.304s] -- Performing Test CMAKE_HAVE_LIBC_PTHREAD
[5.691s] -- Performing Test CMAKE_HAVE_LIBC_PTHREAD - Success
[5.694s] -- Found Threads: TRUE  
[6.043s] -- Found rclcpp_components: 16.0.15 (/opt/ros/humble/share/rclcpp_components/cmake)
[6.241s] -- Found geometry_msgs: 4.9.0 (/opt/ros/humble/share/geometry_msgs/cmake)
[6.339s] -- Found nav_msgs: 4.9.0 (/opt/ros/humble/share/nav_msgs/cmake)
[6.460s] -- Found sensor_msgs: 4.9.0 (/opt/ros/humble/share/sensor_msgs/cmake)
[6.608s] -- Found std_srvs: 4.9.0 (/opt/ros/humble/share/std_srvs/cmake)
[6.690s] -- Found visualization_msgs: 4.9.0 (/opt/ros/humble/share/visualization_msgs/cmake)
[6.834s] -- Found pcl_ros: 2.4.5 (/opt/ros/humble/share/pcl_ros/cmake)
[7.131s] -- Checking for module 'eigen3'
[7.165s] --   Found eigen3, version 3.4.0
[7.250s] -- Found Eigen: /usr/include/eigen3 (Required is at least version "3.1") 
[7.251s] -- Eigen found (include: /usr/include/eigen3, version: 3.4.0)
[7.439s] -- Checking for module 'flann'
[7.511s] --   Found flann, version 1.9.1
[7.713s] -- Found FLANN: /usr/lib/x86_64-linux-gnu/libflann_cpp.so  
[7.715s] -- FLANN found (include: /usr/include, lib: /usr/lib/x86_64-linux-gnu/libflann_cpp.so)
[12.677s] -- Checking for module 'libusb-1.0'
[12.717s] --   Found libusb-1.0, version 1.0.25
[12.813s] -- Found libusb: /usr/lib/x86_64-linux-gnu/libusb-1.0.so  
[12.817s] -- OpenNI found (version: 1.5.4.0, include: /usr/include/ni, lib: /usr/lib/libOpenNI.so;libusb::libusb)
[12.961s] -- OpenNI2 found (version: 2.2.0.33, include: /usr/include/openni2, lib: /usr/lib/x86_64-linux-gnu/libOpenNI2.so;libusb::libusb)
[13.596s] -- Eigen found (include: /usr/include/eigen3, version: 3.4.0)
[13.638s] -- OpenNI found (version: 1.5.4.0, include: /usr/include/ni, lib: /usr/lib/libOpenNI.so;libusb::libusb)
[13.670s] -- OpenNI2 found (version: 2.2.0.33, include: /usr/include/openni2, lib: /usr/lib/x86_64-linux-gnu/libOpenNI2.so;libusb::libusb)
[14.318s] -- Found Qhull version 8.0.2
[15.197s] -- OpenNI found (version: 1.5.4.0, include: /usr/include/ni, lib: /usr/lib/libOpenNI.so;libusb::libusb)
[15.752s] -- Found PCL_COMMON: /usr/lib/x86_64-linux-gnu/libpcl_common.so  
[15.762s] -- Found PCL_KDTREE: /usr/lib/x86_64-linux-gnu/libpcl_kdtree.so  
[15.770s] -- Found PCL_OCTREE: /usr/lib/x86_64-linux-gnu/libpcl_octree.so  
[15.778s] -- Found PCL_SEARCH: /usr/lib/x86_64-linux-gnu/libpcl_search.so  
[15.785s] -- Found PCL_SAMPLE_CONSENSUS: /usr/lib/x86_64-linux-gnu/libpcl_sample_consensus.so  
[15.793s] -- Found PCL_FILTERS: /usr/lib/x86_64-linux-gnu/libpcl_filters.so  
[15.793s] -- Found PCL_2D: /usr/include/pcl-1.12  
[15.793s] -- Found PCL_GEOMETRY: /usr/include/pcl-1.12  
[15.797s] -- Found PCL_IO: /usr/lib/x86_64-linux-gnu/libpcl_io.so  
[15.802s] -- Found PCL_FEATURES: /usr/lib/x86_64-linux-gnu/libpcl_features.so  
[15.807s] -- Found PCL_ML: /usr/lib/x86_64-linux-gnu/libpcl_ml.so  
[15.812s] -- Found PCL_SEGMENTATION: /usr/lib/x86_64-linux-gnu/libpcl_segmentation.so  
[15.818s] -- Found PCL_VISUALIZATION: /usr/lib/x86_64-linux-gnu/libpcl_visualization.so  
[15.823s] -- Found PCL_SURFACE: /usr/lib/x86_64-linux-gnu/libpcl_surface.so  
[15.827s] -- Found PCL_REGISTRATION: /usr/lib/x86_64-linux-gnu/libpcl_registration.so  
[15.833s] -- Found PCL_KEYPOINTS: /usr/lib/x86_64-linux-gnu/libpcl_keypoints.so  
[15.840s] -- Found PCL_TRACKING: /usr/lib/x86_64-linux-gnu/libpcl_tracking.so  
[15.844s] -- Found PCL_RECOGNITION: /usr/lib/x86_64-linux-gnu/libpcl_recognition.so  
[15.851s] -- Found PCL_STEREO: /usr/lib/x86_64-linux-gnu/libpcl_stereo.so  
[15.856s] -- Found PCL_APPS: /usr/lib/x86_64-linux-gnu/libpcl_apps.so  
[15.860s] -- Found PCL_IN_HAND_SCANNER: /usr/include/pcl-1.12  
[15.862s] -- Found PCL_MODELER: /usr/include/pcl-1.12  
[15.864s] -- Found PCL_POINT_CLOUD_EDITOR: /usr/include/pcl-1.12  
[15.871s] -- Found PCL_OUTOFCORE: /usr/lib/x86_64-linux-gnu/libpcl_outofcore.so  
[15.873s] -- Found PCL_PEOPLE: /usr/lib/x86_64-linux-gnu/libpcl_people.so  
[16.038s] -- Found eigen3_cmake_module: 0.1.1 (/opt/ros/humble/share/eigen3_cmake_module/cmake)
[16.053s] -- Found Eigen3: TRUE (found version "3.4.0") 
[16.053s] -- Ensuring Eigen3 include directory is part of orocos-kdl CMake target
[16.578s] -- Found livox_ros_driver2: 1.0.0 (/home/kentaro/ros2_ws/install/livox_ros_driver2/share/livox_ros_driver2/cmake)
[16.669s] -- Found rosidl_default_generators: 1.2.0 (/opt/ros/humble/share/rosidl_default_generators/cmake)
[16.704s] [33mCMake Warning (dev) at CMakeLists.txt:81 (find_package):
[16.705s]   Policy CMP0074 is not set: find_package uses <PackageName>_ROOT variables.
[16.705s]   Run "cmake --help-policy CMP0074" for policy details.  Use the cmake_policy
[16.705s]   command to set the policy and suppress this warning.
[16.705s] 
[16.706s]   CMake variable PCL_ROOT is set to:
[16.706s] 
[16.706s]     /usr
[16.706s] 
[16.706s]   For compatibility, CMake is ignoring the variable.
[16.707s] This warning is for project developers.  Use -Wno-dev to suppress it.
[16.707s] [0m
[16.737s] -- PCL: /usr/include/pcl-1.12
[16.739s] [0mEigen:/usr/include/eigen3[0m
[17.846s] -- Found ament_cmake_ros: 0.10.0 (/opt/ros/humble/share/ament_cmake_ros/cmake)
[18.907s] -- Using all available rosidl_typesupport_c: rosidl_typesupport_fastrtps_c;rosidl_typesupport_introspection_c
[19.389s] -- Using all available rosidl_typesupport_cpp: rosidl_typesupport_fastrtps_cpp;rosidl_typesupport_introspection_cpp
[19.459s] -- Found PythonInterp: /usr/bin/python3 (found suitable version "3.10.12", minimum required is "3.6") 
[19.460s] -- Found python_cmake_module: 0.10.0 (/opt/ros/humble/share/python_cmake_module/cmake)
[19.531s] -- Found PythonLibs: /usr/lib/x86_64-linux-gnu/libpython3.10.so (found suitable version "3.10.12", minimum required is "3.5") 
[19.532s] -- Using PYTHON_EXECUTABLE: /usr/bin/python3
[19.533s] -- Using PYTHON_INCLUDE_DIRS: /usr/include/python3.10
[19.533s] -- Using PYTHON_LIBRARIES: /usr/lib/x86_64-linux-gnu/libpython3.10.so
[19.605s] -- Found PythonExtra: .so  
[19.751s] -- Configuring done
[20.067s] -- Generating done
[20.076s] [33mCMake Warning:
[20.077s]   Manually-specified variables were not used by the project:
[20.077s] 
[20.077s]     HUMBLE_ROS
[20.077s]     ROS_EDITION
[20.077s] 
[20.078s] [0m
[20.141s] -- Build files have been written to: /home/kentaro/ros2_ws/build/fast_lio
[20.204s] Invoked command in '/home/kentaro/ros2_ws/build/fast_lio' returned '0': AMENT_PREFIX_PATH=/home/kentaro/ros2_ws/install/livox_ros_driver2:${AMENT_PREFIX_PATH} CMAKE_PREFIX_PATH=/home/kentaro/ros2_ws/install/livox_ros_driver2:/opt/ros/humble LD_LIBRARY_PATH=/home/kentaro/ros2_ws/install/livox_ros_driver2/lib:${LD_LIBRARY_PATH} PYTHONPATH=/home/kentaro/ros2_ws/install/livox_ros_driver2/local/lib/python3.10/dist-packages:${PYTHONPATH} /usr/bin/cmake /home/kentaro/ros2_ws/src/FAST_LIO -DROS_EDITION=ROS2 -DHUMBLE_ROS=humble -DCMAKE_INSTALL_PREFIX=/home/kentaro/ros2_ws/install/fast_lio
[20.214s] Invoking command in '/home/kentaro/ros2_ws/build/fast_lio': AMENT_PREFIX_PATH=/home/kentaro/ros2_ws/install/livox_ros_driver2:${AMENT_PREFIX_PATH} CMAKE_PREFIX_PATH=/home/kentaro/ros2_ws/install/livox_ros_driver2:/opt/ros/humble LD_LIBRARY_PATH=/home/kentaro/ros2_ws/install/livox_ros_driver2/lib:${LD_LIBRARY_PATH} PYTHONPATH=/home/kentaro/ros2_ws/install/livox_ros_driver2/local/lib/python3.10/dist-packages:${PYTHONPATH} /usr/bin/cmake --build /home/kentaro/ros2_ws/build/fast_lio -- -j8 -l8
[20.454s] [  2%] [34m[1mGenerating C++ code for ROS interfaces[0m
[21.851s] [  2%] Built target fast_lio__cpp
[21.920s] [  2%] Built target ament_cmake_python_copy_fast_lio
[21.945s] [  5%] [34m[1mGenerating C++ introspection for ROS interfaces[0m
[23.123s] [  8%] [32mBuilding CXX object CMakeFiles/fast_lio__rosidl_typesupport_introspection_cpp.dir/rosidl_typesupport_introspection_cpp/fast_lio/msg/detail/pose6_d__type_support.cpp.o[0m
[24.888s] [ 11%] [32m[1mLinking CXX shared library libfast_lio__rosidl_typesupport_introspection_cpp.so[0m
[25.009s] [ 11%] Built target fast_lio__rosidl_typesupport_introspection_cpp
[26.573s] running egg_info
[26.575s] creating fast_lio.egg-info
[26.578s] writing fast_lio.egg-info/PKG-INFO
[26.578s] writing dependency_links to fast_lio.egg-info/dependency_links.txt
[26.579s] writing top-level names to fast_lio.egg-info/top_level.txt
[26.580s] writing manifest file 'fast_lio.egg-info/SOURCES.txt'
[26.587s] reading manifest file 'fast_lio.egg-info/SOURCES.txt'
[26.593s] writing manifest file 'fast_lio.egg-info/SOURCES.txt'
[26.701s] [ 11%] Built target ament_cmake_python_build_fast_lio_egg
[26.757s] [ 14%] [34m[1mGenerating C++ type support for eProsima Fast-RTPS[0m
[28.219s] [ 17%] [32mBuilding CXX object CMakeFiles/fast_lio__rosidl_typesupport_fastrtps_cpp.dir/rosidl_typesupport_fastrtps_cpp/fast_lio/msg/detail/dds_fastrtps/pose6_d__type_support.cpp.o[0m
[29.903s] [ 20%] [32m[1mLinking CXX shared library libfast_lio__rosidl_typesupport_fastrtps_cpp.so[0m
[30.258s] [ 20%] Built target fast_lio__rosidl_typesupport_fastrtps_cpp
[30.288s] [ 22%] [34m[1mGenerating C++ type support dispatch for ROS interfaces[0m
[31.577s] [ 25%] [32mBuilding CXX object CMakeFiles/fast_lio__rosidl_typesupport_cpp.dir/rosidl_typesupport_cpp/fast_lio/msg/pose6_d__type_support.cpp.o[0m
[32.684s] [ 28%] [32m[1mLinking CXX shared library libfast_lio__rosidl_typesupport_cpp.so[0m
[32.798s] [ 28%] Built target fast_lio__rosidl_typesupport_cpp
[32.824s] [ 31%] [34m[1mGenerating C code for ROS interfaces[0m
[34.236s] [ 34%] [32mBuilding C object CMakeFiles/fast_lio__rosidl_generator_c.dir/rosidl_generator_c/fast_lio/msg/detail/pose6_d__functions.c.o[0m
[34.749s] [ 37%] [32m[1mLinking C shared library libfast_lio__rosidl_generator_c.so[0m
[34.881s] [ 37%] Built target fast_lio__rosidl_generator_c
[34.940s] [ 40%] [32mBuilding CXX object CMakeFiles/fastlio_mapping.dir/src/laserMapping.cpp.o[0m
[53.299s] In file included from [01m[K/usr/include/boost/smart_ptr/detail/sp_thread_sleep.hpp:22[m[K,
[53.299s]                  from [01m[K/usr/include/boost/smart_ptr/detail/yield_k.hpp:23[m[K,
[53.299s]                  from [01m[K/usr/include/boost/smart_ptr/detail/spinlock_gcc_atomic.hpp:14[m[K,
[53.299s]                  from [01m[K/usr/include/boost/smart_ptr/detail/spinlock.hpp:42[m[K,
[53.300s]                  from [01m[K/usr/include/boost/smart_ptr/detail/spinlock_pool.hpp:25[m[K,
[53.300s]                  from [01m[K/usr/include/boost/smart_ptr/shared_ptr.hpp:29[m[K,
[53.300s]                  from [01m[K/usr/include/boost/shared_ptr.hpp:17[m[K,
[53.300s]                  from [01m[K/usr/include/boost/date_time/microsec_time_clock.hpp:18[m[K,
[53.300s]                  from [01m[K/usr/include/boost/interprocess/detail/posix_time_types_wrk.hpp:31[m[K,
[53.300s]                  from [01m[K/usr/include/boost/interprocess/detail/os_thread_functions.hpp:36[m[K,
[53.300s]                  from [01m[K/usr/include/boost/interprocess/sync/file_lock.hpp:26[m[K,
[53.300s]                  from [01m[K/usr/include/pcl-1.12/pcl/io/pcd_io.h:46[m[K,
[53.300s]                  from [01m[K/opt/ros/humble/include/pcl_conversions/pcl_conversions/pcl_conversions.h:73[m[K,
[53.300s]                  from [01m[K/home/kentaro/ros2_ws/src/FAST_LIO/src/IMU_Processing.hpp:18[m[K,
[53.300s]                  from [01m[K/home/kentaro/ros2_ws/src/FAST_LIO/src/laserMapping.cpp:47[m[K:
[53.300s] [01m[K/usr/include/boost/bind.hpp:36:1:[m[K [01;36m[Knote: [m[K‘[01m[K#pragma message: The practice of declaring the Bind placeholders (_1, _2, ...) in the global namespace is deprecated. Please use <boost/bind/bind.hpp> + using namespace boost::placeholders, or define BOOST_BIND_GLOBAL_PLACEHOLDERS to retain the current behavior.[m[K’
[53.300s]    36 | [01;36m[KBOOST_PRAGMA_MESSAGE[m[K(
[53.300s]       | [01;36m[K^~~~~~~~~~~~~~~~~~~~[m[K
[150.178s] [ 42%] [32mBuilding CXX object CMakeFiles/fastlio_mapping.dir/include/ikd-Tree/ikd_Tree.cpp.o[0m
[150.178s] [ 45%] [32mBuilding CXX object CMakeFiles/fastlio_mapping.dir/src/preprocess.cpp.o[0m
[159.724s] [ 48%] [32m[1mLinking CXX executable fastlio_mapping[0m
[161.269s] [ 48%] Built target fastlio_mapping
[161.280s] [ 57%] [34m[1mGenerating C introspection for ROS interfaces[0m
[161.280s] [ 57%] [34m[1mGenerating C type support for eProsima Fast-RTPS[0m
[161.280s] [ 57%] [34m[1mGenerating C type support dispatch for ROS interfaces[0m
[161.630s] [ 60%] [32mBuilding CXX object CMakeFiles/fast_lio__rosidl_typesupport_c.dir/rosidl_typesupport_c/fast_lio/msg/pose6_d__type_support.cpp.o[0m
[161.666s] [ 62%] [32mBuilding C object CMakeFiles/fast_lio__rosidl_typesupport_introspection_c.dir/rosidl_typesupport_introspection_c/fast_lio/msg/detail/pose6_d__type_support.c.o[0m
[161.667s] [ 65%] [32m[1mLinking CXX shared library libfast_lio__rosidl_typesupport_c.so[0m
[161.668s] [ 68%] [32mBuilding CXX object CMakeFiles/fast_lio__rosidl_typesupport_fastrtps_c.dir/rosidl_typesupport_fastrtps_c/fast_lio/msg/detail/pose6_d__type_support_c.cpp.o[0m
[161.715s] [ 68%] Built target fast_lio__rosidl_typesupport_c
[161.770s] [ 71%] [32m[1mLinking C shared library libfast_lio__rosidl_typesupport_introspection_c.so[0m
[161.806s] [ 71%] Built target fast_lio__rosidl_typesupport_introspection_c
[162.097s] [ 74%] [32m[1mLinking CXX shared library libfast_lio__rosidl_typesupport_fastrtps_c.so[0m
[162.181s] [ 74%] Built target fast_lio__rosidl_typesupport_fastrtps_c
[162.201s] [ 74%] Built target fast_lio
[162.221s] [ 77%] [34m[1mGenerating Python code for ROS interfaces[0m
[162.729s] [ 77%] Built target fast_lio__py
[162.748s] [ 80%] [32mBuilding C object CMakeFiles/fast_lio__rosidl_generator_py.dir/rosidl_generator_py/fast_lio/msg/_pose6_d_s.c.o[0m
[162.918s] [ 82%] [32m[1mLinking C shared library rosidl_generator_py/fast_lio/libfast_lio__rosidl_generator_py.so[0m
[162.958s] [ 82%] Built target fast_lio__rosidl_generator_py
[162.979s] [ 91%] [32mBuilding C object CMakeFiles/fast_lio__rosidl_typesupport_introspection_c__pyext.dir/rosidl_generator_py/fast_lio/_fast_lio_s.ep.rosidl_typesupport_introspection_c.c.o[0m
[162.979s] [ 91%] [32mBuilding C object CMakeFiles/fast_lio__rosidl_typesupport_c__pyext.dir/rosidl_generator_py/fast_lio/_fast_lio_s.ep.rosidl_typesupport_c.c.o[0m
[162.979s] [ 91%] [32mBuilding C object CMakeFiles/fast_lio__rosidl_typesupport_fastrtps_c__pyext.dir/rosidl_generator_py/fast_lio/_fast_lio_s.ep.rosidl_typesupport_fastrtps_c.c.o[0m
[163.104s] [ 97%] [32m[1mLinking C shared library rosidl_generator_py/fast_lio/fast_lio_s__rosidl_typesupport_c.cpython-310-x86_64-linux-gnu.so[0m
[163.104s] [ 97%] [32m[1mLinking C shared library rosidl_generator_py/fast_lio/fast_lio_s__rosidl_typesupport_introspection_c.cpython-310-x86_64-linux-gnu.so[0m
[163.106s] [100%] [32m[1mLinking C shared library rosidl_generator_py/fast_lio/fast_lio_s__rosidl_typesupport_fastrtps_c.cpython-310-x86_64-linux-gnu.so[0m
[163.141s] [100%] Built target fast_lio__rosidl_typesupport_c__pyext
[163.141s] [100%] Built target fast_lio__rosidl_typesupport_introspection_c__pyext
[163.142s] [100%] Built target fast_lio__rosidl_typesupport_fastrtps_c__pyext
[163.172s] Invoked command in '/home/kentaro/ros2_ws/build/fast_lio' returned '0': AMENT_PREFIX_PATH=/home/kentaro/ros2_ws/install/livox_ros_driver2:${AMENT_PREFIX_PATH} CMAKE_PREFIX_PATH=/home/kentaro/ros2_ws/install/livox_ros_driver2:/opt/ros/humble LD_LIBRARY_PATH=/home/kentaro/ros2_ws/install/livox_ros_driver2/lib:${LD_LIBRARY_PATH} PYTHONPATH=/home/kentaro/ros2_ws/install/livox_ros_driver2/local/lib/python3.10/dist-packages:${PYTHONPATH} /usr/bin/cmake --build /home/kentaro/ros2_ws/build/fast_lio -- -j8 -l8
[163.176s] Invoking command in '/home/kentaro/ros2_ws/build/fast_lio': AMENT_PREFIX_PATH=/home/kentaro/ros2_ws/install/livox_ros_driver2:${AMENT_PREFIX_PATH} CMAKE_PREFIX_PATH=/home/kentaro/ros2_ws/install/livox_ros_driver2:/opt/ros/humble LD_LIBRARY_PATH=/home/kentaro/ros2_ws/install/livox_ros_driver2/lib:${LD_LIBRARY_PATH} PYTHONPATH=/home/kentaro/ros2_ws/install/livox_ros_driver2/local/lib/python3.10/dist-packages:${PYTHONPATH} /usr/bin/cmake --install /home/kentaro/ros2_ws/build/fast_lio
[163.184s] -- Install configuration: "Release"
[163.184s] -- Installing: /home/kentaro/ros2_ws/install/fast_lio/share/ament_index/resource_index/rosidl_interfaces/fast_lio
[163.184s] -- Installing: /home/kentaro/ros2_ws/install/fast_lio/include/fast_lio/fast_lio
[163.185s] -- Installing: /home/kentaro/ros2_ws/install/fast_lio/include/fast_lio/fast_lio/msg
[163.185s] -- Installing: /home/kentaro/ros2_ws/install/fast_lio/include/fast_lio/fast_lio/msg/pose6_d.h
[163.185s] -- Installing: /home/kentaro/ros2_ws/install/fast_lio/include/fast_lio/fast_lio/msg/detail
[163.185s] -- Installing: /home/kentaro/ros2_ws/install/fast_lio/include/fast_lio/fast_lio/msg/detail/pose6_d__struct.h
[163.185s] -- Installing: /home/kentaro/ros2_ws/install/fast_lio/include/fast_lio/fast_lio/msg/detail/pose6_d__functions.h
[163.185s] -- Installing: /home/kentaro/ros2_ws/install/fast_lio/include/fast_lio/fast_lio/msg/detail/pose6_d__type_support.h
[163.185s] -- Installing: /home/kentaro/ros2_ws/install/fast_lio/include/fast_lio/fast_lio/msg/detail/pose6_d__functions.c
[163.186s] -- Installing: /home/kentaro/ros2_ws/install/fast_lio/include/fast_lio/fast_lio/msg/rosidl_generator_c__visibility_control.h
[163.186s] -- Installing: /home/kentaro/ros2_ws/install/fast_lio/share/fast_lio/environment/library_path.sh
[163.186s] -- Installing: /home/kentaro/ros2_ws/install/fast_lio/share/fast_lio/environment/library_path.dsv
[163.186s] -- Installing: /home/kentaro/ros2_ws/install/fast_lio/lib/libfast_lio__rosidl_generator_c.so
[163.187s] -- Set runtime path of "/home/kentaro/ros2_ws/install/fast_lio/lib/libfast_lio__rosidl_generator_c.so" to ""
[163.187s] -- Up-to-date: /home/kentaro/ros2_ws/install/fast_lio/include/fast_lio/fast_lio
[163.187s] -- Up-to-date: /home/kentaro/ros2_ws/install/fast_lio/include/fast_lio/fast_lio/msg
[163.187s] -- Installing: /home/kentaro/ros2_ws/install/fast_lio/include/fast_lio/fast_lio/msg/rosidl_typesupport_fastrtps_c__visibility_control.h
[163.187s] -- Up-to-date: /home/kentaro/ros2_ws/install/fast_lio/include/fast_lio/fast_lio/msg/detail
[163.187s] -- Installing: /home/kentaro/ros2_ws/install/fast_lio/include/fast_lio/fast_lio/msg/detail/pose6_d__rosidl_typesupport_fastrtps_c.h
[163.187s] -- Installing: /home/kentaro/ros2_ws/install/fast_lio/lib/libfast_lio__rosidl_typesupport_fastrtps_c.so
[163.187s] -- Set runtime path of "/home/kentaro/ros2_ws/install/fast_lio/lib/libfast_lio__rosidl_typesupport_fastrtps_c.so" to ""
[163.187s] -- Up-to-date: /home/kentaro/ros2_ws/install/fast_lio/include/fast_lio/fast_lio
[163.188s] -- Up-to-date: /home/kentaro/ros2_ws/install/fast_lio/include/fast_lio/fast_lio/msg
[163.188s] -- Installing: /home/kentaro/ros2_ws/install/fast_lio/include/fast_lio/fast_lio/msg/pose6_d.hpp
[163.188s] -- Installing: /home/kentaro/ros2_ws/install/fast_lio/include/fast_lio/fast_lio/msg/rosidl_generator_cpp__visibility_control.hpp
[163.188s] -- Up-to-date: /home/kentaro/ros2_ws/install/fast_lio/include/fast_lio/fast_lio/msg/detail
[163.188s] -- Installing: /home/kentaro/ros2_ws/install/fast_lio/include/fast_lio/fast_lio/msg/detail/pose6_d__traits.hpp
[163.188s] -- Installing: /home/kentaro/ros2_ws/install/fast_lio/include/fast_lio/fast_lio/msg/detail/pose6_d__type_support.hpp
[163.189s] -- Installing: /home/kentaro/ros2_ws/install/fast_lio/include/fast_lio/fast_lio/msg/detail/pose6_d__struct.hpp
[163.189s] -- Installing: /home/kentaro/ros2_ws/install/fast_lio/include/fast_lio/fast_lio/msg/detail/pose6_d__builder.hpp
[163.189s] -- Up-to-date: /home/kentaro/ros2_ws/install/fast_lio/include/fast_lio/fast_lio
[163.189s] -- Up-to-date: /home/kentaro/ros2_ws/install/fast_lio/include/fast_lio/fast_lio/msg
[163.189s] -- Installing: /home/kentaro/ros2_ws/install/fast_lio/include/fast_lio/fast_lio/msg/rosidl_typesupport_fastrtps_cpp__visibility_control.h
[163.189s] -- Up-to-date: /home/kentaro/ros2_ws/install/fast_lio/include/fast_lio/fast_lio/msg/detail
[163.189s] -- Installing: /home/kentaro/ros2_ws/install/fast_lio/include/fast_lio/fast_lio/msg/detail/dds_fastrtps
[163.190s] -- Installing: /home/kentaro/ros2_ws/install/fast_lio/include/fast_lio/fast_lio/msg/detail/pose6_d__rosidl_typesupport_fastrtps_cpp.hpp
[163.190s] -- Installing: /home/kentaro/ros2_ws/install/fast_lio/lib/libfast_lio__rosidl_typesupport_fastrtps_cpp.so
[163.190s] -- Set runtime path of "/home/kentaro/ros2_ws/install/fast_lio/lib/libfast_lio__rosidl_typesupport_fastrtps_cpp.so" to ""
[163.190s] -- Up-to-date: /home/kentaro/ros2_ws/install/fast_lio/include/fast_lio/fast_lio
[163.190s] -- Up-to-date: /home/kentaro/ros2_ws/install/fast_lio/include/fast_lio/fast_lio/msg
[163.191s] -- Installing: /home/kentaro/ros2_ws/install/fast_lio/include/fast_lio/fast_lio/msg/rosidl_typesupport_introspection_c__visibility_control.h
[163.191s] -- Up-to-date: /home/kentaro/ros2_ws/install/fast_lio/include/fast_lio/fast_lio/msg/detail
[163.191s] -- Installing: /home/kentaro/ros2_ws/install/fast_lio/include/fast_lio/fast_lio/msg/detail/pose6_d__rosidl_typesupport_introspection_c.h
[163.191s] -- Installing: /home/kentaro/ros2_ws/install/fast_lio/include/fast_lio/fast_lio/msg/detail/pose6_d__type_support.c
[163.191s] -- Installing: /home/kentaro/ros2_ws/install/fast_lio/lib/libfast_lio__rosidl_typesupport_introspection_c.so
[163.191s] -- Set runtime path of "/home/kentaro/ros2_ws/install/fast_lio/lib/libfast_lio__rosidl_typesupport_introspection_c.so" to ""
[163.191s] -- Installing: /home/kentaro/ros2_ws/install/fast_lio/lib/libfast_lio__rosidl_typesupport_c.so
[163.191s] -- Set runtime path of "/home/kentaro/ros2_ws/install/fast_lio/lib/libfast_lio__rosidl_typesupport_c.so" to ""
[163.192s] -- Up-to-date: /home/kentaro/ros2_ws/install/fast_lio/include/fast_lio/fast_lio
[163.192s] -- Up-to-date: /home/kentaro/ros2_ws/install/fast_lio/include/fast_lio/fast_lio/msg
[163.192s] -- Up-to-date: /home/kentaro/ros2_ws/install/fast_lio/include/fast_lio/fast_lio/msg/detail
[163.192s] -- Installing: /home/kentaro/ros2_ws/install/fast_lio/include/fast_lio/fast_lio/msg/detail/pose6_d__rosidl_typesupport_introspection_cpp.hpp
[163.192s] -- Installing: /home/kentaro/ros2_ws/install/fast_lio/include/fast_lio/fast_lio/msg/detail/pose6_d__type_support.cpp
[163.192s] -- Installing: /home/kentaro/ros2_ws/install/fast_lio/lib/libfast_lio__rosidl_typesupport_introspection_cpp.so
[163.193s] -- Set runtime path of "/home/kentaro/ros2_ws/install/fast_lio/lib/libfast_lio__rosidl_typesupport_introspection_cpp.so" to ""
[163.193s] -- Installing: /home/kentaro/ros2_ws/install/fast_lio/lib/libfast_lio__rosidl_typesupport_cpp.so
[163.193s] -- Set runtime path of "/home/kentaro/ros2_ws/install/fast_lio/lib/libfast_lio__rosidl_typesupport_cpp.so" to ""
[163.193s] -- Installing: /home/kentaro/ros2_ws/install/fast_lio/share/fast_lio/environment/pythonpath.sh
[163.193s] -- Installing: /home/kentaro/ros2_ws/install/fast_lio/share/fast_lio/environment/pythonpath.dsv
[163.194s] -- Installing: /home/kentaro/ros2_ws/install/fast_lio/local/lib/python3.10/dist-packages/fast_lio-0.0.0-py3.10.egg-info
[163.194s] -- Installing: /home/kentaro/ros2_ws/install/fast_lio/local/lib/python3.10/dist-packages/fast_lio-0.0.0-py3.10.egg-info/PKG-INFO
[163.194s] -- Installing: /home/kentaro/ros2_ws/install/fast_lio/local/lib/python3.10/dist-packages/fast_lio-0.0.0-py3.10.egg-info/SOURCES.txt
[163.194s] -- Installing: /home/kentaro/ros2_ws/install/fast_lio/local/lib/python3.10/dist-packages/fast_lio-0.0.0-py3.10.egg-info/dependency_links.txt
[163.194s] -- Installing: /home/kentaro/ros2_ws/install/fast_lio/local/lib/python3.10/dist-packages/fast_lio-0.0.0-py3.10.egg-info/top_level.txt
[163.195s] -- Installing: /home/kentaro/ros2_ws/install/fast_lio/local/lib/python3.10/dist-packages/fast_lio
[163.195s] -- Installing: /home/kentaro/ros2_ws/install/fast_lio/local/lib/python3.10/dist-packages/fast_lio/_fast_lio_s.ep.rosidl_typesupport_introspection_c.c
[163.195s] -- Installing: /home/kentaro/ros2_ws/install/fast_lio/local/lib/python3.10/dist-packages/fast_lio/msg
[163.195s] -- Installing: /home/kentaro/ros2_ws/install/fast_lio/local/lib/python3.10/dist-packages/fast_lio/msg/_pose6_d_s.c
[163.195s] -- Installing: /home/kentaro/ros2_ws/install/fast_lio/local/lib/python3.10/dist-packages/fast_lio/msg/__init__.py
[163.195s] -- Installing: /home/kentaro/ros2_ws/install/fast_lio/local/lib/python3.10/dist-packages/fast_lio/msg/_pose6_d.py
[163.195s] -- Installing: /home/kentaro/ros2_ws/install/fast_lio/local/lib/python3.10/dist-packages/fast_lio/libfast_lio__rosidl_generator_py.so
[163.195s] -- Installing: /home/kentaro/ros2_ws/install/fast_lio/local/lib/python3.10/dist-packages/fast_lio/__init__.py
[163.195s] -- Installing: /home/kentaro/ros2_ws/install/fast_lio/local/lib/python3.10/dist-packages/fast_lio/_fast_lio_s.ep.rosidl_typesupport_c.c
[163.195s] -- Installing: /home/kentaro/ros2_ws/install/fast_lio/local/lib/python3.10/dist-packages/fast_lio/fast_lio_s__rosidl_typesupport_c.cpython-310-x86_64-linux-gnu.so
[163.196s] -- Installing: /home/kentaro/ros2_ws/install/fast_lio/local/lib/python3.10/dist-packages/fast_lio/_fast_lio_s.ep.rosidl_typesupport_fastrtps_c.c
[163.196s] -- Installing: /home/kentaro/ros2_ws/install/fast_lio/local/lib/python3.10/dist-packages/fast_lio/fast_lio_s__rosidl_typesupport_fastrtps_c.cpython-310-x86_64-linux-gnu.so
[163.196s] -- Installing: /home/kentaro/ros2_ws/install/fast_lio/local/lib/python3.10/dist-packages/fast_lio/fast_lio_s__rosidl_typesupport_introspection_c.cpython-310-x86_64-linux-gnu.so
[163.237s] Listing '/home/kentaro/ros2_ws/install/fast_lio/local/lib/python3.10/dist-packages/fast_lio'...
[163.237s] Compiling '/home/kentaro/ros2_ws/install/fast_lio/local/lib/python3.10/dist-packages/fast_lio/__init__.py'...
[163.238s] Listing '/home/kentaro/ros2_ws/install/fast_lio/local/lib/python3.10/dist-packages/fast_lio/msg'...
[163.238s] Compiling '/home/kentaro/ros2_ws/install/fast_lio/local/lib/python3.10/dist-packages/fast_lio/msg/__init__.py'...
[163.238s] Compiling '/home/kentaro/ros2_ws/install/fast_lio/local/lib/python3.10/dist-packages/fast_lio/msg/_pose6_d.py'...
[163.244s] -- Installing: /home/kentaro/ros2_ws/install/fast_lio/local/lib/python3.10/dist-packages/fast_lio/fast_lio_s__rosidl_typesupport_fastrtps_c.cpython-310-x86_64-linux-gnu.so
[163.244s] -- Set runtime path of "/home/kentaro/ros2_ws/install/fast_lio/local/lib/python3.10/dist-packages/fast_lio/fast_lio_s__rosidl_typesupport_fastrtps_c.cpython-310-x86_64-linux-gnu.so" to ""
[163.244s] -- Installing: /home/kentaro/ros2_ws/install/fast_lio/local/lib/python3.10/dist-packages/fast_lio/fast_lio_s__rosidl_typesupport_introspection_c.cpython-310-x86_64-linux-gnu.so
[163.244s] -- Set runtime path of "/home/kentaro/ros2_ws/install/fast_lio/local/lib/python3.10/dist-packages/fast_lio/fast_lio_s__rosidl_typesupport_introspection_c.cpython-310-x86_64-linux-gnu.so" to ""
[163.245s] -- Installing: /home/kentaro/ros2_ws/install/fast_lio/local/lib/python3.10/dist-packages/fast_lio/fast_lio_s__rosidl_typesupport_c.cpython-310-x86_64-linux-gnu.so
[163.245s] -- Set runtime path of "/home/kentaro/ros2_ws/install/fast_lio/local/lib/python3.10/dist-packages/fast_lio/fast_lio_s__rosidl_typesupport_c.cpython-310-x86_64-linux-gnu.so" to ""
[163.245s] -- Installing: /home/kentaro/ros2_ws/install/fast_lio/lib/libfast_lio__rosidl_generator_py.so
[163.245s] -- Set runtime path of "/home/kentaro/ros2_ws/install/fast_lio/lib/libfast_lio__rosidl_generator_py.so" to ""
[163.245s] -- Installing: /home/kentaro/ros2_ws/install/fast_lio/share/fast_lio/msg/Pose6D.idl
[163.245s] -- Installing: /home/kentaro/ros2_ws/install/fast_lio/share/fast_lio/msg/Pose6D.msg
[163.246s] -- Installing: /home/kentaro/ros2_ws/install/fast_lio/lib/fast_lio/fastlio_mapping
[163.248s] -- Set runtime path of "/home/kentaro/ros2_ws/install/fast_lio/lib/fast_lio/fastlio_mapping" to ""
[163.248s] -- Installing: /home/kentaro/ros2_ws/install/fast_lio/share/fast_lio/config
[163.248s] -- Installing: /home/kentaro/ros2_ws/install/fast_lio/share/fast_lio/config/mid360.yaml
[163.248s] -- Installing: /home/kentaro/ros2_ws/install/fast_lio/share/fast_lio/config/avia.yaml
[163.248s] -- Installing: /home/kentaro/ros2_ws/install/fast_lio/share/fast_lio/config/m2dgr.yaml
[163.249s] -- Installing: /home/kentaro/ros2_ws/install/fast_lio/share/fast_lio/config/ouster64.yaml
[163.249s] -- Installing: /home/kentaro/ros2_ws/install/fast_lio/share/fast_lio/config/velodyne.yaml
[163.249s] -- Installing: /home/kentaro/ros2_ws/install/fast_lio/share/fast_lio/config/horizon.yaml
[163.249s] -- Installing: /home/kentaro/ros2_ws/install/fast_lio/share/fast_lio/launch
[163.249s] -- Installing: /home/kentaro/ros2_ws/install/fast_lio/share/fast_lio/launch/mapping_avia.launch.py
[163.249s] -- Installing: /home/kentaro/ros2_ws/install/fast_lio/share/fast_lio/launch/mapping_velodyne.launch.py
[163.250s] -- Installing: /home/kentaro/ros2_ws/install/fast_lio/share/fast_lio/launch/mapping_horizon.launch.py
[163.250s] -- Installing: /home/kentaro/ros2_ws/install/fast_lio/share/fast_lio/launch/mapping_mid360.launch.py
[163.250s] -- Installing: /home/kentaro/ros2_ws/install/fast_lio/share/fast_lio/launch/mapping_ouster64.launch.py
[163.250s] -- Installing: /home/kentaro/ros2_ws/install/fast_lio/share/fast_lio/launch/mapping_m2dgr.launch.py
[163.250s] -- Installing: /home/kentaro/ros2_ws/install/fast_lio/share/fast_lio/launch/gdb_debug_example.launch
[163.250s] -- Installing: /home/kentaro/ros2_ws/install/fast_lio/share/fast_lio/rviz_cfg
[163.250s] -- Installing: /home/kentaro/ros2_ws/install/fast_lio/share/fast_lio/rviz_cfg/fastlio.rviz
[163.251s] -- Installing: /home/kentaro/ros2_ws/install/fast_lio/share/fast_lio/rviz_cfg/.gitignore
[163.251s] -- Installing: /home/kentaro/ros2_ws/install/fast_lio/share/fast_lio/rviz_cfg/m2dgr.rviz
[163.251s] -- Installing: /home/kentaro/ros2_ws/install/fast_lio/share/ament_index/resource_index/package_run_dependencies/fast_lio
[163.251s] -- Installing: /home/kentaro/ros2_ws/install/fast_lio/share/ament_index/resource_index/parent_prefix_path/fast_lio
[163.252s] -- Installing: /home/kentaro/ros2_ws/install/fast_lio/share/fast_lio/environment/ament_prefix_path.sh
[163.252s] -- Installing: /home/kentaro/ros2_ws/install/fast_lio/share/fast_lio/environment/ament_prefix_path.dsv
[163.252s] -- Installing: /home/kentaro/ros2_ws/install/fast_lio/share/fast_lio/environment/path.sh
[163.252s] -- Installing: /home/kentaro/ros2_ws/install/fast_lio/share/fast_lio/environment/path.dsv
[163.252s] -- Installing: /home/kentaro/ros2_ws/install/fast_lio/share/fast_lio/local_setup.bash
[163.252s] -- Installing: /home/kentaro/ros2_ws/install/fast_lio/share/fast_lio/local_setup.sh
[163.253s] -- Installing: /home/kentaro/ros2_ws/install/fast_lio/share/fast_lio/local_setup.zsh
[163.253s] -- Installing: /home/kentaro/ros2_ws/install/fast_lio/share/fast_lio/local_setup.dsv
[163.253s] -- Installing: /home/kentaro/ros2_ws/install/fast_lio/share/fast_lio/package.dsv
[163.253s] -- Installing: /home/kentaro/ros2_ws/install/fast_lio/share/ament_index/resource_index/packages/fast_lio
[163.253s] -- Installing: /home/kentaro/ros2_ws/install/fast_lio/share/fast_lio/cmake/export_fast_lio__rosidl_generator_cExport.cmake
[163.254s] -- Installing: /home/kentaro/ros2_ws/install/fast_lio/share/fast_lio/cmake/export_fast_lio__rosidl_generator_cExport-release.cmake
[163.254s] -- Installing: /home/kentaro/ros2_ws/install/fast_lio/share/fast_lio/cmake/export_fast_lio__rosidl_typesupport_fastrtps_cExport.cmake
[163.254s] -- Installing: /home/kentaro/ros2_ws/install/fast_lio/share/fast_lio/cmake/export_fast_lio__rosidl_typesupport_fastrtps_cExport-release.cmake
[163.254s] -- Installing: /home/kentaro/ros2_ws/install/fast_lio/share/fast_lio/cmake/export_fast_lio__rosidl_generator_cppExport.cmake
[163.255s] -- Installing: /home/kentaro/ros2_ws/install/fast_lio/share/fast_lio/cmake/export_fast_lio__rosidl_typesupport_fastrtps_cppExport.cmake
[163.255s] -- Installing: /home/kentaro/ros2_ws/install/fast_lio/share/fast_lio/cmake/export_fast_lio__rosidl_typesupport_fastrtps_cppExport-release.cmake
[163.255s] -- Installing: /home/kentaro/ros2_ws/install/fast_lio/share/fast_lio/cmake/fast_lio__rosidl_typesupport_introspection_cExport.cmake
[163.255s] -- Installing: /home/kentaro/ros2_ws/install/fast_lio/share/fast_lio/cmake/fast_lio__rosidl_typesupport_introspection_cExport-release.cmake
[163.255s] -- Installing: /home/kentaro/ros2_ws/install/fast_lio/share/fast_lio/cmake/fast_lio__rosidl_typesupport_cExport.cmake
[163.256s] -- Installing: /home/kentaro/ros2_ws/install/fast_lio/share/fast_lio/cmake/fast_lio__rosidl_typesupport_cExport-release.cmake
[163.256s] -- Installing: /home/kentaro/ros2_ws/install/fast_lio/share/fast_lio/cmake/fast_lio__rosidl_typesupport_introspection_cppExport.cmake
[163.256s] -- Installing: /home/kentaro/ros2_ws/install/fast_lio/share/fast_lio/cmake/fast_lio__rosidl_typesupport_introspection_cppExport-release.cmake
[163.256s] -- Installing: /home/kentaro/ros2_ws/install/fast_lio/share/fast_lio/cmake/fast_lio__rosidl_typesupport_cppExport.cmake
[163.257s] -- Installing: /home/kentaro/ros2_ws/install/fast_lio/share/fast_lio/cmake/fast_lio__rosidl_typesupport_cppExport-release.cmake
[163.257s] -- Installing: /home/kentaro/ros2_ws/install/fast_lio/share/fast_lio/cmake/export_fast_lio__rosidl_generator_pyExport.cmake
[163.257s] -- Installing: /home/kentaro/ros2_ws/install/fast_lio/share/fast_lio/cmake/export_fast_lio__rosidl_generator_pyExport-release.cmake
[163.257s] -- Installing: /home/kentaro/ros2_ws/install/fast_lio/share/fast_lio/cmake/rosidl_cmake-extras.cmake
[163.257s] -- Installing: /home/kentaro/ros2_ws/install/fast_lio/share/fast_lio/cmake/ament_cmake_export_include_directories-extras.cmake
[163.258s] -- Installing: /home/kentaro/ros2_ws/install/fast_lio/share/fast_lio/cmake/ament_cmake_export_libraries-extras.cmake
[163.258s] -- Installing: /home/kentaro/ros2_ws/install/fast_lio/share/fast_lio/cmake/ament_cmake_export_targets-extras.cmake
[163.258s] -- Installing: /home/kentaro/ros2_ws/install/fast_lio/share/fast_lio/cmake/rosidl_cmake_export_typesupport_targets-extras.cmake
[163.258s] -- Installing: /home/kentaro/ros2_ws/install/fast_lio/share/fast_lio/cmake/ament_cmake_export_dependencies-extras.cmake
[163.258s] -- Installing: /home/kentaro/ros2_ws/install/fast_lio/share/fast_lio/cmake/rosidl_cmake_export_typesupport_libraries-extras.cmake
[163.259s] -- Installing: /home/kentaro/ros2_ws/install/fast_lio/share/fast_lio/cmake/fast_lioConfig.cmake
[163.259s] -- Installing: /home/kentaro/ros2_ws/install/fast_lio/share/fast_lio/cmake/fast_lioConfig-version.cmake
[163.259s] -- Installing: /home/kentaro/ros2_ws/install/fast_lio/share/fast_lio/package.xml
[163.262s] Invoked command in '/home/kentaro/ros2_ws/build/fast_lio' returned '0': AMENT_PREFIX_PATH=/home/kentaro/ros2_ws/install/livox_ros_driver2:${AMENT_PREFIX_PATH} CMAKE_PREFIX_PATH=/home/kentaro/ros2_ws/install/livox_ros_driver2:/opt/ros/humble LD_LIBRARY_PATH=/home/kentaro/ros2_ws/install/livox_ros_driver2/lib:${LD_LIBRARY_PATH} PYTHONPATH=/home/kentaro/ros2_ws/install/livox_ros_driver2/local/lib/python3.10/dist-packages:${PYTHONPATH} /usr/bin/cmake --install /home/kentaro/ros2_ws/build/fast_lio
