[0.008s] Invoking command in '/home/kentaro/ros2_ws/build/fast_lio': AMENT_PREFIX_PATH=/home/kentaro/ros2_ws/install/livox_ros_driver2:${AMENT_PREFIX_PATH} CMAKE_PREFIX_PATH=/home/kentaro/ros2_ws/install/livox_ros_driver2:/opt/ros/humble LD_LIBRARY_PATH=/home/kentaro/ros2_ws/install/livox_ros_driver2/lib:${LD_LIBRARY_PATH} PYTHONPATH=/home/kentaro/ros2_ws/install/livox_ros_driver2/local/lib/python3.10/dist-packages:${PYTHONPATH} /usr/bin/cmake /home/kentaro/ros2_ws/src/FAST_LIO -DROS_EDITION=ROS2 -DHUMBLE_ROS=humble -DCMAKE_INSTALL_PREFIX=/home/kentaro/ros2_ws/install/fast_lio
[0.062s] -- The C compiler identification is GNU 11.4.0
[0.127s] -- The CXX compiler identification is GNU 11.4.0
[0.134s] -- Detecting C compiler ABI info
[0.202s] -- Detecting C compiler ABI info - done
[0.211s] -- Check for working C compiler: /usr/bin/cc - skipped
[0.211s] -- Detecting C compile features
[0.211s] -- Detecting C compile features - done
[0.215s] -- Detecting CXX compiler ABI info
[0.303s] -- Detecting CXX compiler ABI info - done
[0.312s] -- Check for working CXX compiler: /usr/bin/c++ - skipped
[0.312s] -- Detecting CXX compile features
[0.313s] -- Detecting CXX compile features - done
[0.313s] [0mCurrent CPU archtecture: x86_64[0m
[0.319s] [0mProcesser number:  8[0m
[0.319s] [0mcore for MP: 3[0m
[0.708s] -- Found PythonLibs: /usr/lib/x86_64-linux-gnu/libpython3.10.so (found version "3.10.12") 
[0.709s] -- Found ament_cmake: 1.3.12 (/opt/ros/humble/share/ament_cmake/cmake)
[0.894s] -- Found Python3: /usr/bin/python3 (found version "3.10.12") found components: Interpreter 
[1.005s] -- Found rclcpp: 16.0.15 (/opt/ros/humble/share/rclcpp/cmake)
[1.047s] -- Found rosidl_generator_c: 3.1.7 (/opt/ros/humble/share/rosidl_generator_c/cmake)
[1.052s] -- Found rosidl_adapter: 3.1.7 (/opt/ros/humble/share/rosidl_adapter/cmake)
[1.062s] -- Found rosidl_generator_cpp: 3.1.7 (/opt/ros/humble/share/rosidl_generator_cpp/cmake)
[1.077s] -- Using all available rosidl_typesupport_c: rosidl_typesupport_fastrtps_c;rosidl_typesupport_introspection_c
[1.097s] -- Using all available rosidl_typesupport_cpp: rosidl_typesupport_fastrtps_cpp;rosidl_typesupport_introspection_cpp
[1.152s] -- Found rmw_implementation_cmake: 6.1.2 (/opt/ros/humble/share/rmw_implementation_cmake/cmake)
[1.155s] -- Found rmw_fastrtps_cpp: 6.2.9 (/opt/ros/humble/share/rmw_fastrtps_cpp/cmake)
[1.254s] -- Found OpenSSL: /usr/lib/x86_64-linux-gnu/libcrypto.so (found version "3.0.2")  
[1.286s] -- Found FastRTPS: /opt/ros/humble/include  
[1.337s] -- Using RMW implementation 'rmw_fastrtps_cpp' as default
[1.347s] -- Looking for pthread.h
[1.438s] -- Looking for pthread.h - found
[1.439s] -- Performing Test CMAKE_HAVE_LIBC_PTHREAD
[1.540s] -- Performing Test CMAKE_HAVE_LIBC_PTHREAD - Success
[1.542s] -- Found Threads: TRUE  
[1.625s] -- Found rclcpp_components: 16.0.15 (/opt/ros/humble/share/rclcpp_components/cmake)
[1.667s] -- Found geometry_msgs: 4.9.0 (/opt/ros/humble/share/geometry_msgs/cmake)
[1.691s] -- Found nav_msgs: 4.9.0 (/opt/ros/humble/share/nav_msgs/cmake)
[1.723s] -- Found sensor_msgs: 4.9.0 (/opt/ros/humble/share/sensor_msgs/cmake)
[1.754s] -- Found std_srvs: 4.9.0 (/opt/ros/humble/share/std_srvs/cmake)
[1.774s] -- Found visualization_msgs: 4.9.0 (/opt/ros/humble/share/visualization_msgs/cmake)
[1.821s] [31mCMake Error at CMakeLists.txt:60 (find_package):
[1.821s]   By not providing "Findpcl_ros.cmake" in CMAKE_MODULE_PATH this project has
[1.822s]   asked CMake to find a package configuration file provided by "pcl_ros", but
[1.822s]   CMake did not find one.
[1.822s] 
[1.822s]   Could not find a package configuration file provided by "pcl_ros" with any
[1.822s]   of the following names:
[1.822s] 
[1.823s]     pcl_rosConfig.cmake
[1.823s]     pcl_ros-config.cmake
[1.823s] 
[1.823s]   Add the installation prefix of "pcl_ros" to CMAKE_PREFIX_PATH or set
[1.823s]   "pcl_ros_DIR" to a directory containing one of the above files.  If
[1.823s]   "pcl_ros" provides a separate development package or SDK, be sure it has
[1.823s]   been installed.
[1.824s] 
[1.824s] [0m
[1.824s] -- Configuring incomplete, errors occurred!
[1.824s] See also "/home/kentaro/ros2_ws/build/fast_lio/CMakeFiles/CMakeOutput.log".
[1.837s] Invoked command in '/home/kentaro/ros2_ws/build/fast_lio' returned '1': AMENT_PREFIX_PATH=/home/kentaro/ros2_ws/install/livox_ros_driver2:${AMENT_PREFIX_PATH} CMAKE_PREFIX_PATH=/home/kentaro/ros2_ws/install/livox_ros_driver2:/opt/ros/humble LD_LIBRARY_PATH=/home/kentaro/ros2_ws/install/livox_ros_driver2/lib:${LD_LIBRARY_PATH} PYTHONPATH=/home/kentaro/ros2_ws/install/livox_ros_driver2/local/lib/python3.10/dist-packages:${PYTHONPATH} /usr/bin/cmake /home/kentaro/ros2_ws/src/FAST_LIO -DROS_EDITION=ROS2 -DHUMBLE_ROS=humble -DCMAKE_INSTALL_PREFIX=/home/kentaro/ros2_ws/install/fast_lio
