[0.011s] Invoking command in '/home/kentaro/ros2_ws/build/unitree_ros2_example': AMENT_PREFIX_PATH=/home/kentaro/ros2_ws/install/unitree_hg:/home/kentaro/ros2_ws/install/unitree_go:/home/kentaro/ros2_ws/install/unitree_api:${AMENT_PREFIX_PATH} CMAKE_PREFIX_PATH=/home/kentaro/ros2_ws/install/unitree_hg:/home/kentaro/ros2_ws/install/unitree_go:/home/kentaro/ros2_ws/install/unitree_api:/opt/ros/humble LD_LIBRARY_PATH=/home/kentaro/ros2_ws/install/unitree_hg/lib:/home/kentaro/ros2_ws/install/unitree_go/lib:/home/kentaro/ros2_ws/install/unitree_api/lib:${LD_LIBRARY_PATH} PYTHONPATH=/home/kentaro/ros2_ws/install/unitree_hg/local/lib/python3.10/dist-packages:/home/kentaro/ros2_ws/install/unitree_go/local/lib/python3.10/dist-packages:/home/kentaro/ros2_ws/install/unitree_api/local/lib/python3.10/dist-packages:${PYTHONPATH} /usr/bin/cmake /home/kentaro/ros2_ws/src/unitree_ros2/example/src -DROS_EDITION=ROS2 -DHUMBLE_ROS=humble -DCMAKE_INSTALL_PREFIX=/home/kentaro/ros2_ws/install/unitree_ros2_example
[0.062s] -- The C compiler identification is GNU 11.4.0
[0.119s] -- The CXX compiler identification is GNU 11.4.0
[0.127s] -- Detecting C compiler ABI info
[0.192s] -- Detecting C compiler ABI info - done
[0.201s] -- Check for working C compiler: /usr/bin/cc - skipped
[0.201s] -- Detecting C compile features
[0.202s] -- Detecting C compile features - done
[0.205s] -- Detecting CXX compiler ABI info
[0.289s] -- Detecting CXX compiler ABI info - done
[0.299s] -- Check for working CXX compiler: /usr/bin/c++ - skipped
[0.299s] -- Detecting CXX compile features
[0.300s] -- Detecting CXX compile features - done
[0.302s] -- Found ament_cmake: 1.3.12 (/opt/ros/humble/share/ament_cmake/cmake)
[0.479s] -- Found Python3: /usr/bin/python3 (found version "3.10.12") found components: Interpreter 
[0.577s] -- Found unitree_go: 0.0.0 (/home/kentaro/ros2_ws/install/unitree_go/share/unitree_go/cmake)
[0.617s] -- Found rosidl_generator_c: 3.1.7 (/opt/ros/humble/share/rosidl_generator_c/cmake)
[0.623s] -- Found rosidl_adapter: 3.1.7 (/opt/ros/humble/share/rosidl_adapter/cmake)
[0.631s] -- Found rosidl_generator_cpp: 3.1.7 (/opt/ros/humble/share/rosidl_generator_cpp/cmake)
[0.645s] -- Using all available rosidl_typesupport_c: rosidl_typesupport_fastrtps_c;rosidl_typesupport_introspection_c
[0.663s] -- Using all available rosidl_typesupport_cpp: rosidl_typesupport_fastrtps_cpp;rosidl_typesupport_introspection_cpp
[0.733s] -- Found unitree_hg: 0.0.0 (/home/kentaro/ros2_ws/install/unitree_hg/share/unitree_hg/cmake)
[0.749s] -- Found unitree_api: 0.0.0 (/home/kentaro/ros2_ws/install/unitree_api/share/unitree_api/cmake)
[0.766s] -- Found rclcpp: 16.0.15 (/opt/ros/humble/share/rclcpp/cmake)
[0.807s] -- Found rmw_implementation_cmake: 6.1.2 (/opt/ros/humble/share/rmw_implementation_cmake/cmake)
[0.809s] -- Found rmw_fastrtps_cpp: 6.2.9 (/opt/ros/humble/share/rmw_fastrtps_cpp/cmake)
[0.903s] -- Found OpenSSL: /usr/lib/x86_64-linux-gnu/libcrypto.so (found version "3.0.2")  
[0.931s] -- Found FastRTPS: /opt/ros/humble/include  
[0.975s] -- Using RMW implementation 'rmw_fastrtps_cpp' as default
[0.984s] -- Looking for pthread.h
[1.062s] -- Looking for pthread.h - found
[1.062s] -- Performing Test CMAKE_HAVE_LIBC_PTHREAD
[1.143s] -- Performing Test CMAKE_HAVE_LIBC_PTHREAD - Success
[1.144s] -- Found Threads: TRUE  
[1.202s] -- Found rosbag2_cpp: 0.15.15 (/opt/ros/humble/share/rosbag2_cpp/cmake)
[1.308s] -- Found yaml-cpp version 0.7.0
[1.312s] -- Found ament_lint_auto: 0.12.14 (/opt/ros/humble/share/ament_lint_auto/cmake)
[1.414s] -- Added test 'copyright' to check source files copyright and LICENSE
[1.421s] -- Added test 'cppcheck' to perform static code analysis on C / C++ code
[1.424s] -- Configured cppcheck include dirs: /home/kentaro/ros2_ws/src/unitree_ros2/example/src/include;/home/kentaro/ros2_ws/src/unitree_ros2/example/src/include/common;/home/kentaro/ros2_ws/src/unitree_ros2/example/src/include/nlohmann
[1.424s] -- Configured cppcheck exclude dirs and/or files: 
[1.430s] -- Added test 'cpplint' to check C / C++ code against the Google style
[1.430s] -- Configured cpplint exclude dirs and/or files: 
[1.432s] -- Added test 'lint_cmake' to check CMake code style
[1.438s] -- Added test 'uncrustify' to check C / C++ code style
[1.438s] -- Configured uncrustify additional arguments: 
[1.439s] -- Added test 'xmllint' to check XML markup files
[1.441s] -- Configuring done
[1.574s] -- Generating done
[1.577s] [33mCMake Warning:
[1.577s]   Manually-specified variables were not used by the project:
[1.577s] 
[1.577s]     HUMBLE_ROS
[1.577s]     ROS_EDITION
[1.577s] 
[1.577s] [0m
[1.624s] -- Build files have been written to: /home/kentaro/ros2_ws/build/unitree_ros2_example
[1.638s] Invoked command in '/home/kentaro/ros2_ws/build/unitree_ros2_example' returned '0': AMENT_PREFIX_PATH=/home/kentaro/ros2_ws/install/unitree_hg:/home/kentaro/ros2_ws/install/unitree_go:/home/kentaro/ros2_ws/install/unitree_api:${AMENT_PREFIX_PATH} CMAKE_PREFIX_PATH=/home/kentaro/ros2_ws/install/unitree_hg:/home/kentaro/ros2_ws/install/unitree_go:/home/kentaro/ros2_ws/install/unitree_api:/opt/ros/humble LD_LIBRARY_PATH=/home/kentaro/ros2_ws/install/unitree_hg/lib:/home/kentaro/ros2_ws/install/unitree_go/lib:/home/kentaro/ros2_ws/install/unitree_api/lib:${LD_LIBRARY_PATH} PYTHONPATH=/home/kentaro/ros2_ws/install/unitree_hg/local/lib/python3.10/dist-packages:/home/kentaro/ros2_ws/install/unitree_go/local/lib/python3.10/dist-packages:/home/kentaro/ros2_ws/install/unitree_api/local/lib/python3.10/dist-packages:${PYTHONPATH} /usr/bin/cmake /home/kentaro/ros2_ws/src/unitree_ros2/example/src -DROS_EDITION=ROS2 -DHUMBLE_ROS=humble -DCMAKE_INSTALL_PREFIX=/home/kentaro/ros2_ws/install/unitree_ros2_example
[1.640s] Invoking command in '/home/kentaro/ros2_ws/build/unitree_ros2_example': AMENT_PREFIX_PATH=/home/kentaro/ros2_ws/install/unitree_hg:/home/kentaro/ros2_ws/install/unitree_go:/home/kentaro/ros2_ws/install/unitree_api:${AMENT_PREFIX_PATH} CMAKE_PREFIX_PATH=/home/kentaro/ros2_ws/install/unitree_hg:/home/kentaro/ros2_ws/install/unitree_go:/home/kentaro/ros2_ws/install/unitree_api:/opt/ros/humble LD_LIBRARY_PATH=/home/kentaro/ros2_ws/install/unitree_hg/lib:/home/kentaro/ros2_ws/install/unitree_go/lib:/home/kentaro/ros2_ws/install/unitree_api/lib:${LD_LIBRARY_PATH} PYTHONPATH=/home/kentaro/ros2_ws/install/unitree_hg/local/lib/python3.10/dist-packages:/home/kentaro/ros2_ws/install/unitree_go/local/lib/python3.10/dist-packages:/home/kentaro/ros2_ws/install/unitree_api/local/lib/python3.10/dist-packages:${PYTHONPATH} /usr/bin/cmake --build /home/kentaro/ros2_ws/build/unitree_ros2_example -- -j8 -l8
[1.699s] [  3%] [32mBuilding CXX object CMakeFiles/low_level_ctrl.dir/src/low_level_ctrl.cpp.o[0m
[1.699s] [  3%] [32mBuilding CXX object CMakeFiles/low_level_ctrl_hg.dir/src/h1-2/lowlevel/low_level_ctrl_hg.cpp.o[0m
[2.714s] [  5%] [32mBuilding CXX object CMakeFiles/go2_sport_client.dir/src/go2/go2_sport_client.cpp.o[0m
[3.730s] [  6%] [32mBuilding CXX object CMakeFiles/read_wireless_controller.dir/src/read_wireless_controller.cpp.o[0m
[4.762s] [  8%] [32mBuilding CXX object CMakeFiles/read_low_state_hg.dir/src/read_low_state_hg.cpp.o[0m
[4.763s] [ 10%] [32mBuilding CXX object CMakeFiles/read_motion_state.dir/src/read_motion_state.cpp.o[0m
[4.785s] [ 12%] [32mBuilding CXX object CMakeFiles/read_low_state.dir/src/read_low_state.cpp.o[0m
[4.785s] [ 13%] [32mBuilding CXX object CMakeFiles/g1_low_level_example.dir/src/g1/lowlevel/g1_low_level_example.cpp.o[0m
[12.169s] [ 15%] [32mBuilding CXX object CMakeFiles/low_level_ctrl.dir/src/common/motor_crc.cpp.o[0m
[21.207s] [ 17%] [32m[1mLinking CXX executable low_level_ctrl[0m
[22.041s] [ 17%] Built target low_level_ctrl
[22.066s] [ 18%] [32mBuilding CXX object CMakeFiles/g1_low_level_example.dir/src/common/motor_crc_hg.cpp.o[0m
[25.027s] [ 20%] [32mBuilding CXX object CMakeFiles/low_level_ctrl_hg.dir/src/common/motor_crc_hg.cpp.o[0m
[27.781s] [ 22%] [32m[1mLinking CXX executable read_wireless_controller[0m
[29.369s] [ 22%] Built target read_wireless_controller
[29.397s] [ 24%] [32mBuilding CXX object CMakeFiles/go2_sport_client.dir/src/common/ros2_sport_client.cpp.o[0m
[30.236s] [ 25%] [32m[1mLinking CXX executable read_motion_state[0m
[30.443s] [ 27%] [32m[1mLinking CXX executable read_low_state[0m
[31.188s] [ 29%] [32m[1mLinking CXX executable read_low_state_hg[0m
[32.170s] [ 29%] Built target read_motion_state
[32.202s] [ 29%] Built target read_low_state
[32.493s] [ 29%] Built target read_low_state_hg
[32.636s] [ 31%] [32m[1mLinking CXX executable g1_low_level_example[0m
[33.399s] [ 31%] Built target g1_low_level_example
[33.765s] [ 32%] [32m[1mLinking CXX executable low_level_ctrl_hg[0m
[34.392s] [ 32%] Built target low_level_ctrl_hg
[35.423s] [ 34%] [32mBuilding CXX object CMakeFiles/g1_ankle_swing_example.dir/src/g1/lowlevel/g1_ankle_swing_example.cpp.o[0m
[37.437s] [ 36%] [32mBuilding CXX object CMakeFiles/g1_loco_client_example.dir/src/g1/high_level/loco_client_example.cpp.o[0m
[37.838s] In file included from [01m[K/home/kentaro/ros2_ws/src/unitree_ros2/example/src/include/common/base_client.hpp:11[m[K,
[37.838s]                  from [01m[K/home/kentaro/ros2_ws/src/unitree_ros2/example/src/include/g1/g1_loco_client.hpp:10[m[K,
[37.838s]                  from [01m[K/home/kentaro/ros2_ws/src/unitree_ros2/example/src/src/g1/high_level/loco_client_example.cpp:3[m[K:
[37.838s] [01m[K/home/kentaro/ros2_ws/src/unitree_ros2/example/src/include/common/ut_errror.hpp:13:59:[m[K [01;35m[Kwarning: [m[Kbackslash-newline at end of file
[37.838s]    13 | #define UT_PRINT_ERR(code, error)                         \
[37.838s]       |                                                            
[39.457s] [ 37%] [32mBuilding CXX object CMakeFiles/g1_dex3_example.dir/src/g1/dex3/g1_dex3_example.cpp.o[0m
[39.468s] [ 39%] [32mBuilding CXX object CMakeFiles/g1_arm_action_example.dir/src/g1/high_level/g1_arm_action_example.cpp.o[0m
[39.778s] In file included from [01m[K/home/kentaro/ros2_ws/src/unitree_ros2/example/src/src/g1/high_level/g1_arm_action_example.cpp:11[m[K:
[39.778s] [01m[K/home/kentaro/ros2_ws/src/unitree_ros2/example/src/include/common/ut_errror.hpp:13:59:[m[K [01;35m[Kwarning: [m[Kbackslash-newline at end of file
[39.778s]    13 | #define UT_PRINT_ERR(code, error)                         \
[39.778s]       |                                                            
[40.497s] [ 41%] [32mBuilding CXX object CMakeFiles/go2_robot_state_client.dir/src/go2/go2_robot_state_client.cpp.o[0m
[40.499s] [ 43%] [32mBuilding CXX object CMakeFiles/g1_arm_sdk_dds_example.dir/src/g1/high_level/g1_arm_sdk_dds_example.cpp.o[0m
[41.535s] [ 44%] [32mBuilding CXX object CMakeFiles/go2_stand_example.dir/src/go2/go2_stand_example.cpp.o[0m
[54.170s] [ 46%] [32m[1mLinking CXX executable go2_sport_client[0m
[56.614s] [ 46%] Built target go2_sport_client
[56.637s] [ 48%] [32mBuilding CXX object CMakeFiles/go2_robot_state_client.dir/src/common/motor_crc.cpp.o[0m
[68.842s] [ 50%] [32mBuilding CXX object CMakeFiles/g1_ankle_swing_example.dir/src/common/motor_crc_hg.cpp.o[0m
[71.011s] [ 51%] [32mBuilding CXX object CMakeFiles/g1_arm_sdk_dds_example.dir/src/common/motor_crc.cpp.o[0m
[72.185s] [ 53%] [32mBuilding CXX object CMakeFiles/go2_stand_example.dir/src/common/motor_crc.cpp.o[0m
[72.846s] [ 55%] [32mBuilding CXX object CMakeFiles/g1_loco_client_example.dir/src/common/motor_crc.cpp.o[0m
[73.783s] [ 56%] [32mBuilding CXX object CMakeFiles/g1_dex3_example.dir/src/common/motor_crc.cpp.o[0m
[75.792s] [ 58%] [32mBuilding CXX object CMakeFiles/g1_arm_action_example.dir/src/common/motor_crc.cpp.o[0m
[77.619s] [ 60%] [32m[1mLinking CXX executable go2_robot_state_client[0m
[78.694s] [ 62%] [32m[1mLinking CXX executable g1_ankle_swing_example[0m
[79.191s] [ 62%] Built target go2_robot_state_client
[80.213s] [ 62%] Built target g1_ankle_swing_example
[80.997s] [ 63%] [32m[1mLinking CXX executable g1_arm_sdk_dds_example[0m
[81.490s] [ 65%] [32m[1mLinking CXX executable g1_loco_client_example[0m
[81.917s] [ 65%] Built target g1_arm_sdk_dds_example
[81.956s] [ 67%] [32m[1mLinking CXX executable go2_stand_example[0m
[82.641s] [ 67%] Built target g1_loco_client_example
[82.810s] [ 68%] [32m[1mLinking CXX executable g1_dex3_example[0m
[82.908s] [ 68%] Built target go2_stand_example
[83.764s] [ 68%] Built target g1_dex3_example
[83.795s] [ 70%] [32m[1mLinking CXX executable g1_arm_action_example[0m
[84.455s] [ 70%] Built target g1_arm_action_example
[84.487s] [ 74%] [32mBuilding CXX object CMakeFiles/b2_sport_client.dir/src/common/ros2_b2_sport_client.cpp.o[0m
[84.487s] [ 74%] [32mBuilding CXX object CMakeFiles/g1_dual_arm_example.dir/src/common/motor_crc_hg.cpp.o[0m
[84.487s] [ 77%] [32mBuilding CXX object CMakeFiles/g1_dual_arm_example.dir/src/g1/lowlevel/g1_dual_arm_example.cpp.o[0m
[84.488s] [ 77%] [32mBuilding CXX object CMakeFiles/b2_sport_client.dir/src/b2/b2_sport_client.cpp.o[0m
[84.977s] In file included from [01m[K/home/kentaro/ros2_ws/src/unitree_ros2/example/src/include/common/base_client.hpp:11[m[K,
[84.978s]                  from [01m[K/home/kentaro/ros2_ws/src/unitree_ros2/example/src/include/g1/g1_motion_switch_client.hpp:11[m[K,
[84.978s]                  from [01m[K/home/kentaro/ros2_ws/src/unitree_ros2/example/src/src/g1/lowlevel/g1_dual_arm_example.cpp:18[m[K:
[84.978s] [01m[K/home/kentaro/ros2_ws/src/unitree_ros2/example/src/include/common/ut_errror.hpp:13:59:[m[K [01;35m[Kwarning: [m[Kbackslash-newline at end of file
[84.978s]    13 | #define UT_PRINT_ERR(code, error)                         \
[84.979s]       |                                                            
[94.385s] [ 79%] [32m[1mLinking CXX executable b2_sport_client[0m
[94.745s] [ 79%] Built target b2_sport_client
[94.778s] [ 81%] [32mBuilding CXX object CMakeFiles/g1_audio_client_example.dir/src/g1/audio_client/g1_audio_client_example.cpp.o[0m
[94.778s] [ 82%] [32mBuilding CXX object CMakeFiles/b2w_stand_example.dir/src/b2w/b2w_stand_example.cpp.o[0m
[94.778s] [ 84%] [32mBuilding CXX object CMakeFiles/b2w_stand_example.dir/src/common/motor_crc.cpp.o[0m
[94.786s] [ 87%] [32mBuilding CXX object CMakeFiles/b2_stand_example.dir/src/b2/b2_stand_example.cpp.o[0m
[94.786s] [ 87%] [32mBuilding CXX object CMakeFiles/b2_stand_example.dir/src/common/motor_crc.cpp.o[0m
[94.786s] [ 91%] [32mBuilding CXX object CMakeFiles/b2w_sport_client.dir/src/b2w/b2w_sport_client.cpp.o[0m
[94.786s] [ 91%] [32mBuilding CXX object CMakeFiles/b2w_sport_client.dir/src/common/ros2_b2_sport_client.cpp.o[0m
[95.674s] In file included from [01m[K/home/kentaro/ros2_ws/src/unitree_ros2/example/src/include/common/b2_base_client.hpp:16[m[K,
[95.675s]                  from [01m[K/home/kentaro/ros2_ws/src/unitree_ros2/example/src/include/b2/b2_motion_switch_client.hpp:11[m[K,
[95.675s]                  from [01m[K/home/kentaro/ros2_ws/src/unitree_ros2/example/src/src/b2w/b2w_stand_example.cpp:11[m[K:
[95.675s] [01m[K/home/kentaro/ros2_ws/src/unitree_ros2/example/src/include/common/ut_errror.hpp:13:59:[m[K [01;35m[Kwarning: [m[Kbackslash-newline at end of file
[95.676s]    13 | #define UT_PRINT_ERR(code, error)                         \
[95.676s]       |                                                            
[95.688s] In file included from [01m[K/home/kentaro/ros2_ws/src/unitree_ros2/example/src/include/common/b2_base_client.hpp:16[m[K,
[95.688s]                  from [01m[K/home/kentaro/ros2_ws/src/unitree_ros2/example/src/include/b2/b2_motion_switch_client.hpp:11[m[K,
[95.688s]                  from [01m[K/home/kentaro/ros2_ws/src/unitree_ros2/example/src/src/b2/b2_stand_example.cpp:11[m[K:
[95.688s] [01m[K/home/kentaro/ros2_ws/src/unitree_ros2/example/src/include/common/ut_errror.hpp:13:59:[m[K [01;35m[Kwarning: [m[Kbackslash-newline at end of file
[95.689s]    13 | #define UT_PRINT_ERR(code, error)                         \
[95.689s]       |                                                            
[95.739s] In file included from [01m[K/home/kentaro/ros2_ws/src/unitree_ros2/example/src/include/common/base_client.hpp:11[m[K,
[95.739s]                  from [01m[K/home/kentaro/ros2_ws/src/unitree_ros2/example/src/include/g1/g1_audio_client.hpp:6[m[K,
[95.740s]                  from [01m[K/home/kentaro/ros2_ws/src/unitree_ros2/example/src/src/g1/audio_client/g1_audio_client_example.cpp:11[m[K:
[95.740s] [01m[K/home/kentaro/ros2_ws/src/unitree_ros2/example/src/include/common/ut_errror.hpp:13:59:[m[K [01;35m[Kwarning: [m[Kbackslash-newline at end of file
[95.740s]    13 | #define UT_PRINT_ERR(code, error)                         \
[95.740s]       |                                                            
[112.083s] [ 93%] [32m[1mLinking CXX executable b2w_sport_client[0m
[112.735s] [ 93%] Built target b2w_sport_client
[116.640s] [ 94%] [32m[1mLinking CXX executable g1_dual_arm_example[0m
[117.972s] [ 94%] Built target g1_dual_arm_example
[121.899s] [ 96%] [32m[1mLinking CXX executable g1_audio_client_example[0m
[122.704s] [ 96%] Built target g1_audio_client_example
[126.087s] [ 98%] [32m[1mLinking CXX executable b2_stand_example[0m
[126.372s] [100%] [32m[1mLinking CXX executable b2w_stand_example[0m
[126.991s] [100%] Built target b2_stand_example
[127.226s] [100%] Built target b2w_stand_example
