[0.016s] Invoking command in '/home/kentaro/ros2_ws/build/livox_ros_driver2': CMAKE_PREFIX_PATH=/opt/ros/humble /usr/bin/cmake /home/kentaro/ros2_ws/src/livox_ros_driver2 -DROS_EDITION=ROS2 -DHUMBLE_ROS=humble -DCMAKE_INSTALL_PREFIX=/home/kentaro/ros2_ws/install/livox_ros_driver2
[0.104s] -- The C compiler identification is GNU 11.4.0
[0.166s] -- The CXX compiler identification is GNU 11.4.0
[0.175s] -- Detecting C compiler ABI info
[0.247s] -- Detecting C compiler ABI info - done
[0.255s] -- Check for working C compiler: /usr/bin/cc - skipped
[0.256s] -- Detecting C compile features
[0.257s] -- Detecting C compile features - done
[0.260s] -- Detecting CXX compiler ABI info
[0.341s] -- Detecting CXX compiler ABI info - done
[0.357s] -- Check for working CXX compiler: /usr/bin/c++ - skipped
[0.357s] -- Detecting CXX compile features
[0.358s] -- Detecting CXX compile features - done
[0.359s] -- livox_ros_driver2 version: 1.0.0
[0.361s] -- Found ament_cmake_auto: 1.3.12 (/opt/ros/humble/share/ament_cmake_auto/cmake)
[0.522s] -- Found Python3: /usr/bin/python3 (found version "3.10.12") found components: Interpreter 
[0.691s] -- Using all available rosidl_typesupport_c: rosidl_typesupport_fastrtps_c;rosidl_typesupport_introspection_c
[0.697s] -- Found rosidl_adapter: 3.1.7 (/opt/ros/humble/share/rosidl_adapter/cmake)
[0.736s] -- Using all available rosidl_typesupport_cpp: rosidl_typesupport_fastrtps_cpp;rosidl_typesupport_introspection_cpp
[0.842s] -- Found rmw_implementation_cmake: 6.1.2 (/opt/ros/humble/share/rmw_implementation_cmake/cmake)
[0.846s] -- Found rmw_fastrtps_cpp: 6.2.9 (/opt/ros/humble/share/rmw_fastrtps_cpp/cmake)
[0.946s] -- Found OpenSSL: /usr/lib/x86_64-linux-gnu/libcrypto.so (found version "3.0.2")  
[0.984s] -- Found FastRTPS: /opt/ros/humble/include  
[1.025s] -- Using RMW implementation 'rmw_fastrtps_cpp' as default
[1.035s] -- Looking for pthread.h
[1.117s] -- Looking for pthread.h - found
[1.117s] -- Performing Test CMAKE_HAVE_LIBC_PTHREAD
[1.192s] -- Performing Test CMAKE_HAVE_LIBC_PTHREAD - Success
[1.193s] -- Found Threads: TRUE  
[1.370s] -- Checking for module 'eigen3'
[1.381s] --   Found eigen3, version 3.4.0
[1.407s] -- Found Eigen: /usr/include/eigen3 (Required is at least version "3.1") 
[1.407s] -- Eigen found (include: /usr/include/eigen3, version: 3.4.0)
[1.444s] -- Checking for module 'flann'
[1.457s] --   Found flann, version 1.9.1
[1.490s] -- Found FLANN: /usr/lib/x86_64-linux-gnu/libflann_cpp.so  
[1.490s] -- FLANN found (include: /usr/include, lib: /usr/lib/x86_64-linux-gnu/libflann_cpp.so)
[3.093s] -- Checking for module 'libusb-1.0'
[3.133s] --   Found libusb-1.0, version 1.0.25
[3.186s] -- Found libusb: /usr/lib/x86_64-linux-gnu/libusb-1.0.so  
[3.192s] -- OpenNI found (version: 1.5.4.0, include: /usr/include/ni, lib: /usr/lib/libOpenNI.so;libusb::libusb)
[3.355s] -- OpenNI2 found (version: 2.2.0.33, include: /usr/include/openni2, lib: /usr/lib/x86_64-linux-gnu/libOpenNI2.so;libusb::libusb)
[3.812s] -- Eigen found (include: /usr/include/eigen3, version: 3.4.0)
[3.835s] -- OpenNI found (version: 1.5.4.0, include: /usr/include/ni, lib: /usr/lib/libOpenNI.so;libusb::libusb)
[3.858s] -- OpenNI2 found (version: 2.2.0.33, include: /usr/include/openni2, lib: /usr/lib/x86_64-linux-gnu/libOpenNI2.so;libusb::libusb)
[4.311s] -- Found Qhull version 8.0.2
[4.880s] -- OpenNI found (version: 1.5.4.0, include: /usr/include/ni, lib: /usr/lib/libOpenNI.so;libusb::libusb)
[5.383s] -- Found PCL_COMMON: /usr/lib/x86_64-linux-gnu/libpcl_common.so  
[5.391s] -- Found PCL_KDTREE: /usr/lib/x86_64-linux-gnu/libpcl_kdtree.so  
[5.394s] -- Found PCL_OCTREE: /usr/lib/x86_64-linux-gnu/libpcl_octree.so  
[5.403s] -- Found PCL_SEARCH: /usr/lib/x86_64-linux-gnu/libpcl_search.so  
[5.406s] -- Found PCL_SAMPLE_CONSENSUS: /usr/lib/x86_64-linux-gnu/libpcl_sample_consensus.so  
[5.412s] -- Found PCL_FILTERS: /usr/lib/x86_64-linux-gnu/libpcl_filters.so  
[5.412s] -- Found PCL_2D: /usr/include/pcl-1.12  
[5.414s] -- Found PCL_GEOMETRY: /usr/include/pcl-1.12  
[5.419s] -- Found PCL_IO: /usr/lib/x86_64-linux-gnu/libpcl_io.so  
[5.422s] -- Found PCL_FEATURES: /usr/lib/x86_64-linux-gnu/libpcl_features.so  
[5.430s] -- Found PCL_ML: /usr/lib/x86_64-linux-gnu/libpcl_ml.so  
[5.441s] -- Found PCL_SEGMENTATION: /usr/lib/x86_64-linux-gnu/libpcl_segmentation.so  
[5.445s] -- Found PCL_VISUALIZATION: /usr/lib/x86_64-linux-gnu/libpcl_visualization.so  
[5.454s] -- Found PCL_SURFACE: /usr/lib/x86_64-linux-gnu/libpcl_surface.so  
[5.463s] -- Found PCL_REGISTRATION: /usr/lib/x86_64-linux-gnu/libpcl_registration.so  
[5.471s] -- Found PCL_KEYPOINTS: /usr/lib/x86_64-linux-gnu/libpcl_keypoints.so  
[5.479s] -- Found PCL_TRACKING: /usr/lib/x86_64-linux-gnu/libpcl_tracking.so  
[5.486s] -- Found PCL_RECOGNITION: /usr/lib/x86_64-linux-gnu/libpcl_recognition.so  
[5.489s] -- Found PCL_STEREO: /usr/lib/x86_64-linux-gnu/libpcl_stereo.so  
[5.497s] -- Found PCL_APPS: /usr/lib/x86_64-linux-gnu/libpcl_apps.so  
[5.502s] -- Found PCL_IN_HAND_SCANNER: /usr/include/pcl-1.12  
[5.503s] -- Found PCL_MODELER: /usr/include/pcl-1.12  
[5.512s] -- Found PCL_POINT_CLOUD_EDITOR: /usr/include/pcl-1.12  
[5.512s] -- Found PCL_OUTOFCORE: /usr/lib/x86_64-linux-gnu/libpcl_outofcore.so  
[5.515s] -- Found PCL_PEOPLE: /usr/lib/x86_64-linux-gnu/libpcl_people.so  
[5.676s] -- Found PkgConfig: /usr/bin/pkg-config (found version "0.29.2") 
[5.678s] -- Checking for module 'apr-1'
[5.744s] --   Found apr-1, version 1.7.0
[5.893s] [0m/usr/include/apr-1.0[0m
[5.893s] [0mapr-1[0m
[6.699s] -- Found ament_cmake_ros: 0.10.0 (/opt/ros/humble/share/ament_cmake_ros/cmake)
[8.026s] -- Using all available rosidl_typesupport_c: rosidl_typesupport_fastrtps_c;rosidl_typesupport_introspection_c
[11.762s] -- Using all available rosidl_typesupport_cpp: rosidl_typesupport_fastrtps_cpp;rosidl_typesupport_introspection_cpp
[11.941s] -- Found PythonInterp: /usr/bin/python3 (found suitable version "3.10.12", minimum required is "3.6") 
[11.943s] -- Found python_cmake_module: 0.10.0 (/opt/ros/humble/share/python_cmake_module/cmake)
[12.046s] -- Found PythonLibs: /usr/lib/x86_64-linux-gnu/libpython3.10.so (found suitable version "3.10.12", minimum required is "3.5") 
[12.047s] -- Using PYTHON_EXECUTABLE: /usr/bin/python3
[12.047s] -- Using PYTHON_INCLUDE_DIRS: /usr/include/python3.10
[12.047s] -- Using PYTHON_LIBRARIES: /usr/lib/x86_64-linux-gnu/libpython3.10.so
[12.212s] -- Found PythonExtra: .so  
[12.973s] -- Found ament_lint_auto: 0.12.14 (/opt/ros/humble/share/ament_lint_auto/cmake)
[13.199s] -- Added test 'copyright' to check source files copyright and LICENSE
[13.275s] -- Added test 'cppcheck' to perform static code analysis on C / C++ code
[13.291s] -- Configured cppcheck include dirs: /home/kentaro/ros2_ws/src/livox_ros_driver2/3rdparty;/home/kentaro/ros2_ws/src/livox_ros_driver2/src
[13.291s] -- Configured cppcheck exclude dirs and/or files: 
[13.383s] -- Added test 'cpplint' to check C / C++ code against the Google style
[13.383s] -- Configured cpplint exclude dirs and/or files: 
[13.397s] -- Added test 'flake8' to check Python code syntax and style conventions
[13.423s] -- Added test 'lint_cmake' to check CMake code style
[13.442s] -- Added test 'pep257' to check Python code against some of the docstring style conventions in PEP 257
[13.497s] -- Added test 'uncrustify' to check C / C++ code style
[13.497s] -- Configured uncrustify additional arguments: 
[13.511s] -- Added test 'xmllint' to check XML markup files
[13.565s] -- Configuring done
[14.596s] -- Generating done
[14.854s] -- Build files have been written to: /home/kentaro/ros2_ws/build/livox_ros_driver2
[15.144s] Invoked command in '/home/kentaro/ros2_ws/build/livox_ros_driver2' returned '0': CMAKE_PREFIX_PATH=/opt/ros/humble /usr/bin/cmake /home/kentaro/ros2_ws/src/livox_ros_driver2 -DROS_EDITION=ROS2 -DHUMBLE_ROS=humble -DCMAKE_INSTALL_PREFIX=/home/kentaro/ros2_ws/install/livox_ros_driver2
[15.157s] Invoking command in '/home/kentaro/ros2_ws/build/livox_ros_driver2': CMAKE_PREFIX_PATH=/opt/ros/humble /usr/bin/cmake --build /home/kentaro/ros2_ws/build/livox_ros_driver2 -- -j8 -l8
[15.387s] [  1%] [34m[1mGenerating C code for ROS interfaces[0m
[15.436s] [  3%] [34m[1mGenerating C++ code for ROS interfaces[0m
[15.471s] [  3%] Built target ament_cmake_python_copy_livox_ros_driver2
[15.484s] [  5%] [32mBuilding CXX object CMakeFiles/livox_ros_driver2_node.dir/rclcpp_components/node_main_livox_ros_driver2_node.cpp.o[0m
[19.554s] running egg_info
[19.576s] creating livox_ros_driver2.egg-info
[19.577s] writing livox_ros_driver2.egg-info/PKG-INFO
[19.590s] writing dependency_links to livox_ros_driver2.egg-info/dependency_links.txt
[19.591s] writing top-level names to livox_ros_driver2.egg-info/top_level.txt
[19.591s] writing manifest file 'livox_ros_driver2.egg-info/SOURCES.txt'
[19.636s] reading manifest file 'livox_ros_driver2.egg-info/SOURCES.txt'
[19.659s] writing manifest file 'livox_ros_driver2.egg-info/SOURCES.txt'
[19.965s] [  5%] Built target ament_cmake_python_build_livox_ros_driver2_egg
[21.999s] [  7%] [32mBuilding C object CMakeFiles/livox_interfaces2__rosidl_generator_c.dir/rosidl_generator_c/livox_ros_driver2/msg/detail/custom_msg__functions.c.o[0m
[22.017s] [  8%] [32mBuilding C object CMakeFiles/livox_interfaces2__rosidl_generator_c.dir/rosidl_generator_c/livox_ros_driver2/msg/detail/custom_point__functions.c.o[0m
[22.325s] [  8%] Built target livox_interfaces2__cpp
[22.374s] [ 10%] [34m[1mGenerating C++ type support for eProsima Fast-RTPS[0m
[22.384s] [ 12%] [34m[1mGenerating C++ type support dispatch for ROS interfaces[0m
[22.463s] [ 14%] [32m[1mLinking C shared library liblivox_ros_driver2__rosidl_generator_c.so[0m
[22.663s] [ 14%] Built target livox_interfaces2__rosidl_generator_c
[22.764s] [ 15%] [34m[1mGenerating C++ introspection for ROS interfaces[0m
[25.186s] [ 17%] [32mBuilding CXX object CMakeFiles/livox_interfaces2__rosidl_typesupport_introspection_cpp.dir/rosidl_typesupport_introspection_cpp/livox_ros_driver2/msg/detail/custom_point__type_support.cpp.o[0m
[25.731s] [ 19%] [32mBuilding CXX object CMakeFiles/livox_interfaces2__rosidl_typesupport_cpp.dir/rosidl_typesupport_cpp/livox_ros_driver2/msg/custom_point__type_support.cpp.o[0m
[26.871s] [ 21%] [32mBuilding CXX object CMakeFiles/livox_interfaces2__rosidl_typesupport_fastrtps_cpp.dir/rosidl_typesupport_fastrtps_cpp/livox_ros_driver2/msg/detail/dds_fastrtps/custom_point__type_support.cpp.o[0m
[27.524s] [ 22%] [32mBuilding CXX object CMakeFiles/livox_interfaces2__rosidl_typesupport_cpp.dir/rosidl_typesupport_cpp/livox_ros_driver2/msg/custom_msg__type_support.cpp.o[0m
[27.757s] [ 24%] [32mBuilding CXX object CMakeFiles/livox_interfaces2__rosidl_typesupport_introspection_cpp.dir/rosidl_typesupport_introspection_cpp/livox_ros_driver2/msg/detail/custom_msg__type_support.cpp.o[0m
[28.629s] [ 26%] [32m[1mLinking CXX shared library liblivox_ros_driver2__rosidl_typesupport_cpp.so[0m
[28.958s] [ 26%] Built target livox_interfaces2__rosidl_typesupport_cpp
[29.894s] [ 28%] [32mBuilding CXX object CMakeFiles/livox_interfaces2__rosidl_typesupport_fastrtps_cpp.dir/rosidl_typesupport_fastrtps_cpp/livox_ros_driver2/msg/detail/dds_fastrtps/custom_msg__type_support.cpp.o[0m
[30.462s] [ 29%] [32m[1mLinking CXX shared library liblivox_ros_driver2__rosidl_typesupport_introspection_cpp.so[0m
[30.895s] [ 29%] Built target livox_interfaces2__rosidl_typesupport_introspection_cpp
[32.074s] [ 31%] [32m[1mLinking CXX shared library liblivox_ros_driver2__rosidl_typesupport_fastrtps_cpp.so[0m
[32.408s] [ 31%] Built target livox_interfaces2__rosidl_typesupport_fastrtps_cpp
[34.539s] [ 33%] [32m[1mLinking CXX executable livox_ros_driver2_node[0m
[34.995s] [ 33%] Built target livox_ros_driver2_node
[35.055s] [ 35%] [32mBuilding CXX object CMakeFiles/livox_ros_driver2.dir/src/livox_ros_driver2.cpp.o[0m
[51.752s] [ 36%] [32mBuilding CXX object CMakeFiles/livox_ros_driver2.dir/src/lds_lidar.cpp.o[0m
[53.415s] [ 38%] [32mBuilding CXX object CMakeFiles/livox_ros_driver2.dir/src/comm/comm.cpp.o[0m
[54.499s] [ 40%] [32mBuilding CXX object CMakeFiles/livox_ros_driver2.dir/src/comm/ldq.cpp.o[0m
[55.422s] [ 42%] [32mBuilding CXX object CMakeFiles/livox_ros_driver2.dir/src/comm/semaphore.cpp.o[0m
[55.977s] [ 43%] [32mBuilding CXX object CMakeFiles/livox_ros_driver2.dir/src/comm/lidar_imu_data_queue.cpp.o[0m
[56.537s] [ 45%] [32mBuilding CXX object CMakeFiles/livox_ros_driver2.dir/src/comm/cache_index.cpp.o[0m
[57.810s] [ 47%] [32mBuilding CXX object CMakeFiles/livox_ros_driver2.dir/src/comm/pub_handler.cpp.o[0m
[59.885s] [ 49%] [32mBuilding CXX object CMakeFiles/livox_ros_driver2.dir/src/parse_cfg_file/parse_cfg_file.cpp.o[0m
[61.476s] [ 50%] [32mBuilding CXX object CMakeFiles/livox_ros_driver2.dir/src/parse_cfg_file/parse_livox_lidar_cfg.cpp.o[0m
[63.216s] [ 52%] [32mBuilding CXX object CMakeFiles/livox_ros_driver2.dir/src/call_back/lidar_common_callback.cpp.o[0m
[64.325s] [ 54%] [32mBuilding CXX object CMakeFiles/livox_ros_driver2.dir/src/call_back/livox_lidar_callback.cpp.o[0m
[65.487s] [ 56%] [32mBuilding CXX object CMakeFiles/livox_ros_driver2.dir/src/lds.cpp.o[0m
[66.660s] [ 57%] [32mBuilding CXX object CMakeFiles/livox_ros_driver2.dir/src/driver_node.cpp.o[0m
[80.632s] [ 59%] [32mBuilding CXX object CMakeFiles/livox_ros_driver2.dir/src/lddc.cpp.o[0m
[109.094s] [ 61%] [32m[1mLinking CXX shared library liblivox_ros_driver2.so[0m
[110.398s] [ 61%] Built target livox_ros_driver2
[110.410s] [ 63%] [34m[1mGenerating C type support dispatch for ROS interfaces[0m
[111.015s] [ 64%] [32mBuilding CXX object CMakeFiles/livox_interfaces2__rosidl_typesupport_c.dir/rosidl_typesupport_c/livox_ros_driver2/msg/custom_point__type_support.cpp.o[0m
[111.053s] [ 66%] [32mBuilding CXX object CMakeFiles/livox_interfaces2__rosidl_typesupport_c.dir/rosidl_typesupport_c/livox_ros_driver2/msg/custom_msg__type_support.cpp.o[0m
[111.090s] [ 68%] [32m[1mLinking CXX shared library liblivox_ros_driver2__rosidl_typesupport_c.so[0m
[111.140s] [ 68%] Built target livox_interfaces2__rosidl_typesupport_c
[111.153s] [ 70%] [34m[1mGenerating C introspection for ROS interfaces[0m
[111.738s] [ 71%] [32mBuilding C object CMakeFiles/livox_interfaces2__rosidl_typesupport_introspection_c.dir/rosidl_typesupport_introspection_c/livox_ros_driver2/msg/detail/custom_point__type_support.c.o[0m
[111.777s] [ 73%] [32mBuilding C object CMakeFiles/livox_interfaces2__rosidl_typesupport_introspection_c.dir/rosidl_typesupport_introspection_c/livox_ros_driver2/msg/detail/custom_msg__type_support.c.o[0m
[111.825s] [ 75%] [32m[1mLinking C shared library liblivox_ros_driver2__rosidl_typesupport_introspection_c.so[0m
[111.861s] [ 75%] Built target livox_interfaces2__rosidl_typesupport_introspection_c
[111.873s] [ 77%] [34m[1mGenerating C type support for eProsima Fast-RTPS[0m
[112.462s] [ 78%] [32mBuilding CXX object CMakeFiles/livox_interfaces2__rosidl_typesupport_fastrtps_c.dir/rosidl_typesupport_fastrtps_c/livox_ros_driver2/msg/detail/custom_point__type_support_c.cpp.o[0m
[112.884s] [ 80%] [32mBuilding CXX object CMakeFiles/livox_interfaces2__rosidl_typesupport_fastrtps_c.dir/rosidl_typesupport_fastrtps_c/livox_ros_driver2/msg/detail/custom_msg__type_support_c.cpp.o[0m
[113.298s] [ 82%] [32m[1mLinking CXX shared library liblivox_ros_driver2__rosidl_typesupport_fastrtps_c.so[0m
[113.400s] [ 82%] Built target livox_interfaces2__rosidl_typesupport_fastrtps_c
[113.428s] [ 82%] Built target livox_interfaces2
[113.450s] [ 84%] [34m[1mGenerating Python code for ROS interfaces[0m
[115.160s] [ 84%] Built target livox_interfaces2__py
[115.210s] [ 85%] [32mBuilding C object CMakeFiles/livox_interfaces2__rosidl_generator_py.dir/rosidl_generator_py/livox_ros_driver2/msg/_custom_point_s.c.o[0m
[115.211s] [ 87%] [32mBuilding C object CMakeFiles/livox_interfaces2__rosidl_generator_py.dir/rosidl_generator_py/livox_ros_driver2/msg/_custom_msg_s.c.o[0m
[115.549s] [ 89%] [32m[1mLinking C shared library rosidl_generator_py/livox_ros_driver2/liblivox_interfaces2__rosidl_generator_py.so[0m
[115.657s] [ 89%] Built target livox_interfaces2__rosidl_generator_py
[115.707s] [ 92%] [32mBuilding C object CMakeFiles/livox_ros_driver2__rosidl_typesupport_introspection_c__pyext.dir/rosidl_generator_py/livox_ros_driver2/_livox_ros_driver2_s.ep.rosidl_typesupport_introspection_c.c.o[0m
[115.707s] [ 92%] [32mBuilding C object CMakeFiles/livox_ros_driver2__rosidl_typesupport_c__pyext.dir/rosidl_generator_py/livox_ros_driver2/_livox_ros_driver2_s.ep.rosidl_typesupport_c.c.o[0m
[115.712s] [ 94%] [32mBuilding C object CMakeFiles/livox_ros_driver2__rosidl_typesupport_fastrtps_c__pyext.dir/rosidl_generator_py/livox_ros_driver2/_livox_ros_driver2_s.ep.rosidl_typesupport_fastrtps_c.c.o[0m
[116.028s] [ 96%] [32m[1mLinking C shared library rosidl_generator_py/livox_ros_driver2/livox_ros_driver2_s__rosidl_typesupport_c.cpython-310-x86_64-linux-gnu.so[0m
[116.053s] [ 98%] [32m[1mLinking C shared library rosidl_generator_py/livox_ros_driver2/livox_ros_driver2_s__rosidl_typesupport_introspection_c.cpython-310-x86_64-linux-gnu.so[0m
[116.057s] [100%] [32m[1mLinking C shared library rosidl_generator_py/livox_ros_driver2/livox_ros_driver2_s__rosidl_typesupport_fastrtps_c.cpython-310-x86_64-linux-gnu.so[0m
[116.157s] [100%] Built target livox_ros_driver2__rosidl_typesupport_c__pyext
[116.170s] [100%] Built target livox_ros_driver2__rosidl_typesupport_introspection_c__pyext
[116.206s] [100%] Built target livox_ros_driver2__rosidl_typesupport_fastrtps_c__pyext
[116.240s] Invoked command in '/home/kentaro/ros2_ws/build/livox_ros_driver2' returned '0': CMAKE_PREFIX_PATH=/opt/ros/humble /usr/bin/cmake --build /home/kentaro/ros2_ws/build/livox_ros_driver2 -- -j8 -l8
[116.247s] Invoking command in '/home/kentaro/ros2_ws/build/livox_ros_driver2': CMAKE_PREFIX_PATH=/opt/ros/humble /usr/bin/cmake --install /home/kentaro/ros2_ws/build/livox_ros_driver2
[116.266s] -- Install configuration: ""
[116.267s] -- Installing: /home/kentaro/ros2_ws/install/livox_ros_driver2/share/ament_index/resource_index/rosidl_interfaces/livox_ros_driver2
[116.267s] -- Installing: /home/kentaro/ros2_ws/install/livox_ros_driver2/include/livox_ros_driver2/livox_ros_driver2
[116.268s] -- Installing: /home/kentaro/ros2_ws/install/livox_ros_driver2/include/livox_ros_driver2/livox_ros_driver2/msg
[116.268s] -- Installing: /home/kentaro/ros2_ws/install/livox_ros_driver2/include/livox_ros_driver2/livox_ros_driver2/msg/custom_point.h
[116.268s] -- Installing: /home/kentaro/ros2_ws/install/livox_ros_driver2/include/livox_ros_driver2/livox_ros_driver2/msg/custom_msg.h
[116.269s] -- Installing: /home/kentaro/ros2_ws/install/livox_ros_driver2/include/livox_ros_driver2/livox_ros_driver2/msg/detail
[116.269s] -- Installing: /home/kentaro/ros2_ws/install/livox_ros_driver2/include/livox_ros_driver2/livox_ros_driver2/msg/detail/custom_msg__functions.h
[116.269s] -- Installing: /home/kentaro/ros2_ws/install/livox_ros_driver2/include/livox_ros_driver2/livox_ros_driver2/msg/detail/custom_point__type_support.h
[116.269s] -- Installing: /home/kentaro/ros2_ws/install/livox_ros_driver2/include/livox_ros_driver2/livox_ros_driver2/msg/detail/custom_point__functions.h
[116.270s] -- Installing: /home/kentaro/ros2_ws/install/livox_ros_driver2/include/livox_ros_driver2/livox_ros_driver2/msg/detail/custom_msg__struct.h
[116.270s] -- Installing: /home/kentaro/ros2_ws/install/livox_ros_driver2/include/livox_ros_driver2/livox_ros_driver2/msg/detail/custom_point__functions.c
[116.271s] -- Installing: /home/kentaro/ros2_ws/install/livox_ros_driver2/include/livox_ros_driver2/livox_ros_driver2/msg/detail/custom_msg__type_support.h
[116.271s] -- Installing: /home/kentaro/ros2_ws/install/livox_ros_driver2/include/livox_ros_driver2/livox_ros_driver2/msg/detail/custom_point__struct.h
[116.272s] -- Installing: /home/kentaro/ros2_ws/install/livox_ros_driver2/include/livox_ros_driver2/livox_ros_driver2/msg/detail/custom_msg__functions.c
[116.272s] -- Installing: /home/kentaro/ros2_ws/install/livox_ros_driver2/include/livox_ros_driver2/livox_ros_driver2/msg/rosidl_generator_c__visibility_control.h
[116.272s] -- Installing: /home/kentaro/ros2_ws/install/livox_ros_driver2/share/livox_ros_driver2/environment/library_path.sh
[116.273s] -- Installing: /home/kentaro/ros2_ws/install/livox_ros_driver2/share/livox_ros_driver2/environment/library_path.dsv
[116.273s] -- Installing: /home/kentaro/ros2_ws/install/livox_ros_driver2/lib/liblivox_ros_driver2__rosidl_generator_c.so
[116.274s] -- Set runtime path of "/home/kentaro/ros2_ws/install/livox_ros_driver2/lib/liblivox_ros_driver2__rosidl_generator_c.so" to ""
[116.274s] -- Up-to-date: /home/kentaro/ros2_ws/install/livox_ros_driver2/include/livox_ros_driver2/livox_ros_driver2
[116.274s] -- Up-to-date: /home/kentaro/ros2_ws/install/livox_ros_driver2/include/livox_ros_driver2/livox_ros_driver2/msg
[116.275s] -- Installing: /home/kentaro/ros2_ws/install/livox_ros_driver2/include/livox_ros_driver2/livox_ros_driver2/msg/rosidl_typesupport_fastrtps_c__visibility_control.h
[116.275s] -- Up-to-date: /home/kentaro/ros2_ws/install/livox_ros_driver2/include/livox_ros_driver2/livox_ros_driver2/msg/detail
[116.275s] -- Installing: /home/kentaro/ros2_ws/install/livox_ros_driver2/include/livox_ros_driver2/livox_ros_driver2/msg/detail/custom_msg__rosidl_typesupport_fastrtps_c.h
[116.276s] -- Installing: /home/kentaro/ros2_ws/install/livox_ros_driver2/include/livox_ros_driver2/livox_ros_driver2/msg/detail/custom_point__rosidl_typesupport_fastrtps_c.h
[116.276s] -- Installing: /home/kentaro/ros2_ws/install/livox_ros_driver2/lib/liblivox_ros_driver2__rosidl_typesupport_fastrtps_c.so
[116.277s] -- Set runtime path of "/home/kentaro/ros2_ws/install/livox_ros_driver2/lib/liblivox_ros_driver2__rosidl_typesupport_fastrtps_c.so" to ""
[116.277s] -- Up-to-date: /home/kentaro/ros2_ws/install/livox_ros_driver2/include/livox_ros_driver2/livox_ros_driver2
[116.277s] -- Up-to-date: /home/kentaro/ros2_ws/install/livox_ros_driver2/include/livox_ros_driver2/livox_ros_driver2/msg
[116.277s] -- Installing: /home/kentaro/ros2_ws/install/livox_ros_driver2/include/livox_ros_driver2/livox_ros_driver2/msg/rosidl_typesupport_introspection_c__visibility_control.h
[116.281s] -- Up-to-date: /home/kentaro/ros2_ws/install/livox_ros_driver2/include/livox_ros_driver2/livox_ros_driver2/msg/detail
[116.281s] -- Installing: /home/kentaro/ros2_ws/install/livox_ros_driver2/include/livox_ros_driver2/livox_ros_driver2/msg/detail/custom_msg__type_support.c
[116.282s] -- Installing: /home/kentaro/ros2_ws/install/livox_ros_driver2/include/livox_ros_driver2/livox_ros_driver2/msg/detail/custom_point__rosidl_typesupport_introspection_c.h
[116.282s] -- Installing: /home/kentaro/ros2_ws/install/livox_ros_driver2/include/livox_ros_driver2/livox_ros_driver2/msg/detail/custom_point__type_support.c
[116.282s] -- Installing: /home/kentaro/ros2_ws/install/livox_ros_driver2/include/livox_ros_driver2/livox_ros_driver2/msg/detail/custom_msg__rosidl_typesupport_introspection_c.h
[116.283s] -- Installing: /home/kentaro/ros2_ws/install/livox_ros_driver2/lib/liblivox_ros_driver2__rosidl_typesupport_introspection_c.so
[116.283s] -- Set runtime path of "/home/kentaro/ros2_ws/install/livox_ros_driver2/lib/liblivox_ros_driver2__rosidl_typesupport_introspection_c.so" to ""
[116.283s] -- Installing: /home/kentaro/ros2_ws/install/livox_ros_driver2/lib/liblivox_ros_driver2__rosidl_typesupport_c.so
[116.283s] -- Set runtime path of "/home/kentaro/ros2_ws/install/livox_ros_driver2/lib/liblivox_ros_driver2__rosidl_typesupport_c.so" to ""
[116.284s] -- Up-to-date: /home/kentaro/ros2_ws/install/livox_ros_driver2/include/livox_ros_driver2/livox_ros_driver2
[116.286s] -- Up-to-date: /home/kentaro/ros2_ws/install/livox_ros_driver2/include/livox_ros_driver2/livox_ros_driver2/msg
[116.286s] -- Installing: /home/kentaro/ros2_ws/install/livox_ros_driver2/include/livox_ros_driver2/livox_ros_driver2/msg/custom_point.hpp
[116.286s] -- Installing: /home/kentaro/ros2_ws/install/livox_ros_driver2/include/livox_ros_driver2/livox_ros_driver2/msg/rosidl_generator_cpp__visibility_control.hpp
[116.287s] -- Up-to-date: /home/kentaro/ros2_ws/install/livox_ros_driver2/include/livox_ros_driver2/livox_ros_driver2/msg/detail
[116.287s] -- Installing: /home/kentaro/ros2_ws/install/livox_ros_driver2/include/livox_ros_driver2/livox_ros_driver2/msg/detail/custom_msg__traits.hpp
[116.287s] -- Installing: /home/kentaro/ros2_ws/install/livox_ros_driver2/include/livox_ros_driver2/livox_ros_driver2/msg/detail/custom_msg__builder.hpp
[116.287s] -- Installing: /home/kentaro/ros2_ws/install/livox_ros_driver2/include/livox_ros_driver2/livox_ros_driver2/msg/detail/custom_point__builder.hpp
[116.288s] -- Installing: /home/kentaro/ros2_ws/install/livox_ros_driver2/include/livox_ros_driver2/livox_ros_driver2/msg/detail/custom_point__type_support.hpp
[116.288s] -- Installing: /home/kentaro/ros2_ws/install/livox_ros_driver2/include/livox_ros_driver2/livox_ros_driver2/msg/detail/custom_msg__struct.hpp
[116.288s] -- Installing: /home/kentaro/ros2_ws/install/livox_ros_driver2/include/livox_ros_driver2/livox_ros_driver2/msg/detail/custom_point__struct.hpp
[116.289s] -- Installing: /home/kentaro/ros2_ws/install/livox_ros_driver2/include/livox_ros_driver2/livox_ros_driver2/msg/detail/custom_msg__type_support.hpp
[116.289s] -- Installing: /home/kentaro/ros2_ws/install/livox_ros_driver2/include/livox_ros_driver2/livox_ros_driver2/msg/detail/custom_point__traits.hpp
[116.289s] -- Installing: /home/kentaro/ros2_ws/install/livox_ros_driver2/include/livox_ros_driver2/livox_ros_driver2/msg/custom_msg.hpp
[116.289s] -- Up-to-date: /home/kentaro/ros2_ws/install/livox_ros_driver2/include/livox_ros_driver2/livox_ros_driver2
[116.290s] -- Up-to-date: /home/kentaro/ros2_ws/install/livox_ros_driver2/include/livox_ros_driver2/livox_ros_driver2/msg
[116.290s] -- Installing: /home/kentaro/ros2_ws/install/livox_ros_driver2/include/livox_ros_driver2/livox_ros_driver2/msg/rosidl_typesupport_fastrtps_cpp__visibility_control.h
[116.290s] -- Up-to-date: /home/kentaro/ros2_ws/install/livox_ros_driver2/include/livox_ros_driver2/livox_ros_driver2/msg/detail
[116.290s] -- Installing: /home/kentaro/ros2_ws/install/livox_ros_driver2/include/livox_ros_driver2/livox_ros_driver2/msg/detail/dds_fastrtps
[116.291s] -- Installing: /home/kentaro/ros2_ws/install/livox_ros_driver2/include/livox_ros_driver2/livox_ros_driver2/msg/detail/custom_msg__rosidl_typesupport_fastrtps_cpp.hpp
[116.291s] -- Installing: /home/kentaro/ros2_ws/install/livox_ros_driver2/include/livox_ros_driver2/livox_ros_driver2/msg/detail/custom_point__rosidl_typesupport_fastrtps_cpp.hpp
[116.291s] -- Installing: /home/kentaro/ros2_ws/install/livox_ros_driver2/lib/liblivox_ros_driver2__rosidl_typesupport_fastrtps_cpp.so
[116.291s] -- Set runtime path of "/home/kentaro/ros2_ws/install/livox_ros_driver2/lib/liblivox_ros_driver2__rosidl_typesupport_fastrtps_cpp.so" to ""
[116.292s] -- Up-to-date: /home/kentaro/ros2_ws/install/livox_ros_driver2/include/livox_ros_driver2/livox_ros_driver2
[116.292s] -- Up-to-date: /home/kentaro/ros2_ws/install/livox_ros_driver2/include/livox_ros_driver2/livox_ros_driver2/msg
[116.292s] -- Up-to-date: /home/kentaro/ros2_ws/install/livox_ros_driver2/include/livox_ros_driver2/livox_ros_driver2/msg/detail
[116.293s] -- Installing: /home/kentaro/ros2_ws/install/livox_ros_driver2/include/livox_ros_driver2/livox_ros_driver2/msg/detail/custom_point__type_support.cpp
[116.293s] -- Installing: /home/kentaro/ros2_ws/install/livox_ros_driver2/include/livox_ros_driver2/livox_ros_driver2/msg/detail/custom_point__rosidl_typesupport_introspection_cpp.hpp
[116.293s] -- Installing: /home/kentaro/ros2_ws/install/livox_ros_driver2/include/livox_ros_driver2/livox_ros_driver2/msg/detail/custom_msg__rosidl_typesupport_introspection_cpp.hpp
[116.294s] -- Installing: /home/kentaro/ros2_ws/install/livox_ros_driver2/include/livox_ros_driver2/livox_ros_driver2/msg/detail/custom_msg__type_support.cpp
[116.294s] -- Installing: /home/kentaro/ros2_ws/install/livox_ros_driver2/lib/liblivox_ros_driver2__rosidl_typesupport_introspection_cpp.so
[116.295s] -- Set runtime path of "/home/kentaro/ros2_ws/install/livox_ros_driver2/lib/liblivox_ros_driver2__rosidl_typesupport_introspection_cpp.so" to ""
[116.296s] -- Installing: /home/kentaro/ros2_ws/install/livox_ros_driver2/lib/liblivox_ros_driver2__rosidl_typesupport_cpp.so
[116.297s] -- Set runtime path of "/home/kentaro/ros2_ws/install/livox_ros_driver2/lib/liblivox_ros_driver2__rosidl_typesupport_cpp.so" to ""
[116.297s] -- Installing: /home/kentaro/ros2_ws/install/livox_ros_driver2/share/livox_ros_driver2/environment/pythonpath.sh
[116.298s] -- Installing: /home/kentaro/ros2_ws/install/livox_ros_driver2/share/livox_ros_driver2/environment/pythonpath.dsv
[116.298s] -- Installing: /home/kentaro/ros2_ws/install/livox_ros_driver2/local/lib/python3.10/dist-packages/livox_ros_driver2-1.0.0-py3.10.egg-info
[116.299s] -- Installing: /home/kentaro/ros2_ws/install/livox_ros_driver2/local/lib/python3.10/dist-packages/livox_ros_driver2-1.0.0-py3.10.egg-info/PKG-INFO
[116.300s] -- Installing: /home/kentaro/ros2_ws/install/livox_ros_driver2/local/lib/python3.10/dist-packages/livox_ros_driver2-1.0.0-py3.10.egg-info/SOURCES.txt
[116.300s] -- Installing: /home/kentaro/ros2_ws/install/livox_ros_driver2/local/lib/python3.10/dist-packages/livox_ros_driver2-1.0.0-py3.10.egg-info/dependency_links.txt
[116.300s] -- Installing: /home/kentaro/ros2_ws/install/livox_ros_driver2/local/lib/python3.10/dist-packages/livox_ros_driver2-1.0.0-py3.10.egg-info/top_level.txt
[116.301s] -- Installing: /home/kentaro/ros2_ws/install/livox_ros_driver2/local/lib/python3.10/dist-packages/livox_ros_driver2
[116.301s] -- Installing: /home/kentaro/ros2_ws/install/livox_ros_driver2/local/lib/python3.10/dist-packages/livox_ros_driver2/_livox_ros_driver2_s.ep.rosidl_typesupport_c.c
[116.302s] -- Installing: /home/kentaro/ros2_ws/install/livox_ros_driver2/local/lib/python3.10/dist-packages/livox_ros_driver2/msg
[116.302s] -- Installing: /home/kentaro/ros2_ws/install/livox_ros_driver2/local/lib/python3.10/dist-packages/livox_ros_driver2/msg/_custom_point_s.c
[116.303s] -- Installing: /home/kentaro/ros2_ws/install/livox_ros_driver2/local/lib/python3.10/dist-packages/livox_ros_driver2/msg/_custom_point.py
[116.303s] -- Installing: /home/kentaro/ros2_ws/install/livox_ros_driver2/local/lib/python3.10/dist-packages/livox_ros_driver2/msg/__init__.py
[116.303s] -- Installing: /home/kentaro/ros2_ws/install/livox_ros_driver2/local/lib/python3.10/dist-packages/livox_ros_driver2/msg/_custom_msg.py
[116.304s] -- Installing: /home/kentaro/ros2_ws/install/livox_ros_driver2/local/lib/python3.10/dist-packages/livox_ros_driver2/msg/_custom_msg_s.c
[116.304s] -- Installing: /home/kentaro/ros2_ws/install/livox_ros_driver2/local/lib/python3.10/dist-packages/livox_ros_driver2/__init__.py
[116.304s] -- Installing: /home/kentaro/ros2_ws/install/livox_ros_driver2/local/lib/python3.10/dist-packages/livox_ros_driver2/livox_ros_driver2_s__rosidl_typesupport_fastrtps_c.cpython-310-x86_64-linux-gnu.so
[116.305s] -- Installing: /home/kentaro/ros2_ws/install/livox_ros_driver2/local/lib/python3.10/dist-packages/livox_ros_driver2/_livox_ros_driver2_s.ep.rosidl_typesupport_introspection_c.c
[116.305s] -- Installing: /home/kentaro/ros2_ws/install/livox_ros_driver2/local/lib/python3.10/dist-packages/livox_ros_driver2/_livox_ros_driver2_s.ep.rosidl_typesupport_fastrtps_c.c
[116.306s] -- Installing: /home/kentaro/ros2_ws/install/livox_ros_driver2/local/lib/python3.10/dist-packages/livox_ros_driver2/liblivox_interfaces2__rosidl_generator_py.so
[116.306s] -- Installing: /home/kentaro/ros2_ws/install/livox_ros_driver2/local/lib/python3.10/dist-packages/livox_ros_driver2/livox_ros_driver2_s__rosidl_typesupport_introspection_c.cpython-310-x86_64-linux-gnu.so
[116.306s] -- Installing: /home/kentaro/ros2_ws/install/livox_ros_driver2/local/lib/python3.10/dist-packages/livox_ros_driver2/livox_ros_driver2_s__rosidl_typesupport_c.cpython-310-x86_64-linux-gnu.so
[116.423s] Listing '/home/kentaro/ros2_ws/install/livox_ros_driver2/local/lib/python3.10/dist-packages/livox_ros_driver2'...
[116.423s] Compiling '/home/kentaro/ros2_ws/install/livox_ros_driver2/local/lib/python3.10/dist-packages/livox_ros_driver2/__init__.py'...
[116.423s] Listing '/home/kentaro/ros2_ws/install/livox_ros_driver2/local/lib/python3.10/dist-packages/livox_ros_driver2/msg'...
[116.424s] Compiling '/home/kentaro/ros2_ws/install/livox_ros_driver2/local/lib/python3.10/dist-packages/livox_ros_driver2/msg/__init__.py'...
[116.424s] Compiling '/home/kentaro/ros2_ws/install/livox_ros_driver2/local/lib/python3.10/dist-packages/livox_ros_driver2/msg/_custom_msg.py'...
[116.424s] Compiling '/home/kentaro/ros2_ws/install/livox_ros_driver2/local/lib/python3.10/dist-packages/livox_ros_driver2/msg/_custom_point.py'...
[116.448s] -- Installing: /home/kentaro/ros2_ws/install/livox_ros_driver2/local/lib/python3.10/dist-packages/livox_ros_driver2/livox_ros_driver2_s__rosidl_typesupport_fastrtps_c.cpython-310-x86_64-linux-gnu.so
[116.449s] -- Set runtime path of "/home/kentaro/ros2_ws/install/livox_ros_driver2/local/lib/python3.10/dist-packages/livox_ros_driver2/livox_ros_driver2_s__rosidl_typesupport_fastrtps_c.cpython-310-x86_64-linux-gnu.so" to ""
[116.449s] -- Installing: /home/kentaro/ros2_ws/install/livox_ros_driver2/local/lib/python3.10/dist-packages/livox_ros_driver2/livox_ros_driver2_s__rosidl_typesupport_introspection_c.cpython-310-x86_64-linux-gnu.so
[116.449s] -- Set runtime path of "/home/kentaro/ros2_ws/install/livox_ros_driver2/local/lib/python3.10/dist-packages/livox_ros_driver2/livox_ros_driver2_s__rosidl_typesupport_introspection_c.cpython-310-x86_64-linux-gnu.so" to ""
[116.449s] -- Installing: /home/kentaro/ros2_ws/install/livox_ros_driver2/local/lib/python3.10/dist-packages/livox_ros_driver2/livox_ros_driver2_s__rosidl_typesupport_c.cpython-310-x86_64-linux-gnu.so
[116.450s] -- Set runtime path of "/home/kentaro/ros2_ws/install/livox_ros_driver2/local/lib/python3.10/dist-packages/livox_ros_driver2/livox_ros_driver2_s__rosidl_typesupport_c.cpython-310-x86_64-linux-gnu.so" to ""
[116.450s] -- Installing: /home/kentaro/ros2_ws/install/livox_ros_driver2/lib/liblivox_interfaces2__rosidl_generator_py.so
[116.451s] -- Set runtime path of "/home/kentaro/ros2_ws/install/livox_ros_driver2/lib/liblivox_interfaces2__rosidl_generator_py.so" to ""
[116.452s] -- Installing: /home/kentaro/ros2_ws/install/livox_ros_driver2/share/livox_ros_driver2/msg/CustomPoint.idl
[116.452s] -- Installing: /home/kentaro/ros2_ws/install/livox_ros_driver2/share/livox_ros_driver2/msg/CustomMsg.idl
[116.453s] -- Installing: /home/kentaro/ros2_ws/install/livox_ros_driver2/share/livox_ros_driver2/msg/CustomPoint.msg
[116.453s] -- Installing: /home/kentaro/ros2_ws/install/livox_ros_driver2/share/livox_ros_driver2/msg/CustomMsg.msg
[116.454s] -- Installing: /home/kentaro/ros2_ws/install/livox_ros_driver2/lib/livox_ros_driver2/livox_ros_driver2_node
[116.456s] -- Set runtime path of "/home/kentaro/ros2_ws/install/livox_ros_driver2/lib/livox_ros_driver2/livox_ros_driver2_node" to ""
[116.456s] -- Installing: /home/kentaro/ros2_ws/install/livox_ros_driver2/lib/liblivox_ros_driver2.so
[116.464s] -- Set runtime path of "/home/kentaro/ros2_ws/install/livox_ros_driver2/lib/liblivox_ros_driver2.so" to ""
[116.464s] -- Installing: /home/kentaro/ros2_ws/install/livox_ros_driver2/share/livox_ros_driver2/config
[116.465s] -- Installing: /home/kentaro/ros2_ws/install/livox_ros_driver2/share/livox_ros_driver2/config/display_point_cloud_ROS1.rviz
[116.465s] -- Installing: /home/kentaro/ros2_ws/install/livox_ros_driver2/share/livox_ros_driver2/config/HAP_config.json
[116.465s] -- Installing: /home/kentaro/ros2_ws/install/livox_ros_driver2/share/livox_ros_driver2/config/display_point_cloud_ROS2.rviz
[116.466s] -- Installing: /home/kentaro/ros2_ws/install/livox_ros_driver2/share/livox_ros_driver2/config/mixed_HAP_MID360_config.json
[116.466s] -- Installing: /home/kentaro/ros2_ws/install/livox_ros_driver2/share/livox_ros_driver2/config/MID360_config.json
[116.466s] -- Installing: /home/kentaro/ros2_ws/install/livox_ros_driver2/share/livox_ros_driver2/launch_ROS2
[116.467s] -- Installing: /home/kentaro/ros2_ws/install/livox_ros_driver2/share/livox_ros_driver2/launch_ROS2/rviz_HAP_launch.py
[116.467s] -- Installing: /home/kentaro/ros2_ws/install/livox_ros_driver2/share/livox_ros_driver2/launch_ROS2/msg_MID360_launch.py
[116.467s] -- Installing: /home/kentaro/ros2_ws/install/livox_ros_driver2/share/livox_ros_driver2/launch_ROS2/rviz_MID360_launch.py
[116.468s] -- Installing: /home/kentaro/ros2_ws/install/livox_ros_driver2/share/livox_ros_driver2/launch_ROS2/msg_HAP_launch.py
[116.468s] -- Installing: /home/kentaro/ros2_ws/install/livox_ros_driver2/share/livox_ros_driver2/launch_ROS2/rviz_mixed.py
[116.469s] -- Installing: /home/kentaro/ros2_ws/install/livox_ros_driver2/share/ament_index/resource_index/package_run_dependencies/livox_ros_driver2
[116.469s] -- Installing: /home/kentaro/ros2_ws/install/livox_ros_driver2/share/ament_index/resource_index/parent_prefix_path/livox_ros_driver2
[116.470s] -- Installing: /home/kentaro/ros2_ws/install/livox_ros_driver2/share/livox_ros_driver2/environment/ament_prefix_path.sh
[116.470s] -- Installing: /home/kentaro/ros2_ws/install/livox_ros_driver2/share/livox_ros_driver2/environment/ament_prefix_path.dsv
[116.471s] -- Installing: /home/kentaro/ros2_ws/install/livox_ros_driver2/share/livox_ros_driver2/environment/path.sh
[116.471s] -- Installing: /home/kentaro/ros2_ws/install/livox_ros_driver2/share/livox_ros_driver2/environment/path.dsv
[116.471s] -- Installing: /home/kentaro/ros2_ws/install/livox_ros_driver2/share/livox_ros_driver2/local_setup.bash
[116.472s] -- Installing: /home/kentaro/ros2_ws/install/livox_ros_driver2/share/livox_ros_driver2/local_setup.sh
[116.472s] -- Installing: /home/kentaro/ros2_ws/install/livox_ros_driver2/share/livox_ros_driver2/local_setup.zsh
[116.473s] -- Installing: /home/kentaro/ros2_ws/install/livox_ros_driver2/share/livox_ros_driver2/local_setup.dsv
[116.473s] -- Installing: /home/kentaro/ros2_ws/install/livox_ros_driver2/share/livox_ros_driver2/package.dsv
[116.474s] -- Installing: /home/kentaro/ros2_ws/install/livox_ros_driver2/share/ament_index/resource_index/packages/livox_ros_driver2
[116.474s] -- Installing: /home/kentaro/ros2_ws/install/livox_ros_driver2/share/livox_ros_driver2/cmake/export_livox_interfaces2__rosidl_generator_cExport.cmake
[116.475s] -- Installing: /home/kentaro/ros2_ws/install/livox_ros_driver2/share/livox_ros_driver2/cmake/export_livox_interfaces2__rosidl_generator_cExport-noconfig.cmake
[116.475s] -- Installing: /home/kentaro/ros2_ws/install/livox_ros_driver2/share/livox_ros_driver2/cmake/export_livox_interfaces2__rosidl_typesupport_fastrtps_cExport.cmake
[116.476s] -- Installing: /home/kentaro/ros2_ws/install/livox_ros_driver2/share/livox_ros_driver2/cmake/export_livox_interfaces2__rosidl_typesupport_fastrtps_cExport-noconfig.cmake
[116.476s] -- Installing: /home/kentaro/ros2_ws/install/livox_ros_driver2/share/livox_ros_driver2/cmake/livox_interfaces2__rosidl_typesupport_introspection_cExport.cmake
[116.477s] -- Installing: /home/kentaro/ros2_ws/install/livox_ros_driver2/share/livox_ros_driver2/cmake/livox_interfaces2__rosidl_typesupport_introspection_cExport-noconfig.cmake
[116.478s] -- Installing: /home/kentaro/ros2_ws/install/livox_ros_driver2/share/livox_ros_driver2/cmake/livox_interfaces2__rosidl_typesupport_cExport.cmake
[116.478s] -- Installing: /home/kentaro/ros2_ws/install/livox_ros_driver2/share/livox_ros_driver2/cmake/livox_interfaces2__rosidl_typesupport_cExport-noconfig.cmake
[116.482s] -- Installing: /home/kentaro/ros2_ws/install/livox_ros_driver2/share/livox_ros_driver2/cmake/export_livox_interfaces2__rosidl_generator_cppExport.cmake
[116.482s] -- Installing: /home/kentaro/ros2_ws/install/livox_ros_driver2/share/livox_ros_driver2/cmake/export_livox_interfaces2__rosidl_typesupport_fastrtps_cppExport.cmake
[116.484s] -- Installing: /home/kentaro/ros2_ws/install/livox_ros_driver2/share/livox_ros_driver2/cmake/export_livox_interfaces2__rosidl_typesupport_fastrtps_cppExport-noconfig.cmake
[116.485s] -- Installing: /home/kentaro/ros2_ws/install/livox_ros_driver2/share/livox_ros_driver2/cmake/livox_interfaces2__rosidl_typesupport_introspection_cppExport.cmake
[116.485s] -- Installing: /home/kentaro/ros2_ws/install/livox_ros_driver2/share/livox_ros_driver2/cmake/livox_interfaces2__rosidl_typesupport_introspection_cppExport-noconfig.cmake
[116.486s] -- Installing: /home/kentaro/ros2_ws/install/livox_ros_driver2/share/livox_ros_driver2/cmake/livox_interfaces2__rosidl_typesupport_cppExport.cmake
[116.487s] -- Installing: /home/kentaro/ros2_ws/install/livox_ros_driver2/share/livox_ros_driver2/cmake/livox_interfaces2__rosidl_typesupport_cppExport-noconfig.cmake
[116.487s] -- Installing: /home/kentaro/ros2_ws/install/livox_ros_driver2/share/livox_ros_driver2/cmake/export_livox_interfaces2__rosidl_generator_pyExport.cmake
[116.488s] -- Installing: /home/kentaro/ros2_ws/install/livox_ros_driver2/share/livox_ros_driver2/cmake/export_livox_interfaces2__rosidl_generator_pyExport-noconfig.cmake
[116.489s] -- Installing: /home/kentaro/ros2_ws/install/livox_ros_driver2/share/ament_index/resource_index/rclcpp_components/livox_ros_driver2
[116.489s] -- Installing: /home/kentaro/ros2_ws/install/livox_ros_driver2/share/livox_ros_driver2/cmake/rosidl_cmake-extras.cmake
[116.490s] -- Installing: /home/kentaro/ros2_ws/install/livox_ros_driver2/share/livox_ros_driver2/cmake/ament_cmake_export_dependencies-extras.cmake
[116.491s] -- Installing: /home/kentaro/ros2_ws/install/livox_ros_driver2/share/livox_ros_driver2/cmake/ament_cmake_export_include_directories-extras.cmake
[116.491s] -- Installing: /home/kentaro/ros2_ws/install/livox_ros_driver2/share/livox_ros_driver2/cmake/ament_cmake_export_libraries-extras.cmake
[116.492s] -- Installing: /home/kentaro/ros2_ws/install/livox_ros_driver2/share/livox_ros_driver2/cmake/ament_cmake_export_targets-extras.cmake
[116.492s] -- Installing: /home/kentaro/ros2_ws/install/livox_ros_driver2/share/livox_ros_driver2/cmake/rosidl_cmake_export_typesupport_targets-extras.cmake
[116.493s] -- Installing: /home/kentaro/ros2_ws/install/livox_ros_driver2/share/livox_ros_driver2/cmake/rosidl_cmake_export_typesupport_libraries-extras.cmake
[116.494s] -- Installing: /home/kentaro/ros2_ws/install/livox_ros_driver2/share/livox_ros_driver2/cmake/livox_ros_driver2Config.cmake
[116.494s] -- Installing: /home/kentaro/ros2_ws/install/livox_ros_driver2/share/livox_ros_driver2/cmake/livox_ros_driver2Config-version.cmake
[116.496s] -- Installing: /home/kentaro/ros2_ws/install/livox_ros_driver2/share/livox_ros_driver2/package.xml
[116.503s] Invoked command in '/home/kentaro/ros2_ws/build/livox_ros_driver2' returned '0': CMAKE_PREFIX_PATH=/opt/ros/humble /usr/bin/cmake --install /home/kentaro/ros2_ws/build/livox_ros_driver2
