[0.011s] Invoking command in '/home/kentaro/ros2_ws/build/unitree_hg': CMAKE_PREFIX_PATH=/opt/ros/humble /usr/bin/cmake /home/kentaro/ros2_ws/src/unitree_ros2/cyclonedds_ws/src/unitree/unitree_hg -DCMAKE_INSTALL_PREFIX=/home/kentaro/ros2_ws/install/unitree_hg
[0.098s] -- The C compiler identification is GNU 11.4.0
[0.181s] -- The CXX compiler identification is GNU 11.4.0
[0.190s] -- Detecting C compiler ABI info
[0.255s] -- Detecting C compiler ABI info - done
[0.263s] -- Check for working C compiler: /usr/bin/cc - skipped
[0.263s] -- Detecting C compile features
[0.264s] -- Detecting C compile features - done
[0.267s] -- Detecting CXX compiler ABI info
[0.341s] -- Detecting CXX compiler ABI info - done
[0.350s] -- Check for working CXX compiler: /usr/bin/c++ - skipped
[0.350s] -- Detecting CXX compile features
[0.351s] -- Detecting CXX compile features - done
[0.353s] -- Found ament_cmake: 1.3.12 (/opt/ros/humble/share/ament_cmake/cmake)
[0.505s] -- Found Python3: /usr/bin/python3 (found version "3.10.12") found components: Interpreter 
[0.600s] -- Found geometry_msgs: 4.9.0 (/opt/ros/humble/share/geometry_msgs/cmake)
[0.637s] -- Found rosidl_generator_c: 3.1.7 (/opt/ros/humble/share/rosidl_generator_c/cmake)
[0.642s] -- Found rosidl_adapter: 3.1.7 (/opt/ros/humble/share/rosidl_adapter/cmake)
[0.651s] -- Found rosidl_generator_cpp: 3.1.7 (/opt/ros/humble/share/rosidl_generator_cpp/cmake)
[0.665s] -- Using all available rosidl_typesupport_c: rosidl_typesupport_fastrtps_c;rosidl_typesupport_introspection_c
[0.682s] -- Using all available rosidl_typesupport_cpp: rosidl_typesupport_fastrtps_cpp;rosidl_typesupport_introspection_cpp
[0.728s] -- Found rosidl_default_generators: 1.2.0 (/opt/ros/humble/share/rosidl_default_generators/cmake)
[0.744s] [31mCMake Error at CMakeLists.txt:26 (find_package):
[0.744s]   By not providing "Findrosidl_generator_dds_idl.cmake" in CMAKE_MODULE_PATH
[0.744s]   this project has asked CMake to find a package configuration file provided
[0.744s]   by "rosidl_generator_dds_idl", but CMake did not find one.
[0.744s] 
[0.745s]   Could not find a package configuration file provided by
[0.745s]   "rosidl_generator_dds_idl" with any of the following names:
[0.745s] 
[0.745s]     rosidl_generator_dds_idlConfig.cmake
[0.745s]     rosidl_generator_dds_idl-config.cmake
[0.745s] 
[0.745s]   Add the installation prefix of "rosidl_generator_dds_idl" to
[0.745s]   CMAKE_PREFIX_PATH or set "rosidl_generator_dds_idl_DIR" to a directory
[0.745s]   containing one of the above files.  If "rosidl_generator_dds_idl" provides
[0.745s]   a separate development package or SDK, be sure it has been installed.
[0.745s] 
[0.746s] [0m
[0.746s] -- Configuring incomplete, errors occurred!
[0.746s] See also "/home/kentaro/ros2_ws/build/unitree_hg/CMakeFiles/CMakeOutput.log".
[0.751s] Invoked command in '/home/kentaro/ros2_ws/build/unitree_hg' returned '1': CMAKE_PREFIX_PATH=/opt/ros/humble /usr/bin/cmake /home/kentaro/ros2_ws/src/unitree_ros2/cyclonedds_ws/src/unitree/unitree_hg -DCMAKE_INSTALL_PREFIX=/home/kentaro/ros2_ws/install/unitree_hg
