[0.016s] Invoking command in '/home/kentaro/ros2_ws/build/unitree_api': CMAKE_PREFIX_PATH=${CMAKE_PREFIX_PATH}:/opt/ros/humble /usr/bin/cmake /home/kentaro/ros2_ws/src/unitree_ros2/cyclonedds_ws/src/unitree/unitree_api -DCMAKE_INSTALL_PREFIX=/home/kentaro/ros2_ws/install/unitree_api
[0.028s] -- Found ament_cmake: 1.3.12 (/opt/ros/humble/share/ament_cmake/cmake)
[0.160s] -- Found geometry_msgs: 4.9.0 (/opt/ros/humble/share/geometry_msgs/cmake)
[0.197s] -- Found rosidl_generator_c: 3.1.7 (/opt/ros/humble/share/rosidl_generator_c/cmake)
[0.201s] -- Found rosidl_adapter: 3.1.7 (/opt/ros/humble/share/rosidl_adapter/cmake)
[0.211s] -- Found rosidl_generator_cpp: 3.1.7 (/opt/ros/humble/share/rosidl_generator_cpp/cmake)
[0.221s] -- Using all available rosidl_typesupport_c: rosidl_typesupport_fastrtps_c;rosidl_typesupport_introspection_c
[0.234s] -- Using all available rosidl_typesupport_cpp: rosidl_typesupport_fastrtps_cpp;rosidl_typesupport_introspection_cpp
[0.272s] -- Found rosidl_default_generators: 1.2.0 (/opt/ros/humble/share/rosidl_default_generators/cmake)
[0.280s] -- Found rosidl_generator_dds_idl: 0.8.1 (/opt/ros/humble/share/rosidl_generator_dds_idl/cmake)
[0.632s] -- Found ament_cmake_ros: 0.10.0 (/opt/ros/humble/share/ament_cmake_ros/cmake)
[1.075s] -- Using all available rosidl_typesupport_c: rosidl_typesupport_fastrtps_c;rosidl_typesupport_introspection_c
[1.242s] -- Using all available rosidl_typesupport_cpp: rosidl_typesupport_fastrtps_cpp;rosidl_typesupport_introspection_cpp
[1.266s] -- Found PythonInterp: /usr/bin/python3 (found suitable version "3.10.12", minimum required is "3.6") 
[1.267s] -- Found python_cmake_module: 0.10.0 (/opt/ros/humble/share/python_cmake_module/cmake)
[1.297s] -- Found PythonLibs: /usr/lib/x86_64-linux-gnu/libpython3.10.so (found suitable version "3.10.12", minimum required is "3.5") 
[1.297s] -- Using PYTHON_EXECUTABLE: /usr/bin/python3
[1.297s] -- Using PYTHON_INCLUDE_DIRS: /usr/include/python3.10
[1.297s] -- Using PYTHON_LIBRARIES: /usr/lib/x86_64-linux-gnu/libpython3.10.so
[1.319s] -- Found PythonExtra: .so  
[1.409s] -- Found ament_lint_auto: 0.12.14 (/opt/ros/humble/share/ament_lint_auto/cmake)
[1.438s] -- Added test 'copyright' to check source files copyright and LICENSE
[1.441s] -- Added test 'lint_cmake' to check CMake code style
[1.443s] -- Added test 'xmllint' to check XML markup files
[1.447s] -- Configuring done
[1.495s] -- Generating done
[1.509s] -- Build files have been written to: /home/kentaro/ros2_ws/build/unitree_api
[1.518s] Invoked command in '/home/kentaro/ros2_ws/build/unitree_api' returned '0': CMAKE_PREFIX_PATH=${CMAKE_PREFIX_PATH}:/opt/ros/humble /usr/bin/cmake /home/kentaro/ros2_ws/src/unitree_ros2/cyclonedds_ws/src/unitree/unitree_api -DCMAKE_INSTALL_PREFIX=/home/kentaro/ros2_ws/install/unitree_api
[1.519s] Invoking command in '/home/kentaro/ros2_ws/build/unitree_api': CMAKE_PREFIX_PATH=${CMAKE_PREFIX_PATH}:/opt/ros/humble /usr/bin/cmake --build /home/kentaro/ros2_ws/build/unitree_api -- -j8 -l8
[1.557s] [  1%] [34m[1mGenerating C code for ROS interfaces[0m
[1.568s] [  2%] [34m[1mGenerating DDS interfaces[0m
[1.581s] [  3%] [34m[1mGenerating C++ code for ROS interfaces[0m
[1.586s] [  3%] Built target ament_cmake_python_copy_unitree_api
[2.107s] running egg_info
[2.108s] creating unitree_api.egg-info
[2.109s] writing unitree_api.egg-info/PKG-INFO
[2.109s] writing dependency_links to unitree_api.egg-info/dependency_links.txt
[2.109s] writing top-level names to unitree_api.egg-info/top_level.txt
[2.110s] writing manifest file 'unitree_api.egg-info/SOURCES.txt'
[2.117s] reading manifest file 'unitree_api.egg-info/SOURCES.txt'
[2.118s] writing manifest file 'unitree_api.egg-info/SOURCES.txt'
[2.220s] [  3%] Built target ament_cmake_python_build_unitree_api_egg
[2.402s] [  3%] Built target unitree_api__dds_connext_idl
[3.048s] [  3%] Built target unitree_api__cpp
[3.065s] [  4%] [34m[1mGenerating C++ type support for eProsima Fast-RTPS[0m
[3.068s] [  5%] [34m[1mGenerating C++ introspection for ROS interfaces[0m
[3.072s] [  6%] [34m[1mGenerating C++ type support dispatch for ROS interfaces[0m
[3.088s] [  7%] [32mBuilding C object CMakeFiles/unitree_api__rosidl_generator_c.dir/rosidl_generator_c/unitree_api/msg/detail/request__functions.c.o[0m
[3.090s] [  9%] [32mBuilding C object CMakeFiles/unitree_api__rosidl_generator_c.dir/rosidl_generator_c/unitree_api/msg/detail/request_header__functions.c.o[0m
[3.093s] [ 10%] [32mBuilding C object CMakeFiles/unitree_api__rosidl_generator_c.dir/rosidl_generator_c/unitree_api/msg/detail/request_identity__functions.c.o[0m
[3.099s] [ 11%] [32mBuilding C object CMakeFiles/unitree_api__rosidl_generator_c.dir/rosidl_generator_c/unitree_api/msg/detail/request_lease__functions.c.o[0m
[3.113s] [ 12%] [32mBuilding C object CMakeFiles/unitree_api__rosidl_generator_c.dir/rosidl_generator_c/unitree_api/msg/detail/request_policy__functions.c.o[0m
[3.239s] [ 13%] [32mBuilding C object CMakeFiles/unitree_api__rosidl_generator_c.dir/rosidl_generator_c/unitree_api/msg/detail/response_header__functions.c.o[0m
[3.247s] [ 14%] [32mBuilding C object CMakeFiles/unitree_api__rosidl_generator_c.dir/rosidl_generator_c/unitree_api/msg/detail/response__functions.c.o[0m
[3.249s] [ 15%] [32mBuilding C object CMakeFiles/unitree_api__rosidl_generator_c.dir/rosidl_generator_c/unitree_api/msg/detail/response_status__functions.c.o[0m
[3.371s] [ 17%] [32m[1mLinking C shared library libunitree_api__rosidl_generator_c.so[0m
[3.492s] [ 17%] Built target unitree_api__rosidl_generator_c
[3.515s] [ 18%] [34m[1mGenerating C introspection for ROS interfaces[0m
[3.520s] [ 20%] [34m[1mGenerating C type support dispatch for ROS interfaces[0m
[3.521s] [ 20%] [34m[1mGenerating C type support for eProsima Fast-RTPS[0m
[4.184s] [ 21%] [32mBuilding CXX object CMakeFiles/unitree_api__rosidl_typesupport_cpp.dir/rosidl_typesupport_cpp/unitree_api/msg/request__type_support.cpp.o[0m
[4.193s] [ 22%] [32mBuilding CXX object CMakeFiles/unitree_api__rosidl_typesupport_cpp.dir/rosidl_typesupport_cpp/unitree_api/msg/request_header__type_support.cpp.o[0m
[4.211s] [ 23%] [32mBuilding CXX object CMakeFiles/unitree_api__rosidl_typesupport_cpp.dir/rosidl_typesupport_cpp/unitree_api/msg/request_identity__type_support.cpp.o[0m
[4.767s] [ 25%] [32mBuilding CXX object CMakeFiles/unitree_api__rosidl_typesupport_fastrtps_cpp.dir/rosidl_typesupport_fastrtps_cpp/unitree_api/msg/detail/dds_fastrtps/request__type_support.cpp.o[0m
[5.076s] [ 26%] [32mBuilding CXX object CMakeFiles/unitree_api__rosidl_typesupport_introspection_cpp.dir/rosidl_typesupport_introspection_cpp/unitree_api/msg/detail/request__type_support.cpp.o[0m
[5.167s] [ 27%] [32mBuilding CXX object CMakeFiles/unitree_api__rosidl_typesupport_c.dir/rosidl_typesupport_c/unitree_api/msg/request__type_support.cpp.o[0m
[5.279s] [ 28%] [32mBuilding CXX object CMakeFiles/unitree_api__rosidl_typesupport_c.dir/rosidl_typesupport_c/unitree_api/msg/request_header__type_support.cpp.o[0m
[5.304s] [ 29%] [32mBuilding CXX object CMakeFiles/unitree_api__rosidl_typesupport_c.dir/rosidl_typesupport_c/unitree_api/msg/request_identity__type_support.cpp.o[0m
[5.345s] [ 30%] [32mBuilding CXX object CMakeFiles/unitree_api__rosidl_typesupport_fastrtps_cpp.dir/rosidl_typesupport_fastrtps_cpp/unitree_api/msg/detail/dds_fastrtps/request_header__type_support.cpp.o[0m
[5.359s] [ 31%] [32mBuilding CXX object CMakeFiles/unitree_api__rosidl_typesupport_c.dir/rosidl_typesupport_c/unitree_api/msg/request_lease__type_support.cpp.o[0m
[5.414s] [ 32%] [32mBuilding CXX object CMakeFiles/unitree_api__rosidl_typesupport_fastrtps_cpp.dir/rosidl_typesupport_fastrtps_cpp/unitree_api/msg/detail/dds_fastrtps/request_identity__type_support.cpp.o[0m
[5.432s] [ 34%] [32mBuilding CXX object CMakeFiles/unitree_api__rosidl_typesupport_c.dir/rosidl_typesupport_c/unitree_api/msg/request_policy__type_support.cpp.o[0m
[5.449s] [ 35%] [32mBuilding CXX object CMakeFiles/unitree_api__rosidl_typesupport_cpp.dir/rosidl_typesupport_cpp/unitree_api/msg/request_lease__type_support.cpp.o[0m
[5.512s] [ 36%] [32mBuilding CXX object CMakeFiles/unitree_api__rosidl_typesupport_c.dir/rosidl_typesupport_c/unitree_api/msg/response__type_support.cpp.o[0m
[5.583s] [ 37%] [32mBuilding CXX object CMakeFiles/unitree_api__rosidl_typesupport_c.dir/rosidl_typesupport_c/unitree_api/msg/response_header__type_support.cpp.o[0m
[5.592s] [ 38%] [32mBuilding C object CMakeFiles/unitree_api__rosidl_typesupport_introspection_c.dir/rosidl_typesupport_introspection_c/unitree_api/msg/detail/request__type_support.c.o[0m
[5.682s] [ 39%] [32mBuilding CXX object CMakeFiles/unitree_api__rosidl_typesupport_c.dir/rosidl_typesupport_c/unitree_api/msg/response_status__type_support.cpp.o[0m
[5.724s] [ 40%] [32mBuilding C object CMakeFiles/unitree_api__rosidl_typesupport_introspection_c.dir/rosidl_typesupport_introspection_c/unitree_api/msg/detail/request_header__type_support.c.o[0m
[5.747s] [ 42%] [32m[1mLinking CXX shared library libunitree_api__rosidl_typesupport_c.so[0m
[5.809s] [ 43%] [32mBuilding CXX object CMakeFiles/unitree_api__rosidl_typesupport_fastrtps_c.dir/rosidl_typesupport_fastrtps_c/unitree_api/msg/detail/request__type_support_c.cpp.o[0m
[5.881s] [ 44%] [32mBuilding C object CMakeFiles/unitree_api__rosidl_typesupport_introspection_c.dir/rosidl_typesupport_introspection_c/unitree_api/msg/detail/request_identity__type_support.c.o[0m
[5.931s] [ 44%] Built target unitree_api__rosidl_typesupport_c
[5.955s] [ 45%] [32mBuilding CXX object CMakeFiles/unitree_api__rosidl_typesupport_cpp.dir/rosidl_typesupport_cpp/unitree_api/msg/request_policy__type_support.cpp.o[0m
[5.987s] [ 46%] [32mBuilding C object CMakeFiles/unitree_api__rosidl_typesupport_introspection_c.dir/rosidl_typesupport_introspection_c/unitree_api/msg/detail/request_lease__type_support.c.o[0m
[6.093s] [ 47%] [32mBuilding C object CMakeFiles/unitree_api__rosidl_typesupport_introspection_c.dir/rosidl_typesupport_introspection_c/unitree_api/msg/detail/request_policy__type_support.c.o[0m
[6.171s] [ 48%] [32mBuilding C object CMakeFiles/unitree_api__rosidl_typesupport_introspection_c.dir/rosidl_typesupport_introspection_c/unitree_api/msg/detail/response__type_support.c.o[0m
[6.309s] [ 50%] [32mBuilding C object CMakeFiles/unitree_api__rosidl_typesupport_introspection_c.dir/rosidl_typesupport_introspection_c/unitree_api/msg/detail/response_header__type_support.c.o[0m
[6.332s] [ 51%] [32mBuilding CXX object CMakeFiles/unitree_api__rosidl_typesupport_introspection_cpp.dir/rosidl_typesupport_introspection_cpp/unitree_api/msg/detail/request_header__type_support.cpp.o[0m
[6.467s] [ 52%] [32mBuilding C object CMakeFiles/unitree_api__rosidl_typesupport_introspection_c.dir/rosidl_typesupport_introspection_c/unitree_api/msg/detail/response_status__type_support.c.o[0m
[6.576s] [ 53%] [32mBuilding CXX object CMakeFiles/unitree_api__rosidl_typesupport_fastrtps_cpp.dir/rosidl_typesupport_fastrtps_cpp/unitree_api/msg/detail/dds_fastrtps/request_lease__type_support.cpp.o[0m
[6.582s] [ 54%] [32m[1mLinking C shared library libunitree_api__rosidl_typesupport_introspection_c.so[0m
[6.599s] [ 55%] [32mBuilding CXX object CMakeFiles/unitree_api__rosidl_typesupport_fastrtps_c.dir/rosidl_typesupport_fastrtps_c/unitree_api/msg/detail/request_header__type_support_c.cpp.o[0m
[6.616s] [ 56%] [32mBuilding CXX object CMakeFiles/unitree_api__rosidl_typesupport_fastrtps_c.dir/rosidl_typesupport_fastrtps_c/unitree_api/msg/detail/request_identity__type_support_c.cpp.o[0m
[6.630s] [ 57%] [32mBuilding CXX object CMakeFiles/unitree_api__rosidl_typesupport_introspection_cpp.dir/rosidl_typesupport_introspection_cpp/unitree_api/msg/detail/request_identity__type_support.cpp.o[0m
[6.693s] [ 57%] Built target unitree_api__rosidl_typesupport_introspection_c
[6.713s] [ 59%] [32mBuilding CXX object CMakeFiles/unitree_api__rosidl_typesupport_introspection_cpp.dir/rosidl_typesupport_introspection_cpp/unitree_api/msg/detail/request_lease__type_support.cpp.o[0m
[6.718s] [ 60%] [32mBuilding CXX object CMakeFiles/unitree_api__rosidl_typesupport_cpp.dir/rosidl_typesupport_cpp/unitree_api/msg/response__type_support.cpp.o[0m
[7.053s] [ 61%] [32mBuilding CXX object CMakeFiles/unitree_api__rosidl_typesupport_fastrtps_cpp.dir/rosidl_typesupport_fastrtps_cpp/unitree_api/msg/detail/dds_fastrtps/request_policy__type_support.cpp.o[0m
[7.310s] [ 62%] [32mBuilding CXX object CMakeFiles/unitree_api__rosidl_typesupport_introspection_cpp.dir/rosidl_typesupport_introspection_cpp/unitree_api/msg/detail/request_policy__type_support.cpp.o[0m
[8.115s] [ 63%] [32mBuilding CXX object CMakeFiles/unitree_api__rosidl_typesupport_cpp.dir/rosidl_typesupport_cpp/unitree_api/msg/response_header__type_support.cpp.o[0m
[8.196s] [ 64%] [32mBuilding CXX object CMakeFiles/unitree_api__rosidl_typesupport_cpp.dir/rosidl_typesupport_cpp/unitree_api/msg/response_status__type_support.cpp.o[0m
[8.354s] [ 65%] [32mBuilding CXX object CMakeFiles/unitree_api__rosidl_typesupport_fastrtps_cpp.dir/rosidl_typesupport_fastrtps_cpp/unitree_api/msg/detail/dds_fastrtps/response__type_support.cpp.o[0m
[8.354s] [ 67%] [32mBuilding CXX object CMakeFiles/unitree_api__rosidl_typesupport_fastrtps_c.dir/rosidl_typesupport_fastrtps_c/unitree_api/msg/detail/request_lease__type_support_c.cpp.o[0m
[8.495s] [ 68%] [32mBuilding CXX object CMakeFiles/unitree_api__rosidl_typesupport_introspection_cpp.dir/rosidl_typesupport_introspection_cpp/unitree_api/msg/detail/response__type_support.cpp.o[0m
[8.661s] [ 69%] [32mBuilding CXX object CMakeFiles/unitree_api__rosidl_typesupport_fastrtps_cpp.dir/rosidl_typesupport_fastrtps_cpp/unitree_api/msg/detail/dds_fastrtps/response_header__type_support.cpp.o[0m
[9.250s] [ 70%] [32mBuilding CXX object CMakeFiles/unitree_api__rosidl_typesupport_fastrtps_c.dir/rosidl_typesupport_fastrtps_c/unitree_api/msg/detail/request_policy__type_support_c.cpp.o[0m
[9.485s] [ 71%] [32mBuilding CXX object CMakeFiles/unitree_api__rosidl_typesupport_fastrtps_c.dir/rosidl_typesupport_fastrtps_c/unitree_api/msg/detail/response__type_support_c.cpp.o[0m
[9.502s] [ 72%] [32mBuilding CXX object CMakeFiles/unitree_api__rosidl_typesupport_introspection_cpp.dir/rosidl_typesupport_introspection_cpp/unitree_api/msg/detail/response_header__type_support.cpp.o[0m
[9.643s] [ 73%] [32mBuilding CXX object CMakeFiles/unitree_api__rosidl_typesupport_introspection_cpp.dir/rosidl_typesupport_introspection_cpp/unitree_api/msg/detail/response_status__type_support.cpp.o[0m
[9.703s] [ 75%] [32m[1mLinking CXX shared library libunitree_api__rosidl_typesupport_cpp.so[0m
[9.841s] [ 75%] Built target unitree_api__rosidl_typesupport_cpp
[9.879s] [ 76%] [32mBuilding CXX object CMakeFiles/unitree_api__rosidl_typesupport_fastrtps_c.dir/rosidl_typesupport_fastrtps_c/unitree_api/msg/detail/response_header__type_support_c.cpp.o[0m
[10.226s] [ 77%] [32mBuilding CXX object CMakeFiles/unitree_api__rosidl_typesupport_fastrtps_cpp.dir/rosidl_typesupport_fastrtps_cpp/unitree_api/msg/detail/dds_fastrtps/response_status__type_support.cpp.o[0m
[10.275s] [ 78%] [32mBuilding CXX object CMakeFiles/unitree_api__rosidl_typesupport_fastrtps_c.dir/rosidl_typesupport_fastrtps_c/unitree_api/msg/detail/response_status__type_support_c.cpp.o[0m
[11.102s] [ 79%] [32m[1mLinking CXX shared library libunitree_api__rosidl_typesupport_fastrtps_cpp.so[0m
[11.197s] [ 80%] [32m[1mLinking CXX shared library libunitree_api__rosidl_typesupport_introspection_cpp.so[0m
[11.303s] [ 81%] [32m[1mLinking CXX shared library libunitree_api__rosidl_typesupport_fastrtps_c.so[0m
[11.392s] [ 81%] Built target unitree_api__rosidl_typesupport_introspection_cpp
[11.524s] [ 81%] Built target unitree_api__rosidl_typesupport_fastrtps_cpp
[11.601s] [ 81%] Built target unitree_api__rosidl_typesupport_fastrtps_c
[11.669s] [ 81%] Built target unitree_api
[11.727s] [ 82%] [34m[1mGenerating Python code for ROS interfaces[0m
[14.818s] [ 82%] Built target unitree_api__py
[14.895s] [ 84%] [32mBuilding C object CMakeFiles/unitree_api__rosidl_generator_py.dir/rosidl_generator_py/unitree_api/msg/_request_s.c.o[0m
[14.896s] [ 85%] [32mBuilding C object CMakeFiles/unitree_api__rosidl_generator_py.dir/rosidl_generator_py/unitree_api/msg/_request_identity_s.c.o[0m
[14.903s] [ 86%] [32mBuilding C object CMakeFiles/unitree_api__rosidl_generator_py.dir/rosidl_generator_py/unitree_api/msg/_request_header_s.c.o[0m
[14.906s] [ 88%] [32mBuilding C object CMakeFiles/unitree_api__rosidl_generator_py.dir/rosidl_generator_py/unitree_api/msg/_request_lease_s.c.o[0m
[14.907s] [ 88%] [32mBuilding C object CMakeFiles/unitree_api__rosidl_generator_py.dir/rosidl_generator_py/unitree_api/msg/_request_policy_s.c.o[0m
[14.921s] [ 89%] [32mBuilding C object CMakeFiles/unitree_api__rosidl_generator_py.dir/rosidl_generator_py/unitree_api/msg/_response_status_s.c.o[0m
[14.927s] [ 90%] [32mBuilding C object CMakeFiles/unitree_api__rosidl_generator_py.dir/rosidl_generator_py/unitree_api/msg/_response_s.c.o[0m
[14.949s] [ 92%] [32mBuilding C object CMakeFiles/unitree_api__rosidl_generator_py.dir/rosidl_generator_py/unitree_api/msg/_response_header_s.c.o[0m
[15.581s] [ 93%] [32m[1mLinking C shared library rosidl_generator_py/unitree_api/libunitree_api__rosidl_generator_py.so[0m
[15.733s] [ 93%] Built target unitree_api__rosidl_generator_py
[15.788s] [ 94%] [32mBuilding C object CMakeFiles/unitree_api__rosidl_typesupport_fastrtps_c__pyext.dir/rosidl_generator_py/unitree_api/_unitree_api_s.ep.rosidl_typesupport_fastrtps_c.c.o[0m
[15.794s] [ 95%] [32mBuilding C object CMakeFiles/unitree_api__rosidl_typesupport_c__pyext.dir/rosidl_generator_py/unitree_api/_unitree_api_s.ep.rosidl_typesupport_c.c.o[0m
[15.811s] [ 96%] [32mBuilding C object CMakeFiles/unitree_api__rosidl_typesupport_introspection_c__pyext.dir/rosidl_generator_py/unitree_api/_unitree_api_s.ep.rosidl_typesupport_introspection_c.c.o[0m
[16.159s] [ 97%] [32m[1mLinking C shared library rosidl_generator_py/unitree_api/unitree_api_s__rosidl_typesupport_introspection_c.cpython-310-x86_64-linux-gnu.so[0m
[16.181s] [ 98%] [32m[1mLinking C shared library rosidl_generator_py/unitree_api/unitree_api_s__rosidl_typesupport_c.cpython-310-x86_64-linux-gnu.so[0m
[16.330s] [100%] [32m[1mLinking C shared library rosidl_generator_py/unitree_api/unitree_api_s__rosidl_typesupport_fastrtps_c.cpython-310-x86_64-linux-gnu.so[0m
[16.333s] [100%] Built target unitree_api__rosidl_typesupport_introspection_c__pyext
[16.353s] [100%] Built target unitree_api__rosidl_typesupport_c__pyext
[16.429s] [100%] Built target unitree_api__rosidl_typesupport_fastrtps_c__pyext
[16.458s] Invoked command in '/home/kentaro/ros2_ws/build/unitree_api' returned '0': CMAKE_PREFIX_PATH=${CMAKE_PREFIX_PATH}:/opt/ros/humble /usr/bin/cmake --build /home/kentaro/ros2_ws/build/unitree_api -- -j8 -l8
[16.491s] Invoking command in '/home/kentaro/ros2_ws/build/unitree_api': CMAKE_PREFIX_PATH=${CMAKE_PREFIX_PATH}:/opt/ros/humble /usr/bin/cmake --install /home/kentaro/ros2_ws/build/unitree_api
[16.516s] -- Install configuration: ""
[16.517s] -- Installing: /home/kentaro/ros2_ws/install/unitree_api/share/ament_index/resource_index/rosidl_interfaces/unitree_api
[16.517s] -- Installing: /home/kentaro/ros2_ws/install/unitree_api/include/unitree_api/unitree_api
[16.518s] -- Installing: /home/kentaro/ros2_ws/install/unitree_api/include/unitree_api/unitree_api/msg
[16.519s] -- Installing: /home/kentaro/ros2_ws/install/unitree_api/include/unitree_api/unitree_api/msg/request_policy.h
[16.519s] -- Installing: /home/kentaro/ros2_ws/install/unitree_api/include/unitree_api/unitree_api/msg/response_header.h
[16.520s] -- Installing: /home/kentaro/ros2_ws/install/unitree_api/include/unitree_api/unitree_api/msg/request_lease.h
[16.521s] -- Installing: /home/kentaro/ros2_ws/install/unitree_api/include/unitree_api/unitree_api/msg/response.h
[16.521s] -- Installing: /home/kentaro/ros2_ws/install/unitree_api/include/unitree_api/unitree_api/msg/request_identity.h
[16.521s] -- Installing: /home/kentaro/ros2_ws/install/unitree_api/include/unitree_api/unitree_api/msg/response_status.h
[16.521s] -- Installing: /home/kentaro/ros2_ws/install/unitree_api/include/unitree_api/unitree_api/msg/request_header.h
[16.525s] -- Installing: /home/kentaro/ros2_ws/install/unitree_api/include/unitree_api/unitree_api/msg/request.h
[16.525s] -- Installing: /home/kentaro/ros2_ws/install/unitree_api/include/unitree_api/unitree_api/msg/detail
[16.526s] -- Installing: /home/kentaro/ros2_ws/install/unitree_api/include/unitree_api/unitree_api/msg/detail/request_lease__struct.h
[16.526s] -- Installing: /home/kentaro/ros2_ws/install/unitree_api/include/unitree_api/unitree_api/msg/detail/request_identity__functions.h
[16.526s] -- Installing: /home/kentaro/ros2_ws/install/unitree_api/include/unitree_api/unitree_api/msg/detail/response__type_support.h
[16.526s] -- Installing: /home/kentaro/ros2_ws/install/unitree_api/include/unitree_api/unitree_api/msg/detail/response_status__functions.h
[16.526s] -- Installing: /home/kentaro/ros2_ws/install/unitree_api/include/unitree_api/unitree_api/msg/detail/response_header__functions.c
[16.526s] -- Installing: /home/kentaro/ros2_ws/install/unitree_api/include/unitree_api/unitree_api/msg/detail/request_identity__struct.h
[16.527s] -- Installing: /home/kentaro/ros2_ws/install/unitree_api/include/unitree_api/unitree_api/msg/detail/response__functions.h
[16.527s] -- Installing: /home/kentaro/ros2_ws/install/unitree_api/include/unitree_api/unitree_api/msg/detail/request_policy__functions.h
[16.527s] -- Installing: /home/kentaro/ros2_ws/install/unitree_api/include/unitree_api/unitree_api/msg/detail/response_status__type_support.h
[16.527s] -- Installing: /home/kentaro/ros2_ws/install/unitree_api/include/unitree_api/unitree_api/msg/detail/request_lease__type_support.h
[16.527s] -- Installing: /home/kentaro/ros2_ws/install/unitree_api/include/unitree_api/unitree_api/msg/detail/request_header__functions.c
[16.527s] -- Installing: /home/kentaro/ros2_ws/install/unitree_api/include/unitree_api/unitree_api/msg/detail/request_policy__struct.h
[16.528s] -- Installing: /home/kentaro/ros2_ws/install/unitree_api/include/unitree_api/unitree_api/msg/detail/request_identity__type_support.h
[16.528s] -- Installing: /home/kentaro/ros2_ws/install/unitree_api/include/unitree_api/unitree_api/msg/detail/request_lease__functions.h
[16.530s] -- Installing: /home/kentaro/ros2_ws/install/unitree_api/include/unitree_api/unitree_api/msg/detail/response_status__struct.h
[16.530s] -- Installing: /home/kentaro/ros2_ws/install/unitree_api/include/unitree_api/unitree_api/msg/detail/response_header__type_support.h
[16.530s] -- Installing: /home/kentaro/ros2_ws/install/unitree_api/include/unitree_api/unitree_api/msg/detail/request__struct.h
[16.530s] -- Installing: /home/kentaro/ros2_ws/install/unitree_api/include/unitree_api/unitree_api/msg/detail/response_status__functions.c
[16.530s] -- Installing: /home/kentaro/ros2_ws/install/unitree_api/include/unitree_api/unitree_api/msg/detail/request__functions.h
[16.538s] -- Installing: /home/kentaro/ros2_ws/install/unitree_api/include/unitree_api/unitree_api/msg/detail/request_header__struct.h
[16.538s] -- Installing: /home/kentaro/ros2_ws/install/unitree_api/include/unitree_api/unitree_api/msg/detail/response__struct.h
[16.539s] -- Installing: /home/kentaro/ros2_ws/install/unitree_api/include/unitree_api/unitree_api/msg/detail/request_header__functions.h
[16.539s] -- Installing: /home/kentaro/ros2_ws/install/unitree_api/include/unitree_api/unitree_api/msg/detail/request_identity__functions.c
[16.539s] -- Installing: /home/kentaro/ros2_ws/install/unitree_api/include/unitree_api/unitree_api/msg/detail/request_header__type_support.h
[16.539s] -- Installing: /home/kentaro/ros2_ws/install/unitree_api/include/unitree_api/unitree_api/msg/detail/request_policy__functions.c
[16.539s] -- Installing: /home/kentaro/ros2_ws/install/unitree_api/include/unitree_api/unitree_api/msg/detail/response_header__struct.h
[16.540s] -- Installing: /home/kentaro/ros2_ws/install/unitree_api/include/unitree_api/unitree_api/msg/detail/request_policy__type_support.h
[16.540s] -- Installing: /home/kentaro/ros2_ws/install/unitree_api/include/unitree_api/unitree_api/msg/detail/request_lease__functions.c
[16.540s] -- Installing: /home/kentaro/ros2_ws/install/unitree_api/include/unitree_api/unitree_api/msg/detail/response_header__functions.h
[16.540s] -- Installing: /home/kentaro/ros2_ws/install/unitree_api/include/unitree_api/unitree_api/msg/detail/request__type_support.h
[16.540s] -- Installing: /home/kentaro/ros2_ws/install/unitree_api/include/unitree_api/unitree_api/msg/detail/request__functions.c
[16.540s] -- Installing: /home/kentaro/ros2_ws/install/unitree_api/include/unitree_api/unitree_api/msg/detail/response__functions.c
[16.541s] -- Installing: /home/kentaro/ros2_ws/install/unitree_api/include/unitree_api/unitree_api/msg/rosidl_generator_c__visibility_control.h
[16.541s] -- Installing: /home/kentaro/ros2_ws/install/unitree_api/share/unitree_api/environment/library_path.sh
[16.543s] -- Installing: /home/kentaro/ros2_ws/install/unitree_api/share/unitree_api/environment/library_path.dsv
[16.543s] -- Installing: /home/kentaro/ros2_ws/install/unitree_api/lib/libunitree_api__rosidl_generator_c.so
[16.544s] -- Set runtime path of "/home/kentaro/ros2_ws/install/unitree_api/lib/libunitree_api__rosidl_generator_c.so" to ""
[16.544s] -- Up-to-date: /home/kentaro/ros2_ws/install/unitree_api/include/unitree_api/unitree_api
[16.544s] -- Up-to-date: /home/kentaro/ros2_ws/install/unitree_api/include/unitree_api/unitree_api/msg
[16.545s] -- Installing: /home/kentaro/ros2_ws/install/unitree_api/include/unitree_api/unitree_api/msg/rosidl_typesupport_fastrtps_c__visibility_control.h
[16.549s] -- Up-to-date: /home/kentaro/ros2_ws/install/unitree_api/include/unitree_api/unitree_api/msg/detail
[16.550s] -- Installing: /home/kentaro/ros2_ws/install/unitree_api/include/unitree_api/unitree_api/msg/detail/request_policy__rosidl_typesupport_fastrtps_c.h
[16.550s] -- Installing: /home/kentaro/ros2_ws/install/unitree_api/include/unitree_api/unitree_api/msg/detail/request__rosidl_typesupport_fastrtps_c.h
[16.550s] -- Installing: /home/kentaro/ros2_ws/install/unitree_api/include/unitree_api/unitree_api/msg/detail/response__rosidl_typesupport_fastrtps_c.h
[16.550s] -- Installing: /home/kentaro/ros2_ws/install/unitree_api/include/unitree_api/unitree_api/msg/detail/request_header__rosidl_typesupport_fastrtps_c.h
[16.550s] -- Installing: /home/kentaro/ros2_ws/install/unitree_api/include/unitree_api/unitree_api/msg/detail/response_header__rosidl_typesupport_fastrtps_c.h
[16.551s] -- Installing: /home/kentaro/ros2_ws/install/unitree_api/include/unitree_api/unitree_api/msg/detail/response_status__rosidl_typesupport_fastrtps_c.h
[16.551s] -- Installing: /home/kentaro/ros2_ws/install/unitree_api/include/unitree_api/unitree_api/msg/detail/request_lease__rosidl_typesupport_fastrtps_c.h
[16.551s] -- Installing: /home/kentaro/ros2_ws/install/unitree_api/include/unitree_api/unitree_api/msg/detail/request_identity__rosidl_typesupport_fastrtps_c.h
[16.551s] -- Installing: /home/kentaro/ros2_ws/install/unitree_api/lib/libunitree_api__rosidl_typesupport_fastrtps_c.so
[16.551s] -- Set runtime path of "/home/kentaro/ros2_ws/install/unitree_api/lib/libunitree_api__rosidl_typesupport_fastrtps_c.so" to ""
[16.552s] -- Up-to-date: /home/kentaro/ros2_ws/install/unitree_api/include/unitree_api/unitree_api
[16.552s] -- Up-to-date: /home/kentaro/ros2_ws/install/unitree_api/include/unitree_api/unitree_api/msg
[16.552s] -- Installing: /home/kentaro/ros2_ws/install/unitree_api/include/unitree_api/unitree_api/msg/request_policy.hpp
[16.552s] -- Installing: /home/kentaro/ros2_ws/install/unitree_api/include/unitree_api/unitree_api/msg/response_header.hpp
[16.552s] -- Installing: /home/kentaro/ros2_ws/install/unitree_api/include/unitree_api/unitree_api/msg/request_lease.hpp
[16.552s] -- Installing: /home/kentaro/ros2_ws/install/unitree_api/include/unitree_api/unitree_api/msg/response_status.hpp
[16.553s] -- Installing: /home/kentaro/ros2_ws/install/unitree_api/include/unitree_api/unitree_api/msg/request_identity.hpp
[16.553s] -- Installing: /home/kentaro/ros2_ws/install/unitree_api/include/unitree_api/unitree_api/msg/request.hpp
[16.556s] -- Installing: /home/kentaro/ros2_ws/install/unitree_api/include/unitree_api/unitree_api/msg/request_header.hpp
[16.556s] -- Installing: /home/kentaro/ros2_ws/install/unitree_api/include/unitree_api/unitree_api/msg/rosidl_generator_cpp__visibility_control.hpp
[16.557s] -- Installing: /home/kentaro/ros2_ws/install/unitree_api/include/unitree_api/unitree_api/msg/response.hpp
[16.557s] -- Up-to-date: /home/kentaro/ros2_ws/install/unitree_api/include/unitree_api/unitree_api/msg/detail
[16.557s] -- Installing: /home/kentaro/ros2_ws/install/unitree_api/include/unitree_api/unitree_api/msg/detail/request_identity__builder.hpp
[16.557s] -- Installing: /home/kentaro/ros2_ws/install/unitree_api/include/unitree_api/unitree_api/msg/detail/response_header__builder.hpp
[16.557s] -- Installing: /home/kentaro/ros2_ws/install/unitree_api/include/unitree_api/unitree_api/msg/detail/response__type_support.hpp
[16.558s] -- Installing: /home/kentaro/ros2_ws/install/unitree_api/include/unitree_api/unitree_api/msg/detail/response_status__type_support.hpp
[16.558s] -- Installing: /home/kentaro/ros2_ws/install/unitree_api/include/unitree_api/unitree_api/msg/detail/request_header__type_support.hpp
[16.558s] -- Installing: /home/kentaro/ros2_ws/install/unitree_api/include/unitree_api/unitree_api/msg/detail/request_header__builder.hpp
[16.558s] -- Installing: /home/kentaro/ros2_ws/install/unitree_api/include/unitree_api/unitree_api/msg/detail/request_identity__struct.hpp
[16.558s] -- Installing: /home/kentaro/ros2_ws/install/unitree_api/include/unitree_api/unitree_api/msg/detail/request_identity__traits.hpp
[16.559s] -- Installing: /home/kentaro/ros2_ws/install/unitree_api/include/unitree_api/unitree_api/msg/detail/request_policy__type_support.hpp
[16.559s] -- Installing: /home/kentaro/ros2_ws/install/unitree_api/include/unitree_api/unitree_api/msg/detail/request_lease__traits.hpp
[16.561s] -- Installing: /home/kentaro/ros2_ws/install/unitree_api/include/unitree_api/unitree_api/msg/detail/response__traits.hpp
[16.565s] -- Installing: /home/kentaro/ros2_ws/install/unitree_api/include/unitree_api/unitree_api/msg/detail/request_header__traits.hpp
[16.565s] -- Installing: /home/kentaro/ros2_ws/install/unitree_api/include/unitree_api/unitree_api/msg/detail/request__type_support.hpp
[16.566s] -- Installing: /home/kentaro/ros2_ws/install/unitree_api/include/unitree_api/unitree_api/msg/detail/request__struct.hpp
[16.566s] -- Installing: /home/kentaro/ros2_ws/install/unitree_api/include/unitree_api/unitree_api/msg/detail/response__struct.hpp
[16.566s] -- Installing: /home/kentaro/ros2_ws/install/unitree_api/include/unitree_api/unitree_api/msg/detail/response__builder.hpp
[16.566s] -- Installing: /home/kentaro/ros2_ws/install/unitree_api/include/unitree_api/unitree_api/msg/detail/request_identity__type_support.hpp
[16.566s] -- Installing: /home/kentaro/ros2_ws/install/unitree_api/include/unitree_api/unitree_api/msg/detail/request_lease__type_support.hpp
[16.566s] -- Installing: /home/kentaro/ros2_ws/install/unitree_api/include/unitree_api/unitree_api/msg/detail/response_header__traits.hpp
[16.567s] -- Installing: /home/kentaro/ros2_ws/install/unitree_api/include/unitree_api/unitree_api/msg/detail/request_lease__struct.hpp
[16.567s] -- Installing: /home/kentaro/ros2_ws/install/unitree_api/include/unitree_api/unitree_api/msg/detail/response_header__struct.hpp
[16.567s] -- Installing: /home/kentaro/ros2_ws/install/unitree_api/include/unitree_api/unitree_api/msg/detail/request_header__struct.hpp
[16.568s] -- Installing: /home/kentaro/ros2_ws/install/unitree_api/include/unitree_api/unitree_api/msg/detail/request_policy__struct.hpp
[16.568s] -- Installing: /home/kentaro/ros2_ws/install/unitree_api/include/unitree_api/unitree_api/msg/detail/response_header__type_support.hpp
[16.568s] -- Installing: /home/kentaro/ros2_ws/install/unitree_api/include/unitree_api/unitree_api/msg/detail/request__traits.hpp
[16.568s] -- Installing: /home/kentaro/ros2_ws/install/unitree_api/include/unitree_api/unitree_api/msg/detail/request_policy__traits.hpp
[16.568s] -- Installing: /home/kentaro/ros2_ws/install/unitree_api/include/unitree_api/unitree_api/msg/detail/request__builder.hpp
[16.569s] -- Installing: /home/kentaro/ros2_ws/install/unitree_api/include/unitree_api/unitree_api/msg/detail/response_status__struct.hpp
[16.573s] -- Installing: /home/kentaro/ros2_ws/install/unitree_api/include/unitree_api/unitree_api/msg/detail/response_status__traits.hpp
[16.573s] -- Installing: /home/kentaro/ros2_ws/install/unitree_api/include/unitree_api/unitree_api/msg/detail/request_lease__builder.hpp
[16.573s] -- Installing: /home/kentaro/ros2_ws/install/unitree_api/include/unitree_api/unitree_api/msg/detail/request_policy__builder.hpp
[16.574s] -- Installing: /home/kentaro/ros2_ws/install/unitree_api/include/unitree_api/unitree_api/msg/detail/response_status__builder.hpp
[16.574s] -- Up-to-date: /home/kentaro/ros2_ws/install/unitree_api/include/unitree_api/unitree_api
[16.574s] -- Up-to-date: /home/kentaro/ros2_ws/install/unitree_api/include/unitree_api/unitree_api/msg
[16.574s] -- Installing: /home/kentaro/ros2_ws/install/unitree_api/include/unitree_api/unitree_api/msg/rosidl_typesupport_fastrtps_cpp__visibility_control.h
[16.575s] -- Up-to-date: /home/kentaro/ros2_ws/install/unitree_api/include/unitree_api/unitree_api/msg/detail
[16.575s] -- Installing: /home/kentaro/ros2_ws/install/unitree_api/include/unitree_api/unitree_api/msg/detail/request__rosidl_typesupport_fastrtps_cpp.hpp
[16.575s] -- Installing: /home/kentaro/ros2_ws/install/unitree_api/include/unitree_api/unitree_api/msg/detail/dds_fastrtps
[16.575s] -- Installing: /home/kentaro/ros2_ws/install/unitree_api/include/unitree_api/unitree_api/msg/detail/request_lease__rosidl_typesupport_fastrtps_cpp.hpp
[16.575s] -- Installing: /home/kentaro/ros2_ws/install/unitree_api/include/unitree_api/unitree_api/msg/detail/response_header__rosidl_typesupport_fastrtps_cpp.hpp
[16.579s] -- Installing: /home/kentaro/ros2_ws/install/unitree_api/include/unitree_api/unitree_api/msg/detail/response__rosidl_typesupport_fastrtps_cpp.hpp
[16.579s] -- Installing: /home/kentaro/ros2_ws/install/unitree_api/include/unitree_api/unitree_api/msg/detail/request_identity__rosidl_typesupport_fastrtps_cpp.hpp
[16.579s] -- Installing: /home/kentaro/ros2_ws/install/unitree_api/include/unitree_api/unitree_api/msg/detail/response_status__rosidl_typesupport_fastrtps_cpp.hpp
[16.579s] -- Installing: /home/kentaro/ros2_ws/install/unitree_api/include/unitree_api/unitree_api/msg/detail/request_header__rosidl_typesupport_fastrtps_cpp.hpp
[16.580s] -- Installing: /home/kentaro/ros2_ws/install/unitree_api/include/unitree_api/unitree_api/msg/detail/request_policy__rosidl_typesupport_fastrtps_cpp.hpp
[16.580s] -- Installing: /home/kentaro/ros2_ws/install/unitree_api/lib/libunitree_api__rosidl_typesupport_fastrtps_cpp.so
[16.581s] -- Set runtime path of "/home/kentaro/ros2_ws/install/unitree_api/lib/libunitree_api__rosidl_typesupport_fastrtps_cpp.so" to ""
[16.584s] -- Up-to-date: /home/kentaro/ros2_ws/install/unitree_api/include/unitree_api/unitree_api
[16.584s] -- Up-to-date: /home/kentaro/ros2_ws/install/unitree_api/include/unitree_api/unitree_api/msg
[16.585s] -- Installing: /home/kentaro/ros2_ws/install/unitree_api/include/unitree_api/unitree_api/msg/rosidl_typesupport_introspection_c__visibility_control.h
[16.585s] -- Up-to-date: /home/kentaro/ros2_ws/install/unitree_api/include/unitree_api/unitree_api/msg/detail
[16.585s] -- Installing: /home/kentaro/ros2_ws/install/unitree_api/include/unitree_api/unitree_api/msg/detail/request_header__type_support.c
[16.585s] -- Installing: /home/kentaro/ros2_ws/install/unitree_api/include/unitree_api/unitree_api/msg/detail/request_lease__type_support.c
[16.585s] -- Installing: /home/kentaro/ros2_ws/install/unitree_api/include/unitree_api/unitree_api/msg/detail/response_status__type_support.c
[16.586s] -- Installing: /home/kentaro/ros2_ws/install/unitree_api/include/unitree_api/unitree_api/msg/detail/request__rosidl_typesupport_introspection_c.h
[16.586s] -- Installing: /home/kentaro/ros2_ws/install/unitree_api/include/unitree_api/unitree_api/msg/detail/request_header__rosidl_typesupport_introspection_c.h
[16.586s] -- Installing: /home/kentaro/ros2_ws/install/unitree_api/include/unitree_api/unitree_api/msg/detail/request_policy__type_support.c
[16.586s] -- Installing: /home/kentaro/ros2_ws/install/unitree_api/include/unitree_api/unitree_api/msg/detail/response_status__rosidl_typesupport_introspection_c.h
[16.586s] -- Installing: /home/kentaro/ros2_ws/install/unitree_api/include/unitree_api/unitree_api/msg/detail/request_identity__rosidl_typesupport_introspection_c.h
[16.586s] -- Installing: /home/kentaro/ros2_ws/install/unitree_api/include/unitree_api/unitree_api/msg/detail/response_header__rosidl_typesupport_introspection_c.h
[16.587s] -- Installing: /home/kentaro/ros2_ws/install/unitree_api/include/unitree_api/unitree_api/msg/detail/request_identity__type_support.c
[16.587s] -- Installing: /home/kentaro/ros2_ws/install/unitree_api/include/unitree_api/unitree_api/msg/detail/response__type_support.c
[16.587s] -- Installing: /home/kentaro/ros2_ws/install/unitree_api/include/unitree_api/unitree_api/msg/detail/request_lease__rosidl_typesupport_introspection_c.h
[16.587s] -- Installing: /home/kentaro/ros2_ws/install/unitree_api/include/unitree_api/unitree_api/msg/detail/request__type_support.c
[16.587s] -- Installing: /home/kentaro/ros2_ws/install/unitree_api/include/unitree_api/unitree_api/msg/detail/response__rosidl_typesupport_introspection_c.h
[16.587s] -- Installing: /home/kentaro/ros2_ws/install/unitree_api/include/unitree_api/unitree_api/msg/detail/request_policy__rosidl_typesupport_introspection_c.h
[16.588s] -- Installing: /home/kentaro/ros2_ws/install/unitree_api/include/unitree_api/unitree_api/msg/detail/response_header__type_support.c
[16.588s] -- Installing: /home/kentaro/ros2_ws/install/unitree_api/lib/libunitree_api__rosidl_typesupport_introspection_c.so
[16.589s] -- Set runtime path of "/home/kentaro/ros2_ws/install/unitree_api/lib/libunitree_api__rosidl_typesupport_introspection_c.so" to ""
[16.589s] -- Installing: /home/kentaro/ros2_ws/install/unitree_api/lib/libunitree_api__rosidl_typesupport_c.so
[16.590s] -- Set runtime path of "/home/kentaro/ros2_ws/install/unitree_api/lib/libunitree_api__rosidl_typesupport_c.so" to ""
[16.590s] -- Up-to-date: /home/kentaro/ros2_ws/install/unitree_api/include/unitree_api/unitree_api
[16.590s] -- Up-to-date: /home/kentaro/ros2_ws/install/unitree_api/include/unitree_api/unitree_api/msg
[16.590s] -- Up-to-date: /home/kentaro/ros2_ws/install/unitree_api/include/unitree_api/unitree_api/msg/detail
[16.591s] -- Installing: /home/kentaro/ros2_ws/install/unitree_api/include/unitree_api/unitree_api/msg/detail/response_header__rosidl_typesupport_introspection_cpp.hpp
[16.591s] -- Installing: /home/kentaro/ros2_ws/install/unitree_api/include/unitree_api/unitree_api/msg/detail/response_status__type_support.cpp
[16.591s] -- Installing: /home/kentaro/ros2_ws/install/unitree_api/include/unitree_api/unitree_api/msg/detail/request_lease__rosidl_typesupport_introspection_cpp.hpp
[16.591s] -- Installing: /home/kentaro/ros2_ws/install/unitree_api/include/unitree_api/unitree_api/msg/detail/response__rosidl_typesupport_introspection_cpp.hpp
[16.592s] -- Installing: /home/kentaro/ros2_ws/install/unitree_api/include/unitree_api/unitree_api/msg/detail/request__rosidl_typesupport_introspection_cpp.hpp
[16.592s] -- Installing: /home/kentaro/ros2_ws/install/unitree_api/include/unitree_api/unitree_api/msg/detail/response_status__rosidl_typesupport_introspection_cpp.hpp
[16.592s] -- Installing: /home/kentaro/ros2_ws/install/unitree_api/include/unitree_api/unitree_api/msg/detail/response__type_support.cpp
[16.594s] -- Installing: /home/kentaro/ros2_ws/install/unitree_api/include/unitree_api/unitree_api/msg/detail/request__type_support.cpp
[16.599s] -- Installing: /home/kentaro/ros2_ws/install/unitree_api/include/unitree_api/unitree_api/msg/detail/request_lease__type_support.cpp
[16.600s] -- Installing: /home/kentaro/ros2_ws/install/unitree_api/include/unitree_api/unitree_api/msg/detail/request_header__type_support.cpp
[16.600s] -- Installing: /home/kentaro/ros2_ws/install/unitree_api/include/unitree_api/unitree_api/msg/detail/request_identity__type_support.cpp
[16.600s] -- Installing: /home/kentaro/ros2_ws/install/unitree_api/include/unitree_api/unitree_api/msg/detail/request_policy__rosidl_typesupport_introspection_cpp.hpp
[16.600s] -- Installing: /home/kentaro/ros2_ws/install/unitree_api/include/unitree_api/unitree_api/msg/detail/request_policy__type_support.cpp
[16.601s] -- Installing: /home/kentaro/ros2_ws/install/unitree_api/include/unitree_api/unitree_api/msg/detail/response_header__type_support.cpp
[16.601s] -- Installing: /home/kentaro/ros2_ws/install/unitree_api/include/unitree_api/unitree_api/msg/detail/request_header__rosidl_typesupport_introspection_cpp.hpp
[16.601s] -- Installing: /home/kentaro/ros2_ws/install/unitree_api/include/unitree_api/unitree_api/msg/detail/request_identity__rosidl_typesupport_introspection_cpp.hpp
[16.601s] -- Installing: /home/kentaro/ros2_ws/install/unitree_api/lib/libunitree_api__rosidl_typesupport_introspection_cpp.so
[16.602s] -- Set runtime path of "/home/kentaro/ros2_ws/install/unitree_api/lib/libunitree_api__rosidl_typesupport_introspection_cpp.so" to ""
[16.609s] -- Installing: /home/kentaro/ros2_ws/install/unitree_api/lib/libunitree_api__rosidl_typesupport_cpp.so
[16.609s] -- Set runtime path of "/home/kentaro/ros2_ws/install/unitree_api/lib/libunitree_api__rosidl_typesupport_cpp.so" to ""
[16.610s] -- Installing: /home/kentaro/ros2_ws/install/unitree_api/share/unitree_api/environment/pythonpath.sh
[16.610s] -- Installing: /home/kentaro/ros2_ws/install/unitree_api/share/unitree_api/environment/pythonpath.dsv
[16.610s] -- Installing: /home/kentaro/ros2_ws/install/unitree_api/local/lib/python3.10/dist-packages/unitree_api-0.0.0-py3.10.egg-info
[16.611s] -- Installing: /home/kentaro/ros2_ws/install/unitree_api/local/lib/python3.10/dist-packages/unitree_api-0.0.0-py3.10.egg-info/PKG-INFO
[16.611s] -- Installing: /home/kentaro/ros2_ws/install/unitree_api/local/lib/python3.10/dist-packages/unitree_api-0.0.0-py3.10.egg-info/SOURCES.txt
[16.611s] -- Installing: /home/kentaro/ros2_ws/install/unitree_api/local/lib/python3.10/dist-packages/unitree_api-0.0.0-py3.10.egg-info/dependency_links.txt
[16.611s] -- Installing: /home/kentaro/ros2_ws/install/unitree_api/local/lib/python3.10/dist-packages/unitree_api-0.0.0-py3.10.egg-info/top_level.txt
[16.612s] -- Installing: /home/kentaro/ros2_ws/install/unitree_api/local/lib/python3.10/dist-packages/unitree_api
[16.612s] -- Installing: /home/kentaro/ros2_ws/install/unitree_api/local/lib/python3.10/dist-packages/unitree_api/msg
[16.612s] -- Installing: /home/kentaro/ros2_ws/install/unitree_api/local/lib/python3.10/dist-packages/unitree_api/msg/_request_header.py
[16.616s] -- Installing: /home/kentaro/ros2_ws/install/unitree_api/local/lib/python3.10/dist-packages/unitree_api/msg/_request_lease_s.c
[16.616s] -- Installing: /home/kentaro/ros2_ws/install/unitree_api/local/lib/python3.10/dist-packages/unitree_api/msg/_request_header_s.c
[16.616s] -- Installing: /home/kentaro/ros2_ws/install/unitree_api/local/lib/python3.10/dist-packages/unitree_api/msg/_response_status.py
[16.617s] -- Installing: /home/kentaro/ros2_ws/install/unitree_api/local/lib/python3.10/dist-packages/unitree_api/msg/_response_status_s.c
[16.617s] -- Installing: /home/kentaro/ros2_ws/install/unitree_api/local/lib/python3.10/dist-packages/unitree_api/msg/__init__.py
[16.617s] -- Installing: /home/kentaro/ros2_ws/install/unitree_api/local/lib/python3.10/dist-packages/unitree_api/msg/_response_header_s.c
[16.617s] -- Installing: /home/kentaro/ros2_ws/install/unitree_api/local/lib/python3.10/dist-packages/unitree_api/msg/_request_s.c
[16.617s] -- Installing: /home/kentaro/ros2_ws/install/unitree_api/local/lib/python3.10/dist-packages/unitree_api/msg/_response_s.c
[16.618s] -- Installing: /home/kentaro/ros2_ws/install/unitree_api/local/lib/python3.10/dist-packages/unitree_api/msg/_response_header.py
[16.618s] -- Installing: /home/kentaro/ros2_ws/install/unitree_api/local/lib/python3.10/dist-packages/unitree_api/msg/_request_policy.py
[16.618s] -- Installing: /home/kentaro/ros2_ws/install/unitree_api/local/lib/python3.10/dist-packages/unitree_api/msg/_request_identity.py
[16.618s] -- Installing: /home/kentaro/ros2_ws/install/unitree_api/local/lib/python3.10/dist-packages/unitree_api/msg/_request_lease.py
[16.619s] -- Installing: /home/kentaro/ros2_ws/install/unitree_api/local/lib/python3.10/dist-packages/unitree_api/msg/_response.py
[16.619s] -- Installing: /home/kentaro/ros2_ws/install/unitree_api/local/lib/python3.10/dist-packages/unitree_api/msg/_request_identity_s.c
[16.619s] -- Installing: /home/kentaro/ros2_ws/install/unitree_api/local/lib/python3.10/dist-packages/unitree_api/msg/_request.py
[16.619s] -- Installing: /home/kentaro/ros2_ws/install/unitree_api/local/lib/python3.10/dist-packages/unitree_api/msg/_request_policy_s.c
[16.619s] -- Installing: /home/kentaro/ros2_ws/install/unitree_api/local/lib/python3.10/dist-packages/unitree_api/_unitree_api_s.ep.rosidl_typesupport_introspection_c.c
[16.619s] -- Installing: /home/kentaro/ros2_ws/install/unitree_api/local/lib/python3.10/dist-packages/unitree_api/unitree_api_s__rosidl_typesupport_introspection_c.cpython-310-x86_64-linux-gnu.so
[16.620s] -- Installing: /home/kentaro/ros2_ws/install/unitree_api/local/lib/python3.10/dist-packages/unitree_api/__init__.py
[16.620s] -- Installing: /home/kentaro/ros2_ws/install/unitree_api/local/lib/python3.10/dist-packages/unitree_api/_unitree_api_s.ep.rosidl_typesupport_c.c
[16.620s] -- Installing: /home/kentaro/ros2_ws/install/unitree_api/local/lib/python3.10/dist-packages/unitree_api/libunitree_api__rosidl_generator_py.so
[16.620s] -- Installing: /home/kentaro/ros2_ws/install/unitree_api/local/lib/python3.10/dist-packages/unitree_api/_unitree_api_s.ep.rosidl_typesupport_fastrtps_c.c
[16.620s] -- Installing: /home/kentaro/ros2_ws/install/unitree_api/local/lib/python3.10/dist-packages/unitree_api/unitree_api_s__rosidl_typesupport_c.cpython-310-x86_64-linux-gnu.so
[16.621s] -- Installing: /home/kentaro/ros2_ws/install/unitree_api/local/lib/python3.10/dist-packages/unitree_api/unitree_api_s__rosidl_typesupport_fastrtps_c.cpython-310-x86_64-linux-gnu.so
[16.730s] Listing '/home/kentaro/ros2_ws/install/unitree_api/local/lib/python3.10/dist-packages/unitree_api'...
[16.730s] Compiling '/home/kentaro/ros2_ws/install/unitree_api/local/lib/python3.10/dist-packages/unitree_api/__init__.py'...
[16.730s] Listing '/home/kentaro/ros2_ws/install/unitree_api/local/lib/python3.10/dist-packages/unitree_api/msg'...
[16.730s] Compiling '/home/kentaro/ros2_ws/install/unitree_api/local/lib/python3.10/dist-packages/unitree_api/msg/__init__.py'...
[16.731s] Compiling '/home/kentaro/ros2_ws/install/unitree_api/local/lib/python3.10/dist-packages/unitree_api/msg/_request.py'...
[16.731s] Compiling '/home/kentaro/ros2_ws/install/unitree_api/local/lib/python3.10/dist-packages/unitree_api/msg/_request_header.py'...
[16.731s] Compiling '/home/kentaro/ros2_ws/install/unitree_api/local/lib/python3.10/dist-packages/unitree_api/msg/_request_identity.py'...
[16.731s] Compiling '/home/kentaro/ros2_ws/install/unitree_api/local/lib/python3.10/dist-packages/unitree_api/msg/_request_lease.py'...
[16.731s] Compiling '/home/kentaro/ros2_ws/install/unitree_api/local/lib/python3.10/dist-packages/unitree_api/msg/_request_policy.py'...
[16.731s] Compiling '/home/kentaro/ros2_ws/install/unitree_api/local/lib/python3.10/dist-packages/unitree_api/msg/_response.py'...
[16.732s] Compiling '/home/kentaro/ros2_ws/install/unitree_api/local/lib/python3.10/dist-packages/unitree_api/msg/_response_header.py'...
[16.732s] Compiling '/home/kentaro/ros2_ws/install/unitree_api/local/lib/python3.10/dist-packages/unitree_api/msg/_response_status.py'...
[16.743s] -- Installing: /home/kentaro/ros2_ws/install/unitree_api/local/lib/python3.10/dist-packages/unitree_api/unitree_api_s__rosidl_typesupport_fastrtps_c.cpython-310-x86_64-linux-gnu.so
[16.745s] -- Set runtime path of "/home/kentaro/ros2_ws/install/unitree_api/local/lib/python3.10/dist-packages/unitree_api/unitree_api_s__rosidl_typesupport_fastrtps_c.cpython-310-x86_64-linux-gnu.so" to ""
[16.745s] -- Installing: /home/kentaro/ros2_ws/install/unitree_api/local/lib/python3.10/dist-packages/unitree_api/unitree_api_s__rosidl_typesupport_introspection_c.cpython-310-x86_64-linux-gnu.so
[16.747s] -- Set runtime path of "/home/kentaro/ros2_ws/install/unitree_api/local/lib/python3.10/dist-packages/unitree_api/unitree_api_s__rosidl_typesupport_introspection_c.cpython-310-x86_64-linux-gnu.so" to ""
[16.748s] -- Installing: /home/kentaro/ros2_ws/install/unitree_api/local/lib/python3.10/dist-packages/unitree_api/unitree_api_s__rosidl_typesupport_c.cpython-310-x86_64-linux-gnu.so
[16.749s] -- Set runtime path of "/home/kentaro/ros2_ws/install/unitree_api/local/lib/python3.10/dist-packages/unitree_api/unitree_api_s__rosidl_typesupport_c.cpython-310-x86_64-linux-gnu.so" to ""
[16.750s] -- Installing: /home/kentaro/ros2_ws/install/unitree_api/lib/libunitree_api__rosidl_generator_py.so
[16.751s] -- Set runtime path of "/home/kentaro/ros2_ws/install/unitree_api/lib/libunitree_api__rosidl_generator_py.so" to ""
[16.753s] -- Installing: /home/kentaro/ros2_ws/install/unitree_api/share/unitree_api/msg/Request.idl
[16.753s] -- Installing: /home/kentaro/ros2_ws/install/unitree_api/share/unitree_api/msg/RequestHeader.idl
[16.754s] -- Installing: /home/kentaro/ros2_ws/install/unitree_api/share/unitree_api/msg/RequestIdentity.idl
[16.754s] -- Installing: /home/kentaro/ros2_ws/install/unitree_api/share/unitree_api/msg/RequestLease.idl
[16.755s] -- Installing: /home/kentaro/ros2_ws/install/unitree_api/share/unitree_api/msg/RequestPolicy.idl
[16.756s] -- Installing: /home/kentaro/ros2_ws/install/unitree_api/share/unitree_api/msg/Response.idl
[16.757s] -- Installing: /home/kentaro/ros2_ws/install/unitree_api/share/unitree_api/msg/ResponseHeader.idl
[16.758s] -- Installing: /home/kentaro/ros2_ws/install/unitree_api/share/unitree_api/msg/ResponseStatus.idl
[16.758s] -- Installing: /home/kentaro/ros2_ws/install/unitree_api/share/unitree_api/msg/Request.msg
[16.760s] -- Installing: /home/kentaro/ros2_ws/install/unitree_api/share/unitree_api/msg/RequestHeader.msg
[16.761s] -- Installing: /home/kentaro/ros2_ws/install/unitree_api/share/unitree_api/msg/RequestIdentity.msg
[16.761s] -- Installing: /home/kentaro/ros2_ws/install/unitree_api/share/unitree_api/msg/RequestLease.msg
[16.762s] -- Installing: /home/kentaro/ros2_ws/install/unitree_api/share/unitree_api/msg/RequestPolicy.msg
[16.762s] -- Installing: /home/kentaro/ros2_ws/install/unitree_api/share/unitree_api/msg/Response.msg
[16.762s] -- Installing: /home/kentaro/ros2_ws/install/unitree_api/share/unitree_api/msg/ResponseHeader.msg
[16.763s] -- Installing: /home/kentaro/ros2_ws/install/unitree_api/share/unitree_api/msg/ResponseStatus.msg
[16.763s] -- Installing: /home/kentaro/ros2_ws/install/unitree_api/share/unitree_api/msg/dds_connext
[16.763s] -- Installing: /home/kentaro/ros2_ws/install/unitree_api/share/unitree_api/msg/dds_connext/Request_.idl
[16.763s] -- Installing: /home/kentaro/ros2_ws/install/unitree_api/share/unitree_api/msg/dds_connext/Response_.idl
[16.764s] -- Installing: /home/kentaro/ros2_ws/install/unitree_api/share/unitree_api/msg/dds_connext/RequestPolicy_.idl
[16.764s] -- Installing: /home/kentaro/ros2_ws/install/unitree_api/share/unitree_api/msg/dds_connext/RequestHeader_.idl
[16.764s] -- Installing: /home/kentaro/ros2_ws/install/unitree_api/share/unitree_api/msg/dds_connext/RequestLease_.idl
[16.764s] -- Installing: /home/kentaro/ros2_ws/install/unitree_api/share/unitree_api/msg/dds_connext/RequestIdentity_.idl
[16.765s] -- Installing: /home/kentaro/ros2_ws/install/unitree_api/share/unitree_api/msg/dds_connext/ResponseHeader_.idl
[16.765s] -- Installing: /home/kentaro/ros2_ws/install/unitree_api/share/unitree_api/msg/dds_connext/ResponseStatus_.idl
[16.765s] -- Installing: /home/kentaro/ros2_ws/install/unitree_api/share/ament_index/resource_index/package_run_dependencies/unitree_api
[16.765s] -- Installing: /home/kentaro/ros2_ws/install/unitree_api/share/ament_index/resource_index/parent_prefix_path/unitree_api
[16.766s] -- Installing: /home/kentaro/ros2_ws/install/unitree_api/share/unitree_api/environment/ament_prefix_path.sh
[16.766s] -- Installing: /home/kentaro/ros2_ws/install/unitree_api/share/unitree_api/environment/ament_prefix_path.dsv
[16.766s] -- Installing: /home/kentaro/ros2_ws/install/unitree_api/share/unitree_api/environment/path.sh
[16.767s] -- Installing: /home/kentaro/ros2_ws/install/unitree_api/share/unitree_api/environment/path.dsv
[16.767s] -- Installing: /home/kentaro/ros2_ws/install/unitree_api/share/unitree_api/local_setup.bash
[16.767s] -- Installing: /home/kentaro/ros2_ws/install/unitree_api/share/unitree_api/local_setup.sh
[16.767s] -- Installing: /home/kentaro/ros2_ws/install/unitree_api/share/unitree_api/local_setup.zsh
[16.768s] -- Installing: /home/kentaro/ros2_ws/install/unitree_api/share/unitree_api/local_setup.dsv
[16.768s] -- Installing: /home/kentaro/ros2_ws/install/unitree_api/share/unitree_api/package.dsv
[16.768s] -- Installing: /home/kentaro/ros2_ws/install/unitree_api/share/ament_index/resource_index/packages/unitree_api
[16.768s] -- Installing: /home/kentaro/ros2_ws/install/unitree_api/share/unitree_api/cmake/export_unitree_api__rosidl_generator_cExport.cmake
[16.769s] -- Installing: /home/kentaro/ros2_ws/install/unitree_api/share/unitree_api/cmake/export_unitree_api__rosidl_generator_cExport-noconfig.cmake
[16.769s] -- Installing: /home/kentaro/ros2_ws/install/unitree_api/share/unitree_api/cmake/export_unitree_api__rosidl_typesupport_fastrtps_cExport.cmake
[16.769s] -- Installing: /home/kentaro/ros2_ws/install/unitree_api/share/unitree_api/cmake/export_unitree_api__rosidl_typesupport_fastrtps_cExport-noconfig.cmake
[16.769s] -- Installing: /home/kentaro/ros2_ws/install/unitree_api/share/unitree_api/cmake/export_unitree_api__rosidl_generator_cppExport.cmake
[16.770s] -- Installing: /home/kentaro/ros2_ws/install/unitree_api/share/unitree_api/cmake/export_unitree_api__rosidl_typesupport_fastrtps_cppExport.cmake
[16.770s] -- Installing: /home/kentaro/ros2_ws/install/unitree_api/share/unitree_api/cmake/export_unitree_api__rosidl_typesupport_fastrtps_cppExport-noconfig.cmake
[16.775s] -- Installing: /home/kentaro/ros2_ws/install/unitree_api/share/unitree_api/cmake/unitree_api__rosidl_typesupport_introspection_cExport.cmake
[16.776s] -- Installing: /home/kentaro/ros2_ws/install/unitree_api/share/unitree_api/cmake/unitree_api__rosidl_typesupport_introspection_cExport-noconfig.cmake
[16.779s] -- Installing: /home/kentaro/ros2_ws/install/unitree_api/share/unitree_api/cmake/unitree_api__rosidl_typesupport_cExport.cmake
[16.779s] -- Installing: /home/kentaro/ros2_ws/install/unitree_api/share/unitree_api/cmake/unitree_api__rosidl_typesupport_cExport-noconfig.cmake
[16.779s] -- Installing: /home/kentaro/ros2_ws/install/unitree_api/share/unitree_api/cmake/unitree_api__rosidl_typesupport_introspection_cppExport.cmake
[16.779s] -- Installing: /home/kentaro/ros2_ws/install/unitree_api/share/unitree_api/cmake/unitree_api__rosidl_typesupport_introspection_cppExport-noconfig.cmake
[16.779s] -- Installing: /home/kentaro/ros2_ws/install/unitree_api/share/unitree_api/cmake/unitree_api__rosidl_typesupport_cppExport.cmake
[16.780s] -- Installing: /home/kentaro/ros2_ws/install/unitree_api/share/unitree_api/cmake/unitree_api__rosidl_typesupport_cppExport-noconfig.cmake
[16.780s] -- Installing: /home/kentaro/ros2_ws/install/unitree_api/share/unitree_api/cmake/export_unitree_api__rosidl_generator_pyExport.cmake
[16.780s] -- Installing: /home/kentaro/ros2_ws/install/unitree_api/share/unitree_api/cmake/export_unitree_api__rosidl_generator_pyExport-noconfig.cmake
[16.789s] -- Installing: /home/kentaro/ros2_ws/install/unitree_api/share/unitree_api/cmake/rosidl_cmake-extras.cmake
[16.789s] -- Installing: /home/kentaro/ros2_ws/install/unitree_api/share/unitree_api/cmake/ament_cmake_export_dependencies-extras.cmake
[16.789s] -- Installing: /home/kentaro/ros2_ws/install/unitree_api/share/unitree_api/cmake/ament_cmake_export_include_directories-extras.cmake
[16.790s] -- Installing: /home/kentaro/ros2_ws/install/unitree_api/share/unitree_api/cmake/ament_cmake_export_libraries-extras.cmake
[16.790s] -- Installing: /home/kentaro/ros2_ws/install/unitree_api/share/unitree_api/cmake/ament_cmake_export_targets-extras.cmake
[16.790s] -- Installing: /home/kentaro/ros2_ws/install/unitree_api/share/unitree_api/cmake/rosidl_cmake_export_typesupport_targets-extras.cmake
[16.790s] -- Installing: /home/kentaro/ros2_ws/install/unitree_api/share/unitree_api/cmake/rosidl_cmake_export_typesupport_libraries-extras.cmake
[16.790s] -- Installing: /home/kentaro/ros2_ws/install/unitree_api/share/unitree_api/cmake/unitree_apiConfig.cmake
[16.790s] -- Installing: /home/kentaro/ros2_ws/install/unitree_api/share/unitree_api/cmake/unitree_apiConfig-version.cmake
[16.791s] -- Installing: /home/kentaro/ros2_ws/install/unitree_api/share/unitree_api/package.xml
[16.791s] Invoked command in '/home/kentaro/ros2_ws/build/unitree_api' returned '0': CMAKE_PREFIX_PATH=${CMAKE_PREFIX_PATH}:/opt/ros/humble /usr/bin/cmake --install /home/kentaro/ros2_ws/build/unitree_api
